Running the following algorithm implementations
build/examples/kokkosComm/gemm-kokkosComm-EXTRALARGE-FLOAT-C_TILE_I_MAJOR-A_TILE_I_MAJOR-B_TILE_J_MAJOR
build/examples/boostP2P/gemm-boostP2P-SMALL-FLOAT-C_TILE_J_MAJOR-A_TILE_K_MAJOR-B_TILE_K_MAJOR
build/examples/mpi/gemm-mpi-MEDIUM-FLOAT-C_TILE_I_MAJOR-A_TILE_K_MAJOR-B_TILE_J_MAJOR
build/examples/boostP2P/gemm-boostP2P-LARGE-FLOAT-C_TILE_J_MAJOR-A_TILE_K_MAJOR-B_TILE_K_MAJOR
build/examples/kokkosComm/gemm-kokkosComm-MINI-FLOAT-C_TILE_J_MAJOR-A_TILE_I_MAJOR-B_TILE_J_MAJOR
build/examples/kokkosComm/gemm-kokkosComm-MEDIUM-FLOAT-C_TILE_I_MAJOR-A_TILE_K_MAJOR-B_TILE_K_MAJOR
build/examples/mpi/gemm-mpi-MINI-FLOAT-C_TILE_I_MAJOR-A_TILE_I_MAJOR-B_TILE_J_MAJOR
build/examples/mpi/gemm-mpi-LARGE-FLOAT-C_TILE_J_MAJOR-A_TILE_K_MAJOR-B_TILE_J_MAJOR
build/examples/kokkosComm/gemm-kokkosComm-LARGE-FLOAT-C_TILE_I_MAJOR-A_TILE_I_MAJOR-B_TILE_K_MAJOR
build/examples/mpi/gemm-mpi-MINI-FLOAT-C_TILE_J_MAJOR-A_TILE_K_MAJOR-B_TILE_J_MAJOR
build/examples/kokkosComm/gemm-kokkosComm-MEDIUM-FLOAT-C_TILE_J_MAJOR-A_TILE_I_MAJOR-B_TILE_J_MAJOR
build/examples/mpi/gemm-mpi-EXTRALARGE-FLOAT-C_TILE_J_MAJOR-A_TILE_I_MAJOR-B_TILE_K_MAJOR
build/examples/boostP2P/gemm-boostP2P-MEDIUM-FLOAT-C_TILE_J_MAJOR-A_TILE_K_MAJOR-B_TILE_K_MAJOR
build/examples/noarr/gemm-noarr-SMALL-FLOAT-C_TILE_I_MAJOR-A_TILE_I_MAJOR-B_TILE_K_MAJOR
build/examples/noarr/gemm-noarr-MINI-FLOAT-C_TILE_J_MAJOR-A_TILE_K_MAJOR-B_TILE_K_MAJOR
build/examples/mpi/gemm-mpi-MEDIUM-FLOAT-C_TILE_J_MAJOR-A_TILE_I_MAJOR-B_TILE_K_MAJOR
build/examples/mpi/gemm-mpi-MINI-FLOAT-C_TILE_I_MAJOR-A_TILE_K_MAJOR-B_TILE_K_MAJOR
build/examples/mpi/gemm-mpi-MINI-FLOAT-C_TILE_J_MAJOR-A_TILE_I_MAJOR-B_TILE_J_MAJOR
build/examples/noarr/gemm-noarr-EXTRALARGE-FLOAT-C_TILE_I_MAJOR-A_TILE_K_MAJOR-B_TILE_K_MAJOR
build/examples/mpi/gemm-mpi-MINI-FLOAT-C_TILE_J_MAJOR-A_TILE_I_MAJOR-B_TILE_K_MAJOR
build/examples/noarr/gemm-noarr-LARGE-FLOAT-C_TILE_I_MAJOR-A_TILE_I_MAJOR-B_TILE_J_MAJOR
build/examples/mpi/gemm-mpi-SMALL-FLOAT-C_TILE_J_MAJOR-A_TILE_I_MAJOR-B_TILE_K_MAJOR
build/examples/noarr/gemm-noarr-LARGE-FLOAT-C_TILE_J_MAJOR-A_TILE_K_MAJOR-B_TILE_J_MAJOR
build/examples/kokkosComm/gemm-kokkosComm-LARGE-FLOAT-C_TILE_J_MAJOR-A_TILE_K_MAJOR-B_TILE_K_MAJOR
build/examples/noarr/gemm-noarr-MINI-FLOAT-C_TILE_J_MAJOR-A_TILE_I_MAJOR-B_TILE_J_MAJOR
build/examples/kokkosComm/gemm-kokkosComm-EXTRALARGE-FLOAT-C_TILE_J_MAJOR-A_TILE_K_MAJOR-B_TILE_K_MAJOR
build/examples/boost/gemm-boost-MEDIUM-FLOAT-C_TILE_I_MAJOR-A_TILE_K_MAJOR-B_TILE_J_MAJOR
build/examples/boostP2P/gemm-boostP2P-EXTRALARGE-FLOAT-C_TILE_J_MAJOR-A_TILE_I_MAJOR-B_TILE_J_MAJOR
build/examples/boost/gemm-boost-MEDIUM-FLOAT-C_TILE_J_MAJOR-A_TILE_I_MAJOR-B_TILE_J_MAJOR
build/examples/kokkosComm/gemm-kokkosComm-SMALL-FLOAT-C_TILE_I_MAJOR-A_TILE_I_MAJOR-B_TILE_J_MAJOR
build/examples/boostP2P/gemm-boostP2P-MEDIUM-FLOAT-C_TILE_I_MAJOR-A_TILE_I_MAJOR-B_TILE_K_MAJOR
build/examples/boost/gemm-boost-LARGE-FLOAT-C_TILE_I_MAJOR-A_TILE_I_MAJOR-B_TILE_K_MAJOR
build/examples/boost/gemm-boost-MEDIUM-FLOAT-C_TILE_J_MAJOR-A_TILE_I_MAJOR-B_TILE_K_MAJOR
build/examples/noarr/gemm-noarr-MEDIUM-FLOAT-C_TILE_I_MAJOR-A_TILE_I_MAJOR-B_TILE_J_MAJOR
build/examples/noarr/gemm-noarr-MINI-FLOAT-C_TILE_I_MAJOR-A_TILE_K_MAJOR-B_TILE_J_MAJOR
build/examples/boost/gemm-boost-LARGE-FLOAT-C_TILE_J_MAJOR-A_TILE_I_MAJOR-B_TILE_K_MAJOR
build/examples/mpi/gemm-mpi-EXTRALARGE-FLOAT-C_TILE_J_MAJOR-A_TILE_I_MAJOR-B_TILE_J_MAJOR
build/examples/noarr/gemm-noarr-MINI-FLOAT-C_TILE_I_MAJOR-A_TILE_K_MAJOR-B_TILE_K_MAJOR
build/examples/boost/gemm-boost-LARGE-FLOAT-C_TILE_J_MAJOR-A_TILE_K_MAJOR-B_TILE_K_MAJOR
build/examples/kokkosComm/gemm-kokkosComm-MINI-FLOAT-C_TILE_I_MAJOR-A_TILE_K_MAJOR-B_TILE_J_MAJOR
build/examples/kokkosComm/gemm-kokkosComm-SMALL-FLOAT-C_TILE_I_MAJOR-A_TILE_I_MAJOR-B_TILE_K_MAJOR
build/examples/boost/gemm-boost-LARGE-FLOAT-C_TILE_I_MAJOR-A_TILE_K_MAJOR-B_TILE_K_MAJOR
build/examples/mpi/gemm-mpi-MINI-FLOAT-C_TILE_I_MAJOR-A_TILE_I_MAJOR-B_TILE_K_MAJOR
build/examples/mpi/gemm-mpi-LARGE-FLOAT-C_TILE_I_MAJOR-A_TILE_K_MAJOR-B_TILE_J_MAJOR
build/examples/boostP2P/gemm-boostP2P-EXTRALARGE-FLOAT-C_TILE_J_MAJOR-A_TILE_K_MAJOR-B_TILE_K_MAJOR
build/examples/noarr/gemm-noarr-LARGE-FLOAT-C_TILE_J_MAJOR-A_TILE_K_MAJOR-B_TILE_K_MAJOR
build/examples/boost/gemm-boost-MEDIUM-FLOAT-C_TILE_I_MAJOR-A_TILE_K_MAJOR-B_TILE_K_MAJOR
build/examples/boostP2P/gemm-boostP2P-SMALL-FLOAT-C_TILE_I_MAJOR-A_TILE_K_MAJOR-B_TILE_J_MAJOR
build/examples/boostP2P/gemm-boostP2P-MINI-FLOAT-C_TILE_J_MAJOR-A_TILE_K_MAJOR-B_TILE_J_MAJOR
build/examples/boost/gemm-boost-MINI-FLOAT-C_TILE_I_MAJOR-A_TILE_I_MAJOR-B_TILE_K_MAJOR
build/examples/boost/gemm-boost-MINI-FLOAT-C_TILE_I_MAJOR-A_TILE_K_MAJOR-B_TILE_K_MAJOR
build/examples/kokkosComm/gemm-kokkosComm-SMALL-FLOAT-C_TILE_I_MAJOR-A_TILE_K_MAJOR-B_TILE_K_MAJOR
build/examples/mpi/gemm-mpi-MEDIUM-FLOAT-C_TILE_J_MAJOR-A_TILE_K_MAJOR-B_TILE_J_MAJOR
build/examples/boostP2P/gemm-boostP2P-LARGE-FLOAT-C_TILE_I_MAJOR-A_TILE_K_MAJOR-B_TILE_K_MAJOR
build/examples/mpi/gemm-mpi-LARGE-FLOAT-C_TILE_I_MAJOR-A_TILE_K_MAJOR-B_TILE_K_MAJOR
build/examples/kokkosComm/gemm-kokkosComm-MINI-FLOAT-C_TILE_I_MAJOR-A_TILE_I_MAJOR-B_TILE_J_MAJOR
build/examples/boost/gemm-boost-MINI-FLOAT-C_TILE_J_MAJOR-A_TILE_K_MAJOR-B_TILE_J_MAJOR
build/examples/boostP2P/gemm-boostP2P-SMALL-FLOAT-C_TILE_I_MAJOR-A_TILE_I_MAJOR-B_TILE_K_MAJOR
build/examples/kokkosComm/gemm-kokkosComm-EXTRALARGE-FLOAT-C_TILE_I_MAJOR-A_TILE_K_MAJOR-B_TILE_J_MAJOR
build/examples/boost/gemm-boost-LARGE-FLOAT-C_TILE_J_MAJOR-A_TILE_I_MAJOR-B_TILE_J_MAJOR
build/examples/mpi/gemm-mpi-EXTRALARGE-FLOAT-C_TILE_I_MAJOR-A_TILE_I_MAJOR-B_TILE_J_MAJOR
build/examples/boostP2P/gemm-boostP2P-LARGE-FLOAT-C_TILE_I_MAJOR-A_TILE_I_MAJOR-B_TILE_K_MAJOR
build/examples/boost/gemm-boost-EXTRALARGE-FLOAT-C_TILE_I_MAJOR-A_TILE_K_MAJOR-B_TILE_K_MAJOR
build/examples/kokkosComm/gemm-kokkosComm-MINI-FLOAT-C_TILE_J_MAJOR-A_TILE_I_MAJOR-B_TILE_K_MAJOR
build/examples/kokkosComm/gemm-kokkosComm-MEDIUM-FLOAT-C_TILE_J_MAJOR-A_TILE_K_MAJOR-B_TILE_J_MAJOR
build/examples/boost/gemm-boost-EXTRALARGE-FLOAT-C_TILE_J_MAJOR-A_TILE_K_MAJOR-B_TILE_K_MAJOR
build/examples/noarr/gemm-noarr-EXTRALARGE-FLOAT-C_TILE_I_MAJOR-A_TILE_I_MAJOR-B_TILE_K_MAJOR
build/examples/boostP2P/gemm-boostP2P-LARGE-FLOAT-C_TILE_I_MAJOR-A_TILE_I_MAJOR-B_TILE_J_MAJOR
build/examples/boost/gemm-boost-EXTRALARGE-FLOAT-C_TILE_I_MAJOR-A_TILE_I_MAJOR-B_TILE_K_MAJOR
build/examples/kokkosComm/gemm-kokkosComm-MEDIUM-FLOAT-C_TILE_J_MAJOR-A_TILE_I_MAJOR-B_TILE_K_MAJOR
build/examples/boostP2P/gemm-boostP2P-MINI-FLOAT-C_TILE_I_MAJOR-A_TILE_K_MAJOR-B_TILE_J_MAJOR
build/examples/boost/gemm-boost-MINI-FLOAT-C_TILE_J_MAJOR-A_TILE_K_MAJOR-B_TILE_K_MAJOR
build/examples/boostP2P/gemm-boostP2P-MEDIUM-FLOAT-C_TILE_J_MAJOR-A_TILE_I_MAJOR-B_TILE_K_MAJOR
build/examples/kokkosComm/gemm-kokkosComm-MEDIUM-FLOAT-C_TILE_I_MAJOR-A_TILE_K_MAJOR-B_TILE_J_MAJOR
build/examples/boost/gemm-boost-SMALL-FLOAT-C_TILE_I_MAJOR-A_TILE_K_MAJOR-B_TILE_K_MAJOR
build/examples/kokkosComm/gemm-kokkosComm-SMALL-FLOAT-C_TILE_J_MAJOR-A_TILE_K_MAJOR-B_TILE_K_MAJOR
build/examples/kokkosComm/gemm-kokkosComm-LARGE-FLOAT-C_TILE_J_MAJOR-A_TILE_I_MAJOR-B_TILE_K_MAJOR
build/examples/noarr/gemm-noarr-MEDIUM-FLOAT-C_TILE_I_MAJOR-A_TILE_I_MAJOR-B_TILE_K_MAJOR
build/examples/mpi/gemm-mpi-EXTRALARGE-FLOAT-C_TILE_J_MAJOR-A_TILE_K_MAJOR-B_TILE_K_MAJOR
build/examples/noarr/gemm-noarr-MEDIUM-FLOAT-C_TILE_J_MAJOR-A_TILE_K_MAJOR-B_TILE_J_MAJOR
build/examples/boostP2P/gemm-boostP2P-SMALL-FLOAT-C_TILE_I_MAJOR-A_TILE_I_MAJOR-B_TILE_J_MAJOR
build/examples/noarr/gemm-noarr-EXTRALARGE-FLOAT-C_TILE_J_MAJOR-A_TILE_K_MAJOR-B_TILE_K_MAJOR
build/examples/noarr/gemm-noarr-MINI-FLOAT-C_TILE_J_MAJOR-A_TILE_I_MAJOR-B_TILE_K_MAJOR
build/examples/kokkosComm/gemm-kokkosComm-SMALL-FLOAT-C_TILE_J_MAJOR-A_TILE_I_MAJOR-B_TILE_J_MAJOR
build/examples/boostP2P/gemm-boostP2P-SMALL-FLOAT-C_TILE_I_MAJOR-A_TILE_K_MAJOR-B_TILE_K_MAJOR
build/examples/kokkosComm/gemm-kokkosComm-LARGE-FLOAT-C_TILE_J_MAJOR-A_TILE_K_MAJOR-B_TILE_J_MAJOR
build/examples/mpi/gemm-mpi-SMALL-FLOAT-C_TILE_J_MAJOR-A_TILE_K_MAJOR-B_TILE_K_MAJOR
build/examples/mpi/gemm-mpi-SMALL-FLOAT-C_TILE_I_MAJOR-A_TILE_K_MAJOR-B_TILE_J_MAJOR
build/examples/mpi/gemm-mpi-SMALL-FLOAT-C_TILE_I_MAJOR-A_TILE_I_MAJOR-B_TILE_K_MAJOR
build/examples/boost/gemm-boost-LARGE-FLOAT-C_TILE_J_MAJOR-A_TILE_K_MAJOR-B_TILE_J_MAJOR
build/examples/boostP2P/gemm-boostP2P-EXTRALARGE-FLOAT-C_TILE_J_MAJOR-A_TILE_I_MAJOR-B_TILE_K_MAJOR
build/examples/kokkosComm/gemm-kokkosComm-EXTRALARGE-FLOAT-C_TILE_I_MAJOR-A_TILE_I_MAJOR-B_TILE_K_MAJOR
build/examples/noarr/gemm-noarr-MEDIUM-FLOAT-C_TILE_I_MAJOR-A_TILE_K_MAJOR-B_TILE_J_MAJOR
build/examples/kokkosComm/gemm-kokkosComm-MEDIUM-FLOAT-C_TILE_I_MAJOR-A_TILE_I_MAJOR-B_TILE_J_MAJOR
build/examples/noarr/gemm-noarr-LARGE-FLOAT-C_TILE_I_MAJOR-A_TILE_I_MAJOR-B_TILE_K_MAJOR
build/examples/boostP2P/gemm-boostP2P-MEDIUM-FLOAT-C_TILE_J_MAJOR-A_TILE_K_MAJOR-B_TILE_J_MAJOR
build/examples/kokkosComm/gemm-kokkosComm-MINI-FLOAT-C_TILE_J_MAJOR-A_TILE_K_MAJOR-B_TILE_K_MAJOR
build/examples/kokkosComm/gemm-kokkosComm-LARGE-FLOAT-C_TILE_I_MAJOR-A_TILE_K_MAJOR-B_TILE_J_MAJOR
build/examples/boostP2P/gemm-boostP2P-MINI-FLOAT-C_TILE_I_MAJOR-A_TILE_I_MAJOR-B_TILE_K_MAJOR
build/examples/noarr/gemm-noarr-EXTRALARGE-FLOAT-C_TILE_I_MAJOR-A_TILE_K_MAJOR-B_TILE_J_MAJOR
build/examples/boost/gemm-boost-SMALL-FLOAT-C_TILE_I_MAJOR-A_TILE_I_MAJOR-B_TILE_J_MAJOR
build/examples/boostP2P/gemm-boostP2P-MINI-FLOAT-C_TILE_J_MAJOR-A_TILE_I_MAJOR-B_TILE_K_MAJOR
build/examples/noarr/gemm-noarr-MINI-FLOAT-C_TILE_I_MAJOR-A_TILE_I_MAJOR-B_TILE_K_MAJOR
build/examples/boostP2P/gemm-boostP2P-LARGE-FLOAT-C_TILE_J_MAJOR-A_TILE_K_MAJOR-B_TILE_J_MAJOR
build/examples/mpi/gemm-mpi-EXTRALARGE-FLOAT-C_TILE_I_MAJOR-A_TILE_I_MAJOR-B_TILE_K_MAJOR
build/examples/kokkosComm/gemm-kokkosComm-LARGE-FLOAT-C_TILE_I_MAJOR-A_TILE_I_MAJOR-B_TILE_J_MAJOR
build/examples/kokkosComm/gemm-kokkosComm-MINI-FLOAT-C_TILE_I_MAJOR-A_TILE_I_MAJOR-B_TILE_K_MAJOR
build/examples/boostP2P/gemm-boostP2P-EXTRALARGE-FLOAT-C_TILE_I_MAJOR-A_TILE_K_MAJOR-B_TILE_K_MAJOR
build/examples/mpi/gemm-mpi-MEDIUM-FLOAT-C_TILE_I_MAJOR-A_TILE_I_MAJOR-B_TILE_J_MAJOR
build/examples/mpi/gemm-mpi-MEDIUM-FLOAT-C_TILE_J_MAJOR-A_TILE_I_MAJOR-B_TILE_J_MAJOR
build/examples/boostP2P/gemm-boostP2P-MEDIUM-FLOAT-C_TILE_I_MAJOR-A_TILE_K_MAJOR-B_TILE_K_MAJOR
build/examples/noarr/gemm-noarr-MINI-FLOAT-C_TILE_I_MAJOR-A_TILE_I_MAJOR-B_TILE_J_MAJOR
build/examples/boostP2P/gemm-boostP2P-MINI-FLOAT-C_TILE_J_MAJOR-A_TILE_I_MAJOR-B_TILE_J_MAJOR
build/examples/noarr/gemm-noarr-EXTRALARGE-FLOAT-C_TILE_I_MAJOR-A_TILE_I_MAJOR-B_TILE_J_MAJOR
build/examples/mpi/gemm-mpi-SMALL-FLOAT-C_TILE_J_MAJOR-A_TILE_K_MAJOR-B_TILE_J_MAJOR
build/examples/mpi/gemm-mpi-LARGE-FLOAT-C_TILE_J_MAJOR-A_TILE_I_MAJOR-B_TILE_K_MAJOR
build/examples/kokkosComm/gemm-kokkosComm-LARGE-FLOAT-C_TILE_I_MAJOR-A_TILE_K_MAJOR-B_TILE_K_MAJOR
build/examples/mpi/gemm-mpi-EXTRALARGE-FLOAT-C_TILE_J_MAJOR-A_TILE_K_MAJOR-B_TILE_J_MAJOR
build/examples/noarr/gemm-noarr-SMALL-FLOAT-C_TILE_J_MAJOR-A_TILE_K_MAJOR-B_TILE_K_MAJOR
build/examples/mpi/gemm-mpi-EXTRALARGE-FLOAT-C_TILE_I_MAJOR-A_TILE_K_MAJOR-B_TILE_K_MAJOR
build/examples/mpi/gemm-mpi-SMALL-FLOAT-C_TILE_I_MAJOR-A_TILE_K_MAJOR-B_TILE_K_MAJOR
build/examples/kokkosComm/gemm-kokkosComm-SMALL-FLOAT-C_TILE_J_MAJOR-A_TILE_K_MAJOR-B_TILE_J_MAJOR
build/examples/boostP2P/gemm-boostP2P-LARGE-FLOAT-C_TILE_J_MAJOR-A_TILE_I_MAJOR-B_TILE_J_MAJOR
build/examples/noarr/gemm-noarr-SMALL-FLOAT-C_TILE_I_MAJOR-A_TILE_I_MAJOR-B_TILE_J_MAJOR
build/examples/noarr/gemm-noarr-LARGE-FLOAT-C_TILE_I_MAJOR-A_TILE_K_MAJOR-B_TILE_J_MAJOR
build/examples/mpi/gemm-mpi-MINI-FLOAT-C_TILE_I_MAJOR-A_TILE_K_MAJOR-B_TILE_J_MAJOR
build/examples/kokkosComm/gemm-kokkosComm-EXTRALARGE-FLOAT-C_TILE_J_MAJOR-A_TILE_I_MAJOR-B_TILE_J_MAJOR
build/examples/noarr/gemm-noarr-MEDIUM-FLOAT-C_TILE_J_MAJOR-A_TILE_I_MAJOR-B_TILE_K_MAJOR
build/examples/boostP2P/gemm-boostP2P-MEDIUM-FLOAT-C_TILE_I_MAJOR-A_TILE_K_MAJOR-B_TILE_J_MAJOR
build/examples/mpi/gemm-mpi-MINI-FLOAT-C_TILE_J_MAJOR-A_TILE_K_MAJOR-B_TILE_K_MAJOR
build/examples/kokkosComm/gemm-kokkosComm-MINI-FLOAT-C_TILE_J_MAJOR-A_TILE_K_MAJOR-B_TILE_J_MAJOR
build/examples/boost/gemm-boost-EXTRALARGE-FLOAT-C_TILE_J_MAJOR-A_TILE_I_MAJOR-B_TILE_J_MAJOR
build/examples/noarr/gemm-noarr-LARGE-FLOAT-C_TILE_I_MAJOR-A_TILE_K_MAJOR-B_TILE_K_MAJOR
build/examples/mpi/gemm-mpi-EXTRALARGE-FLOAT-C_TILE_I_MAJOR-A_TILE_K_MAJOR-B_TILE_J_MAJOR
build/examples/boostP2P/gemm-boostP2P-LARGE-FLOAT-C_TILE_I_MAJOR-A_TILE_K_MAJOR-B_TILE_J_MAJOR
build/examples/boost/gemm-boost-MEDIUM-FLOAT-C_TILE_I_MAJOR-A_TILE_I_MAJOR-B_TILE_K_MAJOR
build/examples/mpi/gemm-mpi-LARGE-FLOAT-C_TILE_J_MAJOR-A_TILE_K_MAJOR-B_TILE_K_MAJOR
build/examples/boost/gemm-boost-MEDIUM-FLOAT-C_TILE_J_MAJOR-A_TILE_K_MAJOR-B_TILE_K_MAJOR
build/examples/kokkosComm/gemm-kokkosComm-SMALL-FLOAT-C_TILE_J_MAJOR-A_TILE_I_MAJOR-B_TILE_K_MAJOR
build/examples/noarr/gemm-noarr-SMALL-FLOAT-C_TILE_J_MAJOR-A_TILE_I_MAJOR-B_TILE_J_MAJOR
build/examples/noarr/gemm-noarr-MEDIUM-FLOAT-C_TILE_I_MAJOR-A_TILE_K_MAJOR-B_TILE_K_MAJOR
build/examples/kokkosComm/gemm-kokkosComm-EXTRALARGE-FLOAT-C_TILE_J_MAJOR-A_TILE_I_MAJOR-B_TILE_K_MAJOR
build/examples/boostP2P/gemm-boostP2P-EXTRALARGE-FLOAT-C_TILE_I_MAJOR-A_TILE_I_MAJOR-B_TILE_J_MAJOR
build/examples/boostP2P/gemm-boostP2P-SMALL-FLOAT-C_TILE_J_MAJOR-A_TILE_I_MAJOR-B_TILE_K_MAJOR
build/examples/boostP2P/gemm-boostP2P-MINI-FLOAT-C_TILE_J_MAJOR-A_TILE_K_MAJOR-B_TILE_K_MAJOR
build/examples/boostP2P/gemm-boostP2P-SMALL-FLOAT-C_TILE_J_MAJOR-A_TILE_I_MAJOR-B_TILE_J_MAJOR
build/examples/boost/gemm-boost-MINI-FLOAT-C_TILE_J_MAJOR-A_TILE_I_MAJOR-B_TILE_J_MAJOR
build/examples/boostP2P/gemm-boostP2P-LARGE-FLOAT-C_TILE_J_MAJOR-A_TILE_I_MAJOR-B_TILE_K_MAJOR
build/examples/boost/gemm-boost-SMALL-FLOAT-C_TILE_I_MAJOR-A_TILE_I_MAJOR-B_TILE_K_MAJOR
build/examples/kokkosComm/gemm-kokkosComm-MINI-FLOAT-C_TILE_I_MAJOR-A_TILE_K_MAJOR-B_TILE_K_MAJOR
build/examples/mpi/gemm-mpi-MEDIUM-FLOAT-C_TILE_I_MAJOR-A_TILE_I_MAJOR-B_TILE_K_MAJOR
build/examples/boostP2P/gemm-boostP2P-MEDIUM-FLOAT-C_TILE_J_MAJOR-A_TILE_I_MAJOR-B_TILE_J_MAJOR
build/examples/boostP2P/gemm-boostP2P-MINI-FLOAT-C_TILE_I_MAJOR-A_TILE_K_MAJOR-B_TILE_K_MAJOR
build/examples/mpi/gemm-mpi-LARGE-FLOAT-C_TILE_I_MAJOR-A_TILE_I_MAJOR-B_TILE_J_MAJOR
build/examples/noarr/gemm-noarr-LARGE-FLOAT-C_TILE_J_MAJOR-A_TILE_I_MAJOR-B_TILE_K_MAJOR
build/examples/noarr/gemm-noarr-MINI-FLOAT-C_TILE_J_MAJOR-A_TILE_K_MAJOR-B_TILE_J_MAJOR
build/examples/boost/gemm-boost-EXTRALARGE-FLOAT-C_TILE_J_MAJOR-A_TILE_K_MAJOR-B_TILE_J_MAJOR
build/examples/boost/gemm-boost-MINI-FLOAT-C_TILE_I_MAJOR-A_TILE_I_MAJOR-B_TILE_J_MAJOR
build/examples/boost/gemm-boost-MINI-FLOAT-C_TILE_J_MAJOR-A_TILE_I_MAJOR-B_TILE_K_MAJOR
build/examples/noarr/gemm-noarr-SMALL-FLOAT-C_TILE_I_MAJOR-A_TILE_K_MAJOR-B_TILE_K_MAJOR
build/examples/boost/gemm-boost-MEDIUM-FLOAT-C_TILE_I_MAJOR-A_TILE_I_MAJOR-B_TILE_J_MAJOR
build/examples/boost/gemm-boost-SMALL-FLOAT-C_TILE_J_MAJOR-A_TILE_I_MAJOR-B_TILE_K_MAJOR
build/examples/boost/gemm-boost-EXTRALARGE-FLOAT-C_TILE_I_MAJOR-A_TILE_K_MAJOR-B_TILE_J_MAJOR
build/examples/noarr/gemm-noarr-MEDIUM-FLOAT-C_TILE_J_MAJOR-A_TILE_I_MAJOR-B_TILE_J_MAJOR
build/examples/mpi/gemm-mpi-MEDIUM-FLOAT-C_TILE_J_MAJOR-A_TILE_K_MAJOR-B_TILE_K_MAJOR
build/examples/noarr/gemm-noarr-EXTRALARGE-FLOAT-C_TILE_J_MAJOR-A_TILE_I_MAJOR-B_TILE_J_MAJOR
build/examples/noarr/gemm-noarr-EXTRALARGE-FLOAT-C_TILE_J_MAJOR-A_TILE_K_MAJOR-B_TILE_J_MAJOR
build/examples/mpi/gemm-mpi-MEDIUM-FLOAT-C_TILE_I_MAJOR-A_TILE_K_MAJOR-B_TILE_K_MAJOR
build/examples/boost/gemm-boost-EXTRALARGE-FLOAT-C_TILE_I_MAJOR-A_TILE_I_MAJOR-B_TILE_J_MAJOR
build/examples/boostP2P/gemm-boostP2P-EXTRALARGE-FLOAT-C_TILE_I_MAJOR-A_TILE_I_MAJOR-B_TILE_K_MAJOR
build/examples/boost/gemm-boost-SMALL-FLOAT-C_TILE_J_MAJOR-A_TILE_K_MAJOR-B_TILE_J_MAJOR
build/examples/noarr/gemm-noarr-SMALL-FLOAT-C_TILE_I_MAJOR-A_TILE_K_MAJOR-B_TILE_J_MAJOR
build/examples/boostP2P/gemm-boostP2P-MEDIUM-FLOAT-C_TILE_I_MAJOR-A_TILE_I_MAJOR-B_TILE_J_MAJOR
build/examples/mpi/gemm-mpi-SMALL-FLOAT-C_TILE_J_MAJOR-A_TILE_I_MAJOR-B_TILE_J_MAJOR
build/examples/noarr/gemm-noarr-SMALL-FLOAT-C_TILE_J_MAJOR-A_TILE_K_MAJOR-B_TILE_J_MAJOR
build/examples/boost/gemm-boost-SMALL-FLOAT-C_TILE_I_MAJOR-A_TILE_K_MAJOR-B_TILE_J_MAJOR
build/examples/boost/gemm-boost-LARGE-FLOAT-C_TILE_I_MAJOR-A_TILE_K_MAJOR-B_TILE_J_MAJOR
build/examples/noarr/gemm-noarr-SMALL-FLOAT-C_TILE_J_MAJOR-A_TILE_I_MAJOR-B_TILE_K_MAJOR
build/examples/mpi/gemm-mpi-SMALL-FLOAT-C_TILE_I_MAJOR-A_TILE_I_MAJOR-B_TILE_J_MAJOR
build/examples/boost/gemm-boost-LARGE-FLOAT-C_TILE_I_MAJOR-A_TILE_I_MAJOR-B_TILE_J_MAJOR
build/examples/mpi/gemm-mpi-LARGE-FLOAT-C_TILE_J_MAJOR-A_TILE_I_MAJOR-B_TILE_J_MAJOR
build/examples/noarr/gemm-noarr-MEDIUM-FLOAT-C_TILE_J_MAJOR-A_TILE_K_MAJOR-B_TILE_K_MAJOR
build/examples/boost/gemm-boost-SMALL-FLOAT-C_TILE_J_MAJOR-A_TILE_I_MAJOR-B_TILE_J_MAJOR
build/examples/kokkosComm/gemm-kokkosComm-MEDIUM-FLOAT-C_TILE_I_MAJOR-A_TILE_I_MAJOR-B_TILE_K_MAJOR
build/examples/kokkosComm/gemm-kokkosComm-LARGE-FLOAT-C_TILE_J_MAJOR-A_TILE_I_MAJOR-B_TILE_J_MAJOR
build/examples/boostP2P/gemm-boostP2P-EXTRALARGE-FLOAT-C_TILE_I_MAJOR-A_TILE_K_MAJOR-B_TILE_J_MAJOR
build/examples/noarr/gemm-noarr-EXTRALARGE-FLOAT-C_TILE_J_MAJOR-A_TILE_I_MAJOR-B_TILE_K_MAJOR
build/examples/boost/gemm-boost-MINI-FLOAT-C_TILE_I_MAJOR-A_TILE_K_MAJOR-B_TILE_J_MAJOR
build/examples/boostP2P/gemm-boostP2P-MINI-FLOAT-C_TILE_I_MAJOR-A_TILE_I_MAJOR-B_TILE_J_MAJOR
build/examples/boost/gemm-boost-SMALL-FLOAT-C_TILE_J_MAJOR-A_TILE_K_MAJOR-B_TILE_K_MAJOR
build/examples/kokkosComm/gemm-kokkosComm-EXTRALARGE-FLOAT-C_TILE_J_MAJOR-A_TILE_K_MAJOR-B_TILE_J_MAJOR
build/examples/kokkosComm/gemm-kokkosComm-SMALL-FLOAT-C_TILE_I_MAJOR-A_TILE_K_MAJOR-B_TILE_J_MAJOR
build/examples/boostP2P/gemm-boostP2P-SMALL-FLOAT-C_TILE_J_MAJOR-A_TILE_K_MAJOR-B_TILE_J_MAJOR
build/examples/boost/gemm-boost-MEDIUM-FLOAT-C_TILE_J_MAJOR-A_TILE_K_MAJOR-B_TILE_J_MAJOR
build/examples/boost/gemm-boost-EXTRALARGE-FLOAT-C_TILE_J_MAJOR-A_TILE_I_MAJOR-B_TILE_K_MAJOR
build/examples/boostP2P/gemm-boostP2P-EXTRALARGE-FLOAT-C_TILE_J_MAJOR-A_TILE_K_MAJOR-B_TILE_J_MAJOR
build/examples/kokkosComm/gemm-kokkosComm-MEDIUM-FLOAT-C_TILE_J_MAJOR-A_TILE_K_MAJOR-B_TILE_K_MAJOR
build/examples/noarr/gemm-noarr-LARGE-FLOAT-C_TILE_J_MAJOR-A_TILE_I_MAJOR-B_TILE_J_MAJOR
build/examples/kokkosComm/gemm-kokkosComm-EXTRALARGE-FLOAT-C_TILE_I_MAJOR-A_TILE_K_MAJOR-B_TILE_K_MAJOR
build/examples/mpi/gemm-mpi-LARGE-FLOAT-C_TILE_I_MAJOR-A_TILE_I_MAJOR-B_TILE_K_MAJOR
srun: job 120974 queued and waiting for resources
srun: job 120974 has been allocated resources
Running with 8 processes
srun: job 120975 queued and waiting for resources
srun: job 120975 has been allocated resources
Running with 8 processes
srun: job 120976 queued and waiting for resources
srun: job 120976 has been allocated resources
Running with 8 processes
srun: job 120977 queued and waiting for resources
srun: job 120977 has been allocated resources
Running with 8 processes
srun: job 120978 queued and waiting for resources
srun: job 120978 has been allocated resources
Running with 8 processes
srun: job 120979 queued and waiting for resources
srun: job 120979 has been allocated resources
Running with 8 processes
srun: job 120980 queued and waiting for resources
srun: job 120980 has been allocated resources
Running with 8 processes
srun: job 120981 queued and waiting for resources
srun: job 120981 has been allocated resources
Running with 8 processes
srun: job 120982 queued and waiting for resources
srun: job 120982 has been allocated resources
Running with 8 processes
srun: job 120983 queued and waiting for resources
srun: job 120983 has been allocated resources
Running with 8 processes
srun: job 120984 queued and waiting for resources
srun: job 120984 has been allocated resources
Running with 8 processes
srun: job 120985 queued and waiting for resources
srun: job 120985 has been allocated resources
Running with 8 processes
srun: job 120986 queued and waiting for resources
srun: job 120986 has been allocated resources
Running with 8 processes
srun: job 120987 queued and waiting for resources
srun: job 120987 has been allocated resources
Running with 8 processes
srun: job 120988 queued and waiting for resources
srun: job 120988 has been allocated resources
Running with 8 processes
srun: job 120990 queued and waiting for resources
srun: job 120990 has been allocated resources
Running with 8 processes
srun: job 120991 queued and waiting for resources
srun: job 120991 has been allocated resources
Running with 8 processes
srun: job 120992 queued and waiting for resources
srun: job 120992 has been allocated resources
Running with 8 processes
srun: job 120993 queued and waiting for resources
srun: job 120993 has been allocated resources
Running with 8 processes
srun: job 120994 queued and waiting for resources
srun: job 120994 has been allocated resources
Running with 8 processes
srun: job 120995 queued and waiting for resources
srun: job 120995 has been allocated resources
Running with 8 processes
srun: job 120996 queued and waiting for resources
srun: job 120996 has been allocated resources
Running with 8 processes
srun: job 120997 queued and waiting for resources
srun: job 120997 has been allocated resources
Running with 8 processes
srun: job 120998 queued and waiting for resources
srun: job 120998 has been allocated resources
Running with 8 processes
srun: job 120999 queued and waiting for resources
srun: job 120999 has been allocated resources
Running with 8 processes
srun: job 121000 queued and waiting for resources
srun: job 121000 has been allocated resources
Running with 8 processes
srun: job 121001 queued and waiting for resources
srun: job 121001 has been allocated resources
Running with 8 processes
srun: job 121002 queued and waiting for resources
srun: job 121002 has been allocated resources
Running with 8 processes
srun: job 121003 queued and waiting for resources
srun: job 121003 has been allocated resources
Running with 8 processes
srun: job 121004 queued and waiting for resources
srun: job 121004 has been allocated resources
Running with 8 processes
srun: job 121005 queued and waiting for resources
srun: job 121005 has been allocated resources
Running with 8 processes
srun: job 121006 queued and waiting for resources
srun: job 121006 has been allocated resources
Running with 8 processes
srun: job 121007 queued and waiting for resources
srun: job 121007 has been allocated resources
Running with 8 processes
srun: job 121008 queued and waiting for resources
srun: job 121008 has been allocated resources
Running with 8 processes
srun: job 121009 queued and waiting for resources
srun: job 121009 has been allocated resources
Running with 8 processes
srun: job 121010 queued and waiting for resources
srun: job 121010 has been allocated resources
Running with 8 processes
srun: job 121011 queued and waiting for resources
srun: job 121011 has been allocated resources
Running with 8 processes
srun: job 121012 queued and waiting for resources
srun: job 121012 has been allocated resources
Running with 8 processes
srun: job 121013 queued and waiting for resources
srun: job 121013 has been allocated resources
Running with 8 processes
srun: job 121014 queued and waiting for resources
srun: job 121014 has been allocated resources
Running with 8 processes
srun: job 121015 queued and waiting for resources
srun: job 121015 has been allocated resources
Running with 8 processes
srun: job 121016 queued and waiting for resources
srun: job 121016 has been allocated resources
Running with 8 processes
srun: job 121017 queued and waiting for resources
srun: job 121017 has been allocated resources
Running with 8 processes
srun: job 121018 queued and waiting for resources
srun: job 121018 has been allocated resources
Running with 8 processes
srun: job 121019 queued and waiting for resources
srun: job 121019 has been allocated resources
Running with 8 processes
srun: job 121020 queued and waiting for resources
srun: job 121020 has been allocated resources
Running with 8 processes
srun: job 121021 queued and waiting for resources
srun: job 121021 has been allocated resources
Running with 8 processes
srun: job 121022 queued and waiting for resources
srun: job 121022 has been allocated resources
Running with 8 processes
srun: job 121023 queued and waiting for resources
srun: job 121023 has been allocated resources
Running with 8 processes
srun: job 121024 queued and waiting for resources
srun: job 121024 has been allocated resources
Running with 8 processes
srun: job 121025 queued and waiting for resources
srun: job 121025 has been allocated resources
Running with 8 processes
srun: job 121026 queued and waiting for resources
srun: job 121026 has been allocated resources
Running with 8 processes
srun: job 121027 queued and waiting for resources
srun: job 121027 has been allocated resources
Running with 8 processes
srun: job 121028 queued and waiting for resources
srun: job 121028 has been allocated resources
Running with 8 processes
srun: job 121029 queued and waiting for resources
srun: job 121029 has been allocated resources
Running with 8 processes
srun: job 121030 queued and waiting for resources
srun: job 121030 has been allocated resources
Running with 8 processes
srun: job 121031 queued and waiting for resources
srun: job 121031 has been allocated resources
Running with 8 processes
srun: job 121032 queued and waiting for resources
srun: job 121032 has been allocated resources
Running with 8 processes
srun: job 121033 queued and waiting for resources
srun: job 121033 has been allocated resources
Running with 8 processes
srun: job 121034 queued and waiting for resources
srun: job 121034 has been allocated resources
Running with 8 processes
srun: job 121035 queued and waiting for resources
srun: job 121035 has been allocated resources
Running with 8 processes
srun: job 121036 queued and waiting for resources
srun: job 121036 has been allocated resources
Running with 8 processes
srun: job 121037 queued and waiting for resources
srun: job 121037 has been allocated resources
Running with 8 processes
srun: job 121038 queued and waiting for resources
srun: job 121038 has been allocated resources
Running with 8 processes
srun: job 121039 queued and waiting for resources
srun: job 121039 has been allocated resources
Running with 8 processes
srun: job 121040 queued and waiting for resources
srun: job 121040 has been allocated resources
Running with 8 processes
srun: job 121041 queued and waiting for resources
srun: job 121041 has been allocated resources
Running with 8 processes
srun: job 121042 queued and waiting for resources
srun: job 121042 has been allocated resources
Running with 8 processes
srun: job 121043 queued and waiting for resources
srun: job 121043 has been allocated resources
Running with 8 processes
srun: job 121044 queued and waiting for resources
srun: job 121044 has been allocated resources
Running with 8 processes
srun: job 121045 queued and waiting for resources
srun: job 121045 has been allocated resources
Running with 8 processes
srun: job 121046 queued and waiting for resources
srun: job 121046 has been allocated resources
Running with 8 processes
srun: job 121047 queued and waiting for resources
srun: job 121047 has been allocated resources
Running with 8 processes
srun: job 121048 queued and waiting for resources
srun: job 121048 has been allocated resources
Running with 8 processes
srun: job 121049 queued and waiting for resources
srun: job 121049 has been allocated resources
Running with 8 processes
srun: job 121050 queued and waiting for resources
srun: job 121050 has been allocated resources
Running with 8 processes
srun: job 121051 queued and waiting for resources
srun: job 121051 has been allocated resources
Running with 8 processes
srun: job 121052 queued and waiting for resources
srun: job 121052 has been allocated resources
Running with 8 processes
srun: job 121053 queued and waiting for resources
srun: job 121053 has been allocated resources
Running with 8 processes
srun: job 121054 queued and waiting for resources
srun: job 121054 has been allocated resources
Running with 8 processes
srun: job 121055 queued and waiting for resources
srun: job 121055 has been allocated resources
Running with 8 processes
srun: job 121056 queued and waiting for resources
srun: job 121056 has been allocated resources
Running with 8 processes
srun: job 121057 queued and waiting for resources
srun: job 121057 has been allocated resources
Running with 8 processes
srun: job 121058 queued and waiting for resources
srun: job 121058 has been allocated resources
Running with 8 processes
srun: job 121059 queued and waiting for resources
srun: job 121059 has been allocated resources
Running with 8 processes
srun: job 121060 queued and waiting for resources
srun: job 121060 has been allocated resources
Running with 8 processes
srun: job 121061 queued and waiting for resources
srun: job 121061 has been allocated resources
Running with 8 processes
srun: job 121062 queued and waiting for resources
srun: job 121062 has been allocated resources
Running with 8 processes
srun: job 121063 queued and waiting for resources
srun: job 121063 has been allocated resources
Running with 8 processes
srun: job 121064 queued and waiting for resources
srun: job 121064 has been allocated resources
Running with 8 processes
srun: job 121065 queued and waiting for resources
srun: job 121065 has been allocated resources
Running with 8 processes
srun: job 121066 queued and waiting for resources
srun: job 121066 has been allocated resources
Running with 8 processes
srun: job 121067 queued and waiting for resources
srun: job 121067 has been allocated resources
Running with 8 processes
srun: job 121068 queued and waiting for resources
srun: job 121068 has been allocated resources
Running with 8 processes
srun: job 121069 queued and waiting for resources
srun: job 121069 has been allocated resources
Running with 8 processes
srun: job 121070 queued and waiting for resources
srun: job 121070 has been allocated resources
Running with 8 processes
srun: job 121071 queued and waiting for resources
srun: job 121071 has been allocated resources
Running with 8 processes
srun: job 121072 queued and waiting for resources
srun: job 121072 has been allocated resources
Running with 8 processes
srun: job 121073 queued and waiting for resources
srun: job 121073 has been allocated resources
Running with 8 processes
srun: job 121074 queued and waiting for resources
srun: job 121074 has been allocated resources
Running with 8 processes
srun: job 121075 queued and waiting for resources
srun: job 121075 has been allocated resources
Running with 8 processes
srun: job 121076 queued and waiting for resources
srun: job 121076 has been allocated resources
Running with 8 processes
srun: job 121077 queued and waiting for resources
srun: job 121077 has been allocated resources
Running with 8 processes
srun: job 121078 queued and waiting for resources
srun: job 121078 has been allocated resources
Running with 8 processes
srun: job 121079 queued and waiting for resources
srun: job 121079 has been allocated resources
Running with 8 processes
srun: job 121080 queued and waiting for resources
srun: job 121080 has been allocated resources
Running with 8 processes
srun: job 121081 queued and waiting for resources
srun: job 121081 has been allocated resources
Running with 8 processes
srun: job 121082 queued and waiting for resources
srun: job 121082 has been allocated resources
Running with 8 processes
srun: job 121083 queued and waiting for resources
srun: job 121083 has been allocated resources
Running with 8 processes
srun: job 121084 queued and waiting for resources
srun: job 121084 has been allocated resources
Running with 8 processes
srun: job 121085 queued and waiting for resources
srun: job 121085 has been allocated resources
Running with 8 processes
srun: job 121086 queued and waiting for resources
srun: job 121086 has been allocated resources
Running with 8 processes
srun: job 121087 queued and waiting for resources
srun: job 121087 has been allocated resources
Running with 8 processes
srun: job 121088 queued and waiting for resources
srun: job 121088 has been allocated resources
Running with 8 processes
srun: job 121089 queued and waiting for resources
srun: job 121089 has been allocated resources
Running with 8 processes
srun: job 121090 queued and waiting for resources
srun: job 121090 has been allocated resources
Running with 8 processes
srun: job 121091 queued and waiting for resources
srun: job 121091 has been allocated resources
Running with 8 processes
srun: job 121092 queued and waiting for resources
srun: job 121092 has been allocated resources
Running with 8 processes
srun: job 121093 queued and waiting for resources
srun: job 121093 has been allocated resources
Running with 8 processes
srun: job 121094 queued and waiting for resources
srun: job 121094 has been allocated resources
Running with 8 processes
srun: job 121095 queued and waiting for resources
srun: job 121095 has been allocated resources
Running with 8 processes
srun: job 121096 queued and waiting for resources
srun: job 121096 has been allocated resources
Running with 8 processes
srun: job 121097 queued and waiting for resources
srun: job 121097 has been allocated resources
Running with 8 processes
srun: job 121098 queued and waiting for resources
srun: job 121098 has been allocated resources
Running with 8 processes
srun: job 121099 queued and waiting for resources
srun: job 121099 has been allocated resources
Running with 8 processes
srun: job 121100 queued and waiting for resources
srun: job 121100 has been allocated resources
Running with 8 processes
srun: job 121101 queued and waiting for resources
srun: job 121101 has been allocated resources
Running with 8 processes
srun: job 121102 queued and waiting for resources
srun: job 121102 has been allocated resources
Running with 8 processes
srun: job 121103 queued and waiting for resources
srun: job 121103 has been allocated resources
Running with 8 processes
srun: job 121104 queued and waiting for resources
srun: job 121104 has been allocated resources
Running with 8 processes
srun: job 121105 queued and waiting for resources
srun: job 121105 has been allocated resources
Running with 8 processes
srun: job 121106 queued and waiting for resources
srun: job 121106 has been allocated resources
Running with 8 processes
srun: job 121107 queued and waiting for resources
srun: job 121107 has been allocated resources
Running with 8 processes
srun: job 121108 queued and waiting for resources
srun: job 121108 has been allocated resources
Running with 8 processes
srun: job 121109 queued and waiting for resources
srun: job 121109 has been allocated resources
Running with 8 processes
srun: job 121110 queued and waiting for resources
srun: job 121110 has been allocated resources
Running with 8 processes
srun: job 121111 queued and waiting for resources
srun: job 121111 has been allocated resources
Running with 8 processes
srun: job 121112 queued and waiting for resources
srun: job 121112 has been allocated resources
Running with 8 processes
srun: job 121113 queued and waiting for resources
srun: job 121113 has been allocated resources
Running with 8 processes
srun: job 121114 queued and waiting for resources
srun: job 121114 has been allocated resources
Running with 8 processes
srun: job 121115 queued and waiting for resources
srun: job 121115 has been allocated resources
Running with 8 processes
srun: job 121116 queued and waiting for resources
srun: job 121116 has been allocated resources
Running with 8 processes
srun: job 121118 queued and waiting for resources
srun: job 121118 has been allocated resources
Running with 8 processes
srun: job 121120 queued and waiting for resources
srun: job 121120 has been allocated resources
Running with 8 processes
srun: job 121121 queued and waiting for resources
srun: job 121121 has been allocated resources
Running with 8 processes
srun: job 121122 queued and waiting for resources
srun: job 121122 has been allocated resources
Running with 8 processes
srun: job 121123 queued and waiting for resources
srun: job 121123 has been allocated resources
Running with 8 processes
srun: job 121124 queued and waiting for resources
srun: job 121124 has been allocated resources
Running with 8 processes
srun: job 121125 queued and waiting for resources
srun: job 121125 has been allocated resources
Running with 8 processes
srun: job 121126 queued and waiting for resources
srun: job 121126 has been allocated resources
Running with 8 processes
srun: job 121127 queued and waiting for resources
srun: job 121127 has been allocated resources
Running with 8 processes
srun: job 121128 queued and waiting for resources
srun: job 121128 has been allocated resources
Running with 8 processes
srun: job 121129 queued and waiting for resources
srun: job 121129 has been allocated resources
Running with 8 processes
srun: job 121130 queued and waiting for resources
srun: job 121130 has been allocated resources
Running with 8 processes
srun: job 121131 queued and waiting for resources
srun: job 121131 has been allocated resources
Running with 8 processes
srun: job 121132 queued and waiting for resources
srun: job 121132 has been allocated resources
Running with 8 processes
srun: job 121133 queued and waiting for resources
srun: job 121133 has been allocated resources
Running with 8 processes
srun: job 121134 queued and waiting for resources
srun: job 121134 has been allocated resources
Running with 8 processes
srun: job 121135 queued and waiting for resources
srun: job 121135 has been allocated resources
Running with 8 processes
srun: job 121136 queued and waiting for resources
srun: job 121136 has been allocated resources
Running with 8 processes
srun: job 121137 queued and waiting for resources
srun: job 121137 has been allocated resources
Running with 8 processes
srun: job 121138 queued and waiting for resources
srun: job 121138 has been allocated resources
Running with 8 processes
srun: job 121139 queued and waiting for resources
srun: job 121139 has been allocated resources
Running with 8 processes
srun: job 121140 queued and waiting for resources
srun: job 121140 has been allocated resources
Running with 8 processes
srun: job 121141 queued and waiting for resources
srun: job 121141 has been allocated resources
Running with 8 processes
srun: job 121142 queued and waiting for resources
srun: job 121142 has been allocated resources
Running with 8 processes
srun: job 121143 queued and waiting for resources
srun: job 121143 has been allocated resources
Running with 8 processes
srun: job 121144 queued and waiting for resources
srun: job 121144 has been allocated resources
Running with 8 processes
srun: job 121145 queued and waiting for resources
srun: job 121145 has been allocated resources
Running with 8 processes
srun: job 121146 queued and waiting for resources
srun: job 121146 has been allocated resources
Running with 8 processes
srun: job 121148 queued and waiting for resources
srun: job 121148 has been allocated resources
Running with 8 processes
srun: job 121149 queued and waiting for resources
srun: job 121149 has been allocated resources
Running with 8 processes
srun: job 121150 queued and waiting for resources
srun: job 121150 has been allocated resources
Running with 8 processes
srun: job 121151 queued and waiting for resources
srun: job 121151 has been allocated resources
Running with 8 processes
srun: job 121152 queued and waiting for resources
srun: job 121152 has been allocated resources
Running with 8 processes
srun: job 121153 queued and waiting for resources
srun: job 121153 has been allocated resources
Running with 8 processes
srun: job 121154 queued and waiting for resources
srun: job 121154 has been allocated resources
Running with 8 processes
srun: job 121155 queued and waiting for resources
srun: job 121155 has been allocated resources
Running with 8 processes
srun: job 121156 queued and waiting for resources
srun: job 121156 has been allocated resources
Running with 8 processes
srun: job 121157 queued and waiting for resources
srun: job 121157 has been allocated resources
Running with 8 processes
srun: job 121158 queued and waiting for resources
srun: job 121158 has been allocated resources
Running with 8 processes
srun: job 121159 queued and waiting for resources
srun: job 121159 has been allocated resources
Running with 8 processes
srun: job 121160 queued and waiting for resources
srun: job 121160 has been allocated resources
Running with 8 processes
srun: job 121161 queued and waiting for resources
srun: job 121161 has been allocated resources
Running with 8 processes
srun: job 121162 queued and waiting for resources
srun: job 121162 has been allocated resources
Running with 8 processes
srun: job 121163 queued and waiting for resources
srun: job 121163 has been allocated resources
Running with 8 processes
srun: job 121165 queued and waiting for resources
srun: job 121165 has been allocated resources
Running with 8 processes
srun: job 121166 queued and waiting for resources
srun: job 121166 has been allocated resources
Running with 8 processes
srun: job 121167 queued and waiting for resources
srun: job 121167 has been allocated resources
Running with 8 processes
srun: job 121168 queued and waiting for resources
srun: job 121168 has been allocated resources
Running with 8 processes
srun: job 121169 queued and waiting for resources
srun: job 121169 has been allocated resources
Running with 8 processes
srun: job 121170 queued and waiting for resources
srun: job 121170 has been allocated resources
Running with 8 processes
srun: job 121171 queued and waiting for resources
srun: job 121171 has been allocated resources
Running with 8 processes
srun: job 121172 queued and waiting for resources
srun: job 121172 has been allocated resources
Running with 8 processes
srun: job 121173 queued and waiting for resources
srun: job 121173 has been allocated resources
Running with 8 processes
srun: job 121174 queued and waiting for resources
srun: job 121174 has been allocated resources
Running with 8 processes
srun: job 121175 queued and waiting for resources
srun: job 121175 has been allocated resources
Running with 8 processes
srun: job 121176 queued and waiting for resources
srun: job 121176 has been allocated resources
Running with 8 processes
srun: job 121177 queued and waiting for resources
srun: job 121177 has been allocated resources
Running with 8 processes
srun: job 121178 queued and waiting for resources
srun: job 121178 has been allocated resources
Running with 8 processes
