Running the following algorithm implementations
build/examples/noarr/gemm-noarr-SMALL-FLOAT-C_TILE_I_MAJOR-A_TILE_K_MAJOR-B_TILE_J_MAJOR
build/examples/mpi/gemm-mpi-MINI-FLOAT-C_TILE_I_MAJOR-A_TILE_I_MAJOR-B_TILE_K_MAJOR
build/examples/kokkosComm/gemm-kokkosComm-EXTRALARGE-FLOAT-C_TILE_I_MAJOR-A_TILE_I_MAJOR-B_TILE_J_MAJOR
build/examples/boostP2P/gemm-boostP2P-MINI-FLOAT-C_TILE_J_MAJOR-A_TILE_K_MAJOR-B_TILE_K_MAJOR
build/examples/kokkosComm/gemm-kokkosComm-EXTRALARGE-FLOAT-C_TILE_J_MAJOR-A_TILE_K_MAJOR-B_TILE_J_MAJOR
build/examples/boost/gemm-boost-LARGE-FLOAT-C_TILE_I_MAJOR-A_TILE_K_MAJOR-B_TILE_J_MAJOR
build/examples/kokkosComm/gemm-kokkosComm-EXTRALARGE-FLOAT-C_TILE_J_MAJOR-A_TILE_I_MAJOR-B_TILE_J_MAJOR
build/examples/kokkosComm/gemm-kokkosComm-EXTRALARGE-FLOAT-C_TILE_J_MAJOR-A_TILE_I_MAJOR-B_TILE_K_MAJOR
build/examples/mpi/gemm-mpi-MINI-FLOAT-C_TILE_I_MAJOR-A_TILE_K_MAJOR-B_TILE_J_MAJOR
build/examples/boostP2P/gemm-boostP2P-MINI-FLOAT-C_TILE_J_MAJOR-A_TILE_K_MAJOR-B_TILE_J_MAJOR
build/examples/boostP2P/gemm-boostP2P-MINI-FLOAT-C_TILE_J_MAJOR-A_TILE_I_MAJOR-B_TILE_J_MAJOR
build/examples/boost/gemm-boost-SMALL-FLOAT-C_TILE_J_MAJOR-A_TILE_I_MAJOR-B_TILE_K_MAJOR
build/examples/noarr/gemm-noarr-MEDIUM-FLOAT-C_TILE_I_MAJOR-A_TILE_I_MAJOR-B_TILE_J_MAJOR
build/examples/boostP2P/gemm-boostP2P-MEDIUM-FLOAT-C_TILE_I_MAJOR-A_TILE_K_MAJOR-B_TILE_K_MAJOR
build/examples/boost/gemm-boost-MEDIUM-FLOAT-C_TILE_J_MAJOR-A_TILE_I_MAJOR-B_TILE_J_MAJOR
build/examples/boost/gemm-boost-MEDIUM-FLOAT-C_TILE_I_MAJOR-A_TILE_K_MAJOR-B_TILE_J_MAJOR
build/examples/boost/gemm-boost-SMALL-FLOAT-C_TILE_I_MAJOR-A_TILE_I_MAJOR-B_TILE_K_MAJOR
build/examples/mpi/gemm-mpi-SMALL-FLOAT-C_TILE_I_MAJOR-A_TILE_K_MAJOR-B_TILE_J_MAJOR
build/examples/kokkosComm/gemm-kokkosComm-LARGE-FLOAT-C_TILE_J_MAJOR-A_TILE_I_MAJOR-B_TILE_J_MAJOR
build/examples/boost/gemm-boost-LARGE-FLOAT-C_TILE_J_MAJOR-A_TILE_K_MAJOR-B_TILE_J_MAJOR
build/examples/noarr/gemm-noarr-MINI-FLOAT-C_TILE_I_MAJOR-A_TILE_I_MAJOR-B_TILE_K_MAJOR
build/examples/boost/gemm-boost-LARGE-FLOAT-C_TILE_I_MAJOR-A_TILE_K_MAJOR-B_TILE_K_MAJOR
build/examples/kokkosComm/gemm-kokkosComm-MINI-FLOAT-C_TILE_I_MAJOR-A_TILE_I_MAJOR-B_TILE_K_MAJOR
build/examples/boostP2P/gemm-boostP2P-MINI-FLOAT-C_TILE_J_MAJOR-A_TILE_I_MAJOR-B_TILE_K_MAJOR
build/examples/boostP2P/gemm-boostP2P-EXTRALARGE-FLOAT-C_TILE_J_MAJOR-A_TILE_K_MAJOR-B_TILE_J_MAJOR
build/examples/noarr/gemm-noarr-LARGE-FLOAT-C_TILE_I_MAJOR-A_TILE_I_MAJOR-B_TILE_K_MAJOR
build/examples/noarr/gemm-noarr-MINI-FLOAT-C_TILE_J_MAJOR-A_TILE_I_MAJOR-B_TILE_K_MAJOR
build/examples/kokkosComm/gemm-kokkosComm-SMALL-FLOAT-C_TILE_J_MAJOR-A_TILE_K_MAJOR-B_TILE_K_MAJOR
build/examples/noarr/gemm-noarr-MEDIUM-FLOAT-C_TILE_I_MAJOR-A_TILE_K_MAJOR-B_TILE_K_MAJOR
build/examples/noarr/gemm-noarr-MINI-FLOAT-C_TILE_I_MAJOR-A_TILE_K_MAJOR-B_TILE_K_MAJOR
build/examples/boostP2P/gemm-boostP2P-MEDIUM-FLOAT-C_TILE_J_MAJOR-A_TILE_I_MAJOR-B_TILE_K_MAJOR
build/examples/mpi/gemm-mpi-SMALL-FLOAT-C_TILE_J_MAJOR-A_TILE_K_MAJOR-B_TILE_J_MAJOR
build/examples/mpi/gemm-mpi-SMALL-FLOAT-C_TILE_I_MAJOR-A_TILE_K_MAJOR-B_TILE_K_MAJOR
build/examples/boostP2P/gemm-boostP2P-MINI-FLOAT-C_TILE_I_MAJOR-A_TILE_K_MAJOR-B_TILE_K_MAJOR
build/examples/boost/gemm-boost-MINI-FLOAT-C_TILE_I_MAJOR-A_TILE_K_MAJOR-B_TILE_K_MAJOR
build/examples/boostP2P/gemm-boostP2P-MEDIUM-FLOAT-C_TILE_J_MAJOR-A_TILE_K_MAJOR-B_TILE_J_MAJOR
build/examples/kokkosComm/gemm-kokkosComm-SMALL-FLOAT-C_TILE_J_MAJOR-A_TILE_K_MAJOR-B_TILE_J_MAJOR
build/examples/mpi/gemm-mpi-MINI-FLOAT-C_TILE_J_MAJOR-A_TILE_I_MAJOR-B_TILE_J_MAJOR
build/examples/mpi/gemm-mpi-SMALL-FLOAT-C_TILE_J_MAJOR-A_TILE_K_MAJOR-B_TILE_K_MAJOR
build/examples/noarr/gemm-noarr-SMALL-FLOAT-C_TILE_J_MAJOR-A_TILE_I_MAJOR-B_TILE_J_MAJOR
build/examples/noarr/gemm-noarr-SMALL-FLOAT-C_TILE_J_MAJOR-A_TILE_K_MAJOR-B_TILE_K_MAJOR
build/examples/mpi/gemm-mpi-LARGE-FLOAT-C_TILE_I_MAJOR-A_TILE_K_MAJOR-B_TILE_J_MAJOR
build/examples/kokkosComm/gemm-kokkosComm-MEDIUM-FLOAT-C_TILE_J_MAJOR-A_TILE_I_MAJOR-B_TILE_J_MAJOR
build/examples/boostP2P/gemm-boostP2P-SMALL-FLOAT-C_TILE_I_MAJOR-A_TILE_I_MAJOR-B_TILE_K_MAJOR
build/examples/noarr/gemm-noarr-MEDIUM-FLOAT-C_TILE_J_MAJOR-A_TILE_K_MAJOR-B_TILE_K_MAJOR
build/examples/kokkosComm/gemm-kokkosComm-MINI-FLOAT-C_TILE_J_MAJOR-A_TILE_I_MAJOR-B_TILE_K_MAJOR
build/examples/kokkosComm/gemm-kokkosComm-SMALL-FLOAT-C_TILE_I_MAJOR-A_TILE_K_MAJOR-B_TILE_K_MAJOR
build/examples/boostP2P/gemm-boostP2P-EXTRALARGE-FLOAT-C_TILE_J_MAJOR-A_TILE_I_MAJOR-B_TILE_J_MAJOR
build/examples/mpi/gemm-mpi-MEDIUM-FLOAT-C_TILE_I_MAJOR-A_TILE_K_MAJOR-B_TILE_J_MAJOR
build/examples/mpi/gemm-mpi-SMALL-FLOAT-C_TILE_I_MAJOR-A_TILE_I_MAJOR-B_TILE_K_MAJOR
build/examples/boostP2P/gemm-boostP2P-SMALL-FLOAT-C_TILE_J_MAJOR-A_TILE_K_MAJOR-B_TILE_K_MAJOR
build/examples/noarr/gemm-noarr-EXTRALARGE-FLOAT-C_TILE_J_MAJOR-A_TILE_I_MAJOR-B_TILE_J_MAJOR
build/examples/boostP2P/gemm-boostP2P-EXTRALARGE-FLOAT-C_TILE_J_MAJOR-A_TILE_I_MAJOR-B_TILE_K_MAJOR
build/examples/mpi/gemm-mpi-LARGE-FLOAT-C_TILE_I_MAJOR-A_TILE_I_MAJOR-B_TILE_K_MAJOR
build/examples/mpi/gemm-mpi-SMALL-FLOAT-C_TILE_J_MAJOR-A_TILE_I_MAJOR-B_TILE_K_MAJOR
build/examples/noarr/gemm-noarr-MEDIUM-FLOAT-C_TILE_J_MAJOR-A_TILE_I_MAJOR-B_TILE_K_MAJOR
build/examples/boost/gemm-boost-EXTRALARGE-FLOAT-C_TILE_I_MAJOR-A_TILE_K_MAJOR-B_TILE_J_MAJOR
build/examples/kokkosComm/gemm-kokkosComm-SMALL-FLOAT-C_TILE_J_MAJOR-A_TILE_I_MAJOR-B_TILE_K_MAJOR
build/examples/boost/gemm-boost-SMALL-FLOAT-C_TILE_J_MAJOR-A_TILE_I_MAJOR-B_TILE_J_MAJOR
build/examples/noarr/gemm-noarr-LARGE-FLOAT-C_TILE_J_MAJOR-A_TILE_K_MAJOR-B_TILE_K_MAJOR
build/examples/boostP2P/gemm-boostP2P-MEDIUM-FLOAT-C_TILE_J_MAJOR-A_TILE_K_MAJOR-B_TILE_K_MAJOR
build/examples/mpi/gemm-mpi-MEDIUM-FLOAT-C_TILE_J_MAJOR-A_TILE_I_MAJOR-B_TILE_J_MAJOR
build/examples/boostP2P/gemm-boostP2P-SMALL-FLOAT-C_TILE_J_MAJOR-A_TILE_I_MAJOR-B_TILE_J_MAJOR
build/examples/mpi/gemm-mpi-MEDIUM-FLOAT-C_TILE_J_MAJOR-A_TILE_I_MAJOR-B_TILE_K_MAJOR
build/examples/mpi/gemm-mpi-LARGE-FLOAT-C_TILE_J_MAJOR-A_TILE_I_MAJOR-B_TILE_K_MAJOR
build/examples/boost/gemm-boost-MINI-FLOAT-C_TILE_I_MAJOR-A_TILE_I_MAJOR-B_TILE_K_MAJOR
build/examples/boost/gemm-boost-MINI-FLOAT-C_TILE_J_MAJOR-A_TILE_K_MAJOR-B_TILE_K_MAJOR
build/examples/boostP2P/gemm-boostP2P-SMALL-FLOAT-C_TILE_I_MAJOR-A_TILE_K_MAJOR-B_TILE_K_MAJOR
build/examples/kokkosComm/gemm-kokkosComm-SMALL-FLOAT-C_TILE_I_MAJOR-A_TILE_K_MAJOR-B_TILE_J_MAJOR
build/examples/kokkosComm/gemm-kokkosComm-MEDIUM-FLOAT-C_TILE_I_MAJOR-A_TILE_I_MAJOR-B_TILE_K_MAJOR
build/examples/kokkosComm/gemm-kokkosComm-LARGE-FLOAT-C_TILE_J_MAJOR-A_TILE_K_MAJOR-B_TILE_K_MAJOR
build/examples/noarr/gemm-noarr-SMALL-FLOAT-C_TILE_I_MAJOR-A_TILE_I_MAJOR-B_TILE_K_MAJOR
build/examples/boostP2P/gemm-boostP2P-LARGE-FLOAT-C_TILE_I_MAJOR-A_TILE_I_MAJOR-B_TILE_J_MAJOR
build/examples/boost/gemm-boost-MINI-FLOAT-C_TILE_J_MAJOR-A_TILE_I_MAJOR-B_TILE_K_MAJOR
build/examples/mpi/gemm-mpi-LARGE-FLOAT-C_TILE_I_MAJOR-A_TILE_K_MAJOR-B_TILE_K_MAJOR
build/examples/boost/gemm-boost-EXTRALARGE-FLOAT-C_TILE_J_MAJOR-A_TILE_K_MAJOR-B_TILE_K_MAJOR
build/examples/mpi/gemm-mpi-MEDIUM-FLOAT-C_TILE_I_MAJOR-A_TILE_I_MAJOR-B_TILE_K_MAJOR
build/examples/boost/gemm-boost-EXTRALARGE-FLOAT-C_TILE_I_MAJOR-A_TILE_I_MAJOR-B_TILE_J_MAJOR
build/examples/noarr/gemm-noarr-LARGE-FLOAT-C_TILE_I_MAJOR-A_TILE_I_MAJOR-B_TILE_J_MAJOR
build/examples/noarr/gemm-noarr-EXTRALARGE-FLOAT-C_TILE_J_MAJOR-A_TILE_K_MAJOR-B_TILE_J_MAJOR
build/examples/boost/gemm-boost-MEDIUM-FLOAT-C_TILE_I_MAJOR-A_TILE_I_MAJOR-B_TILE_J_MAJOR
build/examples/noarr/gemm-noarr-EXTRALARGE-FLOAT-C_TILE_I_MAJOR-A_TILE_K_MAJOR-B_TILE_K_MAJOR
build/examples/kokkosComm/gemm-kokkosComm-MINI-FLOAT-C_TILE_I_MAJOR-A_TILE_I_MAJOR-B_TILE_J_MAJOR
build/examples/kokkosComm/gemm-kokkosComm-SMALL-FLOAT-C_TILE_I_MAJOR-A_TILE_I_MAJOR-B_TILE_K_MAJOR
build/examples/boostP2P/gemm-boostP2P-SMALL-FLOAT-C_TILE_J_MAJOR-A_TILE_I_MAJOR-B_TILE_K_MAJOR
build/examples/noarr/gemm-noarr-MEDIUM-FLOAT-C_TILE_I_MAJOR-A_TILE_K_MAJOR-B_TILE_J_MAJOR
build/examples/boostP2P/gemm-boostP2P-SMALL-FLOAT-C_TILE_J_MAJOR-A_TILE_K_MAJOR-B_TILE_J_MAJOR
build/examples/boost/gemm-boost-EXTRALARGE-FLOAT-C_TILE_J_MAJOR-A_TILE_I_MAJOR-B_TILE_K_MAJOR
build/examples/kokkosComm/gemm-kokkosComm-MINI-FLOAT-C_TILE_I_MAJOR-A_TILE_K_MAJOR-B_TILE_J_MAJOR
build/examples/noarr/gemm-noarr-LARGE-FLOAT-C_TILE_I_MAJOR-A_TILE_K_MAJOR-B_TILE_J_MAJOR
build/examples/kokkosComm/gemm-kokkosComm-SMALL-FLOAT-C_TILE_J_MAJOR-A_TILE_I_MAJOR-B_TILE_J_MAJOR
build/examples/kokkosComm/gemm-kokkosComm-MEDIUM-FLOAT-C_TILE_J_MAJOR-A_TILE_K_MAJOR-B_TILE_J_MAJOR
build/examples/boostP2P/gemm-boostP2P-LARGE-FLOAT-C_TILE_J_MAJOR-A_TILE_I_MAJOR-B_TILE_J_MAJOR
build/examples/mpi/gemm-mpi-LARGE-FLOAT-C_TILE_I_MAJOR-A_TILE_I_MAJOR-B_TILE_J_MAJOR
build/examples/noarr/gemm-noarr-LARGE-FLOAT-C_TILE_J_MAJOR-A_TILE_I_MAJOR-B_TILE_J_MAJOR
build/examples/kokkosComm/gemm-kokkosComm-EXTRALARGE-FLOAT-C_TILE_I_MAJOR-A_TILE_I_MAJOR-B_TILE_K_MAJOR
build/examples/noarr/gemm-noarr-MEDIUM-FLOAT-C_TILE_J_MAJOR-A_TILE_I_MAJOR-B_TILE_J_MAJOR
build/examples/mpi/gemm-mpi-SMALL-FLOAT-C_TILE_I_MAJOR-A_TILE_I_MAJOR-B_TILE_J_MAJOR
build/examples/noarr/gemm-noarr-MEDIUM-FLOAT-C_TILE_I_MAJOR-A_TILE_I_MAJOR-B_TILE_K_MAJOR
build/examples/boostP2P/gemm-boostP2P-MINI-FLOAT-C_TILE_I_MAJOR-A_TILE_I_MAJOR-B_TILE_K_MAJOR
build/examples/boostP2P/gemm-boostP2P-SMALL-FLOAT-C_TILE_I_MAJOR-A_TILE_K_MAJOR-B_TILE_J_MAJOR
build/examples/mpi/gemm-mpi-LARGE-FLOAT-C_TILE_J_MAJOR-A_TILE_I_MAJOR-B_TILE_J_MAJOR
build/examples/kokkosComm/gemm-kokkosComm-MINI-FLOAT-C_TILE_J_MAJOR-A_TILE_K_MAJOR-B_TILE_J_MAJOR
build/examples/mpi/gemm-mpi-MINI-FLOAT-C_TILE_J_MAJOR-A_TILE_K_MAJOR-B_TILE_J_MAJOR
build/examples/noarr/gemm-noarr-EXTRALARGE-FLOAT-C_TILE_J_MAJOR-A_TILE_K_MAJOR-B_TILE_K_MAJOR
build/examples/noarr/gemm-noarr-MINI-FLOAT-C_TILE_I_MAJOR-A_TILE_K_MAJOR-B_TILE_J_MAJOR
build/examples/boost/gemm-boost-MINI-FLOAT-C_TILE_I_MAJOR-A_TILE_K_MAJOR-B_TILE_J_MAJOR
build/examples/kokkosComm/gemm-kokkosComm-EXTRALARGE-FLOAT-C_TILE_I_MAJOR-A_TILE_K_MAJOR-B_TILE_J_MAJOR
build/examples/boostP2P/gemm-boostP2P-MEDIUM-FLOAT-C_TILE_I_MAJOR-A_TILE_I_MAJOR-B_TILE_J_MAJOR
build/examples/kokkosComm/gemm-kokkosComm-MEDIUM-FLOAT-C_TILE_I_MAJOR-A_TILE_K_MAJOR-B_TILE_K_MAJOR
build/examples/boost/gemm-boost-SMALL-FLOAT-C_TILE_I_MAJOR-A_TILE_K_MAJOR-B_TILE_K_MAJOR
build/examples/kokkosComm/gemm-kokkosComm-EXTRALARGE-FLOAT-C_TILE_I_MAJOR-A_TILE_K_MAJOR-B_TILE_K_MAJOR
build/examples/boostP2P/gemm-boostP2P-MEDIUM-FLOAT-C_TILE_J_MAJOR-A_TILE_I_MAJOR-B_TILE_J_MAJOR
build/examples/mpi/gemm-mpi-MINI-FLOAT-C_TILE_I_MAJOR-A_TILE_K_MAJOR-B_TILE_K_MAJOR
build/examples/mpi/gemm-mpi-MINI-FLOAT-C_TILE_I_MAJOR-A_TILE_I_MAJOR-B_TILE_J_MAJOR
build/examples/boostP2P/gemm-boostP2P-MINI-FLOAT-C_TILE_I_MAJOR-A_TILE_K_MAJOR-B_TILE_J_MAJOR
build/examples/mpi/gemm-mpi-MEDIUM-FLOAT-C_TILE_J_MAJOR-A_TILE_K_MAJOR-B_TILE_J_MAJOR
build/examples/boost/gemm-boost-SMALL-FLOAT-C_TILE_I_MAJOR-A_TILE_I_MAJOR-B_TILE_J_MAJOR
build/examples/boost/gemm-boost-EXTRALARGE-FLOAT-C_TILE_J_MAJOR-A_TILE_I_MAJOR-B_TILE_J_MAJOR
build/examples/kokkosComm/gemm-kokkosComm-MEDIUM-FLOAT-C_TILE_J_MAJOR-A_TILE_K_MAJOR-B_TILE_K_MAJOR
build/examples/boost/gemm-boost-SMALL-FLOAT-C_TILE_J_MAJOR-A_TILE_K_MAJOR-B_TILE_K_MAJOR
build/examples/boost/gemm-boost-EXTRALARGE-FLOAT-C_TILE_I_MAJOR-A_TILE_K_MAJOR-B_TILE_K_MAJOR
build/examples/boost/gemm-boost-MINI-FLOAT-C_TILE_J_MAJOR-A_TILE_K_MAJOR-B_TILE_J_MAJOR
build/examples/boostP2P/gemm-boostP2P-EXTRALARGE-FLOAT-C_TILE_J_MAJOR-A_TILE_K_MAJOR-B_TILE_K_MAJOR
build/examples/kokkosComm/gemm-kokkosComm-LARGE-FLOAT-C_TILE_I_MAJOR-A_TILE_I_MAJOR-B_TILE_J_MAJOR
build/examples/boostP2P/gemm-boostP2P-MINI-FLOAT-C_TILE_I_MAJOR-A_TILE_I_MAJOR-B_TILE_J_MAJOR
build/examples/mpi/gemm-mpi-EXTRALARGE-FLOAT-C_TILE_J_MAJOR-A_TILE_I_MAJOR-B_TILE_K_MAJOR
build/examples/boost/gemm-boost-MINI-FLOAT-C_TILE_I_MAJOR-A_TILE_I_MAJOR-B_TILE_J_MAJOR
build/examples/boostP2P/gemm-boostP2P-SMALL-FLOAT-C_TILE_I_MAJOR-A_TILE_I_MAJOR-B_TILE_J_MAJOR
build/examples/kokkosComm/gemm-kokkosComm-LARGE-FLOAT-C_TILE_I_MAJOR-A_TILE_K_MAJOR-B_TILE_J_MAJOR
build/examples/mpi/gemm-mpi-MINI-FLOAT-C_TILE_J_MAJOR-A_TILE_I_MAJOR-B_TILE_K_MAJOR
build/examples/kokkosComm/gemm-kokkosComm-LARGE-FLOAT-C_TILE_J_MAJOR-A_TILE_K_MAJOR-B_TILE_J_MAJOR
build/examples/boost/gemm-boost-LARGE-FLOAT-C_TILE_J_MAJOR-A_TILE_I_MAJOR-B_TILE_K_MAJOR
build/examples/noarr/gemm-noarr-MINI-FLOAT-C_TILE_J_MAJOR-A_TILE_K_MAJOR-B_TILE_J_MAJOR
build/examples/noarr/gemm-noarr-SMALL-FLOAT-C_TILE_J_MAJOR-A_TILE_I_MAJOR-B_TILE_K_MAJOR
build/examples/mpi/gemm-mpi-MEDIUM-FLOAT-C_TILE_I_MAJOR-A_TILE_K_MAJOR-B_TILE_K_MAJOR
build/examples/boost/gemm-boost-LARGE-FLOAT-C_TILE_I_MAJOR-A_TILE_I_MAJOR-B_TILE_K_MAJOR
build/examples/noarr/gemm-noarr-EXTRALARGE-FLOAT-C_TILE_I_MAJOR-A_TILE_I_MAJOR-B_TILE_J_MAJOR
build/examples/boostP2P/gemm-boostP2P-EXTRALARGE-FLOAT-C_TILE_I_MAJOR-A_TILE_I_MAJOR-B_TILE_J_MAJOR
build/examples/boostP2P/gemm-boostP2P-LARGE-FLOAT-C_TILE_I_MAJOR-A_TILE_I_MAJOR-B_TILE_K_MAJOR
build/examples/noarr/gemm-noarr-SMALL-FLOAT-C_TILE_I_MAJOR-A_TILE_I_MAJOR-B_TILE_J_MAJOR
build/examples/mpi/gemm-mpi-EXTRALARGE-FLOAT-C_TILE_J_MAJOR-A_TILE_K_MAJOR-B_TILE_J_MAJOR
build/examples/mpi/gemm-mpi-EXTRALARGE-FLOAT-C_TILE_J_MAJOR-A_TILE_I_MAJOR-B_TILE_J_MAJOR
build/examples/mpi/gemm-mpi-EXTRALARGE-FLOAT-C_TILE_I_MAJOR-A_TILE_K_MAJOR-B_TILE_J_MAJOR
build/examples/noarr/gemm-noarr-LARGE-FLOAT-C_TILE_I_MAJOR-A_TILE_K_MAJOR-B_TILE_K_MAJOR
build/examples/mpi/gemm-mpi-SMALL-FLOAT-C_TILE_J_MAJOR-A_TILE_I_MAJOR-B_TILE_J_MAJOR
build/examples/noarr/gemm-noarr-EXTRALARGE-FLOAT-C_TILE_I_MAJOR-A_TILE_I_MAJOR-B_TILE_K_MAJOR
build/examples/boost/gemm-boost-EXTRALARGE-FLOAT-C_TILE_J_MAJOR-A_TILE_K_MAJOR-B_TILE_J_MAJOR
build/examples/kokkosComm/gemm-kokkosComm-MINI-FLOAT-C_TILE_J_MAJOR-A_TILE_K_MAJOR-B_TILE_K_MAJOR
build/examples/boostP2P/gemm-boostP2P-EXTRALARGE-FLOAT-C_TILE_I_MAJOR-A_TILE_K_MAJOR-B_TILE_K_MAJOR
build/examples/boost/gemm-boost-MEDIUM-FLOAT-C_TILE_J_MAJOR-A_TILE_K_MAJOR-B_TILE_K_MAJOR
build/examples/kokkosComm/gemm-kokkosComm-MEDIUM-FLOAT-C_TILE_I_MAJOR-A_TILE_I_MAJOR-B_TILE_J_MAJOR
build/examples/noarr/gemm-noarr-LARGE-FLOAT-C_TILE_J_MAJOR-A_TILE_I_MAJOR-B_TILE_K_MAJOR
build/examples/mpi/gemm-mpi-MINI-FLOAT-C_TILE_J_MAJOR-A_TILE_K_MAJOR-B_TILE_K_MAJOR
build/examples/kokkosComm/gemm-kokkosComm-SMALL-FLOAT-C_TILE_I_MAJOR-A_TILE_I_MAJOR-B_TILE_J_MAJOR
build/examples/kokkosComm/gemm-kokkosComm-EXTRALARGE-FLOAT-C_TILE_J_MAJOR-A_TILE_K_MAJOR-B_TILE_K_MAJOR
build/examples/boostP2P/gemm-boostP2P-EXTRALARGE-FLOAT-C_TILE_I_MAJOR-A_TILE_I_MAJOR-B_TILE_K_MAJOR
build/examples/mpi/gemm-mpi-EXTRALARGE-FLOAT-C_TILE_I_MAJOR-A_TILE_I_MAJOR-B_TILE_J_MAJOR
build/examples/noarr/gemm-noarr-MINI-FLOAT-C_TILE_J_MAJOR-A_TILE_I_MAJOR-B_TILE_J_MAJOR
build/examples/boost/gemm-boost-MEDIUM-FLOAT-C_TILE_J_MAJOR-A_TILE_I_MAJOR-B_TILE_K_MAJOR
build/examples/mpi/gemm-mpi-EXTRALARGE-FLOAT-C_TILE_I_MAJOR-A_TILE_I_MAJOR-B_TILE_K_MAJOR
build/examples/boost/gemm-boost-MEDIUM-FLOAT-C_TILE_J_MAJOR-A_TILE_K_MAJOR-B_TILE_J_MAJOR
build/examples/boost/gemm-boost-SMALL-FLOAT-C_TILE_J_MAJOR-A_TILE_K_MAJOR-B_TILE_J_MAJOR
build/examples/noarr/gemm-noarr-SMALL-FLOAT-C_TILE_I_MAJOR-A_TILE_K_MAJOR-B_TILE_K_MAJOR
build/examples/noarr/gemm-noarr-MINI-FLOAT-C_TILE_I_MAJOR-A_TILE_I_MAJOR-B_TILE_J_MAJOR
build/examples/boost/gemm-boost-MEDIUM-FLOAT-C_TILE_I_MAJOR-A_TILE_K_MAJOR-B_TILE_K_MAJOR
build/examples/noarr/gemm-noarr-MEDIUM-FLOAT-C_TILE_J_MAJOR-A_TILE_K_MAJOR-B_TILE_J_MAJOR
build/examples/boostP2P/gemm-boostP2P-LARGE-FLOAT-C_TILE_I_MAJOR-A_TILE_K_MAJOR-B_TILE_J_MAJOR
build/examples/boost/gemm-boost-LARGE-FLOAT-C_TILE_I_MAJOR-A_TILE_I_MAJOR-B_TILE_J_MAJOR
build/examples/boost/gemm-boost-LARGE-FLOAT-C_TILE_J_MAJOR-A_TILE_K_MAJOR-B_TILE_K_MAJOR
build/examples/noarr/gemm-noarr-MINI-FLOAT-C_TILE_J_MAJOR-A_TILE_K_MAJOR-B_TILE_K_MAJOR
build/examples/boostP2P/gemm-boostP2P-LARGE-FLOAT-C_TILE_J_MAJOR-A_TILE_I_MAJOR-B_TILE_K_MAJOR
build/examples/mpi/gemm-mpi-LARGE-FLOAT-C_TILE_J_MAJOR-A_TILE_K_MAJOR-B_TILE_K_MAJOR
build/examples/boostP2P/gemm-boostP2P-LARGE-FLOAT-C_TILE_J_MAJOR-A_TILE_K_MAJOR-B_TILE_K_MAJOR
build/examples/boostP2P/gemm-boostP2P-LARGE-FLOAT-C_TILE_I_MAJOR-A_TILE_K_MAJOR-B_TILE_K_MAJOR
build/examples/mpi/gemm-mpi-EXTRALARGE-FLOAT-C_TILE_I_MAJOR-A_TILE_K_MAJOR-B_TILE_K_MAJOR
build/examples/boostP2P/gemm-boostP2P-MEDIUM-FLOAT-C_TILE_I_MAJOR-A_TILE_K_MAJOR-B_TILE_J_MAJOR
build/examples/kokkosComm/gemm-kokkosComm-MEDIUM-FLOAT-C_TILE_J_MAJOR-A_TILE_I_MAJOR-B_TILE_K_MAJOR
build/examples/boostP2P/gemm-boostP2P-EXTRALARGE-FLOAT-C_TILE_I_MAJOR-A_TILE_K_MAJOR-B_TILE_J_MAJOR
build/examples/boost/gemm-boost-LARGE-FLOAT-C_TILE_J_MAJOR-A_TILE_I_MAJOR-B_TILE_J_MAJOR
build/examples/noarr/gemm-noarr-SMALL-FLOAT-C_TILE_J_MAJOR-A_TILE_K_MAJOR-B_TILE_J_MAJOR
build/examples/noarr/gemm-noarr-EXTRALARGE-FLOAT-C_TILE_J_MAJOR-A_TILE_I_MAJOR-B_TILE_K_MAJOR
build/examples/kokkosComm/gemm-kokkosComm-MEDIUM-FLOAT-C_TILE_I_MAJOR-A_TILE_K_MAJOR-B_TILE_J_MAJOR
build/examples/mpi/gemm-mpi-LARGE-FLOAT-C_TILE_J_MAJOR-A_TILE_K_MAJOR-B_TILE_J_MAJOR
build/examples/boostP2P/gemm-boostP2P-MEDIUM-FLOAT-C_TILE_I_MAJOR-A_TILE_I_MAJOR-B_TILE_K_MAJOR
build/examples/kokkosComm/gemm-kokkosComm-LARGE-FLOAT-C_TILE_I_MAJOR-A_TILE_I_MAJOR-B_TILE_K_MAJOR
build/examples/boost/gemm-boost-EXTRALARGE-FLOAT-C_TILE_I_MAJOR-A_TILE_I_MAJOR-B_TILE_K_MAJOR
build/examples/kokkosComm/gemm-kokkosComm-LARGE-FLOAT-C_TILE_I_MAJOR-A_TILE_K_MAJOR-B_TILE_K_MAJOR
build/examples/boost/gemm-boost-MEDIUM-FLOAT-C_TILE_I_MAJOR-A_TILE_I_MAJOR-B_TILE_K_MAJOR
build/examples/boostP2P/gemm-boostP2P-LARGE-FLOAT-C_TILE_J_MAJOR-A_TILE_K_MAJOR-B_TILE_J_MAJOR
build/examples/noarr/gemm-noarr-LARGE-FLOAT-C_TILE_J_MAJOR-A_TILE_K_MAJOR-B_TILE_J_MAJOR
build/examples/kokkosComm/gemm-kokkosComm-MINI-FLOAT-C_TILE_I_MAJOR-A_TILE_K_MAJOR-B_TILE_K_MAJOR
build/examples/mpi/gemm-mpi-EXTRALARGE-FLOAT-C_TILE_J_MAJOR-A_TILE_K_MAJOR-B_TILE_K_MAJOR
build/examples/boost/gemm-boost-MINI-FLOAT-C_TILE_J_MAJOR-A_TILE_I_MAJOR-B_TILE_J_MAJOR
build/examples/kokkosComm/gemm-kokkosComm-MINI-FLOAT-C_TILE_J_MAJOR-A_TILE_I_MAJOR-B_TILE_J_MAJOR
build/examples/kokkosComm/gemm-kokkosComm-LARGE-FLOAT-C_TILE_J_MAJOR-A_TILE_I_MAJOR-B_TILE_K_MAJOR
build/examples/mpi/gemm-mpi-MEDIUM-FLOAT-C_TILE_I_MAJOR-A_TILE_I_MAJOR-B_TILE_J_MAJOR
build/examples/mpi/gemm-mpi-MEDIUM-FLOAT-C_TILE_J_MAJOR-A_TILE_K_MAJOR-B_TILE_K_MAJOR
build/examples/boost/gemm-boost-SMALL-FLOAT-C_TILE_I_MAJOR-A_TILE_K_MAJOR-B_TILE_J_MAJOR
build/examples/noarr/gemm-noarr-EXTRALARGE-FLOAT-C_TILE_I_MAJOR-A_TILE_K_MAJOR-B_TILE_J_MAJOR
srun: job 128630 queued and waiting for resources
srun: job 128630 has been allocated resources
Running with 8 processes
srun: job 128631 queued and waiting for resources
srun: job 128631 has been allocated resources
Running with 8 processes
srun: job 128632 queued and waiting for resources
srun: job 128632 has been allocated resources
Running with 8 processes
srun: job 128633 queued and waiting for resources
srun: job 128633 has been allocated resources
Running with 8 processes
srun: job 128634 queued and waiting for resources
srun: job 128634 has been allocated resources
Running with 8 processes
srun: job 128635 queued and waiting for resources
srun: job 128635 has been allocated resources
Running with 8 processes
srun: job 128636 queued and waiting for resources
srun: job 128636 has been allocated resources
Running with 8 processes
srun: job 128637 queued and waiting for resources
srun: job 128637 has been allocated resources
Running with 8 processes
srun: job 128638 queued and waiting for resources
srun: job 128638 has been allocated resources
Running with 8 processes
srun: job 128639 queued and waiting for resources
srun: job 128639 has been allocated resources
Running with 8 processes
srun: job 128640 queued and waiting for resources
srun: job 128640 has been allocated resources
Running with 8 processes
srun: job 128641 queued and waiting for resources
srun: job 128641 has been allocated resources
Running with 8 processes
srun: job 128642 queued and waiting for resources
srun: job 128642 has been allocated resources
Running with 8 processes
srun: job 128643 queued and waiting for resources
srun: job 128643 has been allocated resources
Running with 8 processes
srun: job 128644 queued and waiting for resources
srun: job 128644 has been allocated resources
Running with 8 processes
srun: job 128645 queued and waiting for resources
srun: job 128645 has been allocated resources
Running with 8 processes
srun: job 128646 queued and waiting for resources
srun: job 128646 has been allocated resources
Running with 8 processes
srun: job 128647 queued and waiting for resources
srun: job 128647 has been allocated resources
Running with 8 processes
srun: job 128648 queued and waiting for resources
srun: job 128648 has been allocated resources
Running with 8 processes
srun: job 128649 queued and waiting for resources
srun: job 128649 has been allocated resources
Running with 8 processes
srun: job 128650 queued and waiting for resources
srun: job 128650 has been allocated resources
Running with 8 processes
srun: job 128651 queued and waiting for resources
srun: job 128651 has been allocated resources
Running with 8 processes
srun: job 128652 queued and waiting for resources
srun: job 128652 has been allocated resources
Running with 8 processes
srun: job 128653 queued and waiting for resources
srun: job 128653 has been allocated resources
Running with 8 processes
srun: job 128654 queued and waiting for resources
srun: job 128654 has been allocated resources
Running with 8 processes
srun: job 128655 queued and waiting for resources
srun: job 128655 has been allocated resources
Running with 8 processes
srun: job 128656 queued and waiting for resources
srun: job 128656 has been allocated resources
Running with 8 processes
srun: job 128657 queued and waiting for resources
srun: job 128657 has been allocated resources
Running with 8 processes
srun: job 128658 queued and waiting for resources
srun: job 128658 has been allocated resources
Running with 8 processes
srun: job 128659 queued and waiting for resources
srun: job 128659 has been allocated resources
Running with 8 processes
srun: job 128660 queued and waiting for resources
srun: job 128660 has been allocated resources
Running with 8 processes
srun: job 128661 queued and waiting for resources
srun: job 128661 has been allocated resources
Running with 8 processes
srun: job 128662 queued and waiting for resources
srun: job 128662 has been allocated resources
Running with 8 processes
srun: job 128663 queued and waiting for resources
srun: job 128663 has been allocated resources
Running with 8 processes
srun: job 128664 queued and waiting for resources
srun: job 128664 has been allocated resources
Running with 8 processes
srun: job 128665 queued and waiting for resources
srun: job 128665 has been allocated resources
Running with 8 processes
srun: job 128666 queued and waiting for resources
srun: job 128666 has been allocated resources
Running with 8 processes
srun: job 128667 queued and waiting for resources
srun: job 128667 has been allocated resources
Running with 8 processes
srun: job 128668 queued and waiting for resources
srun: job 128668 has been allocated resources
Running with 8 processes
srun: job 128669 queued and waiting for resources
srun: job 128669 has been allocated resources
Running with 8 processes
srun: job 128670 queued and waiting for resources
srun: job 128670 has been allocated resources
Running with 8 processes
srun: job 128671 queued and waiting for resources
srun: job 128671 has been allocated resources
Running with 8 processes
srun: job 128672 queued and waiting for resources
srun: job 128672 has been allocated resources
Running with 8 processes
srun: job 128673 queued and waiting for resources
srun: job 128673 has been allocated resources
Running with 8 processes
srun: job 128674 queued and waiting for resources
srun: job 128674 has been allocated resources
Running with 8 processes
srun: job 128675 queued and waiting for resources
srun: job 128675 has been allocated resources
Running with 8 processes
srun: job 128676 queued and waiting for resources
srun: job 128676 has been allocated resources
Running with 8 processes
srun: job 128677 queued and waiting for resources
srun: job 128677 has been allocated resources
Running with 8 processes
srun: job 128678 queued and waiting for resources
srun: job 128678 has been allocated resources
Running with 8 processes
srun: job 128679 queued and waiting for resources
srun: job 128679 has been allocated resources
Running with 8 processes
srun: job 128680 queued and waiting for resources
srun: job 128680 has been allocated resources
Running with 8 processes
srun: job 128681 queued and waiting for resources
srun: job 128681 has been allocated resources
Running with 8 processes
srun: job 128682 queued and waiting for resources
srun: job 128682 has been allocated resources
Running with 8 processes
srun: job 128683 queued and waiting for resources
srun: job 128683 has been allocated resources
Running with 8 processes
srun: job 128684 queued and waiting for resources
srun: job 128684 has been allocated resources
Running with 8 processes
srun: job 128685 queued and waiting for resources
srun: job 128685 has been allocated resources
Running with 8 processes
srun: job 128686 queued and waiting for resources
srun: job 128686 has been allocated resources
Running with 8 processes
srun: job 128687 queued and waiting for resources
srun: job 128687 has been allocated resources
Running with 8 processes
srun: job 128688 queued and waiting for resources
srun: job 128688 has been allocated resources
Running with 8 processes
srun: job 128689 queued and waiting for resources
srun: job 128689 has been allocated resources
Running with 8 processes
srun: job 128690 queued and waiting for resources
srun: job 128690 has been allocated resources
Running with 8 processes
srun: job 128691 queued and waiting for resources
srun: job 128691 has been allocated resources
Running with 8 processes
srun: job 128692 queued and waiting for resources
srun: job 128692 has been allocated resources
Running with 8 processes
srun: job 128693 queued and waiting for resources
srun: job 128693 has been allocated resources
Running with 8 processes
srun: job 128694 queued and waiting for resources
srun: job 128694 has been allocated resources
Running with 8 processes
srun: job 128695 queued and waiting for resources
srun: job 128695 has been allocated resources
Running with 8 processes
srun: job 128696 queued and waiting for resources
srun: job 128696 has been allocated resources
Running with 8 processes
srun: job 128697 queued and waiting for resources
srun: job 128697 has been allocated resources
Running with 8 processes
srun: job 128698 queued and waiting for resources
srun: job 128698 has been allocated resources
Running with 8 processes
srun: job 128699 queued and waiting for resources
srun: job 128699 has been allocated resources
Running with 8 processes
srun: job 128700 queued and waiting for resources
srun: job 128700 has been allocated resources
Running with 8 processes
srun: job 128701 queued and waiting for resources
srun: job 128701 has been allocated resources
Running with 8 processes
srun: job 128702 queued and waiting for resources
srun: job 128702 has been allocated resources
Running with 8 processes
srun: job 128703 queued and waiting for resources
srun: job 128703 has been allocated resources
Running with 8 processes
srun: job 128704 queued and waiting for resources
srun: job 128704 has been allocated resources
Running with 8 processes
srun: job 128705 queued and waiting for resources
srun: job 128705 has been allocated resources
Running with 8 processes
srun: job 128706 queued and waiting for resources
srun: job 128706 has been allocated resources
Running with 8 processes
srun: job 128707 queued and waiting for resources
srun: job 128707 has been allocated resources
Running with 8 processes
srun: job 128708 queued and waiting for resources
srun: job 128708 has been allocated resources
Running with 8 processes
srun: job 128709 queued and waiting for resources
srun: job 128709 has been allocated resources
Running with 8 processes
srun: job 128710 queued and waiting for resources
srun: job 128710 has been allocated resources
Running with 8 processes
srun: job 128711 queued and waiting for resources
srun: job 128711 has been allocated resources
Running with 8 processes
srun: job 128712 queued and waiting for resources
srun: job 128712 has been allocated resources
Running with 8 processes
srun: job 128713 queued and waiting for resources
srun: job 128713 has been allocated resources
Running with 8 processes
srun: job 128714 queued and waiting for resources
srun: job 128714 has been allocated resources
Running with 8 processes
srun: job 128715 queued and waiting for resources
srun: job 128715 has been allocated resources
Running with 8 processes
srun: job 128716 queued and waiting for resources
srun: job 128716 has been allocated resources
Running with 8 processes
srun: job 128717 queued and waiting for resources
srun: job 128717 has been allocated resources
Running with 8 processes
srun: job 128718 queued and waiting for resources
srun: job 128718 has been allocated resources
Running with 8 processes
srun: job 128719 queued and waiting for resources
srun: job 128719 has been allocated resources
Running with 8 processes
srun: job 128720 queued and waiting for resources
srun: job 128720 has been allocated resources
Running with 8 processes
srun: job 128721 queued and waiting for resources
srun: job 128721 has been allocated resources
Running with 8 processes
srun: job 128722 queued and waiting for resources
srun: job 128722 has been allocated resources
Running with 8 processes
srun: job 128723 queued and waiting for resources
srun: job 128723 has been allocated resources
Running with 8 processes
srun: job 128724 queued and waiting for resources
srun: job 128724 has been allocated resources
Running with 8 processes
srun: job 128725 queued and waiting for resources
srun: job 128725 has been allocated resources
Running with 8 processes
srun: job 128726 queued and waiting for resources
srun: job 128726 has been allocated resources
Running with 8 processes
srun: job 128727 queued and waiting for resources
srun: job 128727 has been allocated resources
Running with 8 processes
srun: job 128728 queued and waiting for resources
srun: job 128728 has been allocated resources
Running with 8 processes
srun: job 128729 queued and waiting for resources
srun: job 128729 has been allocated resources
Running with 8 processes
srun: job 128730 queued and waiting for resources
srun: job 128730 has been allocated resources
Running with 8 processes
srun: job 128731 queued and waiting for resources
srun: job 128731 has been allocated resources
Running with 8 processes
srun: job 128732 queued and waiting for resources
srun: job 128732 has been allocated resources
Running with 8 processes
srun: job 128733 queued and waiting for resources
srun: job 128733 has been allocated resources
Running with 8 processes
srun: job 128734 queued and waiting for resources
srun: job 128734 has been allocated resources
Running with 8 processes
srun: job 128735 queued and waiting for resources
srun: job 128735 has been allocated resources
Running with 8 processes
srun: job 128736 queued and waiting for resources
srun: job 128736 has been allocated resources
Running with 8 processes
srun: job 128737 queued and waiting for resources
srun: job 128737 has been allocated resources
Running with 8 processes
srun: job 128738 queued and waiting for resources
srun: job 128738 has been allocated resources
Running with 8 processes
srun: job 128739 queued and waiting for resources
srun: job 128739 has been allocated resources
Running with 8 processes
srun: job 128740 queued and waiting for resources
srun: job 128740 has been allocated resources
Running with 8 processes
srun: job 128741 queued and waiting for resources
srun: job 128741 has been allocated resources
Running with 8 processes
srun: job 128742 queued and waiting for resources
srun: job 128742 has been allocated resources
Running with 8 processes
srun: job 128743 queued and waiting for resources
srun: job 128743 has been allocated resources
Running with 8 processes
srun: job 128744 queued and waiting for resources
srun: job 128744 has been allocated resources
Running with 8 processes
srun: job 128745 queued and waiting for resources
srun: job 128745 has been allocated resources
Running with 8 processes
srun: job 128746 queued and waiting for resources
srun: job 128746 has been allocated resources
Running with 8 processes
srun: job 128747 queued and waiting for resources
srun: job 128747 has been allocated resources
Running with 8 processes
srun: job 128748 queued and waiting for resources
srun: job 128748 has been allocated resources
Running with 8 processes
srun: job 128749 queued and waiting for resources
srun: job 128749 has been allocated resources
Running with 8 processes
srun: job 128750 queued and waiting for resources
srun: job 128750 has been allocated resources
Running with 8 processes
srun: job 128751 queued and waiting for resources
srun: job 128751 has been allocated resources
Running with 8 processes
srun: job 128752 queued and waiting for resources
srun: job 128752 has been allocated resources
Running with 8 processes
srun: job 128753 queued and waiting for resources
srun: job 128753 has been allocated resources
Running with 8 processes
srun: job 128754 queued and waiting for resources
srun: job 128754 has been allocated resources
Running with 8 processes
srun: job 128755 queued and waiting for resources
srun: job 128755 has been allocated resources
Running with 8 processes
srun: job 128756 queued and waiting for resources
srun: job 128756 has been allocated resources
Running with 8 processes
srun: job 128757 queued and waiting for resources
srun: job 128757 has been allocated resources
Running with 8 processes
srun: job 128758 queued and waiting for resources
srun: job 128758 has been allocated resources
Running with 8 processes
srun: job 128759 queued and waiting for resources
srun: job 128759 has been allocated resources
Running with 8 processes
srun: job 128760 queued and waiting for resources
srun: job 128760 has been allocated resources
Running with 8 processes
srun: job 128761 queued and waiting for resources
srun: job 128761 has been allocated resources
Running with 8 processes
srun: job 128762 queued and waiting for resources
srun: job 128762 has been allocated resources
Running with 8 processes
srun: job 128763 queued and waiting for resources
srun: job 128763 has been allocated resources
Running with 8 processes
srun: job 128764 queued and waiting for resources
srun: job 128764 has been allocated resources
Running with 8 processes
srun: job 128765 queued and waiting for resources
srun: job 128765 has been allocated resources
Running with 8 processes
srun: job 128766 queued and waiting for resources
srun: job 128766 has been allocated resources
Running with 8 processes
srun: job 128767 queued and waiting for resources
srun: job 128767 has been allocated resources
Running with 8 processes
srun: job 128768 queued and waiting for resources
srun: job 128768 has been allocated resources
Running with 8 processes
srun: job 128769 queued and waiting for resources
srun: job 128769 has been allocated resources
Running with 8 processes
srun: job 128770 queued and waiting for resources
srun: job 128770 has been allocated resources
Running with 8 processes
srun: job 128771 queued and waiting for resources
srun: job 128771 has been allocated resources
Running with 8 processes
srun: job 128772 queued and waiting for resources
srun: job 128772 has been allocated resources
Running with 8 processes
srun: job 128773 queued and waiting for resources
srun: job 128773 has been allocated resources
Running with 8 processes
srun: job 128774 queued and waiting for resources
srun: job 128774 has been allocated resources
Running with 8 processes
srun: job 128775 queued and waiting for resources
srun: job 128775 has been allocated resources
Running with 8 processes
srun: job 128776 queued and waiting for resources
srun: job 128776 has been allocated resources
Running with 8 processes
srun: job 128777 queued and waiting for resources
srun: job 128777 has been allocated resources
Running with 8 processes
srun: job 128778 queued and waiting for resources
srun: job 128778 has been allocated resources
Running with 8 processes
srun: job 128779 queued and waiting for resources
srun: job 128779 has been allocated resources
Running with 8 processes
srun: job 128780 queued and waiting for resources
srun: job 128780 has been allocated resources
Running with 8 processes
srun: job 128781 queued and waiting for resources
srun: job 128781 has been allocated resources
Running with 8 processes
srun: job 128782 queued and waiting for resources
srun: job 128782 has been allocated resources
Running with 8 processes
srun: job 128783 queued and waiting for resources
srun: job 128783 has been allocated resources
Running with 8 processes
srun: job 128784 queued and waiting for resources
srun: job 128784 has been allocated resources
Running with 8 processes
srun: job 128785 queued and waiting for resources
srun: job 128785 has been allocated resources
Running with 8 processes
srun: job 128786 queued and waiting for resources
srun: job 128786 has been allocated resources
Running with 8 processes
srun: job 128787 queued and waiting for resources
srun: job 128787 has been allocated resources
Running with 8 processes
srun: job 128788 queued and waiting for resources
srun: job 128788 has been allocated resources
Running with 8 processes
srun: job 128789 queued and waiting for resources
srun: job 128789 has been allocated resources
Running with 8 processes
srun: job 128790 queued and waiting for resources
srun: job 128790 has been allocated resources
Running with 8 processes
srun: job 128791 queued and waiting for resources
srun: job 128791 has been allocated resources
Running with 8 processes
srun: job 128792 queued and waiting for resources
srun: job 128792 has been allocated resources
Running with 8 processes
srun: job 128793 queued and waiting for resources
srun: job 128793 has been allocated resources
Running with 8 processes
srun: job 128794 queued and waiting for resources
srun: job 128794 has been allocated resources
Running with 8 processes
srun: job 128795 queued and waiting for resources
srun: job 128795 has been allocated resources
Running with 8 processes
srun: job 128796 queued and waiting for resources
srun: job 128796 has been allocated resources
Running with 8 processes
srun: job 128797 queued and waiting for resources
srun: job 128797 has been allocated resources
Running with 8 processes
srun: job 128798 queued and waiting for resources
srun: job 128798 has been allocated resources
Running with 8 processes
srun: job 128799 queued and waiting for resources
srun: job 128799 has been allocated resources
Running with 8 processes
srun: job 128800 queued and waiting for resources
srun: job 128800 has been allocated resources
Running with 8 processes
srun: job 128801 queued and waiting for resources
srun: job 128801 has been allocated resources
Running with 8 processes
srun: job 128802 queued and waiting for resources
srun: job 128802 has been allocated resources
Running with 8 processes
srun: job 128803 queued and waiting for resources
srun: job 128803 has been allocated resources
Running with 8 processes
srun: job 128804 queued and waiting for resources
srun: job 128804 has been allocated resources
Running with 8 processes
srun: job 128805 queued and waiting for resources
srun: job 128805 has been allocated resources
Running with 8 processes
srun: job 128806 queued and waiting for resources
srun: job 128806 has been allocated resources
Running with 8 processes
srun: job 128807 queued and waiting for resources
srun: job 128807 has been allocated resources
Running with 8 processes
srun: job 128808 queued and waiting for resources
srun: job 128808 has been allocated resources
Running with 8 processes
srun: job 128809 queued and waiting for resources
srun: job 128809 has been allocated resources
Running with 8 processes
srun: job 128810 queued and waiting for resources
srun: job 128810 has been allocated resources
Running with 8 processes
srun: job 128811 queued and waiting for resources
srun: job 128811 has been allocated resources
Running with 8 processes
srun: job 128812 queued and waiting for resources
srun: job 128812 has been allocated resources
Running with 8 processes
srun: job 128813 queued and waiting for resources
srun: job 128813 has been allocated resources
Running with 8 processes
srun: job 128814 queued and waiting for resources
srun: job 128814 has been allocated resources
Running with 8 processes
srun: job 128815 queued and waiting for resources
srun: job 128815 has been allocated resources
Running with 8 processes
srun: job 128816 queued and waiting for resources
srun: job 128816 has been allocated resources
Running with 8 processes
srun: job 128817 queued and waiting for resources
srun: job 128817 has been allocated resources
Running with 8 processes
srun: job 128818 queued and waiting for resources
srun: job 128818 has been allocated resources
Running with 8 processes
srun: job 128819 queued and waiting for resources
srun: job 128819 has been allocated resources
Running with 8 processes
srun: job 128820 queued and waiting for resources
srun: job 128820 has been allocated resources
Running with 8 processes
srun: job 128821 queued and waiting for resources
srun: job 128821 has been allocated resources
Running with 8 processes
srun: job 128822 queued and waiting for resources
srun: job 128822 has been allocated resources
Running with 8 processes
srun: job 128823 queued and waiting for resources
srun: job 128823 has been allocated resources
Running with 8 processes
srun: job 128824 queued and waiting for resources
srun: job 128824 has been allocated resources
Running with 8 processes
srun: job 128825 queued and waiting for resources
srun: job 128825 has been allocated resources
Running with 8 processes
srun: job 128826 queued and waiting for resources
srun: job 128826 has been allocated resources
Running with 8 processes
srun: job 128827 queued and waiting for resources
srun: job 128827 has been allocated resources
Running with 8 processes
srun: job 128828 queued and waiting for resources
srun: job 128828 has been allocated resources
Running with 8 processes
srun: job 128829 queued and waiting for resources
srun: job 128829 has been allocated resources
Running with 8 processes
