Running the following algorithm implementations
build/examples/noarr/gemmScatter-noarr-C_SCATTER_J_MAJOR-A_SCATTER_K_MAJOR-B_SCATTER_K_MAJOR-MEDIUM-FLOAT-C_TILE_J_MAJOR-A_TILE_K_MAJOR-B_TILE_K_MAJOR
build/examples/noarr/gemmScatter-noarr-C_SCATTER_J_MAJOR-A_SCATTER_K_MAJOR-B_SCATTER_J_MAJOR-SMALL-FLOAT-C_TILE_J_MAJOR-A_TILE_K_MAJOR-B_TILE_K_MAJOR
build/examples/noarr/gemmScatter-noarr-C_SCATTER_I_MAJOR-A_SCATTER_K_MAJOR-B_SCATTER_J_MAJOR-MEDIUM-FLOAT-C_TILE_I_MAJOR-A_TILE_K_MAJOR-B_TILE_K_MAJOR
build/examples/noarr/gemmScatter-noarr-C_SCATTER_I_MAJOR-A_SCATTER_I_MAJOR-B_SCATTER_J_MAJOR-LARGE-FLOAT-C_TILE_J_MAJOR-A_TILE_I_MAJOR-B_TILE_K_MAJOR
build/examples/noarr/gemmScatter-noarr-C_SCATTER_J_MAJOR-A_SCATTER_K_MAJOR-B_SCATTER_K_MAJOR-LARGE-FLOAT-C_TILE_J_MAJOR-A_TILE_I_MAJOR-B_TILE_K_MAJOR
build/examples/noarr/gemmScatter-noarr-C_SCATTER_I_MAJOR-A_SCATTER_K_MAJOR-B_SCATTER_K_MAJOR-LARGE-FLOAT-C_TILE_I_MAJOR-A_TILE_K_MAJOR-B_TILE_J_MAJOR
build/examples/noarr/gemmScatter-noarr-C_SCATTER_I_MAJOR-A_SCATTER_K_MAJOR-B_SCATTER_K_MAJOR-MINI-FLOAT-C_TILE_I_MAJOR-A_TILE_I_MAJOR-B_TILE_K_MAJOR
build/examples/noarr/gemmScatter-noarr-C_SCATTER_I_MAJOR-A_SCATTER_K_MAJOR-B_SCATTER_K_MAJOR-LARGE-FLOAT-C_TILE_J_MAJOR-A_TILE_K_MAJOR-B_TILE_J_MAJOR
build/examples/noarr/gemmScatter-noarr-C_SCATTER_I_MAJOR-A_SCATTER_K_MAJOR-B_SCATTER_J_MAJOR-SMALL-FLOAT-C_TILE_I_MAJOR-A_TILE_K_MAJOR-B_TILE_J_MAJOR
build/examples/noarr/gemmScatter-noarr-C_SCATTER_I_MAJOR-A_SCATTER_I_MAJOR-B_SCATTER_K_MAJOR-EXTRALARGE-FLOAT-C_TILE_I_MAJOR-A_TILE_K_MAJOR-B_TILE_J_MAJOR
build/examples/noarr/gemmScatter-noarr-C_SCATTER_J_MAJOR-A_SCATTER_I_MAJOR-B_SCATTER_K_MAJOR-EXTRALARGE-FLOAT-C_TILE_I_MAJOR-A_TILE_I_MAJOR-B_TILE_K_MAJOR
build/examples/noarr/gemmScatter-noarr-C_SCATTER_J_MAJOR-A_SCATTER_K_MAJOR-B_SCATTER_J_MAJOR-LARGE-FLOAT-C_TILE_J_MAJOR-A_TILE_I_MAJOR-B_TILE_K_MAJOR
build/examples/noarr/gemmScatter-noarr-C_SCATTER_J_MAJOR-A_SCATTER_I_MAJOR-B_SCATTER_K_MAJOR-LARGE-FLOAT-C_TILE_J_MAJOR-A_TILE_K_MAJOR-B_TILE_J_MAJOR
build/examples/noarr/gemmScatter-noarr-C_SCATTER_I_MAJOR-A_SCATTER_I_MAJOR-B_SCATTER_J_MAJOR-MEDIUM-FLOAT-C_TILE_I_MAJOR-A_TILE_I_MAJOR-B_TILE_K_MAJOR
build/examples/noarr/gemmScatter-noarr-C_SCATTER_I_MAJOR-A_SCATTER_I_MAJOR-B_SCATTER_K_MAJOR-MINI-FLOAT-C_TILE_J_MAJOR-A_TILE_I_MAJOR-B_TILE_J_MAJOR
build/examples/noarr/gemmScatter-noarr-C_SCATTER_I_MAJOR-A_SCATTER_I_MAJOR-B_SCATTER_J_MAJOR-SMALL-FLOAT-C_TILE_I_MAJOR-A_TILE_I_MAJOR-B_TILE_J_MAJOR
build/examples/noarr/gemmScatter-noarr-C_SCATTER_J_MAJOR-A_SCATTER_K_MAJOR-B_SCATTER_K_MAJOR-MEDIUM-FLOAT-C_TILE_J_MAJOR-A_TILE_I_MAJOR-B_TILE_K_MAJOR
build/examples/noarr/gemmScatter-noarr-C_SCATTER_I_MAJOR-A_SCATTER_K_MAJOR-B_SCATTER_K_MAJOR-EXTRALARGE-FLOAT-C_TILE_I_MAJOR-A_TILE_K_MAJOR-B_TILE_J_MAJOR
build/examples/noarr/gemmScatter-noarr-C_SCATTER_J_MAJOR-A_SCATTER_K_MAJOR-B_SCATTER_J_MAJOR-MINI-FLOAT-C_TILE_I_MAJOR-A_TILE_K_MAJOR-B_TILE_J_MAJOR
build/examples/noarr/gemmScatter-noarr-C_SCATTER_J_MAJOR-A_SCATTER_I_MAJOR-B_SCATTER_K_MAJOR-MEDIUM-FLOAT-C_TILE_J_MAJOR-A_TILE_I_MAJOR-B_TILE_J_MAJOR
build/examples/noarr/gemmScatter-noarr-C_SCATTER_I_MAJOR-A_SCATTER_K_MAJOR-B_SCATTER_J_MAJOR-SMALL-FLOAT-C_TILE_J_MAJOR-A_TILE_I_MAJOR-B_TILE_J_MAJOR
build/examples/noarr/gemmScatter-noarr-C_SCATTER_I_MAJOR-A_SCATTER_K_MAJOR-B_SCATTER_K_MAJOR-MEDIUM-FLOAT-C_TILE_I_MAJOR-A_TILE_K_MAJOR-B_TILE_J_MAJOR
build/examples/noarr/gemmScatter-noarr-C_SCATTER_J_MAJOR-A_SCATTER_I_MAJOR-B_SCATTER_J_MAJOR-SMALL-FLOAT-C_TILE_I_MAJOR-A_TILE_I_MAJOR-B_TILE_J_MAJOR
build/examples/noarr/gemmScatter-noarr-C_SCATTER_I_MAJOR-A_SCATTER_K_MAJOR-B_SCATTER_K_MAJOR-MEDIUM-FLOAT-C_TILE_J_MAJOR-A_TILE_I_MAJOR-B_TILE_K_MAJOR
build/examples/noarr/gemmScatter-noarr-C_SCATTER_I_MAJOR-A_SCATTER_I_MAJOR-B_SCATTER_K_MAJOR-MEDIUM-FLOAT-C_TILE_J_MAJOR-A_TILE_K_MAJOR-B_TILE_K_MAJOR
build/examples/noarr/gemmScatter-noarr-C_SCATTER_J_MAJOR-A_SCATTER_I_MAJOR-B_SCATTER_K_MAJOR-SMALL-FLOAT-C_TILE_J_MAJOR-A_TILE_K_MAJOR-B_TILE_K_MAJOR
build/examples/noarr/gemmScatter-noarr-C_SCATTER_I_MAJOR-A_SCATTER_I_MAJOR-B_SCATTER_K_MAJOR-MINI-FLOAT-C_TILE_I_MAJOR-A_TILE_K_MAJOR-B_TILE_K_MAJOR
build/examples/noarr/gemmScatter-noarr-C_SCATTER_J_MAJOR-A_SCATTER_I_MAJOR-B_SCATTER_J_MAJOR-EXTRALARGE-FLOAT-C_TILE_I_MAJOR-A_TILE_K_MAJOR-B_TILE_K_MAJOR
build/examples/noarr/gemmScatter-noarr-C_SCATTER_J_MAJOR-A_SCATTER_I_MAJOR-B_SCATTER_J_MAJOR-MEDIUM-FLOAT-C_TILE_I_MAJOR-A_TILE_K_MAJOR-B_TILE_K_MAJOR
build/examples/noarr/gemmScatter-noarr-C_SCATTER_I_MAJOR-A_SCATTER_K_MAJOR-B_SCATTER_K_MAJOR-SMALL-FLOAT-C_TILE_J_MAJOR-A_TILE_K_MAJOR-B_TILE_K_MAJOR
build/examples/noarr/gemmScatter-noarr-C_SCATTER_J_MAJOR-A_SCATTER_K_MAJOR-B_SCATTER_K_MAJOR-SMALL-FLOAT-C_TILE_J_MAJOR-A_TILE_I_MAJOR-B_TILE_J_MAJOR
build/examples/noarr/gemmScatter-noarr-C_SCATTER_I_MAJOR-A_SCATTER_I_MAJOR-B_SCATTER_K_MAJOR-MINI-FLOAT-C_TILE_J_MAJOR-A_TILE_K_MAJOR-B_TILE_J_MAJOR
build/examples/noarr/gemmScatter-noarr-C_SCATTER_J_MAJOR-A_SCATTER_I_MAJOR-B_SCATTER_K_MAJOR-MINI-FLOAT-C_TILE_I_MAJOR-A_TILE_K_MAJOR-B_TILE_J_MAJOR
build/examples/noarr/gemmScatter-noarr-C_SCATTER_I_MAJOR-A_SCATTER_I_MAJOR-B_SCATTER_J_MAJOR-EXTRALARGE-FLOAT-C_TILE_I_MAJOR-A_TILE_I_MAJOR-B_TILE_K_MAJOR
build/examples/noarr/gemmScatter-noarr-C_SCATTER_J_MAJOR-A_SCATTER_I_MAJOR-B_SCATTER_J_MAJOR-LARGE-FLOAT-C_TILE_J_MAJOR-A_TILE_I_MAJOR-B_TILE_J_MAJOR
build/examples/noarr/gemmScatter-noarr-C_SCATTER_I_MAJOR-A_SCATTER_K_MAJOR-B_SCATTER_J_MAJOR-MINI-FLOAT-C_TILE_I_MAJOR-A_TILE_K_MAJOR-B_TILE_K_MAJOR
build/examples/noarr/gemmScatter-noarr-C_SCATTER_J_MAJOR-A_SCATTER_I_MAJOR-B_SCATTER_J_MAJOR-MINI-FLOAT-C_TILE_J_MAJOR-A_TILE_I_MAJOR-B_TILE_J_MAJOR
build/examples/noarr/gemmScatter-noarr-C_SCATTER_I_MAJOR-A_SCATTER_K_MAJOR-B_SCATTER_K_MAJOR-LARGE-FLOAT-C_TILE_I_MAJOR-A_TILE_I_MAJOR-B_TILE_K_MAJOR
build/examples/noarr/gemmScatter-noarr-C_SCATTER_J_MAJOR-A_SCATTER_I_MAJOR-B_SCATTER_J_MAJOR-SMALL-FLOAT-C_TILE_J_MAJOR-A_TILE_I_MAJOR-B_TILE_K_MAJOR
build/examples/noarr/gemmScatter-noarr-C_SCATTER_J_MAJOR-A_SCATTER_K_MAJOR-B_SCATTER_J_MAJOR-SMALL-FLOAT-C_TILE_I_MAJOR-A_TILE_I_MAJOR-B_TILE_J_MAJOR
build/examples/noarr/gemmScatter-noarr-C_SCATTER_J_MAJOR-A_SCATTER_I_MAJOR-B_SCATTER_J_MAJOR-SMALL-FLOAT-C_TILE_I_MAJOR-A_TILE_K_MAJOR-B_TILE_K_MAJOR
build/examples/noarr/gemmScatter-noarr-C_SCATTER_J_MAJOR-A_SCATTER_K_MAJOR-B_SCATTER_J_MAJOR-MEDIUM-FLOAT-C_TILE_I_MAJOR-A_TILE_I_MAJOR-B_TILE_K_MAJOR
build/examples/noarr/gemmScatter-noarr-C_SCATTER_J_MAJOR-A_SCATTER_I_MAJOR-B_SCATTER_K_MAJOR-MINI-FLOAT-C_TILE_I_MAJOR-A_TILE_K_MAJOR-B_TILE_K_MAJOR
build/examples/noarr/gemmScatter-noarr-C_SCATTER_J_MAJOR-A_SCATTER_K_MAJOR-B_SCATTER_J_MAJOR-LARGE-FLOAT-C_TILE_I_MAJOR-A_TILE_I_MAJOR-B_TILE_K_MAJOR
build/examples/noarr/gemmScatter-noarr-C_SCATTER_I_MAJOR-A_SCATTER_I_MAJOR-B_SCATTER_K_MAJOR-EXTRALARGE-FLOAT-C_TILE_I_MAJOR-A_TILE_I_MAJOR-B_TILE_K_MAJOR
build/examples/noarr/gemmScatter-noarr-C_SCATTER_J_MAJOR-A_SCATTER_K_MAJOR-B_SCATTER_K_MAJOR-MINI-FLOAT-C_TILE_J_MAJOR-A_TILE_I_MAJOR-B_TILE_K_MAJOR
build/examples/noarr/gemmScatter-noarr-C_SCATTER_J_MAJOR-A_SCATTER_K_MAJOR-B_SCATTER_K_MAJOR-LARGE-FLOAT-C_TILE_I_MAJOR-A_TILE_I_MAJOR-B_TILE_K_MAJOR
build/examples/noarr/gemmScatter-noarr-C_SCATTER_I_MAJOR-A_SCATTER_K_MAJOR-B_SCATTER_J_MAJOR-EXTRALARGE-FLOAT-C_TILE_I_MAJOR-A_TILE_K_MAJOR-B_TILE_K_MAJOR
build/examples/noarr/gemmScatter-noarr-C_SCATTER_I_MAJOR-A_SCATTER_I_MAJOR-B_SCATTER_K_MAJOR-EXTRALARGE-FLOAT-C_TILE_I_MAJOR-A_TILE_I_MAJOR-B_TILE_J_MAJOR
build/examples/noarr/gemmScatter-noarr-C_SCATTER_J_MAJOR-A_SCATTER_I_MAJOR-B_SCATTER_K_MAJOR-MINI-FLOAT-C_TILE_J_MAJOR-A_TILE_I_MAJOR-B_TILE_J_MAJOR
build/examples/noarr/gemmScatter-noarr-C_SCATTER_J_MAJOR-A_SCATTER_K_MAJOR-B_SCATTER_K_MAJOR-MEDIUM-FLOAT-C_TILE_J_MAJOR-A_TILE_K_MAJOR-B_TILE_J_MAJOR
build/examples/noarr/gemmScatter-noarr-C_SCATTER_I_MAJOR-A_SCATTER_K_MAJOR-B_SCATTER_J_MAJOR-MEDIUM-FLOAT-C_TILE_I_MAJOR-A_TILE_I_MAJOR-B_TILE_J_MAJOR
build/examples/noarr/gemmScatter-noarr-C_SCATTER_J_MAJOR-A_SCATTER_K_MAJOR-B_SCATTER_J_MAJOR-MINI-FLOAT-C_TILE_I_MAJOR-A_TILE_I_MAJOR-B_TILE_J_MAJOR
build/examples/noarr/gemmScatter-noarr-C_SCATTER_I_MAJOR-A_SCATTER_K_MAJOR-B_SCATTER_J_MAJOR-LARGE-FLOAT-C_TILE_I_MAJOR-A_TILE_K_MAJOR-B_TILE_K_MAJOR
build/examples/noarr/gemmScatter-noarr-C_SCATTER_I_MAJOR-A_SCATTER_K_MAJOR-B_SCATTER_K_MAJOR-MINI-FLOAT-C_TILE_J_MAJOR-A_TILE_I_MAJOR-B_TILE_K_MAJOR
build/examples/noarr/gemmScatter-noarr-C_SCATTER_J_MAJOR-A_SCATTER_K_MAJOR-B_SCATTER_K_MAJOR-MINI-FLOAT-C_TILE_J_MAJOR-A_TILE_K_MAJOR-B_TILE_K_MAJOR
build/examples/noarr/gemmScatter-noarr-C_SCATTER_J_MAJOR-A_SCATTER_I_MAJOR-B_SCATTER_J_MAJOR-EXTRALARGE-FLOAT-C_TILE_J_MAJOR-A_TILE_K_MAJOR-B_TILE_J_MAJOR
build/examples/noarr/gemmScatter-noarr-C_SCATTER_J_MAJOR-A_SCATTER_I_MAJOR-B_SCATTER_J_MAJOR-EXTRALARGE-FLOAT-C_TILE_J_MAJOR-A_TILE_K_MAJOR-B_TILE_K_MAJOR
build/examples/noarr/gemmScatter-noarr-C_SCATTER_I_MAJOR-A_SCATTER_K_MAJOR-B_SCATTER_K_MAJOR-MEDIUM-FLOAT-C_TILE_J_MAJOR-A_TILE_I_MAJOR-B_TILE_J_MAJOR
build/examples/noarr/gemmScatter-noarr-C_SCATTER_I_MAJOR-A_SCATTER_K_MAJOR-B_SCATTER_K_MAJOR-SMALL-FLOAT-C_TILE_I_MAJOR-A_TILE_K_MAJOR-B_TILE_J_MAJOR
build/examples/noarr/gemmScatter-noarr-C_SCATTER_J_MAJOR-A_SCATTER_I_MAJOR-B_SCATTER_J_MAJOR-MEDIUM-FLOAT-C_TILE_J_MAJOR-A_TILE_K_MAJOR-B_TILE_J_MAJOR
build/examples/noarr/gemmScatter-noarr-C_SCATTER_I_MAJOR-A_SCATTER_K_MAJOR-B_SCATTER_K_MAJOR-EXTRALARGE-FLOAT-C_TILE_I_MAJOR-A_TILE_I_MAJOR-B_TILE_K_MAJOR
build/examples/noarr/gemmScatter-noarr-C_SCATTER_I_MAJOR-A_SCATTER_K_MAJOR-B_SCATTER_J_MAJOR-LARGE-FLOAT-C_TILE_I_MAJOR-A_TILE_I_MAJOR-B_TILE_J_MAJOR
build/examples/noarr/gemmScatter-noarr-C_SCATTER_J_MAJOR-A_SCATTER_I_MAJOR-B_SCATTER_J_MAJOR-MINI-FLOAT-C_TILE_I_MAJOR-A_TILE_K_MAJOR-B_TILE_K_MAJOR
build/examples/noarr/gemmScatter-noarr-C_SCATTER_I_MAJOR-A_SCATTER_K_MAJOR-B_SCATTER_J_MAJOR-SMALL-FLOAT-C_TILE_I_MAJOR-A_TILE_I_MAJOR-B_TILE_J_MAJOR
build/examples/noarr/gemmScatter-noarr-C_SCATTER_I_MAJOR-A_SCATTER_K_MAJOR-B_SCATTER_J_MAJOR-EXTRALARGE-FLOAT-C_TILE_J_MAJOR-A_TILE_K_MAJOR-B_TILE_K_MAJOR
build/examples/noarr/gemmScatter-noarr-C_SCATTER_I_MAJOR-A_SCATTER_I_MAJOR-B_SCATTER_K_MAJOR-SMALL-FLOAT-C_TILE_I_MAJOR-A_TILE_I_MAJOR-B_TILE_J_MAJOR
build/examples/noarr/gemmScatter-noarr-C_SCATTER_I_MAJOR-A_SCATTER_I_MAJOR-B_SCATTER_K_MAJOR-MEDIUM-FLOAT-C_TILE_I_MAJOR-A_TILE_I_MAJOR-B_TILE_K_MAJOR
build/examples/noarr/gemmScatter-noarr-C_SCATTER_I_MAJOR-A_SCATTER_K_MAJOR-B_SCATTER_J_MAJOR-LARGE-FLOAT-C_TILE_J_MAJOR-A_TILE_I_MAJOR-B_TILE_J_MAJOR
build/examples/noarr/gemmScatter-noarr-C_SCATTER_I_MAJOR-A_SCATTER_I_MAJOR-B_SCATTER_J_MAJOR-MINI-FLOAT-C_TILE_J_MAJOR-A_TILE_K_MAJOR-B_TILE_J_MAJOR
build/examples/noarr/gemmScatter-noarr-C_SCATTER_J_MAJOR-A_SCATTER_I_MAJOR-B_SCATTER_J_MAJOR-MEDIUM-FLOAT-C_TILE_I_MAJOR-A_TILE_I_MAJOR-B_TILE_K_MAJOR
build/examples/noarr/gemmScatter-noarr-C_SCATTER_I_MAJOR-A_SCATTER_K_MAJOR-B_SCATTER_K_MAJOR-MEDIUM-FLOAT-C_TILE_J_MAJOR-A_TILE_K_MAJOR-B_TILE_K_MAJOR
build/examples/noarr/gemmScatter-noarr-C_SCATTER_J_MAJOR-A_SCATTER_K_MAJOR-B_SCATTER_J_MAJOR-MINI-FLOAT-C_TILE_J_MAJOR-A_TILE_K_MAJOR-B_TILE_J_MAJOR
build/examples/noarr/gemmScatter-noarr-C_SCATTER_J_MAJOR-A_SCATTER_K_MAJOR-B_SCATTER_K_MAJOR-MEDIUM-FLOAT-C_TILE_I_MAJOR-A_TILE_I_MAJOR-B_TILE_J_MAJOR
build/examples/noarr/gemmScatter-noarr-C_SCATTER_I_MAJOR-A_SCATTER_I_MAJOR-B_SCATTER_J_MAJOR-SMALL-FLOAT-C_TILE_I_MAJOR-A_TILE_K_MAJOR-B_TILE_J_MAJOR
build/examples/noarr/gemmScatter-noarr-C_SCATTER_J_MAJOR-A_SCATTER_K_MAJOR-B_SCATTER_K_MAJOR-EXTRALARGE-FLOAT-C_TILE_I_MAJOR-A_TILE_I_MAJOR-B_TILE_J_MAJOR
build/examples/noarr/gemmScatter-noarr-C_SCATTER_I_MAJOR-A_SCATTER_I_MAJOR-B_SCATTER_J_MAJOR-SMALL-FLOAT-C_TILE_I_MAJOR-A_TILE_I_MAJOR-B_TILE_K_MAJOR
build/examples/noarr/gemmScatter-noarr-C_SCATTER_J_MAJOR-A_SCATTER_K_MAJOR-B_SCATTER_J_MAJOR-LARGE-FLOAT-C_TILE_J_MAJOR-A_TILE_K_MAJOR-B_TILE_J_MAJOR
build/examples/noarr/gemmScatter-noarr-C_SCATTER_I_MAJOR-A_SCATTER_I_MAJOR-B_SCATTER_K_MAJOR-LARGE-FLOAT-C_TILE_I_MAJOR-A_TILE_I_MAJOR-B_TILE_K_MAJOR
build/examples/noarr/gemmScatter-noarr-C_SCATTER_J_MAJOR-A_SCATTER_K_MAJOR-B_SCATTER_J_MAJOR-MEDIUM-FLOAT-C_TILE_I_MAJOR-A_TILE_I_MAJOR-B_TILE_J_MAJOR
build/examples/noarr/gemmScatter-noarr-C_SCATTER_I_MAJOR-A_SCATTER_I_MAJOR-B_SCATTER_K_MAJOR-EXTRALARGE-FLOAT-C_TILE_J_MAJOR-A_TILE_K_MAJOR-B_TILE_J_MAJOR
build/examples/noarr/gemmScatter-noarr-C_SCATTER_J_MAJOR-A_SCATTER_I_MAJOR-B_SCATTER_K_MAJOR-SMALL-FLOAT-C_TILE_I_MAJOR-A_TILE_K_MAJOR-B_TILE_J_MAJOR
build/examples/noarr/gemmScatter-noarr-C_SCATTER_J_MAJOR-A_SCATTER_K_MAJOR-B_SCATTER_J_MAJOR-MEDIUM-FLOAT-C_TILE_J_MAJOR-A_TILE_K_MAJOR-B_TILE_K_MAJOR
build/examples/noarr/gemmScatter-noarr-C_SCATTER_J_MAJOR-A_SCATTER_I_MAJOR-B_SCATTER_J_MAJOR-MEDIUM-FLOAT-C_TILE_J_MAJOR-A_TILE_I_MAJOR-B_TILE_J_MAJOR
build/examples/noarr/gemmScatter-noarr-C_SCATTER_I_MAJOR-A_SCATTER_I_MAJOR-B_SCATTER_J_MAJOR-MEDIUM-FLOAT-C_TILE_J_MAJOR-A_TILE_I_MAJOR-B_TILE_K_MAJOR
build/examples/noarr/gemmScatter-noarr-C_SCATTER_J_MAJOR-A_SCATTER_I_MAJOR-B_SCATTER_K_MAJOR-MEDIUM-FLOAT-C_TILE_I_MAJOR-A_TILE_I_MAJOR-B_TILE_J_MAJOR
build/examples/noarr/gemmScatter-noarr-C_SCATTER_J_MAJOR-A_SCATTER_I_MAJOR-B_SCATTER_J_MAJOR-EXTRALARGE-FLOAT-C_TILE_J_MAJOR-A_TILE_I_MAJOR-B_TILE_K_MAJOR
build/examples/noarr/gemmScatter-noarr-C_SCATTER_I_MAJOR-A_SCATTER_K_MAJOR-B_SCATTER_K_MAJOR-SMALL-FLOAT-C_TILE_J_MAJOR-A_TILE_I_MAJOR-B_TILE_K_MAJOR
build/examples/noarr/gemmScatter-noarr-C_SCATTER_J_MAJOR-A_SCATTER_K_MAJOR-B_SCATTER_K_MAJOR-MEDIUM-FLOAT-C_TILE_I_MAJOR-A_TILE_K_MAJOR-B_TILE_J_MAJOR
build/examples/noarr/gemmScatter-noarr-C_SCATTER_J_MAJOR-A_SCATTER_I_MAJOR-B_SCATTER_K_MAJOR-SMALL-FLOAT-C_TILE_I_MAJOR-A_TILE_K_MAJOR-B_TILE_K_MAJOR
build/examples/noarr/gemmScatter-noarr-C_SCATTER_J_MAJOR-A_SCATTER_I_MAJOR-B_SCATTER_K_MAJOR-LARGE-FLOAT-C_TILE_J_MAJOR-A_TILE_I_MAJOR-B_TILE_J_MAJOR
build/examples/noarr/gemmScatter-noarr-C_SCATTER_I_MAJOR-A_SCATTER_I_MAJOR-B_SCATTER_K_MAJOR-SMALL-FLOAT-C_TILE_I_MAJOR-A_TILE_K_MAJOR-B_TILE_K_MAJOR
build/examples/noarr/gemmScatter-noarr-C_SCATTER_I_MAJOR-A_SCATTER_I_MAJOR-B_SCATTER_K_MAJOR-MEDIUM-FLOAT-C_TILE_J_MAJOR-A_TILE_K_MAJOR-B_TILE_J_MAJOR
build/examples/noarr/gemmScatter-noarr-C_SCATTER_I_MAJOR-A_SCATTER_K_MAJOR-B_SCATTER_J_MAJOR-EXTRALARGE-FLOAT-C_TILE_J_MAJOR-A_TILE_K_MAJOR-B_TILE_J_MAJOR
build/examples/noarr/gemmScatter-noarr-C_SCATTER_J_MAJOR-A_SCATTER_I_MAJOR-B_SCATTER_K_MAJOR-LARGE-FLOAT-C_TILE_I_MAJOR-A_TILE_K_MAJOR-B_TILE_K_MAJOR
build/examples/noarr/gemmScatter-noarr-C_SCATTER_J_MAJOR-A_SCATTER_I_MAJOR-B_SCATTER_J_MAJOR-SMALL-FLOAT-C_TILE_J_MAJOR-A_TILE_K_MAJOR-B_TILE_J_MAJOR
build/examples/noarr/gemmScatter-noarr-C_SCATTER_I_MAJOR-A_SCATTER_K_MAJOR-B_SCATTER_K_MAJOR-EXTRALARGE-FLOAT-C_TILE_J_MAJOR-A_TILE_K_MAJOR-B_TILE_J_MAJOR
build/examples/noarr/gemmScatter-noarr-C_SCATTER_I_MAJOR-A_SCATTER_K_MAJOR-B_SCATTER_J_MAJOR-LARGE-FLOAT-C_TILE_I_MAJOR-A_TILE_I_MAJOR-B_TILE_K_MAJOR
build/examples/noarr/gemmScatter-noarr-C_SCATTER_J_MAJOR-A_SCATTER_K_MAJOR-B_SCATTER_J_MAJOR-MINI-FLOAT-C_TILE_I_MAJOR-A_TILE_I_MAJOR-B_TILE_K_MAJOR
build/examples/noarr/gemmScatter-noarr-C_SCATTER_I_MAJOR-A_SCATTER_K_MAJOR-B_SCATTER_J_MAJOR-MINI-FLOAT-C_TILE_J_MAJOR-A_TILE_I_MAJOR-B_TILE_J_MAJOR
build/examples/noarr/gemmScatter-noarr-C_SCATTER_I_MAJOR-A_SCATTER_K_MAJOR-B_SCATTER_K_MAJOR-EXTRALARGE-FLOAT-C_TILE_J_MAJOR-A_TILE_I_MAJOR-B_TILE_K_MAJOR
build/examples/noarr/gemmScatter-noarr-C_SCATTER_J_MAJOR-A_SCATTER_K_MAJOR-B_SCATTER_J_MAJOR-MEDIUM-FLOAT-C_TILE_J_MAJOR-A_TILE_I_MAJOR-B_TILE_J_MAJOR
build/examples/noarr/gemmScatter-noarr-C_SCATTER_I_MAJOR-A_SCATTER_K_MAJOR-B_SCATTER_K_MAJOR-MEDIUM-FLOAT-C_TILE_I_MAJOR-A_TILE_I_MAJOR-B_TILE_J_MAJOR
build/examples/noarr/gemmScatter-noarr-C_SCATTER_I_MAJOR-A_SCATTER_I_MAJOR-B_SCATTER_K_MAJOR-SMALL-FLOAT-C_TILE_I_MAJOR-A_TILE_K_MAJOR-B_TILE_J_MAJOR
build/examples/noarr/gemmScatter-noarr-C_SCATTER_J_MAJOR-A_SCATTER_K_MAJOR-B_SCATTER_J_MAJOR-SMALL-FLOAT-C_TILE_J_MAJOR-A_TILE_K_MAJOR-B_TILE_J_MAJOR
build/examples/noarr/gemmScatter-noarr-C_SCATTER_J_MAJOR-A_SCATTER_I_MAJOR-B_SCATTER_K_MAJOR-MINI-FLOAT-C_TILE_J_MAJOR-A_TILE_K_MAJOR-B_TILE_K_MAJOR
build/examples/noarr/gemmScatter-noarr-C_SCATTER_J_MAJOR-A_SCATTER_I_MAJOR-B_SCATTER_K_MAJOR-MEDIUM-FLOAT-C_TILE_J_MAJOR-A_TILE_I_MAJOR-B_TILE_K_MAJOR
build/examples/noarr/gemmScatter-noarr-C_SCATTER_J_MAJOR-A_SCATTER_I_MAJOR-B_SCATTER_J_MAJOR-SMALL-FLOAT-C_TILE_I_MAJOR-A_TILE_I_MAJOR-B_TILE_K_MAJOR
build/examples/noarr/gemmScatter-noarr-C_SCATTER_J_MAJOR-A_SCATTER_K_MAJOR-B_SCATTER_J_MAJOR-EXTRALARGE-FLOAT-C_TILE_I_MAJOR-A_TILE_I_MAJOR-B_TILE_K_MAJOR
build/examples/noarr/gemmScatter-noarr-C_SCATTER_J_MAJOR-A_SCATTER_I_MAJOR-B_SCATTER_J_MAJOR-EXTRALARGE-FLOAT-C_TILE_J_MAJOR-A_TILE_I_MAJOR-B_TILE_J_MAJOR
build/examples/noarr/gemmScatter-noarr-C_SCATTER_I_MAJOR-A_SCATTER_I_MAJOR-B_SCATTER_J_MAJOR-MEDIUM-FLOAT-C_TILE_J_MAJOR-A_TILE_K_MAJOR-B_TILE_J_MAJOR
build/examples/noarr/gemmScatter-noarr-C_SCATTER_J_MAJOR-A_SCATTER_K_MAJOR-B_SCATTER_K_MAJOR-EXTRALARGE-FLOAT-C_TILE_I_MAJOR-A_TILE_K_MAJOR-B_TILE_J_MAJOR
build/examples/noarr/gemmScatter-noarr-C_SCATTER_J_MAJOR-A_SCATTER_I_MAJOR-B_SCATTER_K_MAJOR-LARGE-FLOAT-C_TILE_I_MAJOR-A_TILE_I_MAJOR-B_TILE_J_MAJOR
build/examples/noarr/gemmScatter-noarr-C_SCATTER_I_MAJOR-A_SCATTER_K_MAJOR-B_SCATTER_J_MAJOR-SMALL-FLOAT-C_TILE_J_MAJOR-A_TILE_K_MAJOR-B_TILE_K_MAJOR
build/examples/noarr/gemmScatter-noarr-C_SCATTER_J_MAJOR-A_SCATTER_K_MAJOR-B_SCATTER_K_MAJOR-LARGE-FLOAT-C_TILE_I_MAJOR-A_TILE_K_MAJOR-B_TILE_J_MAJOR
build/examples/noarr/gemmScatter-noarr-C_SCATTER_I_MAJOR-A_SCATTER_I_MAJOR-B_SCATTER_K_MAJOR-MINI-FLOAT-C_TILE_J_MAJOR-A_TILE_K_MAJOR-B_TILE_K_MAJOR
build/examples/noarr/gemmScatter-noarr-C_SCATTER_J_MAJOR-A_SCATTER_I_MAJOR-B_SCATTER_K_MAJOR-EXTRALARGE-FLOAT-C_TILE_I_MAJOR-A_TILE_K_MAJOR-B_TILE_J_MAJOR
build/examples/noarr/gemmScatter-noarr-C_SCATTER_I_MAJOR-A_SCATTER_K_MAJOR-B_SCATTER_K_MAJOR-SMALL-FLOAT-C_TILE_I_MAJOR-A_TILE_I_MAJOR-B_TILE_K_MAJOR
build/examples/noarr/gemmScatter-noarr-C_SCATTER_I_MAJOR-A_SCATTER_I_MAJOR-B_SCATTER_K_MAJOR-LARGE-FLOAT-C_TILE_J_MAJOR-A_TILE_K_MAJOR-B_TILE_J_MAJOR
build/examples/noarr/gemmScatter-noarr-C_SCATTER_J_MAJOR-A_SCATTER_K_MAJOR-B_SCATTER_J_MAJOR-MINI-FLOAT-C_TILE_J_MAJOR-A_TILE_I_MAJOR-B_TILE_K_MAJOR
build/examples/noarr/gemmScatter-noarr-C_SCATTER_J_MAJOR-A_SCATTER_K_MAJOR-B_SCATTER_J_MAJOR-LARGE-FLOAT-C_TILE_I_MAJOR-A_TILE_I_MAJOR-B_TILE_J_MAJOR
build/examples/noarr/gemmScatter-noarr-C_SCATTER_I_MAJOR-A_SCATTER_K_MAJOR-B_SCATTER_K_MAJOR-LARGE-FLOAT-C_TILE_I_MAJOR-A_TILE_K_MAJOR-B_TILE_K_MAJOR
build/examples/noarr/gemmScatter-noarr-C_SCATTER_I_MAJOR-A_SCATTER_K_MAJOR-B_SCATTER_J_MAJOR-MINI-FLOAT-C_TILE_J_MAJOR-A_TILE_K_MAJOR-B_TILE_J_MAJOR
build/examples/noarr/gemmScatter-noarr-C_SCATTER_I_MAJOR-A_SCATTER_I_MAJOR-B_SCATTER_J_MAJOR-MINI-FLOAT-C_TILE_I_MAJOR-A_TILE_I_MAJOR-B_TILE_K_MAJOR
build/examples/noarr/gemmScatter-noarr-C_SCATTER_J_MAJOR-A_SCATTER_I_MAJOR-B_SCATTER_J_MAJOR-MEDIUM-FLOAT-C_TILE_I_MAJOR-A_TILE_I_MAJOR-B_TILE_J_MAJOR
build/examples/noarr/gemmScatter-noarr-C_SCATTER_J_MAJOR-A_SCATTER_K_MAJOR-B_SCATTER_J_MAJOR-EXTRALARGE-FLOAT-C_TILE_I_MAJOR-A_TILE_K_MAJOR-B_TILE_J_MAJOR
build/examples/noarr/gemmScatter-noarr-C_SCATTER_I_MAJOR-A_SCATTER_K_MAJOR-B_SCATTER_J_MAJOR-SMALL-FLOAT-C_TILE_I_MAJOR-A_TILE_I_MAJOR-B_TILE_K_MAJOR
build/examples/noarr/gemmScatter-noarr-C_SCATTER_I_MAJOR-A_SCATTER_K_MAJOR-B_SCATTER_K_MAJOR-MEDIUM-FLOAT-C_TILE_I_MAJOR-A_TILE_K_MAJOR-B_TILE_K_MAJOR
build/examples/noarr/gemmScatter-noarr-C_SCATTER_J_MAJOR-A_SCATTER_K_MAJOR-B_SCATTER_J_MAJOR-MINI-FLOAT-C_TILE_I_MAJOR-A_TILE_K_MAJOR-B_TILE_K_MAJOR
build/examples/noarr/gemmScatter-noarr-C_SCATTER_I_MAJOR-A_SCATTER_I_MAJOR-B_SCATTER_K_MAJOR-LARGE-FLOAT-C_TILE_I_MAJOR-A_TILE_I_MAJOR-B_TILE_J_MAJOR
build/examples/noarr/gemmScatter-noarr-C_SCATTER_J_MAJOR-A_SCATTER_I_MAJOR-B_SCATTER_J_MAJOR-SMALL-FLOAT-C_TILE_J_MAJOR-A_TILE_K_MAJOR-B_TILE_K_MAJOR
build/examples/noarr/gemmScatter-noarr-C_SCATTER_J_MAJOR-A_SCATTER_K_MAJOR-B_SCATTER_J_MAJOR-LARGE-FLOAT-C_TILE_J_MAJOR-A_TILE_I_MAJOR-B_TILE_J_MAJOR
build/examples/noarr/gemmScatter-noarr-C_SCATTER_I_MAJOR-A_SCATTER_I_MAJOR-B_SCATTER_K_MAJOR-MINI-FLOAT-C_TILE_I_MAJOR-A_TILE_K_MAJOR-B_TILE_J_MAJOR
build/examples/noarr/gemmScatter-noarr-C_SCATTER_I_MAJOR-A_SCATTER_I_MAJOR-B_SCATTER_K_MAJOR-SMALL-FLOAT-C_TILE_J_MAJOR-A_TILE_I_MAJOR-B_TILE_J_MAJOR
build/examples/noarr/gemmScatter-noarr-C_SCATTER_I_MAJOR-A_SCATTER_I_MAJOR-B_SCATTER_J_MAJOR-LARGE-FLOAT-C_TILE_I_MAJOR-A_TILE_K_MAJOR-B_TILE_J_MAJOR
build/examples/noarr/gemmScatter-noarr-C_SCATTER_J_MAJOR-A_SCATTER_I_MAJOR-B_SCATTER_J_MAJOR-MINI-FLOAT-C_TILE_J_MAJOR-A_TILE_I_MAJOR-B_TILE_K_MAJOR
build/examples/noarr/gemmScatter-noarr-C_SCATTER_I_MAJOR-A_SCATTER_I_MAJOR-B_SCATTER_K_MAJOR-MEDIUM-FLOAT-C_TILE_J_MAJOR-A_TILE_I_MAJOR-B_TILE_J_MAJOR
build/examples/noarr/gemmScatter-noarr-C_SCATTER_J_MAJOR-A_SCATTER_I_MAJOR-B_SCATTER_J_MAJOR-LARGE-FLOAT-C_TILE_J_MAJOR-A_TILE_K_MAJOR-B_TILE_K_MAJOR
build/examples/noarr/gemmScatter-noarr-C_SCATTER_I_MAJOR-A_SCATTER_I_MAJOR-B_SCATTER_K_MAJOR-EXTRALARGE-FLOAT-C_TILE_J_MAJOR-A_TILE_K_MAJOR-B_TILE_K_MAJOR
build/examples/noarr/gemmScatter-noarr-C_SCATTER_I_MAJOR-A_SCATTER_I_MAJOR-B_SCATTER_J_MAJOR-MINI-FLOAT-C_TILE_J_MAJOR-A_TILE_K_MAJOR-B_TILE_K_MAJOR
build/examples/noarr/gemmScatter-noarr-C_SCATTER_J_MAJOR-A_SCATTER_I_MAJOR-B_SCATTER_K_MAJOR-MINI-FLOAT-C_TILE_J_MAJOR-A_TILE_K_MAJOR-B_TILE_J_MAJOR
build/examples/noarr/gemmScatter-noarr-C_SCATTER_I_MAJOR-A_SCATTER_K_MAJOR-B_SCATTER_J_MAJOR-MINI-FLOAT-C_TILE_J_MAJOR-A_TILE_I_MAJOR-B_TILE_K_MAJOR
build/examples/noarr/gemmScatter-noarr-C_SCATTER_I_MAJOR-A_SCATTER_K_MAJOR-B_SCATTER_K_MAJOR-LARGE-FLOAT-C_TILE_J_MAJOR-A_TILE_I_MAJOR-B_TILE_J_MAJOR
build/examples/noarr/gemmScatter-noarr-C_SCATTER_I_MAJOR-A_SCATTER_I_MAJOR-B_SCATTER_J_MAJOR-SMALL-FLOAT-C_TILE_J_MAJOR-A_TILE_I_MAJOR-B_TILE_K_MAJOR
build/examples/noarr/gemmScatter-noarr-C_SCATTER_J_MAJOR-A_SCATTER_K_MAJOR-B_SCATTER_K_MAJOR-MINI-FLOAT-C_TILE_I_MAJOR-A_TILE_K_MAJOR-B_TILE_J_MAJOR
build/examples/noarr/gemmScatter-noarr-C_SCATTER_J_MAJOR-A_SCATTER_K_MAJOR-B_SCATTER_J_MAJOR-MEDIUM-FLOAT-C_TILE_I_MAJOR-A_TILE_K_MAJOR-B_TILE_K_MAJOR
build/examples/noarr/gemmScatter-noarr-C_SCATTER_J_MAJOR-A_SCATTER_K_MAJOR-B_SCATTER_K_MAJOR-MEDIUM-FLOAT-C_TILE_I_MAJOR-A_TILE_I_MAJOR-B_TILE_K_MAJOR
build/examples/noarr/gemmScatter-noarr-C_SCATTER_J_MAJOR-A_SCATTER_I_MAJOR-B_SCATTER_K_MAJOR-MEDIUM-FLOAT-C_TILE_J_MAJOR-A_TILE_K_MAJOR-B_TILE_J_MAJOR
build/examples/noarr/gemmScatter-noarr-C_SCATTER_I_MAJOR-A_SCATTER_I_MAJOR-B_SCATTER_K_MAJOR-EXTRALARGE-FLOAT-C_TILE_J_MAJOR-A_TILE_I_MAJOR-B_TILE_K_MAJOR
build/examples/noarr/gemmScatter-noarr-C_SCATTER_J_MAJOR-A_SCATTER_K_MAJOR-B_SCATTER_K_MAJOR-SMALL-FLOAT-C_TILE_J_MAJOR-A_TILE_K_MAJOR-B_TILE_K_MAJOR
build/examples/noarr/gemmScatter-noarr-C_SCATTER_I_MAJOR-A_SCATTER_K_MAJOR-B_SCATTER_K_MAJOR-MINI-FLOAT-C_TILE_J_MAJOR-A_TILE_K_MAJOR-B_TILE_K_MAJOR
build/examples/noarr/gemmScatter-noarr-C_SCATTER_I_MAJOR-A_SCATTER_K_MAJOR-B_SCATTER_K_MAJOR-SMALL-FLOAT-C_TILE_I_MAJOR-A_TILE_I_MAJOR-B_TILE_J_MAJOR
build/examples/noarr/gemmScatter-noarr-C_SCATTER_I_MAJOR-A_SCATTER_I_MAJOR-B_SCATTER_J_MAJOR-EXTRALARGE-FLOAT-C_TILE_J_MAJOR-A_TILE_I_MAJOR-B_TILE_J_MAJOR
build/examples/noarr/gemmScatter-noarr-C_SCATTER_J_MAJOR-A_SCATTER_K_MAJOR-B_SCATTER_K_MAJOR-EXTRALARGE-FLOAT-C_TILE_J_MAJOR-A_TILE_K_MAJOR-B_TILE_J_MAJOR
build/examples/noarr/gemmScatter-noarr-C_SCATTER_I_MAJOR-A_SCATTER_I_MAJOR-B_SCATTER_J_MAJOR-MEDIUM-FLOAT-C_TILE_J_MAJOR-A_TILE_K_MAJOR-B_TILE_K_MAJOR
build/examples/noarr/gemmScatter-noarr-C_SCATTER_J_MAJOR-A_SCATTER_I_MAJOR-B_SCATTER_K_MAJOR-MEDIUM-FLOAT-C_TILE_I_MAJOR-A_TILE_K_MAJOR-B_TILE_J_MAJOR
build/examples/noarr/gemmScatter-noarr-C_SCATTER_I_MAJOR-A_SCATTER_K_MAJOR-B_SCATTER_J_MAJOR-EXTRALARGE-FLOAT-C_TILE_I_MAJOR-A_TILE_I_MAJOR-B_TILE_K_MAJOR
build/examples/noarr/gemmScatter-noarr-C_SCATTER_J_MAJOR-A_SCATTER_I_MAJOR-B_SCATTER_K_MAJOR-SMALL-FLOAT-C_TILE_I_MAJOR-A_TILE_I_MAJOR-B_TILE_J_MAJOR
build/examples/noarr/gemmScatter-noarr-C_SCATTER_J_MAJOR-A_SCATTER_K_MAJOR-B_SCATTER_K_MAJOR-EXTRALARGE-FLOAT-C_TILE_J_MAJOR-A_TILE_I_MAJOR-B_TILE_J_MAJOR
build/examples/noarr/gemmScatter-noarr-C_SCATTER_I_MAJOR-A_SCATTER_K_MAJOR-B_SCATTER_J_MAJOR-EXTRALARGE-FLOAT-C_TILE_I_MAJOR-A_TILE_I_MAJOR-B_TILE_J_MAJOR
build/examples/noarr/gemmScatter-noarr-C_SCATTER_J_MAJOR-A_SCATTER_I_MAJOR-B_SCATTER_K_MAJOR-MINI-FLOAT-C_TILE_I_MAJOR-A_TILE_I_MAJOR-B_TILE_J_MAJOR
build/examples/noarr/gemmScatter-noarr-C_SCATTER_I_MAJOR-A_SCATTER_I_MAJOR-B_SCATTER_J_MAJOR-MEDIUM-FLOAT-C_TILE_I_MAJOR-A_TILE_I_MAJOR-B_TILE_J_MAJOR
build/examples/noarr/gemmScatter-noarr-C_SCATTER_J_MAJOR-A_SCATTER_K_MAJOR-B_SCATTER_K_MAJOR-SMALL-FLOAT-C_TILE_I_MAJOR-A_TILE_I_MAJOR-B_TILE_J_MAJOR
build/examples/noarr/gemmScatter-noarr-C_SCATTER_J_MAJOR-A_SCATTER_K_MAJOR-B_SCATTER_K_MAJOR-MINI-FLOAT-C_TILE_I_MAJOR-A_TILE_I_MAJOR-B_TILE_K_MAJOR
build/examples/noarr/gemmScatter-noarr-C_SCATTER_J_MAJOR-A_SCATTER_K_MAJOR-B_SCATTER_J_MAJOR-SMALL-FLOAT-C_TILE_I_MAJOR-A_TILE_K_MAJOR-B_TILE_J_MAJOR
build/examples/noarr/gemmScatter-noarr-C_SCATTER_I_MAJOR-A_SCATTER_K_MAJOR-B_SCATTER_J_MAJOR-SMALL-FLOAT-C_TILE_I_MAJOR-A_TILE_K_MAJOR-B_TILE_K_MAJOR
build/examples/noarr/gemmScatter-noarr-C_SCATTER_I_MAJOR-A_SCATTER_I_MAJOR-B_SCATTER_K_MAJOR-MEDIUM-FLOAT-C_TILE_I_MAJOR-A_TILE_K_MAJOR-B_TILE_K_MAJOR
build/examples/noarr/gemmScatter-noarr-C_SCATTER_I_MAJOR-A_SCATTER_K_MAJOR-B_SCATTER_K_MAJOR-MEDIUM-FLOAT-C_TILE_J_MAJOR-A_TILE_K_MAJOR-B_TILE_J_MAJOR
build/examples/noarr/gemmScatter-noarr-C_SCATTER_I_MAJOR-A_SCATTER_K_MAJOR-B_SCATTER_K_MAJOR-EXTRALARGE-FLOAT-C_TILE_I_MAJOR-A_TILE_K_MAJOR-B_TILE_K_MAJOR
build/examples/noarr/gemmScatter-noarr-C_SCATTER_J_MAJOR-A_SCATTER_K_MAJOR-B_SCATTER_J_MAJOR-MEDIUM-FLOAT-C_TILE_I_MAJOR-A_TILE_K_MAJOR-B_TILE_J_MAJOR
build/examples/noarr/gemmScatter-noarr-C_SCATTER_I_MAJOR-A_SCATTER_K_MAJOR-B_SCATTER_K_MAJOR-EXTRALARGE-FLOAT-C_TILE_I_MAJOR-A_TILE_I_MAJOR-B_TILE_J_MAJOR
build/examples/noarr/gemmScatter-noarr-C_SCATTER_J_MAJOR-A_SCATTER_K_MAJOR-B_SCATTER_K_MAJOR-EXTRALARGE-FLOAT-C_TILE_J_MAJOR-A_TILE_K_MAJOR-B_TILE_K_MAJOR
build/examples/noarr/gemmScatter-noarr-C_SCATTER_J_MAJOR-A_SCATTER_I_MAJOR-B_SCATTER_K_MAJOR-LARGE-FLOAT-C_TILE_I_MAJOR-A_TILE_I_MAJOR-B_TILE_K_MAJOR
build/examples/noarr/gemmScatter-noarr-C_SCATTER_I_MAJOR-A_SCATTER_I_MAJOR-B_SCATTER_J_MAJOR-LARGE-FLOAT-C_TILE_J_MAJOR-A_TILE_K_MAJOR-B_TILE_K_MAJOR
build/examples/noarr/gemmScatter-noarr-C_SCATTER_I_MAJOR-A_SCATTER_I_MAJOR-B_SCATTER_J_MAJOR-EXTRALARGE-FLOAT-C_TILE_I_MAJOR-A_TILE_K_MAJOR-B_TILE_K_MAJOR
build/examples/noarr/gemmScatter-noarr-C_SCATTER_J_MAJOR-A_SCATTER_I_MAJOR-B_SCATTER_K_MAJOR-EXTRALARGE-FLOAT-C_TILE_I_MAJOR-A_TILE_I_MAJOR-B_TILE_J_MAJOR
build/examples/noarr/gemmScatter-noarr-C_SCATTER_I_MAJOR-A_SCATTER_I_MAJOR-B_SCATTER_K_MAJOR-SMALL-FLOAT-C_TILE_J_MAJOR-A_TILE_K_MAJOR-B_TILE_K_MAJOR
build/examples/noarr/gemmScatter-noarr-C_SCATTER_I_MAJOR-A_SCATTER_K_MAJOR-B_SCATTER_J_MAJOR-EXTRALARGE-FLOAT-C_TILE_J_MAJOR-A_TILE_I_MAJOR-B_TILE_K_MAJOR
build/examples/noarr/gemmScatter-noarr-C_SCATTER_J_MAJOR-A_SCATTER_I_MAJOR-B_SCATTER_K_MAJOR-EXTRALARGE-FLOAT-C_TILE_I_MAJOR-A_TILE_K_MAJOR-B_TILE_K_MAJOR
build/examples/noarr/gemmScatter-noarr-C_SCATTER_I_MAJOR-A_SCATTER_K_MAJOR-B_SCATTER_K_MAJOR-MINI-FLOAT-C_TILE_I_MAJOR-A_TILE_K_MAJOR-B_TILE_K_MAJOR
build/examples/noarr/gemmScatter-noarr-C_SCATTER_I_MAJOR-A_SCATTER_K_MAJOR-B_SCATTER_K_MAJOR-EXTRALARGE-FLOAT-C_TILE_J_MAJOR-A_TILE_K_MAJOR-B_TILE_K_MAJOR
build/examples/noarr/gemmScatter-noarr-C_SCATTER_J_MAJOR-A_SCATTER_I_MAJOR-B_SCATTER_J_MAJOR-MINI-FLOAT-C_TILE_J_MAJOR-A_TILE_K_MAJOR-B_TILE_J_MAJOR
build/examples/noarr/gemmScatter-noarr-C_SCATTER_I_MAJOR-A_SCATTER_I_MAJOR-B_SCATTER_J_MAJOR-LARGE-FLOAT-C_TILE_I_MAJOR-A_TILE_K_MAJOR-B_TILE_K_MAJOR
build/examples/noarr/gemmScatter-noarr-C_SCATTER_J_MAJOR-A_SCATTER_K_MAJOR-B_SCATTER_J_MAJOR-SMALL-FLOAT-C_TILE_J_MAJOR-A_TILE_I_MAJOR-B_TILE_J_MAJOR
build/examples/noarr/gemmScatter-noarr-C_SCATTER_J_MAJOR-A_SCATTER_K_MAJOR-B_SCATTER_J_MAJOR-MEDIUM-FLOAT-C_TILE_J_MAJOR-A_TILE_I_MAJOR-B_TILE_K_MAJOR
build/examples/noarr/gemmScatter-noarr-C_SCATTER_J_MAJOR-A_SCATTER_K_MAJOR-B_SCATTER_K_MAJOR-MEDIUM-FLOAT-C_TILE_J_MAJOR-A_TILE_I_MAJOR-B_TILE_J_MAJOR
build/examples/noarr/gemmScatter-noarr-C_SCATTER_J_MAJOR-A_SCATTER_K_MAJOR-B_SCATTER_K_MAJOR-EXTRALARGE-FLOAT-C_TILE_I_MAJOR-A_TILE_K_MAJOR-B_TILE_K_MAJOR
build/examples/noarr/gemmScatter-noarr-C_SCATTER_J_MAJOR-A_SCATTER_I_MAJOR-B_SCATTER_J_MAJOR-LARGE-FLOAT-C_TILE_J_MAJOR-A_TILE_I_MAJOR-B_TILE_K_MAJOR
build/examples/noarr/gemmScatter-noarr-C_SCATTER_J_MAJOR-A_SCATTER_K_MAJOR-B_SCATTER_K_MAJOR-MINI-FLOAT-C_TILE_J_MAJOR-A_TILE_K_MAJOR-B_TILE_J_MAJOR
build/examples/noarr/gemmScatter-noarr-C_SCATTER_J_MAJOR-A_SCATTER_K_MAJOR-B_SCATTER_J_MAJOR-SMALL-FLOAT-C_TILE_J_MAJOR-A_TILE_I_MAJOR-B_TILE_K_MAJOR
build/examples/noarr/gemmScatter-noarr-C_SCATTER_I_MAJOR-A_SCATTER_I_MAJOR-B_SCATTER_J_MAJOR-MINI-FLOAT-C_TILE_I_MAJOR-A_TILE_K_MAJOR-B_TILE_J_MAJOR
build/examples/noarr/gemmScatter-noarr-C_SCATTER_I_MAJOR-A_SCATTER_I_MAJOR-B_SCATTER_K_MAJOR-LARGE-FLOAT-C_TILE_J_MAJOR-A_TILE_I_MAJOR-B_TILE_J_MAJOR
build/examples/noarr/gemmScatter-noarr-C_SCATTER_I_MAJOR-A_SCATTER_K_MAJOR-B_SCATTER_J_MAJOR-MEDIUM-FLOAT-C_TILE_J_MAJOR-A_TILE_I_MAJOR-B_TILE_K_MAJOR
build/examples/noarr/gemmScatter-noarr-C_SCATTER_I_MAJOR-A_SCATTER_K_MAJOR-B_SCATTER_J_MAJOR-LARGE-FLOAT-C_TILE_J_MAJOR-A_TILE_I_MAJOR-B_TILE_K_MAJOR
build/examples/noarr/gemmScatter-noarr-C_SCATTER_J_MAJOR-A_SCATTER_I_MAJOR-B_SCATTER_J_MAJOR-MEDIUM-FLOAT-C_TILE_J_MAJOR-A_TILE_I_MAJOR-B_TILE_K_MAJOR
build/examples/noarr/gemmScatter-noarr-C_SCATTER_J_MAJOR-A_SCATTER_K_MAJOR-B_SCATTER_J_MAJOR-SMALL-FLOAT-C_TILE_I_MAJOR-A_TILE_K_MAJOR-B_TILE_K_MAJOR
build/examples/noarr/gemmScatter-noarr-C_SCATTER_J_MAJOR-A_SCATTER_K_MAJOR-B_SCATTER_K_MAJOR-EXTRALARGE-FLOAT-C_TILE_J_MAJOR-A_TILE_I_MAJOR-B_TILE_K_MAJOR
build/examples/noarr/gemmScatter-noarr-C_SCATTER_J_MAJOR-A_SCATTER_I_MAJOR-B_SCATTER_J_MAJOR-MINI-FLOAT-C_TILE_J_MAJOR-A_TILE_K_MAJOR-B_TILE_K_MAJOR
build/examples/noarr/gemmScatter-noarr-C_SCATTER_J_MAJOR-A_SCATTER_K_MAJOR-B_SCATTER_K_MAJOR-LARGE-FLOAT-C_TILE_J_MAJOR-A_TILE_K_MAJOR-B_TILE_K_MAJOR
build/examples/noarr/gemmScatter-noarr-C_SCATTER_J_MAJOR-A_SCATTER_I_MAJOR-B_SCATTER_J_MAJOR-EXTRALARGE-FLOAT-C_TILE_I_MAJOR-A_TILE_I_MAJOR-B_TILE_K_MAJOR
build/examples/noarr/gemmScatter-noarr-C_SCATTER_I_MAJOR-A_SCATTER_K_MAJOR-B_SCATTER_K_MAJOR-MINI-FLOAT-C_TILE_I_MAJOR-A_TILE_I_MAJOR-B_TILE_J_MAJOR
build/examples/noarr/gemmScatter-noarr-C_SCATTER_I_MAJOR-A_SCATTER_K_MAJOR-B_SCATTER_K_MAJOR-LARGE-FLOAT-C_TILE_J_MAJOR-A_TILE_I_MAJOR-B_TILE_K_MAJOR
build/examples/noarr/gemmScatter-noarr-C_SCATTER_J_MAJOR-A_SCATTER_K_MAJOR-B_SCATTER_K_MAJOR-MEDIUM-FLOAT-C_TILE_I_MAJOR-A_TILE_K_MAJOR-B_TILE_K_MAJOR
build/examples/noarr/gemmScatter-noarr-C_SCATTER_J_MAJOR-A_SCATTER_I_MAJOR-B_SCATTER_J_MAJOR-LARGE-FLOAT-C_TILE_I_MAJOR-A_TILE_I_MAJOR-B_TILE_K_MAJOR
build/examples/noarr/gemmScatter-noarr-C_SCATTER_I_MAJOR-A_SCATTER_K_MAJOR-B_SCATTER_K_MAJOR-LARGE-FLOAT-C_TILE_I_MAJOR-A_TILE_I_MAJOR-B_TILE_J_MAJOR
build/examples/noarr/gemmScatter-noarr-C_SCATTER_J_MAJOR-A_SCATTER_K_MAJOR-B_SCATTER_K_MAJOR-LARGE-FLOAT-C_TILE_J_MAJOR-A_TILE_I_MAJOR-B_TILE_J_MAJOR
build/examples/noarr/gemmScatter-noarr-C_SCATTER_J_MAJOR-A_SCATTER_I_MAJOR-B_SCATTER_J_MAJOR-EXTRALARGE-FLOAT-C_TILE_I_MAJOR-A_TILE_I_MAJOR-B_TILE_J_MAJOR
build/examples/noarr/gemmScatter-noarr-C_SCATTER_I_MAJOR-A_SCATTER_I_MAJOR-B_SCATTER_K_MAJOR-LARGE-FLOAT-C_TILE_I_MAJOR-A_TILE_K_MAJOR-B_TILE_K_MAJOR
build/examples/noarr/gemmScatter-noarr-C_SCATTER_J_MAJOR-A_SCATTER_K_MAJOR-B_SCATTER_J_MAJOR-SMALL-FLOAT-C_TILE_I_MAJOR-A_TILE_I_MAJOR-B_TILE_K_MAJOR
build/examples/noarr/gemmScatter-noarr-C_SCATTER_J_MAJOR-A_SCATTER_I_MAJOR-B_SCATTER_K_MAJOR-LARGE-FLOAT-C_TILE_I_MAJOR-A_TILE_K_MAJOR-B_TILE_J_MAJOR
build/examples/noarr/gemmScatter-noarr-C_SCATTER_I_MAJOR-A_SCATTER_K_MAJOR-B_SCATTER_J_MAJOR-LARGE-FLOAT-C_TILE_J_MAJOR-A_TILE_K_MAJOR-B_TILE_K_MAJOR
build/examples/noarr/gemmScatter-noarr-C_SCATTER_I_MAJOR-A_SCATTER_I_MAJOR-B_SCATTER_K_MAJOR-LARGE-FLOAT-C_TILE_J_MAJOR-A_TILE_K_MAJOR-B_TILE_K_MAJOR
build/examples/noarr/gemmScatter-noarr-C_SCATTER_I_MAJOR-A_SCATTER_I_MAJOR-B_SCATTER_J_MAJOR-MEDIUM-FLOAT-C_TILE_I_MAJOR-A_TILE_K_MAJOR-B_TILE_J_MAJOR
build/examples/noarr/gemmScatter-noarr-C_SCATTER_J_MAJOR-A_SCATTER_I_MAJOR-B_SCATTER_K_MAJOR-MEDIUM-FLOAT-C_TILE_I_MAJOR-A_TILE_I_MAJOR-B_TILE_K_MAJOR
build/examples/noarr/gemmScatter-noarr-C_SCATTER_J_MAJOR-A_SCATTER_I_MAJOR-B_SCATTER_J_MAJOR-SMALL-FLOAT-C_TILE_I_MAJOR-A_TILE_K_MAJOR-B_TILE_J_MAJOR
build/examples/noarr/gemmScatter-noarr-C_SCATTER_I_MAJOR-A_SCATTER_I_MAJOR-B_SCATTER_K_MAJOR-MINI-FLOAT-C_TILE_J_MAJOR-A_TILE_I_MAJOR-B_TILE_K_MAJOR
build/examples/noarr/gemmScatter-noarr-C_SCATTER_I_MAJOR-A_SCATTER_I_MAJOR-B_SCATTER_J_MAJOR-EXTRALARGE-FLOAT-C_TILE_I_MAJOR-A_TILE_I_MAJOR-B_TILE_J_MAJOR
build/examples/noarr/gemmScatter-noarr-C_SCATTER_J_MAJOR-A_SCATTER_I_MAJOR-B_SCATTER_J_MAJOR-MINI-FLOAT-C_TILE_I_MAJOR-A_TILE_I_MAJOR-B_TILE_J_MAJOR
build/examples/noarr/gemmScatter-noarr-C_SCATTER_I_MAJOR-A_SCATTER_I_MAJOR-B_SCATTER_J_MAJOR-EXTRALARGE-FLOAT-C_TILE_I_MAJOR-A_TILE_K_MAJOR-B_TILE_J_MAJOR
build/examples/noarr/gemmScatter-noarr-C_SCATTER_J_MAJOR-A_SCATTER_I_MAJOR-B_SCATTER_K_MAJOR-SMALL-FLOAT-C_TILE_J_MAJOR-A_TILE_I_MAJOR-B_TILE_K_MAJOR
build/examples/noarr/gemmScatter-noarr-C_SCATTER_I_MAJOR-A_SCATTER_K_MAJOR-B_SCATTER_J_MAJOR-MINI-FLOAT-C_TILE_I_MAJOR-A_TILE_I_MAJOR-B_TILE_K_MAJOR
build/examples/noarr/gemmScatter-noarr-C_SCATTER_I_MAJOR-A_SCATTER_K_MAJOR-B_SCATTER_K_MAJOR-MEDIUM-FLOAT-C_TILE_I_MAJOR-A_TILE_I_MAJOR-B_TILE_K_MAJOR
build/examples/noarr/gemmScatter-noarr-C_SCATTER_I_MAJOR-A_SCATTER_K_MAJOR-B_SCATTER_J_MAJOR-MEDIUM-FLOAT-C_TILE_J_MAJOR-A_TILE_K_MAJOR-B_TILE_K_MAJOR
build/examples/noarr/gemmScatter-noarr-C_SCATTER_I_MAJOR-A_SCATTER_K_MAJOR-B_SCATTER_J_MAJOR-SMALL-FLOAT-C_TILE_J_MAJOR-A_TILE_K_MAJOR-B_TILE_J_MAJOR
build/examples/noarr/gemmScatter-noarr-C_SCATTER_J_MAJOR-A_SCATTER_K_MAJOR-B_SCATTER_J_MAJOR-LARGE-FLOAT-C_TILE_J_MAJOR-A_TILE_K_MAJOR-B_TILE_K_MAJOR
build/examples/noarr/gemmScatter-noarr-C_SCATTER_J_MAJOR-A_SCATTER_I_MAJOR-B_SCATTER_K_MAJOR-EXTRALARGE-FLOAT-C_TILE_J_MAJOR-A_TILE_K_MAJOR-B_TILE_J_MAJOR
build/examples/noarr/gemmScatter-noarr-C_SCATTER_J_MAJOR-A_SCATTER_K_MAJOR-B_SCATTER_J_MAJOR-EXTRALARGE-FLOAT-C_TILE_I_MAJOR-A_TILE_K_MAJOR-B_TILE_K_MAJOR
build/examples/noarr/gemmScatter-noarr-C_SCATTER_I_MAJOR-A_SCATTER_I_MAJOR-B_SCATTER_K_MAJOR-EXTRALARGE-FLOAT-C_TILE_J_MAJOR-A_TILE_I_MAJOR-B_TILE_J_MAJOR
build/examples/noarr/gemmScatter-noarr-C_SCATTER_J_MAJOR-A_SCATTER_I_MAJOR-B_SCATTER_K_MAJOR-MEDIUM-FLOAT-C_TILE_J_MAJOR-A_TILE_K_MAJOR-B_TILE_K_MAJOR
build/examples/noarr/gemmScatter-noarr-C_SCATTER_I_MAJOR-A_SCATTER_K_MAJOR-B_SCATTER_J_MAJOR-EXTRALARGE-FLOAT-C_TILE_J_MAJOR-A_TILE_I_MAJOR-B_TILE_J_MAJOR
build/examples/noarr/gemmScatter-noarr-C_SCATTER_J_MAJOR-A_SCATTER_K_MAJOR-B_SCATTER_K_MAJOR-EXTRALARGE-FLOAT-C_TILE_I_MAJOR-A_TILE_I_MAJOR-B_TILE_K_MAJOR
build/examples/noarr/gemmScatter-noarr-C_SCATTER_I_MAJOR-A_SCATTER_I_MAJOR-B_SCATTER_J_MAJOR-EXTRALARGE-FLOAT-C_TILE_J_MAJOR-A_TILE_I_MAJOR-B_TILE_K_MAJOR
build/examples/noarr/gemmScatter-noarr-C_SCATTER_I_MAJOR-A_SCATTER_I_MAJOR-B_SCATTER_J_MAJOR-MINI-FLOAT-C_TILE_I_MAJOR-A_TILE_I_MAJOR-B_TILE_J_MAJOR
build/examples/noarr/gemmScatter-noarr-C_SCATTER_J_MAJOR-A_SCATTER_I_MAJOR-B_SCATTER_J_MAJOR-MINI-FLOAT-C_TILE_I_MAJOR-A_TILE_I_MAJOR-B_TILE_K_MAJOR
build/examples/noarr/gemmScatter-noarr-C_SCATTER_J_MAJOR-A_SCATTER_K_MAJOR-B_SCATTER_J_MAJOR-EXTRALARGE-FLOAT-C_TILE_I_MAJOR-A_TILE_I_MAJOR-B_TILE_J_MAJOR
build/examples/noarr/gemmScatter-noarr-C_SCATTER_J_MAJOR-A_SCATTER_K_MAJOR-B_SCATTER_J_MAJOR-EXTRALARGE-FLOAT-C_TILE_J_MAJOR-A_TILE_K_MAJOR-B_TILE_K_MAJOR
build/examples/noarr/gemmScatter-noarr-C_SCATTER_I_MAJOR-A_SCATTER_K_MAJOR-B_SCATTER_K_MAJOR-SMALL-FLOAT-C_TILE_J_MAJOR-A_TILE_I_MAJOR-B_TILE_J_MAJOR
build/examples/noarr/gemmScatter-noarr-C_SCATTER_I_MAJOR-A_SCATTER_I_MAJOR-B_SCATTER_J_MAJOR-SMALL-FLOAT-C_TILE_J_MAJOR-A_TILE_K_MAJOR-B_TILE_K_MAJOR
build/examples/noarr/gemmScatter-noarr-C_SCATTER_J_MAJOR-A_SCATTER_I_MAJOR-B_SCATTER_J_MAJOR-EXTRALARGE-FLOAT-C_TILE_I_MAJOR-A_TILE_K_MAJOR-B_TILE_J_MAJOR
build/examples/noarr/gemmScatter-noarr-C_SCATTER_I_MAJOR-A_SCATTER_I_MAJOR-B_SCATTER_J_MAJOR-MEDIUM-FLOAT-C_TILE_I_MAJOR-A_TILE_K_MAJOR-B_TILE_K_MAJOR
build/examples/noarr/gemmScatter-noarr-C_SCATTER_J_MAJOR-A_SCATTER_I_MAJOR-B_SCATTER_K_MAJOR-EXTRALARGE-FLOAT-C_TILE_J_MAJOR-A_TILE_K_MAJOR-B_TILE_K_MAJOR
build/examples/noarr/gemmScatter-noarr-C_SCATTER_I_MAJOR-A_SCATTER_I_MAJOR-B_SCATTER_J_MAJOR-MEDIUM-FLOAT-C_TILE_J_MAJOR-A_TILE_I_MAJOR-B_TILE_J_MAJOR
build/examples/noarr/gemmScatter-noarr-C_SCATTER_J_MAJOR-A_SCATTER_I_MAJOR-B_SCATTER_K_MAJOR-MINI-FLOAT-C_TILE_J_MAJOR-A_TILE_I_MAJOR-B_TILE_K_MAJOR
build/examples/noarr/gemmScatter-noarr-C_SCATTER_J_MAJOR-A_SCATTER_K_MAJOR-B_SCATTER_K_MAJOR-LARGE-FLOAT-C_TILE_I_MAJOR-A_TILE_I_MAJOR-B_TILE_J_MAJOR
build/examples/noarr/gemmScatter-noarr-C_SCATTER_I_MAJOR-A_SCATTER_K_MAJOR-B_SCATTER_K_MAJOR-SMALL-FLOAT-C_TILE_J_MAJOR-A_TILE_K_MAJOR-B_TILE_J_MAJOR
build/examples/noarr/gemmScatter-noarr-C_SCATTER_I_MAJOR-A_SCATTER_K_MAJOR-B_SCATTER_J_MAJOR-LARGE-FLOAT-C_TILE_I_MAJOR-A_TILE_K_MAJOR-B_TILE_J_MAJOR
build/examples/noarr/gemmScatter-noarr-C_SCATTER_I_MAJOR-A_SCATTER_I_MAJOR-B_SCATTER_J_MAJOR-MINI-FLOAT-C_TILE_J_MAJOR-A_TILE_I_MAJOR-B_TILE_K_MAJOR
build/examples/noarr/gemmScatter-noarr-C_SCATTER_I_MAJOR-A_SCATTER_K_MAJOR-B_SCATTER_K_MAJOR-LARGE-FLOAT-C_TILE_J_MAJOR-A_TILE_K_MAJOR-B_TILE_K_MAJOR
build/examples/noarr/gemmScatter-noarr-C_SCATTER_J_MAJOR-A_SCATTER_I_MAJOR-B_SCATTER_K_MAJOR-SMALL-FLOAT-C_TILE_I_MAJOR-A_TILE_I_MAJOR-B_TILE_K_MAJOR
build/examples/noarr/gemmScatter-noarr-C_SCATTER_I_MAJOR-A_SCATTER_K_MAJOR-B_SCATTER_J_MAJOR-MINI-FLOAT-C_TILE_J_MAJOR-A_TILE_K_MAJOR-B_TILE_K_MAJOR
build/examples/noarr/gemmScatter-noarr-C_SCATTER_I_MAJOR-A_SCATTER_K_MAJOR-B_SCATTER_J_MAJOR-MEDIUM-FLOAT-C_TILE_I_MAJOR-A_TILE_I_MAJOR-B_TILE_K_MAJOR
build/examples/noarr/gemmScatter-noarr-C_SCATTER_I_MAJOR-A_SCATTER_I_MAJOR-B_SCATTER_K_MAJOR-MEDIUM-FLOAT-C_TILE_I_MAJOR-A_TILE_I_MAJOR-B_TILE_J_MAJOR
build/examples/noarr/gemmScatter-noarr-C_SCATTER_I_MAJOR-A_SCATTER_I_MAJOR-B_SCATTER_J_MAJOR-MINI-FLOAT-C_TILE_I_MAJOR-A_TILE_K_MAJOR-B_TILE_K_MAJOR
build/examples/noarr/gemmScatter-noarr-C_SCATTER_I_MAJOR-A_SCATTER_K_MAJOR-B_SCATTER_J_MAJOR-MEDIUM-FLOAT-C_TILE_J_MAJOR-A_TILE_K_MAJOR-B_TILE_J_MAJOR
build/examples/noarr/gemmScatter-noarr-C_SCATTER_I_MAJOR-A_SCATTER_I_MAJOR-B_SCATTER_J_MAJOR-EXTRALARGE-FLOAT-C_TILE_J_MAJOR-A_TILE_K_MAJOR-B_TILE_K_MAJOR
build/examples/noarr/gemmScatter-noarr-C_SCATTER_J_MAJOR-A_SCATTER_I_MAJOR-B_SCATTER_J_MAJOR-SMALL-FLOAT-C_TILE_J_MAJOR-A_TILE_I_MAJOR-B_TILE_J_MAJOR
build/examples/noarr/gemmScatter-noarr-C_SCATTER_I_MAJOR-A_SCATTER_K_MAJOR-B_SCATTER_J_MAJOR-MINI-FLOAT-C_TILE_I_MAJOR-A_TILE_I_MAJOR-B_TILE_J_MAJOR
build/examples/noarr/gemmScatter-noarr-C_SCATTER_J_MAJOR-A_SCATTER_I_MAJOR-B_SCATTER_K_MAJOR-EXTRALARGE-FLOAT-C_TILE_J_MAJOR-A_TILE_I_MAJOR-B_TILE_K_MAJOR
build/examples/noarr/gemmScatter-noarr-C_SCATTER_I_MAJOR-A_SCATTER_K_MAJOR-B_SCATTER_J_MAJOR-SMALL-FLOAT-C_TILE_J_MAJOR-A_TILE_I_MAJOR-B_TILE_K_MAJOR
build/examples/noarr/gemmScatter-noarr-C_SCATTER_I_MAJOR-A_SCATTER_K_MAJOR-B_SCATTER_J_MAJOR-LARGE-FLOAT-C_TILE_J_MAJOR-A_TILE_K_MAJOR-B_TILE_J_MAJOR
build/examples/noarr/gemmScatter-noarr-C_SCATTER_J_MAJOR-A_SCATTER_I_MAJOR-B_SCATTER_J_MAJOR-LARGE-FLOAT-C_TILE_I_MAJOR-A_TILE_I_MAJOR-B_TILE_J_MAJOR
build/examples/noarr/gemmScatter-noarr-C_SCATTER_J_MAJOR-A_SCATTER_K_MAJOR-B_SCATTER_K_MAJOR-MINI-FLOAT-C_TILE_I_MAJOR-A_TILE_K_MAJOR-B_TILE_K_MAJOR
build/examples/noarr/gemmScatter-noarr-C_SCATTER_J_MAJOR-A_SCATTER_I_MAJOR-B_SCATTER_J_MAJOR-MINI-FLOAT-C_TILE_I_MAJOR-A_TILE_K_MAJOR-B_TILE_J_MAJOR
build/examples/noarr/gemmScatter-noarr-C_SCATTER_I_MAJOR-A_SCATTER_K_MAJOR-B_SCATTER_K_MAJOR-EXTRALARGE-FLOAT-C_TILE_J_MAJOR-A_TILE_I_MAJOR-B_TILE_J_MAJOR
build/examples/noarr/gemmScatter-noarr-C_SCATTER_I_MAJOR-A_SCATTER_I_MAJOR-B_SCATTER_J_MAJOR-LARGE-FLOAT-C_TILE_J_MAJOR-A_TILE_K_MAJOR-B_TILE_J_MAJOR
build/examples/noarr/gemmScatter-noarr-C_SCATTER_I_MAJOR-A_SCATTER_I_MAJOR-B_SCATTER_J_MAJOR-SMALL-FLOAT-C_TILE_J_MAJOR-A_TILE_K_MAJOR-B_TILE_J_MAJOR
build/examples/noarr/gemmScatter-noarr-C_SCATTER_I_MAJOR-A_SCATTER_I_MAJOR-B_SCATTER_K_MAJOR-MINI-FLOAT-C_TILE_I_MAJOR-A_TILE_I_MAJOR-B_TILE_K_MAJOR
build/examples/noarr/gemmScatter-noarr-C_SCATTER_J_MAJOR-A_SCATTER_I_MAJOR-B_SCATTER_J_MAJOR-MEDIUM-FLOAT-C_TILE_J_MAJOR-A_TILE_K_MAJOR-B_TILE_K_MAJOR
build/examples/noarr/gemmScatter-noarr-C_SCATTER_I_MAJOR-A_SCATTER_I_MAJOR-B_SCATTER_K_MAJOR-MEDIUM-FLOAT-C_TILE_I_MAJOR-A_TILE_K_MAJOR-B_TILE_J_MAJOR
build/examples/noarr/gemmScatter-noarr-C_SCATTER_J_MAJOR-A_SCATTER_K_MAJOR-B_SCATTER_J_MAJOR-MEDIUM-FLOAT-C_TILE_J_MAJOR-A_TILE_K_MAJOR-B_TILE_J_MAJOR
build/examples/noarr/gemmScatter-noarr-C_SCATTER_J_MAJOR-A_SCATTER_I_MAJOR-B_SCATTER_J_MAJOR-MEDIUM-FLOAT-C_TILE_I_MAJOR-A_TILE_K_MAJOR-B_TILE_J_MAJOR
build/examples/noarr/gemmScatter-noarr-C_SCATTER_J_MAJOR-A_SCATTER_K_MAJOR-B_SCATTER_J_MAJOR-LARGE-FLOAT-C_TILE_I_MAJOR-A_TILE_K_MAJOR-B_TILE_J_MAJOR
build/examples/noarr/gemmScatter-noarr-C_SCATTER_I_MAJOR-A_SCATTER_K_MAJOR-B_SCATTER_K_MAJOR-MINI-FLOAT-C_TILE_I_MAJOR-A_TILE_K_MAJOR-B_TILE_J_MAJOR
build/examples/noarr/gemmScatter-noarr-C_SCATTER_I_MAJOR-A_SCATTER_K_MAJOR-B_SCATTER_J_MAJOR-MEDIUM-FLOAT-C_TILE_I_MAJOR-A_TILE_K_MAJOR-B_TILE_J_MAJOR
build/examples/noarr/gemmScatter-noarr-C_SCATTER_I_MAJOR-A_SCATTER_I_MAJOR-B_SCATTER_J_MAJOR-SMALL-FLOAT-C_TILE_I_MAJOR-A_TILE_K_MAJOR-B_TILE_K_MAJOR
build/examples/noarr/gemmScatter-noarr-C_SCATTER_I_MAJOR-A_SCATTER_I_MAJOR-B_SCATTER_J_MAJOR-EXTRALARGE-FLOAT-C_TILE_J_MAJOR-A_TILE_K_MAJOR-B_TILE_J_MAJOR
build/examples/noarr/gemmScatter-noarr-C_SCATTER_I_MAJOR-A_SCATTER_I_MAJOR-B_SCATTER_K_MAJOR-MINI-FLOAT-C_TILE_I_MAJOR-A_TILE_I_MAJOR-B_TILE_J_MAJOR
build/examples/noarr/gemmScatter-noarr-C_SCATTER_J_MAJOR-A_SCATTER_I_MAJOR-B_SCATTER_K_MAJOR-LARGE-FLOAT-C_TILE_J_MAJOR-A_TILE_K_MAJOR-B_TILE_K_MAJOR
build/examples/noarr/gemmScatter-noarr-C_SCATTER_I_MAJOR-A_SCATTER_K_MAJOR-B_SCATTER_K_MAJOR-MINI-FLOAT-C_TILE_J_MAJOR-A_TILE_I_MAJOR-B_TILE_J_MAJOR
build/examples/noarr/gemmScatter-noarr-C_SCATTER_I_MAJOR-A_SCATTER_K_MAJOR-B_SCATTER_K_MAJOR-MINI-FLOAT-C_TILE_J_MAJOR-A_TILE_K_MAJOR-B_TILE_J_MAJOR
build/examples/noarr/gemmScatter-noarr-C_SCATTER_J_MAJOR-A_SCATTER_K_MAJOR-B_SCATTER_K_MAJOR-MINI-FLOAT-C_TILE_I_MAJOR-A_TILE_I_MAJOR-B_TILE_J_MAJOR
build/examples/noarr/gemmScatter-noarr-C_SCATTER_I_MAJOR-A_SCATTER_I_MAJOR-B_SCATTER_J_MAJOR-LARGE-FLOAT-C_TILE_I_MAJOR-A_TILE_I_MAJOR-B_TILE_K_MAJOR
build/examples/noarr/gemmScatter-noarr-C_SCATTER_I_MAJOR-A_SCATTER_I_MAJOR-B_SCATTER_K_MAJOR-SMALL-FLOAT-C_TILE_J_MAJOR-A_TILE_K_MAJOR-B_TILE_J_MAJOR
build/examples/noarr/gemmScatter-noarr-C_SCATTER_I_MAJOR-A_SCATTER_K_MAJOR-B_SCATTER_J_MAJOR-MINI-FLOAT-C_TILE_I_MAJOR-A_TILE_K_MAJOR-B_TILE_J_MAJOR
build/examples/noarr/gemmScatter-noarr-C_SCATTER_J_MAJOR-A_SCATTER_I_MAJOR-B_SCATTER_J_MAJOR-LARGE-FLOAT-C_TILE_J_MAJOR-A_TILE_K_MAJOR-B_TILE_J_MAJOR
build/examples/noarr/gemmScatter-noarr-C_SCATTER_J_MAJOR-A_SCATTER_K_MAJOR-B_SCATTER_J_MAJOR-EXTRALARGE-FLOAT-C_TILE_J_MAJOR-A_TILE_I_MAJOR-B_TILE_K_MAJOR
build/examples/noarr/gemmScatter-noarr-C_SCATTER_J_MAJOR-A_SCATTER_K_MAJOR-B_SCATTER_K_MAJOR-SMALL-FLOAT-C_TILE_I_MAJOR-A_TILE_K_MAJOR-B_TILE_K_MAJOR
build/examples/noarr/gemmScatter-noarr-C_SCATTER_I_MAJOR-A_SCATTER_I_MAJOR-B_SCATTER_J_MAJOR-LARGE-FLOAT-C_TILE_J_MAJOR-A_TILE_I_MAJOR-B_TILE_J_MAJOR
build/examples/noarr/gemmScatter-noarr-C_SCATTER_I_MAJOR-A_SCATTER_I_MAJOR-B_SCATTER_K_MAJOR-LARGE-FLOAT-C_TILE_J_MAJOR-A_TILE_I_MAJOR-B_TILE_K_MAJOR
build/examples/noarr/gemmScatter-noarr-C_SCATTER_J_MAJOR-A_SCATTER_K_MAJOR-B_SCATTER_J_MAJOR-MINI-FLOAT-C_TILE_J_MAJOR-A_TILE_K_MAJOR-B_TILE_K_MAJOR
build/examples/noarr/gemmScatter-noarr-C_SCATTER_I_MAJOR-A_SCATTER_I_MAJOR-B_SCATTER_K_MAJOR-SMALL-FLOAT-C_TILE_I_MAJOR-A_TILE_I_MAJOR-B_TILE_K_MAJOR
build/examples/noarr/gemmScatter-noarr-C_SCATTER_I_MAJOR-A_SCATTER_K_MAJOR-B_SCATTER_J_MAJOR-EXTRALARGE-FLOAT-C_TILE_I_MAJOR-A_TILE_K_MAJOR-B_TILE_J_MAJOR
build/examples/noarr/gemmScatter-noarr-C_SCATTER_J_MAJOR-A_SCATTER_K_MAJOR-B_SCATTER_K_MAJOR-SMALL-FLOAT-C_TILE_I_MAJOR-A_TILE_I_MAJOR-B_TILE_K_MAJOR
build/examples/noarr/gemmScatter-noarr-C_SCATTER_J_MAJOR-A_SCATTER_I_MAJOR-B_SCATTER_K_MAJOR-LARGE-FLOAT-C_TILE_J_MAJOR-A_TILE_I_MAJOR-B_TILE_K_MAJOR
build/examples/noarr/gemmScatter-noarr-C_SCATTER_I_MAJOR-A_SCATTER_I_MAJOR-B_SCATTER_K_MAJOR-EXTRALARGE-FLOAT-C_TILE_I_MAJOR-A_TILE_K_MAJOR-B_TILE_K_MAJOR
build/examples/noarr/gemmScatter-noarr-C_SCATTER_J_MAJOR-A_SCATTER_I_MAJOR-B_SCATTER_K_MAJOR-MINI-FLOAT-C_TILE_I_MAJOR-A_TILE_I_MAJOR-B_TILE_K_MAJOR
build/examples/noarr/gemmScatter-noarr-C_SCATTER_J_MAJOR-A_SCATTER_I_MAJOR-B_SCATTER_K_MAJOR-EXTRALARGE-FLOAT-C_TILE_J_MAJOR-A_TILE_I_MAJOR-B_TILE_J_MAJOR
build/examples/noarr/gemmScatter-noarr-C_SCATTER_J_MAJOR-A_SCATTER_I_MAJOR-B_SCATTER_J_MAJOR-LARGE-FLOAT-C_TILE_I_MAJOR-A_TILE_K_MAJOR-B_TILE_K_MAJOR
build/examples/noarr/gemmScatter-noarr-C_SCATTER_I_MAJOR-A_SCATTER_K_MAJOR-B_SCATTER_K_MAJOR-SMALL-FLOAT-C_TILE_I_MAJOR-A_TILE_K_MAJOR-B_TILE_K_MAJOR
build/examples/noarr/gemmScatter-noarr-C_SCATTER_I_MAJOR-A_SCATTER_K_MAJOR-B_SCATTER_J_MAJOR-MEDIUM-FLOAT-C_TILE_J_MAJOR-A_TILE_I_MAJOR-B_TILE_J_MAJOR
build/examples/noarr/gemmScatter-noarr-C_SCATTER_J_MAJOR-A_SCATTER_K_MAJOR-B_SCATTER_K_MAJOR-SMALL-FLOAT-C_TILE_J_MAJOR-A_TILE_I_MAJOR-B_TILE_K_MAJOR
build/examples/noarr/gemmScatter-noarr-C_SCATTER_J_MAJOR-A_SCATTER_K_MAJOR-B_SCATTER_K_MAJOR-LARGE-FLOAT-C_TILE_J_MAJOR-A_TILE_K_MAJOR-B_TILE_J_MAJOR
build/examples/noarr/gemmScatter-noarr-C_SCATTER_J_MAJOR-A_SCATTER_K_MAJOR-B_SCATTER_J_MAJOR-EXTRALARGE-FLOAT-C_TILE_J_MAJOR-A_TILE_K_MAJOR-B_TILE_J_MAJOR
build/examples/noarr/gemmScatter-noarr-C_SCATTER_J_MAJOR-A_SCATTER_K_MAJOR-B_SCATTER_K_MAJOR-LARGE-FLOAT-C_TILE_I_MAJOR-A_TILE_K_MAJOR-B_TILE_K_MAJOR
build/examples/noarr/gemmScatter-noarr-C_SCATTER_J_MAJOR-A_SCATTER_K_MAJOR-B_SCATTER_J_MAJOR-LARGE-FLOAT-C_TILE_I_MAJOR-A_TILE_K_MAJOR-B_TILE_K_MAJOR
build/examples/noarr/gemmScatter-noarr-C_SCATTER_J_MAJOR-A_SCATTER_K_MAJOR-B_SCATTER_K_MAJOR-SMALL-FLOAT-C_TILE_J_MAJOR-A_TILE_K_MAJOR-B_TILE_J_MAJOR
build/examples/noarr/gemmScatter-noarr-C_SCATTER_J_MAJOR-A_SCATTER_K_MAJOR-B_SCATTER_K_MAJOR-MINI-FLOAT-C_TILE_J_MAJOR-A_TILE_I_MAJOR-B_TILE_J_MAJOR
build/examples/noarr/gemmScatter-noarr-C_SCATTER_J_MAJOR-A_SCATTER_I_MAJOR-B_SCATTER_J_MAJOR-LARGE-FLOAT-C_TILE_I_MAJOR-A_TILE_K_MAJOR-B_TILE_J_MAJOR
build/examples/noarr/gemmScatter-noarr-C_SCATTER_I_MAJOR-A_SCATTER_I_MAJOR-B_SCATTER_J_MAJOR-MINI-FLOAT-C_TILE_J_MAJOR-A_TILE_I_MAJOR-B_TILE_J_MAJOR
build/examples/noarr/gemmScatter-noarr-C_SCATTER_I_MAJOR-A_SCATTER_I_MAJOR-B_SCATTER_K_MAJOR-MEDIUM-FLOAT-C_TILE_J_MAJOR-A_TILE_I_MAJOR-B_TILE_K_MAJOR
build/examples/noarr/gemmScatter-noarr-C_SCATTER_I_MAJOR-A_SCATTER_I_MAJOR-B_SCATTER_K_MAJOR-SMALL-FLOAT-C_TILE_J_MAJOR-A_TILE_I_MAJOR-B_TILE_K_MAJOR
build/examples/noarr/gemmScatter-noarr-C_SCATTER_J_MAJOR-A_SCATTER_K_MAJOR-B_SCATTER_K_MAJOR-SMALL-FLOAT-C_TILE_I_MAJOR-A_TILE_K_MAJOR-B_TILE_J_MAJOR
build/examples/noarr/gemmScatter-noarr-C_SCATTER_J_MAJOR-A_SCATTER_I_MAJOR-B_SCATTER_K_MAJOR-SMALL-FLOAT-C_TILE_J_MAJOR-A_TILE_I_MAJOR-B_TILE_J_MAJOR
build/examples/noarr/gemmScatter-noarr-C_SCATTER_J_MAJOR-A_SCATTER_I_MAJOR-B_SCATTER_K_MAJOR-SMALL-FLOAT-C_TILE_J_MAJOR-A_TILE_K_MAJOR-B_TILE_J_MAJOR
build/examples/noarr/gemmScatter-noarr-C_SCATTER_I_MAJOR-A_SCATTER_I_MAJOR-B_SCATTER_J_MAJOR-LARGE-FLOAT-C_TILE_I_MAJOR-A_TILE_I_MAJOR-B_TILE_J_MAJOR
build/examples/noarr/gemmScatter-noarr-C_SCATTER_J_MAJOR-A_SCATTER_K_MAJOR-B_SCATTER_J_MAJOR-MINI-FLOAT-C_TILE_J_MAJOR-A_TILE_I_MAJOR-B_TILE_J_MAJOR
build/examples/noarr/gemmScatter-noarr-C_SCATTER_I_MAJOR-A_SCATTER_I_MAJOR-B_SCATTER_J_MAJOR-SMALL-FLOAT-C_TILE_J_MAJOR-A_TILE_I_MAJOR-B_TILE_J_MAJOR
build/examples/noarr/gemmScatter-noarr-C_SCATTER_J_MAJOR-A_SCATTER_K_MAJOR-B_SCATTER_J_MAJOR-EXTRALARGE-FLOAT-C_TILE_J_MAJOR-A_TILE_I_MAJOR-B_TILE_J_MAJOR
build/examples/noarr/gemmScatter-noarr-C_SCATTER_J_MAJOR-A_SCATTER_I_MAJOR-B_SCATTER_K_MAJOR-MEDIUM-FLOAT-C_TILE_I_MAJOR-A_TILE_K_MAJOR-B_TILE_K_MAJOR
build/examples/noarr/gemmScatter-noarr-C_SCATTER_I_MAJOR-A_SCATTER_I_MAJOR-B_SCATTER_K_MAJOR-LARGE-FLOAT-C_TILE_I_MAJOR-A_TILE_K_MAJOR-B_TILE_J_MAJOR
srun: job 129891 queued and waiting for resources
srun: job 129891 has been allocated resources
Running with 8 processes
srun: job 129892 queued and waiting for resources
srun: job 129892 has been allocated resources
Running with 8 processes
srun: job 129893 queued and waiting for resources
srun: job 129893 has been allocated resources
Running with 8 processes
srun: job 129894 queued and waiting for resources
srun: job 129894 has been allocated resources
Running with 8 processes
srun: job 129895 queued and waiting for resources
srun: job 129895 has been allocated resources
Running with 8 processes
srun: job 129896 queued and waiting for resources
srun: job 129896 has been allocated resources
Running with 8 processes
srun: job 129897 queued and waiting for resources
srun: job 129897 has been allocated resources
Running with 8 processes
srun: job 129898 queued and waiting for resources
srun: job 129898 has been allocated resources
Running with 8 processes
srun: job 129899 queued and waiting for resources
srun: job 129899 has been allocated resources
Running with 8 processes
srun: job 129900 queued and waiting for resources
srun: job 129900 has been allocated resources
Running with 8 processes
srun: job 129901 queued and waiting for resources
srun: job 129901 has been allocated resources
Running with 8 processes
srun: job 129902 queued and waiting for resources
srun: job 129902 has been allocated resources
Running with 8 processes
srun: job 129903 queued and waiting for resources
srun: job 129903 has been allocated resources
Running with 8 processes
srun: job 129904 queued and waiting for resources
srun: job 129904 has been allocated resources
Running with 8 processes
srun: job 129905 queued and waiting for resources
srun: job 129905 has been allocated resources
Running with 8 processes
srun: job 129906 queued and waiting for resources
srun: job 129906 has been allocated resources
Running with 8 processes
srun: job 129907 queued and waiting for resources
srun: job 129907 has been allocated resources
Running with 8 processes
srun: job 129908 queued and waiting for resources
srun: job 129908 has been allocated resources
Running with 8 processes
srun: job 129909 queued and waiting for resources
srun: job 129909 has been allocated resources
Running with 8 processes
srun: job 129910 queued and waiting for resources
srun: job 129910 has been allocated resources
Running with 8 processes
srun: job 129911 queued and waiting for resources
srun: job 129911 has been allocated resources
Running with 8 processes
srun: job 129912 queued and waiting for resources
srun: job 129912 has been allocated resources
Running with 8 processes
srun: job 129913 queued and waiting for resources
srun: job 129913 has been allocated resources
Running with 8 processes
srun: job 129914 queued and waiting for resources
srun: job 129914 has been allocated resources
Running with 8 processes
srun: job 129915 queued and waiting for resources
srun: job 129915 has been allocated resources
Running with 8 processes
srun: job 129916 queued and waiting for resources
srun: job 129916 has been allocated resources
Running with 8 processes
srun: job 129917 queued and waiting for resources
srun: job 129917 has been allocated resources
Running with 8 processes
srun: job 129918 queued and waiting for resources
srun: job 129918 has been allocated resources
Running with 8 processes
srun: job 129919 queued and waiting for resources
srun: job 129919 has been allocated resources
Running with 8 processes
srun: job 129920 queued and waiting for resources
srun: job 129920 has been allocated resources
Running with 8 processes
srun: job 129921 queued and waiting for resources
srun: job 129921 has been allocated resources
Running with 8 processes
srun: job 129922 queued and waiting for resources
srun: job 129922 has been allocated resources
Running with 8 processes
srun: job 129923 queued and waiting for resources
srun: job 129923 has been allocated resources
Running with 8 processes
srun: job 129924 queued and waiting for resources
srun: job 129924 has been allocated resources
Running with 8 processes
srun: job 129925 queued and waiting for resources
srun: job 129925 has been allocated resources
Running with 8 processes
srun: job 129926 queued and waiting for resources
srun: job 129926 has been allocated resources
Running with 8 processes
srun: job 129927 queued and waiting for resources
srun: job 129927 has been allocated resources
Running with 8 processes
srun: job 129928 queued and waiting for resources
srun: job 129928 has been allocated resources
Running with 8 processes
srun: job 129929 queued and waiting for resources
srun: job 129929 has been allocated resources
Running with 8 processes
srun: job 129930 queued and waiting for resources
srun: job 129930 has been allocated resources
Running with 8 processes
srun: job 129931 queued and waiting for resources
srun: job 129931 has been allocated resources
Running with 8 processes
srun: job 129932 queued and waiting for resources
srun: job 129932 has been allocated resources
Running with 8 processes
srun: job 129933 queued and waiting for resources
srun: job 129933 has been allocated resources
Running with 8 processes
srun: job 129934 queued and waiting for resources
srun: job 129934 has been allocated resources
Running with 8 processes
srun: job 129935 queued and waiting for resources
srun: job 129935 has been allocated resources
Running with 8 processes
srun: job 129936 queued and waiting for resources
srun: job 129936 has been allocated resources
Running with 8 processes
srun: job 129937 queued and waiting for resources
srun: job 129937 has been allocated resources
Running with 8 processes
srun: job 129938 queued and waiting for resources
srun: job 129938 has been allocated resources
Running with 8 processes
srun: job 129939 queued and waiting for resources
srun: job 129939 has been allocated resources
Running with 8 processes
srun: job 129940 queued and waiting for resources
srun: job 129940 has been allocated resources
Running with 8 processes
srun: job 129941 queued and waiting for resources
srun: job 129941 has been allocated resources
Running with 8 processes
srun: job 129942 queued and waiting for resources
srun: job 129942 has been allocated resources
Running with 8 processes
srun: job 129943 queued and waiting for resources
srun: job 129943 has been allocated resources
Running with 8 processes
srun: job 129944 queued and waiting for resources
srun: job 129944 has been allocated resources
Running with 8 processes
srun: job 129945 queued and waiting for resources
srun: job 129945 has been allocated resources
Running with 8 processes
srun: job 129946 queued and waiting for resources
srun: job 129946 has been allocated resources
Running with 8 processes
srun: job 129947 queued and waiting for resources
srun: job 129947 has been allocated resources
Running with 8 processes
srun: job 129948 queued and waiting for resources
srun: job 129948 has been allocated resources
Running with 8 processes
srun: job 129949 queued and waiting for resources
srun: job 129949 has been allocated resources
Running with 8 processes
srun: job 129950 queued and waiting for resources
srun: job 129950 has been allocated resources
Running with 8 processes
srun: job 129951 queued and waiting for resources
srun: job 129951 has been allocated resources
Running with 8 processes
srun: job 129952 queued and waiting for resources
srun: job 129952 has been allocated resources
Running with 8 processes
srun: job 129953 queued and waiting for resources
srun: job 129953 has been allocated resources
Running with 8 processes
srun: job 129954 queued and waiting for resources
srun: job 129954 has been allocated resources
Running with 8 processes
srun: job 129955 queued and waiting for resources
srun: job 129955 has been allocated resources
Running with 8 processes
srun: job 129956 queued and waiting for resources
srun: job 129956 has been allocated resources
Running with 8 processes
srun: job 129957 queued and waiting for resources
srun: job 129957 has been allocated resources
Running with 8 processes
srun: job 129958 queued and waiting for resources
srun: job 129958 has been allocated resources
Running with 8 processes
srun: job 129959 queued and waiting for resources
srun: job 129959 has been allocated resources
Running with 8 processes
srun: job 129960 queued and waiting for resources
srun: job 129960 has been allocated resources
Running with 8 processes
srun: job 129961 queued and waiting for resources
srun: job 129961 has been allocated resources
Running with 8 processes
srun: job 129962 queued and waiting for resources
srun: job 129962 has been allocated resources
Running with 8 processes
srun: job 129963 queued and waiting for resources
srun: job 129963 has been allocated resources
Running with 8 processes
srun: job 129964 queued and waiting for resources
srun: job 129964 has been allocated resources
Running with 8 processes
srun: job 129965 queued and waiting for resources
srun: job 129965 has been allocated resources
Running with 8 processes
srun: job 129966 queued and waiting for resources
srun: job 129966 has been allocated resources
Running with 8 processes
srun: job 129967 queued and waiting for resources
srun: job 129967 has been allocated resources
Running with 8 processes
srun: job 129968 queued and waiting for resources
srun: job 129968 has been allocated resources
Running with 8 processes
srun: job 129969 queued and waiting for resources
srun: job 129969 has been allocated resources
Running with 8 processes
srun: job 129970 queued and waiting for resources
srun: job 129970 has been allocated resources
Running with 8 processes
srun: job 129971 queued and waiting for resources
srun: job 129971 has been allocated resources
Running with 8 processes
srun: job 129972 queued and waiting for resources
srun: job 129972 has been allocated resources
Running with 8 processes
srun: job 129973 queued and waiting for resources
srun: job 129973 has been allocated resources
Running with 8 processes
srun: job 129974 queued and waiting for resources
srun: job 129974 has been allocated resources
Running with 8 processes
srun: job 129975 queued and waiting for resources
srun: job 129975 has been allocated resources
Running with 8 processes
srun: job 129976 queued and waiting for resources
srun: job 129976 has been allocated resources
Running with 8 processes
srun: job 129977 queued and waiting for resources
srun: job 129977 has been allocated resources
Running with 8 processes
srun: job 129978 queued and waiting for resources
srun: job 129978 has been allocated resources
Running with 8 processes
srun: job 129979 queued and waiting for resources
srun: job 129979 has been allocated resources
Running with 8 processes
srun: job 129980 queued and waiting for resources
srun: job 129980 has been allocated resources
Running with 8 processes
srun: job 129981 queued and waiting for resources
srun: job 129981 has been allocated resources
Running with 8 processes
srun: job 129982 queued and waiting for resources
srun: job 129982 has been allocated resources
Running with 8 processes
srun: job 129983 queued and waiting for resources
srun: job 129983 has been allocated resources
Running with 8 processes
srun: job 129984 queued and waiting for resources
srun: job 129984 has been allocated resources
Running with 8 processes
srun: job 129985 queued and waiting for resources
srun: job 129985 has been allocated resources
Running with 8 processes
srun: job 129986 queued and waiting for resources
srun: job 129986 has been allocated resources
Running with 8 processes
srun: job 129987 queued and waiting for resources
srun: job 129987 has been allocated resources
Running with 8 processes
srun: job 129988 queued and waiting for resources
srun: job 129988 has been allocated resources
Running with 8 processes
srun: job 129989 queued and waiting for resources
srun: job 129989 has been allocated resources
Running with 8 processes
srun: job 129990 queued and waiting for resources
srun: job 129990 has been allocated resources
Running with 8 processes
srun: job 129991 queued and waiting for resources
srun: job 129991 has been allocated resources
Running with 8 processes
srun: job 129992 queued and waiting for resources
srun: job 129992 has been allocated resources
Running with 8 processes
srun: job 129993 queued and waiting for resources
srun: job 129993 has been allocated resources
Running with 8 processes
srun: job 129994 queued and waiting for resources
srun: job 129994 has been allocated resources
Running with 8 processes
srun: job 129995 queued and waiting for resources
srun: job 129995 has been allocated resources
Running with 8 processes
srun: job 129996 queued and waiting for resources
srun: job 129996 has been allocated resources
Running with 8 processes
srun: job 129997 queued and waiting for resources
srun: job 129997 has been allocated resources
Running with 8 processes
srun: job 129998 queued and waiting for resources
srun: job 129998 has been allocated resources
Running with 8 processes
srun: job 129999 queued and waiting for resources
srun: job 129999 has been allocated resources
Running with 8 processes
srun: job 130000 queued and waiting for resources
srun: job 130000 has been allocated resources
Running with 8 processes
srun: job 130001 queued and waiting for resources
srun: job 130001 has been allocated resources
Running with 8 processes
srun: job 130002 queued and waiting for resources
srun: job 130002 has been allocated resources
Running with 8 processes
srun: job 130003 queued and waiting for resources
srun: job 130003 has been allocated resources
Running with 8 processes
srun: job 130004 queued and waiting for resources
srun: job 130004 has been allocated resources
Running with 8 processes
srun: job 130005 queued and waiting for resources
srun: job 130005 has been allocated resources
Running with 8 processes
srun: job 130006 queued and waiting for resources
srun: job 130006 has been allocated resources
Running with 8 processes
srun: job 130007 queued and waiting for resources
srun: job 130007 has been allocated resources
Running with 8 processes
srun: job 130008 queued and waiting for resources
srun: job 130008 has been allocated resources
Running with 8 processes
srun: job 130009 queued and waiting for resources
srun: job 130009 has been allocated resources
Running with 8 processes
srun: job 130010 queued and waiting for resources
srun: job 130010 has been allocated resources
Running with 8 processes
srun: job 130011 queued and waiting for resources
srun: job 130011 has been allocated resources
Running with 8 processes
srun: job 130012 queued and waiting for resources
srun: job 130012 has been allocated resources
Running with 8 processes
srun: job 130013 queued and waiting for resources
srun: job 130013 has been allocated resources
Running with 8 processes
srun: job 130014 queued and waiting for resources
srun: job 130014 has been allocated resources
Running with 8 processes
srun: job 130015 queued and waiting for resources
srun: job 130015 has been allocated resources
Running with 8 processes
srun: job 130016 queued and waiting for resources
srun: job 130016 has been allocated resources
Running with 8 processes
srun: job 130017 queued and waiting for resources
srun: job 130017 has been allocated resources
Running with 8 processes
srun: job 130018 queued and waiting for resources
srun: job 130018 has been allocated resources
Running with 8 processes
srun: job 130019 queued and waiting for resources
srun: job 130019 has been allocated resources
Running with 8 processes
srun: job 130020 queued and waiting for resources
srun: job 130020 has been allocated resources
Running with 8 processes
srun: job 130021 queued and waiting for resources
srun: job 130021 has been allocated resources
Running with 8 processes
srun: job 130022 queued and waiting for resources
srun: job 130022 has been allocated resources
Running with 8 processes
srun: job 130023 queued and waiting for resources
srun: job 130023 has been allocated resources
Running with 8 processes
srun: job 130024 queued and waiting for resources
srun: job 130024 has been allocated resources
Running with 8 processes
srun: job 130025 queued and waiting for resources
srun: job 130025 has been allocated resources
Running with 8 processes
srun: job 130026 queued and waiting for resources
srun: job 130026 has been allocated resources
Running with 8 processes
srun: job 130027 queued and waiting for resources
srun: job 130027 has been allocated resources
Running with 8 processes
srun: job 130028 queued and waiting for resources
srun: job 130028 has been allocated resources
Running with 8 processes
srun: job 130029 queued and waiting for resources
srun: job 130029 has been allocated resources
Running with 8 processes
srun: job 130030 queued and waiting for resources
srun: job 130030 has been allocated resources
Running with 8 processes
srun: job 130031 queued and waiting for resources
srun: job 130031 has been allocated resources
Running with 8 processes
srun: job 130032 queued and waiting for resources
srun: job 130032 has been allocated resources
Running with 8 processes
srun: job 130033 queued and waiting for resources
srun: job 130033 has been allocated resources
Running with 8 processes
srun: job 130034 queued and waiting for resources
srun: job 130034 has been allocated resources
Running with 8 processes
srun: job 130035 queued and waiting for resources
srun: job 130035 has been allocated resources
Running with 8 processes
srun: job 130036 queued and waiting for resources
srun: job 130036 has been allocated resources
Running with 8 processes
srun: job 130037 queued and waiting for resources
srun: job 130037 has been allocated resources
Running with 8 processes
srun: job 130038 queued and waiting for resources
srun: job 130038 has been allocated resources
Running with 8 processes
srun: job 130039 queued and waiting for resources
srun: job 130039 has been allocated resources
Running with 8 processes
srun: job 130040 queued and waiting for resources
srun: job 130040 has been allocated resources
Running with 8 processes
srun: job 130041 queued and waiting for resources
srun: job 130041 has been allocated resources
Running with 8 processes
srun: job 130042 queued and waiting for resources
srun: job 130042 has been allocated resources
Running with 8 processes
srun: job 130043 queued and waiting for resources
srun: job 130043 has been allocated resources
Running with 8 processes
srun: job 130044 queued and waiting for resources
srun: job 130044 has been allocated resources
Running with 8 processes
srun: job 130045 queued and waiting for resources
srun: job 130045 has been allocated resources
Running with 8 processes
srun: job 130046 queued and waiting for resources
srun: job 130046 has been allocated resources
Running with 8 processes
srun: job 130047 queued and waiting for resources
srun: job 130047 has been allocated resources
Running with 8 processes
srun: job 130048 queued and waiting for resources
srun: job 130048 has been allocated resources
Running with 8 processes
srun: job 130049 queued and waiting for resources
srun: job 130049 has been allocated resources
Running with 8 processes
srun: job 130050 queued and waiting for resources
srun: job 130050 has been allocated resources
Running with 8 processes
srun: job 130051 queued and waiting for resources
srun: job 130051 has been allocated resources
Running with 8 processes
srun: job 130052 queued and waiting for resources
srun: job 130052 has been allocated resources
Running with 8 processes
srun: job 130053 queued and waiting for resources
srun: job 130053 has been allocated resources
Running with 8 processes
srun: job 130054 queued and waiting for resources
srun: job 130054 has been allocated resources
Running with 8 processes
srun: job 130055 queued and waiting for resources
srun: job 130055 has been allocated resources
Running with 8 processes
srun: job 130056 queued and waiting for resources
srun: job 130056 has been allocated resources
Running with 8 processes
srun: job 130057 queued and waiting for resources
srun: job 130057 has been allocated resources
Running with 8 processes
srun: job 130058 queued and waiting for resources
srun: job 130058 has been allocated resources
Running with 8 processes
srun: job 130059 queued and waiting for resources
srun: job 130059 has been allocated resources
Running with 8 processes
srun: job 130060 queued and waiting for resources
srun: job 130060 has been allocated resources
Running with 8 processes
srun: job 130061 queued and waiting for resources
srun: job 130061 has been allocated resources
Running with 8 processes
srun: job 130062 queued and waiting for resources
srun: job 130062 has been allocated resources
Running with 8 processes
srun: job 130063 queued and waiting for resources
srun: job 130063 has been allocated resources
Running with 8 processes
srun: job 130064 queued and waiting for resources
srun: job 130064 has been allocated resources
Running with 8 processes
srun: job 130065 queued and waiting for resources
srun: job 130065 has been allocated resources
Running with 8 processes
srun: job 130066 queued and waiting for resources
srun: job 130066 has been allocated resources
Running with 8 processes
srun: job 130067 queued and waiting for resources
srun: job 130067 has been allocated resources
Running with 8 processes
srun: job 130068 queued and waiting for resources
srun: job 130068 has been allocated resources
Running with 8 processes
srun: job 130069 queued and waiting for resources
srun: job 130069 has been allocated resources
Running with 8 processes
srun: job 130070 queued and waiting for resources
srun: job 130070 has been allocated resources
Running with 8 processes
srun: job 130071 queued and waiting for resources
srun: job 130071 has been allocated resources
Running with 8 processes
srun: job 130072 queued and waiting for resources
srun: job 130072 has been allocated resources
Running with 8 processes
srun: job 130073 queued and waiting for resources
srun: job 130073 has been allocated resources
Running with 8 processes
srun: job 130074 queued and waiting for resources
srun: job 130074 has been allocated resources
Running with 8 processes
srun: job 130075 queued and waiting for resources
srun: job 130075 has been allocated resources
Running with 8 processes
srun: job 130076 queued and waiting for resources
srun: job 130076 has been allocated resources
Running with 8 processes
srun: job 130077 queued and waiting for resources
srun: job 130077 has been allocated resources
Running with 8 processes
srun: job 130078 queued and waiting for resources
srun: job 130078 has been allocated resources
Running with 8 processes
srun: job 130079 queued and waiting for resources
srun: job 130079 has been allocated resources
Running with 8 processes
srun: job 130080 queued and waiting for resources
srun: job 130080 has been allocated resources
Running with 8 processes
srun: job 130081 queued and waiting for resources
srun: job 130081 has been allocated resources
Running with 8 processes
srun: job 130082 queued and waiting for resources
srun: job 130082 has been allocated resources
Running with 8 processes
srun: job 130083 queued and waiting for resources
srun: job 130083 has been allocated resources
Running with 8 processes
srun: job 130084 queued and waiting for resources
srun: job 130084 has been allocated resources
Running with 8 processes
srun: job 130085 queued and waiting for resources
srun: job 130085 has been allocated resources
Running with 8 processes
srun: job 130086 queued and waiting for resources
srun: job 130086 has been allocated resources
Running with 8 processes
srun: job 130087 queued and waiting for resources
srun: job 130087 has been allocated resources
Running with 8 processes
srun: job 130088 queued and waiting for resources
srun: job 130088 has been allocated resources
Running with 8 processes
srun: job 130089 queued and waiting for resources
srun: job 130089 has been allocated resources
Running with 8 processes
srun: job 130090 queued and waiting for resources
srun: job 130090 has been allocated resources
Running with 8 processes
srun: job 130091 queued and waiting for resources
srun: job 130091 has been allocated resources
Running with 8 processes
srun: job 130092 queued and waiting for resources
srun: job 130092 has been allocated resources
Running with 8 processes
srun: job 130093 queued and waiting for resources
srun: job 130093 has been allocated resources
Running with 8 processes
srun: job 130094 queued and waiting for resources
srun: job 130094 has been allocated resources
Running with 8 processes
srun: job 130095 queued and waiting for resources
srun: job 130095 has been allocated resources
Running with 8 processes
srun: job 130096 queued and waiting for resources
srun: job 130096 has been allocated resources
Running with 8 processes
srun: job 130097 queued and waiting for resources
srun: job 130097 has been allocated resources
Running with 8 processes
srun: job 130098 queued and waiting for resources
srun: job 130098 has been allocated resources
Running with 8 processes
srun: job 130099 queued and waiting for resources
srun: job 130099 has been allocated resources
Running with 8 processes
srun: job 130100 queued and waiting for resources
srun: job 130100 has been allocated resources
Running with 8 processes
srun: job 130101 queued and waiting for resources
srun: job 130101 has been allocated resources
Running with 8 processes
srun: job 130102 queued and waiting for resources
srun: job 130102 has been allocated resources
Running with 8 processes
srun: job 130103 queued and waiting for resources
srun: job 130103 has been allocated resources
Running with 8 processes
srun: job 130104 queued and waiting for resources
srun: job 130104 has been allocated resources
Running with 8 processes
srun: job 130105 queued and waiting for resources
srun: job 130105 has been allocated resources
Running with 8 processes
srun: job 130106 queued and waiting for resources
srun: job 130106 has been allocated resources
Running with 8 processes
srun: job 130107 queued and waiting for resources
srun: job 130107 has been allocated resources
Running with 8 processes
srun: job 130108 queued and waiting for resources
srun: job 130108 has been allocated resources
Running with 8 processes
srun: job 130109 queued and waiting for resources
srun: job 130109 has been allocated resources
Running with 8 processes
srun: job 130110 queued and waiting for resources
srun: job 130110 has been allocated resources
Running with 8 processes
srun: job 130111 queued and waiting for resources
srun: job 130111 has been allocated resources
Running with 8 processes
srun: job 130112 queued and waiting for resources
srun: job 130112 has been allocated resources
Running with 8 processes
srun: job 130113 queued and waiting for resources
srun: job 130113 has been allocated resources
Running with 8 processes
srun: job 130114 queued and waiting for resources
srun: job 130114 has been allocated resources
Running with 8 processes
srun: job 130115 queued and waiting for resources
srun: job 130115 has been allocated resources
Running with 8 processes
srun: job 130116 queued and waiting for resources
srun: job 130116 has been allocated resources
Running with 8 processes
srun: job 130117 queued and waiting for resources
srun: job 130117 has been allocated resources
Running with 8 processes
srun: job 130118 queued and waiting for resources
srun: job 130118 has been allocated resources
Running with 8 processes
srun: job 130119 queued and waiting for resources
srun: job 130119 has been allocated resources
Running with 8 processes
srun: job 130120 queued and waiting for resources
srun: job 130120 has been allocated resources
Running with 8 processes
srun: job 130121 queued and waiting for resources
srun: job 130121 has been allocated resources
Running with 8 processes
srun: job 130122 queued and waiting for resources
srun: job 130122 has been allocated resources
Running with 8 processes
srun: job 130123 queued and waiting for resources
srun: job 130123 has been allocated resources
Running with 8 processes
srun: job 130124 queued and waiting for resources
srun: job 130124 has been allocated resources
Running with 8 processes
srun: job 130125 queued and waiting for resources
srun: job 130125 has been allocated resources
Running with 8 processes
srun: job 130126 queued and waiting for resources
srun: job 130126 has been allocated resources
Running with 8 processes
srun: job 130127 queued and waiting for resources
srun: job 130127 has been allocated resources
Running with 8 processes
srun: job 130128 queued and waiting for resources
srun: job 130128 has been allocated resources
Running with 8 processes
srun: job 130129 queued and waiting for resources
srun: job 130129 has been allocated resources
Running with 8 processes
srun: job 130130 queued and waiting for resources
srun: job 130130 has been allocated resources
Running with 8 processes
srun: job 130131 queued and waiting for resources
srun: job 130131 has been allocated resources
Running with 8 processes
srun: job 130132 queued and waiting for resources
srun: job 130132 has been allocated resources
Running with 8 processes
srun: job 130133 queued and waiting for resources
srun: job 130133 has been allocated resources
Running with 8 processes
srun: job 130134 queued and waiting for resources
srun: job 130134 has been allocated resources
Running with 8 processes
srun: job 130135 queued and waiting for resources
srun: job 130135 has been allocated resources
Running with 8 processes
srun: job 130136 queued and waiting for resources
srun: job 130136 has been allocated resources
Running with 8 processes
srun: job 130137 queued and waiting for resources
srun: job 130137 has been allocated resources
Running with 8 processes
srun: job 130138 queued and waiting for resources
srun: job 130138 has been allocated resources
Running with 8 processes
srun: job 130139 queued and waiting for resources
srun: job 130139 has been allocated resources
Running with 8 processes
srun: job 130140 queued and waiting for resources
srun: job 130140 has been allocated resources
Running with 8 processes
srun: job 130141 queued and waiting for resources
srun: job 130141 has been allocated resources
Running with 8 processes
srun: job 130142 queued and waiting for resources
srun: job 130142 has been allocated resources
Running with 8 processes
srun: job 130143 queued and waiting for resources
srun: job 130143 has been allocated resources
Running with 8 processes
srun: job 130144 queued and waiting for resources
srun: job 130144 has been allocated resources
Running with 8 processes
srun: job 130145 queued and waiting for resources
srun: job 130145 has been allocated resources
Running with 8 processes
srun: job 130146 queued and waiting for resources
srun: job 130146 has been allocated resources
Running with 8 processes
