Running the following algorithm implementations
build/examples/kokkosComm/gemm-kokkosComm-LARGE-FLOAT-C_TILE_J_MAJOR-A_TILE_K_MAJOR-B_TILE_K_MAJOR
build/examples/kokkosComm/gemm-kokkosComm-MINI-FLOAT-C_TILE_J_MAJOR-A_TILE_I_MAJOR-B_TILE_J_MAJOR
build/examples/boost/gemm-boost-SMALL-FLOAT-C_TILE_J_MAJOR-A_TILE_K_MAJOR-B_TILE_J_MAJOR
build/examples/boostP2P/gemm-boostP2P-MEDIUM-FLOAT-C_TILE_J_MAJOR-A_TILE_I_MAJOR-B_TILE_K_MAJOR
build/examples/kokkosComm/gemm-kokkosComm-MINI-FLOAT-C_TILE_I_MAJOR-A_TILE_K_MAJOR-B_TILE_J_MAJOR
build/examples/kokkosComm/gemm-kokkosComm-MEDIUM-FLOAT-C_TILE_I_MAJOR-A_TILE_I_MAJOR-B_TILE_K_MAJOR
build/examples/boost/gemm-boost-LARGE-FLOAT-C_TILE_J_MAJOR-A_TILE_I_MAJOR-B_TILE_J_MAJOR
build/examples/mpi/gemm-mpi-EXTRALARGE-FLOAT-C_TILE_J_MAJOR-A_TILE_I_MAJOR-B_TILE_J_MAJOR
build/examples/boostP2P/gemm-boostP2P-SMALL-FLOAT-C_TILE_J_MAJOR-A_TILE_I_MAJOR-B_TILE_K_MAJOR
build/examples/noarr/gemm-noarr-SMALL-FLOAT-C_TILE_J_MAJOR-A_TILE_I_MAJOR-B_TILE_K_MAJOR
build/examples/boost/gemm-boost-MINI-FLOAT-C_TILE_I_MAJOR-A_TILE_I_MAJOR-B_TILE_K_MAJOR
build/examples/mpi/gemm-mpi-MEDIUM-FLOAT-C_TILE_J_MAJOR-A_TILE_K_MAJOR-B_TILE_J_MAJOR
build/examples/boost/gemm-boost-MEDIUM-FLOAT-C_TILE_I_MAJOR-A_TILE_K_MAJOR-B_TILE_J_MAJOR
build/examples/boost/gemm-boost-MEDIUM-FLOAT-C_TILE_I_MAJOR-A_TILE_I_MAJOR-B_TILE_J_MAJOR
build/examples/noarr/gemm-noarr-LARGE-FLOAT-C_TILE_J_MAJOR-A_TILE_I_MAJOR-B_TILE_J_MAJOR
build/examples/noarr/gemm-noarr-MINI-FLOAT-C_TILE_J_MAJOR-A_TILE_I_MAJOR-B_TILE_J_MAJOR
build/examples/boostP2P/gemm-boostP2P-EXTRALARGE-FLOAT-C_TILE_I_MAJOR-A_TILE_I_MAJOR-B_TILE_K_MAJOR
build/examples/mpi/gemm-mpi-EXTRALARGE-FLOAT-C_TILE_I_MAJOR-A_TILE_K_MAJOR-B_TILE_J_MAJOR
build/examples/noarr/gemm-noarr-LARGE-FLOAT-C_TILE_I_MAJOR-A_TILE_K_MAJOR-B_TILE_J_MAJOR
build/examples/kokkosComm/gemm-kokkosComm-MINI-FLOAT-C_TILE_J_MAJOR-A_TILE_K_MAJOR-B_TILE_K_MAJOR
build/examples/kokkosComm/gemm-kokkosComm-EXTRALARGE-FLOAT-C_TILE_I_MAJOR-A_TILE_I_MAJOR-B_TILE_J_MAJOR
build/examples/noarr/gemm-noarr-SMALL-FLOAT-C_TILE_J_MAJOR-A_TILE_I_MAJOR-B_TILE_J_MAJOR
build/examples/mpi/gemm-mpi-LARGE-FLOAT-C_TILE_I_MAJOR-A_TILE_K_MAJOR-B_TILE_J_MAJOR
build/examples/boostP2P/gemm-boostP2P-LARGE-FLOAT-C_TILE_J_MAJOR-A_TILE_K_MAJOR-B_TILE_K_MAJOR
build/examples/mpi/gemm-mpi-EXTRALARGE-FLOAT-C_TILE_I_MAJOR-A_TILE_I_MAJOR-B_TILE_J_MAJOR
build/examples/boostP2P/gemm-boostP2P-MEDIUM-FLOAT-C_TILE_I_MAJOR-A_TILE_I_MAJOR-B_TILE_J_MAJOR
build/examples/boostP2P/gemm-boostP2P-EXTRALARGE-FLOAT-C_TILE_I_MAJOR-A_TILE_K_MAJOR-B_TILE_K_MAJOR
build/examples/kokkosComm/gemm-kokkosComm-EXTRALARGE-FLOAT-C_TILE_I_MAJOR-A_TILE_I_MAJOR-B_TILE_K_MAJOR
build/examples/mpi/gemm-mpi-EXTRALARGE-FLOAT-C_TILE_I_MAJOR-A_TILE_K_MAJOR-B_TILE_K_MAJOR
build/examples/boostP2P/gemm-boostP2P-LARGE-FLOAT-C_TILE_I_MAJOR-A_TILE_K_MAJOR-B_TILE_J_MAJOR
build/examples/kokkosComm/gemm-kokkosComm-LARGE-FLOAT-C_TILE_J_MAJOR-A_TILE_K_MAJOR-B_TILE_J_MAJOR
build/examples/boost/gemm-boost-MINI-FLOAT-C_TILE_I_MAJOR-A_TILE_K_MAJOR-B_TILE_J_MAJOR
build/examples/kokkosComm/gemm-kokkosComm-LARGE-FLOAT-C_TILE_J_MAJOR-A_TILE_I_MAJOR-B_TILE_K_MAJOR
build/examples/boostP2P/gemm-boostP2P-LARGE-FLOAT-C_TILE_J_MAJOR-A_TILE_I_MAJOR-B_TILE_K_MAJOR
build/examples/noarr/gemm-noarr-SMALL-FLOAT-C_TILE_J_MAJOR-A_TILE_K_MAJOR-B_TILE_J_MAJOR
build/examples/noarr/gemm-noarr-MEDIUM-FLOAT-C_TILE_J_MAJOR-A_TILE_K_MAJOR-B_TILE_J_MAJOR
build/examples/mpi/gemm-mpi-MINI-FLOAT-C_TILE_J_MAJOR-A_TILE_K_MAJOR-B_TILE_J_MAJOR
build/examples/noarr/gemm-noarr-MEDIUM-FLOAT-C_TILE_J_MAJOR-A_TILE_I_MAJOR-B_TILE_J_MAJOR
build/examples/kokkosComm/gemm-kokkosComm-MEDIUM-FLOAT-C_TILE_I_MAJOR-A_TILE_K_MAJOR-B_TILE_K_MAJOR
build/examples/mpi/gemm-mpi-MINI-FLOAT-C_TILE_J_MAJOR-A_TILE_I_MAJOR-B_TILE_K_MAJOR
build/examples/boostP2P/gemm-boostP2P-MINI-FLOAT-C_TILE_J_MAJOR-A_TILE_I_MAJOR-B_TILE_K_MAJOR
build/examples/mpi/gemm-mpi-LARGE-FLOAT-C_TILE_J_MAJOR-A_TILE_I_MAJOR-B_TILE_J_MAJOR
build/examples/kokkosComm/gemm-kokkosComm-SMALL-FLOAT-C_TILE_I_MAJOR-A_TILE_K_MAJOR-B_TILE_J_MAJOR
build/examples/mpi/gemm-mpi-EXTRALARGE-FLOAT-C_TILE_J_MAJOR-A_TILE_I_MAJOR-B_TILE_K_MAJOR
build/examples/kokkosComm/gemm-kokkosComm-MINI-FLOAT-C_TILE_I_MAJOR-A_TILE_I_MAJOR-B_TILE_J_MAJOR
build/examples/boostP2P/gemm-boostP2P-SMALL-FLOAT-C_TILE_I_MAJOR-A_TILE_I_MAJOR-B_TILE_K_MAJOR
build/examples/boost/gemm-boost-EXTRALARGE-FLOAT-C_TILE_I_MAJOR-A_TILE_K_MAJOR-B_TILE_J_MAJOR
build/examples/boost/gemm-boost-SMALL-FLOAT-C_TILE_J_MAJOR-A_TILE_I_MAJOR-B_TILE_K_MAJOR
build/examples/boost/gemm-boost-MEDIUM-FLOAT-C_TILE_I_MAJOR-A_TILE_I_MAJOR-B_TILE_K_MAJOR
build/examples/kokkosComm/gemm-kokkosComm-MEDIUM-FLOAT-C_TILE_J_MAJOR-A_TILE_I_MAJOR-B_TILE_K_MAJOR
build/examples/noarr/gemm-noarr-EXTRALARGE-FLOAT-C_TILE_J_MAJOR-A_TILE_I_MAJOR-B_TILE_J_MAJOR
build/examples/boostP2P/gemm-boostP2P-MEDIUM-FLOAT-C_TILE_I_MAJOR-A_TILE_K_MAJOR-B_TILE_J_MAJOR
build/examples/mpi/gemm-mpi-EXTRALARGE-FLOAT-C_TILE_J_MAJOR-A_TILE_K_MAJOR-B_TILE_J_MAJOR
build/examples/noarr/gemm-noarr-EXTRALARGE-FLOAT-C_TILE_I_MAJOR-A_TILE_K_MAJOR-B_TILE_K_MAJOR
build/examples/boostP2P/gemm-boostP2P-EXTRALARGE-FLOAT-C_TILE_I_MAJOR-A_TILE_I_MAJOR-B_TILE_J_MAJOR
build/examples/mpi/gemm-mpi-LARGE-FLOAT-C_TILE_J_MAJOR-A_TILE_K_MAJOR-B_TILE_K_MAJOR
build/examples/kokkosComm/gemm-kokkosComm-SMALL-FLOAT-C_TILE_I_MAJOR-A_TILE_K_MAJOR-B_TILE_K_MAJOR
build/examples/kokkosComm/gemm-kokkosComm-MINI-FLOAT-C_TILE_I_MAJOR-A_TILE_I_MAJOR-B_TILE_K_MAJOR
build/examples/noarr/gemm-noarr-EXTRALARGE-FLOAT-C_TILE_I_MAJOR-A_TILE_I_MAJOR-B_TILE_J_MAJOR
build/examples/boost/gemm-boost-LARGE-FLOAT-C_TILE_I_MAJOR-A_TILE_K_MAJOR-B_TILE_J_MAJOR
build/examples/noarr/gemm-noarr-SMALL-FLOAT-C_TILE_I_MAJOR-A_TILE_K_MAJOR-B_TILE_K_MAJOR
build/examples/kokkosComm/gemm-kokkosComm-SMALL-FLOAT-C_TILE_I_MAJOR-A_TILE_I_MAJOR-B_TILE_K_MAJOR
build/examples/boostP2P/gemm-boostP2P-LARGE-FLOAT-C_TILE_I_MAJOR-A_TILE_I_MAJOR-B_TILE_K_MAJOR
build/examples/noarr/gemm-noarr-MINI-FLOAT-C_TILE_J_MAJOR-A_TILE_K_MAJOR-B_TILE_J_MAJOR
build/examples/boost/gemm-boost-MINI-FLOAT-C_TILE_J_MAJOR-A_TILE_K_MAJOR-B_TILE_K_MAJOR
build/examples/boostP2P/gemm-boostP2P-MEDIUM-FLOAT-C_TILE_J_MAJOR-A_TILE_K_MAJOR-B_TILE_K_MAJOR
build/examples/mpi/gemm-mpi-MINI-FLOAT-C_TILE_I_MAJOR-A_TILE_K_MAJOR-B_TILE_J_MAJOR
build/examples/noarr/gemm-noarr-MEDIUM-FLOAT-C_TILE_J_MAJOR-A_TILE_I_MAJOR-B_TILE_K_MAJOR
build/examples/mpi/gemm-mpi-MEDIUM-FLOAT-C_TILE_I_MAJOR-A_TILE_I_MAJOR-B_TILE_K_MAJOR
build/examples/kokkosComm/gemm-kokkosComm-MEDIUM-FLOAT-C_TILE_J_MAJOR-A_TILE_K_MAJOR-B_TILE_K_MAJOR
build/examples/boostP2P/gemm-boostP2P-MINI-FLOAT-C_TILE_J_MAJOR-A_TILE_K_MAJOR-B_TILE_J_MAJOR
build/examples/boost/gemm-boost-MEDIUM-FLOAT-C_TILE_I_MAJOR-A_TILE_K_MAJOR-B_TILE_K_MAJOR
build/examples/kokkosComm/gemm-kokkosComm-LARGE-FLOAT-C_TILE_I_MAJOR-A_TILE_I_MAJOR-B_TILE_K_MAJOR
build/examples/boostP2P/gemm-boostP2P-LARGE-FLOAT-C_TILE_J_MAJOR-A_TILE_I_MAJOR-B_TILE_J_MAJOR
build/examples/mpi/gemm-mpi-MEDIUM-FLOAT-C_TILE_I_MAJOR-A_TILE_I_MAJOR-B_TILE_J_MAJOR
build/examples/kokkosComm/gemm-kokkosComm-SMALL-FLOAT-C_TILE_J_MAJOR-A_TILE_K_MAJOR-B_TILE_J_MAJOR
build/examples/boostP2P/gemm-boostP2P-MEDIUM-FLOAT-C_TILE_I_MAJOR-A_TILE_K_MAJOR-B_TILE_K_MAJOR
build/examples/mpi/gemm-mpi-MINI-FLOAT-C_TILE_J_MAJOR-A_TILE_I_MAJOR-B_TILE_J_MAJOR
build/examples/kokkosComm/gemm-kokkosComm-MEDIUM-FLOAT-C_TILE_J_MAJOR-A_TILE_I_MAJOR-B_TILE_J_MAJOR
build/examples/noarr/gemm-noarr-MINI-FLOAT-C_TILE_J_MAJOR-A_TILE_I_MAJOR-B_TILE_K_MAJOR
build/examples/kokkosComm/gemm-kokkosComm-EXTRALARGE-FLOAT-C_TILE_J_MAJOR-A_TILE_K_MAJOR-B_TILE_J_MAJOR
build/examples/noarr/gemm-noarr-MINI-FLOAT-C_TILE_I_MAJOR-A_TILE_K_MAJOR-B_TILE_K_MAJOR
build/examples/mpi/gemm-mpi-SMALL-FLOAT-C_TILE_J_MAJOR-A_TILE_K_MAJOR-B_TILE_K_MAJOR
build/examples/kokkosComm/gemm-kokkosComm-SMALL-FLOAT-C_TILE_I_MAJOR-A_TILE_I_MAJOR-B_TILE_J_MAJOR
build/examples/noarr/gemm-noarr-EXTRALARGE-FLOAT-C_TILE_J_MAJOR-A_TILE_K_MAJOR-B_TILE_J_MAJOR
build/examples/mpi/gemm-mpi-EXTRALARGE-FLOAT-C_TILE_I_MAJOR-A_TILE_I_MAJOR-B_TILE_K_MAJOR
build/examples/kokkosComm/gemm-kokkosComm-LARGE-FLOAT-C_TILE_J_MAJOR-A_TILE_I_MAJOR-B_TILE_J_MAJOR
build/examples/boost/gemm-boost-SMALL-FLOAT-C_TILE_I_MAJOR-A_TILE_I_MAJOR-B_TILE_K_MAJOR
build/examples/mpi/gemm-mpi-MINI-FLOAT-C_TILE_I_MAJOR-A_TILE_K_MAJOR-B_TILE_K_MAJOR
build/examples/boostP2P/gemm-boostP2P-SMALL-FLOAT-C_TILE_I_MAJOR-A_TILE_I_MAJOR-B_TILE_J_MAJOR
build/examples/noarr/gemm-noarr-LARGE-FLOAT-C_TILE_I_MAJOR-A_TILE_K_MAJOR-B_TILE_K_MAJOR
build/examples/boost/gemm-boost-SMALL-FLOAT-C_TILE_J_MAJOR-A_TILE_K_MAJOR-B_TILE_K_MAJOR
build/examples/mpi/gemm-mpi-SMALL-FLOAT-C_TILE_I_MAJOR-A_TILE_I_MAJOR-B_TILE_K_MAJOR
build/examples/boost/gemm-boost-EXTRALARGE-FLOAT-C_TILE_J_MAJOR-A_TILE_I_MAJOR-B_TILE_J_MAJOR
build/examples/boostP2P/gemm-boostP2P-SMALL-FLOAT-C_TILE_J_MAJOR-A_TILE_K_MAJOR-B_TILE_K_MAJOR
build/examples/noarr/gemm-noarr-MEDIUM-FLOAT-C_TILE_J_MAJOR-A_TILE_K_MAJOR-B_TILE_K_MAJOR
build/examples/boost/gemm-boost-MINI-FLOAT-C_TILE_I_MAJOR-A_TILE_I_MAJOR-B_TILE_J_MAJOR
build/examples/noarr/gemm-noarr-EXTRALARGE-FLOAT-C_TILE_I_MAJOR-A_TILE_K_MAJOR-B_TILE_J_MAJOR
build/examples/noarr/gemm-noarr-MINI-FLOAT-C_TILE_I_MAJOR-A_TILE_K_MAJOR-B_TILE_J_MAJOR
build/examples/kokkosComm/gemm-kokkosComm-SMALL-FLOAT-C_TILE_J_MAJOR-A_TILE_K_MAJOR-B_TILE_K_MAJOR
build/examples/kokkosComm/gemm-kokkosComm-LARGE-FLOAT-C_TILE_I_MAJOR-A_TILE_I_MAJOR-B_TILE_J_MAJOR
build/examples/kokkosComm/gemm-kokkosComm-EXTRALARGE-FLOAT-C_TILE_J_MAJOR-A_TILE_K_MAJOR-B_TILE_K_MAJOR
build/examples/boost/gemm-boost-LARGE-FLOAT-C_TILE_I_MAJOR-A_TILE_I_MAJOR-B_TILE_J_MAJOR
build/examples/mpi/gemm-mpi-SMALL-FLOAT-C_TILE_I_MAJOR-A_TILE_I_MAJOR-B_TILE_J_MAJOR
build/examples/mpi/gemm-mpi-MINI-FLOAT-C_TILE_I_MAJOR-A_TILE_I_MAJOR-B_TILE_K_MAJOR
build/examples/kokkosComm/gemm-kokkosComm-MINI-FLOAT-C_TILE_I_MAJOR-A_TILE_K_MAJOR-B_TILE_K_MAJOR
build/examples/mpi/gemm-mpi-SMALL-FLOAT-C_TILE_J_MAJOR-A_TILE_K_MAJOR-B_TILE_J_MAJOR
build/examples/kokkosComm/gemm-kokkosComm-MEDIUM-FLOAT-C_TILE_I_MAJOR-A_TILE_I_MAJOR-B_TILE_J_MAJOR
build/examples/boostP2P/gemm-boostP2P-EXTRALARGE-FLOAT-C_TILE_J_MAJOR-A_TILE_K_MAJOR-B_TILE_K_MAJOR
build/examples/boostP2P/gemm-boostP2P-SMALL-FLOAT-C_TILE_J_MAJOR-A_TILE_I_MAJOR-B_TILE_J_MAJOR
build/examples/boostP2P/gemm-boostP2P-MINI-FLOAT-C_TILE_I_MAJOR-A_TILE_K_MAJOR-B_TILE_J_MAJOR
build/examples/boost/gemm-boost-LARGE-FLOAT-C_TILE_I_MAJOR-A_TILE_K_MAJOR-B_TILE_K_MAJOR
build/examples/boost/gemm-boost-SMALL-FLOAT-C_TILE_I_MAJOR-A_TILE_I_MAJOR-B_TILE_J_MAJOR
build/examples/noarr/gemm-noarr-LARGE-FLOAT-C_TILE_I_MAJOR-A_TILE_I_MAJOR-B_TILE_J_MAJOR
build/examples/noarr/gemm-noarr-LARGE-FLOAT-C_TILE_J_MAJOR-A_TILE_K_MAJOR-B_TILE_K_MAJOR
build/examples/noarr/gemm-noarr-LARGE-FLOAT-C_TILE_J_MAJOR-A_TILE_K_MAJOR-B_TILE_J_MAJOR
build/examples/boostP2P/gemm-boostP2P-MEDIUM-FLOAT-C_TILE_I_MAJOR-A_TILE_I_MAJOR-B_TILE_K_MAJOR
build/examples/boost/gemm-boost-MINI-FLOAT-C_TILE_J_MAJOR-A_TILE_I_MAJOR-B_TILE_J_MAJOR
build/examples/boostP2P/gemm-boostP2P-MINI-FLOAT-C_TILE_J_MAJOR-A_TILE_I_MAJOR-B_TILE_J_MAJOR
build/examples/boostP2P/gemm-boostP2P-LARGE-FLOAT-C_TILE_I_MAJOR-A_TILE_I_MAJOR-B_TILE_J_MAJOR
build/examples/noarr/gemm-noarr-MINI-FLOAT-C_TILE_I_MAJOR-A_TILE_I_MAJOR-B_TILE_K_MAJOR
build/examples/noarr/gemm-noarr-MEDIUM-FLOAT-C_TILE_I_MAJOR-A_TILE_K_MAJOR-B_TILE_J_MAJOR
build/examples/boostP2P/gemm-boostP2P-EXTRALARGE-FLOAT-C_TILE_I_MAJOR-A_TILE_K_MAJOR-B_TILE_J_MAJOR
build/examples/boostP2P/gemm-boostP2P-MINI-FLOAT-C_TILE_I_MAJOR-A_TILE_K_MAJOR-B_TILE_K_MAJOR
build/examples/noarr/gemm-noarr-EXTRALARGE-FLOAT-C_TILE_I_MAJOR-A_TILE_I_MAJOR-B_TILE_K_MAJOR
build/examples/noarr/gemm-noarr-EXTRALARGE-FLOAT-C_TILE_J_MAJOR-A_TILE_I_MAJOR-B_TILE_K_MAJOR
build/examples/boostP2P/gemm-boostP2P-MINI-FLOAT-C_TILE_J_MAJOR-A_TILE_K_MAJOR-B_TILE_K_MAJOR
build/examples/mpi/gemm-mpi-MINI-FLOAT-C_TILE_J_MAJOR-A_TILE_K_MAJOR-B_TILE_K_MAJOR
build/examples/noarr/gemm-noarr-SMALL-FLOAT-C_TILE_J_MAJOR-A_TILE_K_MAJOR-B_TILE_K_MAJOR
build/examples/mpi/gemm-mpi-SMALL-FLOAT-C_TILE_I_MAJOR-A_TILE_K_MAJOR-B_TILE_J_MAJOR
build/examples/mpi/gemm-mpi-SMALL-FLOAT-C_TILE_J_MAJOR-A_TILE_I_MAJOR-B_TILE_K_MAJOR
build/examples/boost/gemm-boost-EXTRALARGE-FLOAT-C_TILE_I_MAJOR-A_TILE_I_MAJOR-B_TILE_J_MAJOR
build/examples/boost/gemm-boost-LARGE-FLOAT-C_TILE_J_MAJOR-A_TILE_K_MAJOR-B_TILE_K_MAJOR
build/examples/boost/gemm-boost-MEDIUM-FLOAT-C_TILE_J_MAJOR-A_TILE_I_MAJOR-B_TILE_J_MAJOR
build/examples/noarr/gemm-noarr-MEDIUM-FLOAT-C_TILE_I_MAJOR-A_TILE_I_MAJOR-B_TILE_K_MAJOR
build/examples/kokkosComm/gemm-kokkosComm-EXTRALARGE-FLOAT-C_TILE_I_MAJOR-A_TILE_K_MAJOR-B_TILE_K_MAJOR
build/examples/noarr/gemm-noarr-MEDIUM-FLOAT-C_TILE_I_MAJOR-A_TILE_K_MAJOR-B_TILE_K_MAJOR
build/examples/mpi/gemm-mpi-EXTRALARGE-FLOAT-C_TILE_J_MAJOR-A_TILE_K_MAJOR-B_TILE_K_MAJOR
build/examples/boostP2P/gemm-boostP2P-MINI-FLOAT-C_TILE_I_MAJOR-A_TILE_I_MAJOR-B_TILE_K_MAJOR
build/examples/boostP2P/gemm-boostP2P-MEDIUM-FLOAT-C_TILE_J_MAJOR-A_TILE_K_MAJOR-B_TILE_J_MAJOR
build/examples/mpi/gemm-mpi-MINI-FLOAT-C_TILE_I_MAJOR-A_TILE_I_MAJOR-B_TILE_J_MAJOR
build/examples/boostP2P/gemm-boostP2P-EXTRALARGE-FLOAT-C_TILE_J_MAJOR-A_TILE_K_MAJOR-B_TILE_J_MAJOR
build/examples/kokkosComm/gemm-kokkosComm-LARGE-FLOAT-C_TILE_I_MAJOR-A_TILE_K_MAJOR-B_TILE_J_MAJOR
build/examples/kokkosComm/gemm-kokkosComm-EXTRALARGE-FLOAT-C_TILE_J_MAJOR-A_TILE_I_MAJOR-B_TILE_J_MAJOR
build/examples/boostP2P/gemm-boostP2P-MINI-FLOAT-C_TILE_I_MAJOR-A_TILE_I_MAJOR-B_TILE_J_MAJOR
build/examples/mpi/gemm-mpi-LARGE-FLOAT-C_TILE_I_MAJOR-A_TILE_I_MAJOR-B_TILE_K_MAJOR
build/examples/mpi/gemm-mpi-MEDIUM-FLOAT-C_TILE_I_MAJOR-A_TILE_K_MAJOR-B_TILE_K_MAJOR
build/examples/boost/gemm-boost-SMALL-FLOAT-C_TILE_I_MAJOR-A_TILE_K_MAJOR-B_TILE_K_MAJOR
build/examples/boost/gemm-boost-MINI-FLOAT-C_TILE_I_MAJOR-A_TILE_K_MAJOR-B_TILE_K_MAJOR
build/examples/boost/gemm-boost-EXTRALARGE-FLOAT-C_TILE_I_MAJOR-A_TILE_I_MAJOR-B_TILE_K_MAJOR
build/examples/noarr/gemm-noarr-SMALL-FLOAT-C_TILE_I_MAJOR-A_TILE_I_MAJOR-B_TILE_J_MAJOR
build/examples/kokkosComm/gemm-kokkosComm-EXTRALARGE-FLOAT-C_TILE_I_MAJOR-A_TILE_K_MAJOR-B_TILE_J_MAJOR
build/examples/kokkosComm/gemm-kokkosComm-MEDIUM-FLOAT-C_TILE_J_MAJOR-A_TILE_K_MAJOR-B_TILE_J_MAJOR
build/examples/kokkosComm/gemm-kokkosComm-LARGE-FLOAT-C_TILE_I_MAJOR-A_TILE_K_MAJOR-B_TILE_K_MAJOR
build/examples/mpi/gemm-mpi-LARGE-FLOAT-C_TILE_I_MAJOR-A_TILE_I_MAJOR-B_TILE_J_MAJOR
build/examples/kokkosComm/gemm-kokkosComm-MINI-FLOAT-C_TILE_J_MAJOR-A_TILE_K_MAJOR-B_TILE_J_MAJOR
build/examples/boost/gemm-boost-SMALL-FLOAT-C_TILE_J_MAJOR-A_TILE_I_MAJOR-B_TILE_J_MAJOR
build/examples/kokkosComm/gemm-kokkosComm-MINI-FLOAT-C_TILE_J_MAJOR-A_TILE_I_MAJOR-B_TILE_K_MAJOR
build/examples/boost/gemm-boost-SMALL-FLOAT-C_TILE_I_MAJOR-A_TILE_K_MAJOR-B_TILE_J_MAJOR
build/examples/boost/gemm-boost-MEDIUM-FLOAT-C_TILE_J_MAJOR-A_TILE_K_MAJOR-B_TILE_K_MAJOR
build/examples/mpi/gemm-mpi-SMALL-FLOAT-C_TILE_I_MAJOR-A_TILE_K_MAJOR-B_TILE_K_MAJOR
build/examples/boost/gemm-boost-EXTRALARGE-FLOAT-C_TILE_I_MAJOR-A_TILE_K_MAJOR-B_TILE_K_MAJOR
build/examples/boost/gemm-boost-MEDIUM-FLOAT-C_TILE_J_MAJOR-A_TILE_I_MAJOR-B_TILE_K_MAJOR
build/examples/boost/gemm-boost-EXTRALARGE-FLOAT-C_TILE_J_MAJOR-A_TILE_K_MAJOR-B_TILE_J_MAJOR
build/examples/noarr/gemm-noarr-MINI-FLOAT-C_TILE_J_MAJOR-A_TILE_K_MAJOR-B_TILE_K_MAJOR
build/examples/boostP2P/gemm-boostP2P-LARGE-FLOAT-C_TILE_I_MAJOR-A_TILE_K_MAJOR-B_TILE_K_MAJOR
build/examples/kokkosComm/gemm-kokkosComm-SMALL-FLOAT-C_TILE_J_MAJOR-A_TILE_I_MAJOR-B_TILE_J_MAJOR
build/examples/noarr/gemm-noarr-LARGE-FLOAT-C_TILE_J_MAJOR-A_TILE_I_MAJOR-B_TILE_K_MAJOR
build/examples/boost/gemm-boost-LARGE-FLOAT-C_TILE_J_MAJOR-A_TILE_K_MAJOR-B_TILE_J_MAJOR
build/examples/boost/gemm-boost-MEDIUM-FLOAT-C_TILE_J_MAJOR-A_TILE_K_MAJOR-B_TILE_J_MAJOR
build/examples/boost/gemm-boost-LARGE-FLOAT-C_TILE_J_MAJOR-A_TILE_I_MAJOR-B_TILE_K_MAJOR
build/examples/kokkosComm/gemm-kokkosComm-SMALL-FLOAT-C_TILE_J_MAJOR-A_TILE_I_MAJOR-B_TILE_K_MAJOR
build/examples/noarr/gemm-noarr-SMALL-FLOAT-C_TILE_I_MAJOR-A_TILE_K_MAJOR-B_TILE_J_MAJOR
build/examples/boost/gemm-boost-LARGE-FLOAT-C_TILE_I_MAJOR-A_TILE_I_MAJOR-B_TILE_K_MAJOR
build/examples/noarr/gemm-noarr-SMALL-FLOAT-C_TILE_I_MAJOR-A_TILE_I_MAJOR-B_TILE_K_MAJOR
build/examples/mpi/gemm-mpi-LARGE-FLOAT-C_TILE_I_MAJOR-A_TILE_K_MAJOR-B_TILE_K_MAJOR
build/examples/kokkosComm/gemm-kokkosComm-EXTRALARGE-FLOAT-C_TILE_J_MAJOR-A_TILE_I_MAJOR-B_TILE_K_MAJOR
build/examples/mpi/gemm-mpi-LARGE-FLOAT-C_TILE_J_MAJOR-A_TILE_I_MAJOR-B_TILE_K_MAJOR
build/examples/mpi/gemm-mpi-LARGE-FLOAT-C_TILE_J_MAJOR-A_TILE_K_MAJOR-B_TILE_J_MAJOR
build/examples/boostP2P/gemm-boostP2P-SMALL-FLOAT-C_TILE_I_MAJOR-A_TILE_K_MAJOR-B_TILE_J_MAJOR
build/examples/mpi/gemm-mpi-MEDIUM-FLOAT-C_TILE_J_MAJOR-A_TILE_I_MAJOR-B_TILE_J_MAJOR
build/examples/mpi/gemm-mpi-MEDIUM-FLOAT-C_TILE_I_MAJOR-A_TILE_K_MAJOR-B_TILE_J_MAJOR
build/examples/noarr/gemm-noarr-LARGE-FLOAT-C_TILE_I_MAJOR-A_TILE_I_MAJOR-B_TILE_K_MAJOR
build/examples/boostP2P/gemm-boostP2P-SMALL-FLOAT-C_TILE_J_MAJOR-A_TILE_K_MAJOR-B_TILE_J_MAJOR
build/examples/noarr/gemm-noarr-MINI-FLOAT-C_TILE_I_MAJOR-A_TILE_I_MAJOR-B_TILE_J_MAJOR
build/examples/boostP2P/gemm-boostP2P-MEDIUM-FLOAT-C_TILE_J_MAJOR-A_TILE_I_MAJOR-B_TILE_J_MAJOR
build/examples/mpi/gemm-mpi-SMALL-FLOAT-C_TILE_J_MAJOR-A_TILE_I_MAJOR-B_TILE_J_MAJOR
build/examples/boost/gemm-boost-EXTRALARGE-FLOAT-C_TILE_J_MAJOR-A_TILE_I_MAJOR-B_TILE_K_MAJOR
build/examples/kokkosComm/gemm-kokkosComm-MEDIUM-FLOAT-C_TILE_I_MAJOR-A_TILE_K_MAJOR-B_TILE_J_MAJOR
build/examples/boostP2P/gemm-boostP2P-EXTRALARGE-FLOAT-C_TILE_J_MAJOR-A_TILE_I_MAJOR-B_TILE_K_MAJOR
build/examples/boostP2P/gemm-boostP2P-EXTRALARGE-FLOAT-C_TILE_J_MAJOR-A_TILE_I_MAJOR-B_TILE_J_MAJOR
build/examples/mpi/gemm-mpi-MEDIUM-FLOAT-C_TILE_J_MAJOR-A_TILE_K_MAJOR-B_TILE_K_MAJOR
build/examples/boostP2P/gemm-boostP2P-SMALL-FLOAT-C_TILE_I_MAJOR-A_TILE_K_MAJOR-B_TILE_K_MAJOR
build/examples/boost/gemm-boost-EXTRALARGE-FLOAT-C_TILE_J_MAJOR-A_TILE_K_MAJOR-B_TILE_K_MAJOR
build/examples/noarr/gemm-noarr-MEDIUM-FLOAT-C_TILE_I_MAJOR-A_TILE_I_MAJOR-B_TILE_J_MAJOR
build/examples/mpi/gemm-mpi-MEDIUM-FLOAT-C_TILE_J_MAJOR-A_TILE_I_MAJOR-B_TILE_K_MAJOR
build/examples/boost/gemm-boost-MINI-FLOAT-C_TILE_J_MAJOR-A_TILE_I_MAJOR-B_TILE_K_MAJOR
build/examples/boost/gemm-boost-MINI-FLOAT-C_TILE_J_MAJOR-A_TILE_K_MAJOR-B_TILE_J_MAJOR
build/examples/boostP2P/gemm-boostP2P-LARGE-FLOAT-C_TILE_J_MAJOR-A_TILE_K_MAJOR-B_TILE_J_MAJOR
build/examples/noarr/gemm-noarr-EXTRALARGE-FLOAT-C_TILE_J_MAJOR-A_TILE_K_MAJOR-B_TILE_K_MAJOR
srun: job 116527 queued and waiting for resources
srun: job 116527 has been allocated resources
Running with 8 processes
srun: job 116528 queued and waiting for resources
srun: job 116528 has been allocated resources
Running with 8 processes
srun: job 116529 queued and waiting for resources
srun: job 116529 has been allocated resources
Running with 8 processes
srun: job 116530 queued and waiting for resources
srun: job 116530 has been allocated resources
Running with 8 processes
srun: job 116531 queued and waiting for resources
srun: job 116531 has been allocated resources
Running with 8 processes
srun: job 116532 queued and waiting for resources
srun: job 116532 has been allocated resources
Running with 8 processes
srun: job 116533 queued and waiting for resources
srun: job 116533 has been allocated resources
Running with 8 processes
srun: job 116534 queued and waiting for resources
srun: job 116534 has been allocated resources
Running with 8 processes
srun: job 116535 queued and waiting for resources
srun: job 116535 has been allocated resources
Running with 8 processes
srun: job 116536 queued and waiting for resources
srun: job 116536 has been allocated resources
Running with 8 processes
srun: job 116537 queued and waiting for resources
srun: job 116537 has been allocated resources
Running with 8 processes
srun: job 116538 queued and waiting for resources
srun: job 116538 has been allocated resources
Running with 8 processes
srun: job 116539 queued and waiting for resources
srun: job 116539 has been allocated resources
Running with 8 processes
srun: job 116540 queued and waiting for resources
srun: job 116540 has been allocated resources
Running with 8 processes
srun: job 116541 queued and waiting for resources
srun: job 116541 has been allocated resources
Running with 8 processes
srun: job 116542 queued and waiting for resources
srun: job 116542 has been allocated resources
Running with 8 processes
srun: job 116543 queued and waiting for resources
srun: job 116543 has been allocated resources
Running with 8 processes
srun: job 116544 queued and waiting for resources
srun: job 116544 has been allocated resources
Running with 8 processes
srun: job 116545 queued and waiting for resources
srun: job 116545 has been allocated resources
Running with 8 processes
srun: job 116546 queued and waiting for resources
srun: job 116546 has been allocated resources
Running with 8 processes
srun: job 116547 queued and waiting for resources
srun: job 116547 has been allocated resources
Running with 8 processes
srun: job 116548 queued and waiting for resources
srun: job 116548 has been allocated resources
Running with 8 processes
srun: job 116549 queued and waiting for resources
srun: job 116549 has been allocated resources
Running with 8 processes
srun: job 116550 queued and waiting for resources
srun: job 116550 has been allocated resources
Running with 8 processes
srun: job 116551 queued and waiting for resources
srun: job 116551 has been allocated resources
Running with 8 processes
srun: job 116552 queued and waiting for resources
srun: job 116552 has been allocated resources
Running with 8 processes
srun: job 116553 queued and waiting for resources
srun: job 116553 has been allocated resources
Running with 8 processes
srun: job 116554 queued and waiting for resources
srun: job 116554 has been allocated resources
Running with 8 processes
srun: job 116555 queued and waiting for resources
srun: job 116555 has been allocated resources
Running with 8 processes
srun: job 116556 queued and waiting for resources
srun: job 116556 has been allocated resources
Running with 8 processes
srun: job 116557 queued and waiting for resources
srun: job 116557 has been allocated resources
Running with 8 processes
srun: job 116558 queued and waiting for resources
srun: job 116558 has been allocated resources
Running with 8 processes
srun: job 116559 queued and waiting for resources
srun: job 116559 has been allocated resources
Running with 8 processes
srun: job 116560 queued and waiting for resources
srun: job 116560 has been allocated resources
Running with 8 processes
srun: job 116561 queued and waiting for resources
srun: job 116561 has been allocated resources
Running with 8 processes
srun: job 116562 queued and waiting for resources
srun: job 116562 has been allocated resources
Running with 8 processes
srun: job 116563 queued and waiting for resources
srun: job 116563 has been allocated resources
Running with 8 processes
srun: job 116564 queued and waiting for resources
srun: job 116564 has been allocated resources
Running with 8 processes
srun: job 116565 queued and waiting for resources
srun: job 116565 has been allocated resources
Running with 8 processes
srun: job 116566 queued and waiting for resources
srun: job 116566 has been allocated resources
Running with 8 processes
srun: job 116567 queued and waiting for resources
srun: job 116567 has been allocated resources
Running with 8 processes
srun: job 116568 queued and waiting for resources
srun: job 116568 has been allocated resources
Running with 8 processes
srun: job 116569 queued and waiting for resources
srun: job 116569 has been allocated resources
Running with 8 processes
srun: job 116570 queued and waiting for resources
srun: job 116570 has been allocated resources
Running with 8 processes
srun: job 116571 queued and waiting for resources
srun: job 116571 has been allocated resources
Running with 8 processes
srun: job 116572 queued and waiting for resources
srun: job 116572 has been allocated resources
Running with 8 processes
srun: job 116573 queued and waiting for resources
srun: job 116573 has been allocated resources
Running with 8 processes
srun: job 116574 queued and waiting for resources
srun: job 116574 has been allocated resources
Running with 8 processes
srun: job 116575 queued and waiting for resources
srun: job 116575 has been allocated resources
Running with 8 processes
srun: job 116576 queued and waiting for resources
srun: job 116576 has been allocated resources
Running with 8 processes
srun: job 116577 queued and waiting for resources
srun: job 116577 has been allocated resources
Running with 8 processes
srun: job 116578 queued and waiting for resources
srun: job 116578 has been allocated resources
Running with 8 processes
srun: job 116579 queued and waiting for resources
srun: job 116579 has been allocated resources
Running with 8 processes
srun: job 116580 queued and waiting for resources
srun: job 116580 has been allocated resources
Running with 8 processes
srun: job 116581 queued and waiting for resources
srun: job 116581 has been allocated resources
Running with 8 processes
srun: job 116582 queued and waiting for resources
srun: job 116582 has been allocated resources
Running with 8 processes
srun: job 116583 queued and waiting for resources
srun: job 116583 has been allocated resources
Running with 8 processes
srun: job 116584 queued and waiting for resources
srun: job 116584 has been allocated resources
Running with 8 processes
srun: job 116585 queued and waiting for resources
srun: job 116585 has been allocated resources
Running with 8 processes
srun: job 116586 queued and waiting for resources
srun: job 116586 has been allocated resources
Running with 8 processes
srun: job 116587 queued and waiting for resources
srun: job 116587 has been allocated resources
Running with 8 processes
srun: job 116588 queued and waiting for resources
srun: job 116588 has been allocated resources
Running with 8 processes
srun: job 116589 queued and waiting for resources
srun: job 116589 has been allocated resources
Running with 8 processes
srun: job 116590 queued and waiting for resources
srun: job 116590 has been allocated resources
Running with 8 processes
srun: job 116591 queued and waiting for resources
srun: job 116591 has been allocated resources
Running with 8 processes
srun: job 116592 queued and waiting for resources
srun: job 116592 has been allocated resources
Running with 8 processes
srun: job 116593 queued and waiting for resources
srun: job 116593 has been allocated resources
Running with 8 processes
srun: job 116594 queued and waiting for resources
srun: job 116594 has been allocated resources
Running with 8 processes
srun: job 116595 queued and waiting for resources
srun: job 116595 has been allocated resources
Running with 8 processes
srun: job 116596 queued and waiting for resources
srun: job 116596 has been allocated resources
Running with 8 processes
srun: job 116597 queued and waiting for resources
srun: job 116597 has been allocated resources
Running with 8 processes
srun: job 116598 queued and waiting for resources
srun: job 116598 has been allocated resources
Running with 8 processes
srun: job 116599 queued and waiting for resources
srun: job 116599 has been allocated resources
Running with 8 processes
srun: job 116600 queued and waiting for resources
srun: job 116600 has been allocated resources
Running with 8 processes
srun: job 116601 queued and waiting for resources
srun: job 116601 has been allocated resources
Running with 8 processes
srun: job 116602 queued and waiting for resources
srun: job 116602 has been allocated resources
Running with 8 processes
srun: job 116603 queued and waiting for resources
srun: job 116603 has been allocated resources
Running with 8 processes
srun: job 116604 queued and waiting for resources
srun: job 116604 has been allocated resources
Running with 8 processes
srun: job 116605 queued and waiting for resources
srun: job 116605 has been allocated resources
Running with 8 processes
srun: job 116606 queued and waiting for resources
srun: job 116606 has been allocated resources
Running with 8 processes
srun: job 116607 queued and waiting for resources
srun: job 116607 has been allocated resources
Running with 8 processes
srun: job 116608 queued and waiting for resources
srun: job 116608 has been allocated resources
Running with 8 processes
srun: job 116609 queued and waiting for resources
srun: job 116609 has been allocated resources
Running with 8 processes
srun: job 116610 queued and waiting for resources
srun: job 116610 has been allocated resources
Running with 8 processes
srun: job 116611 queued and waiting for resources
srun: job 116611 has been allocated resources
Running with 8 processes
srun: job 116612 queued and waiting for resources
srun: job 116612 has been allocated resources
Running with 8 processes
srun: job 116613 queued and waiting for resources
srun: job 116613 has been allocated resources
Running with 8 processes
srun: job 116614 queued and waiting for resources
srun: job 116614 has been allocated resources
Running with 8 processes
srun: job 116615 queued and waiting for resources
srun: job 116615 has been allocated resources
Running with 8 processes
srun: job 116616 queued and waiting for resources
srun: job 116616 has been allocated resources
Running with 8 processes
srun: job 116617 queued and waiting for resources
srun: job 116617 has been allocated resources
Running with 8 processes
srun: job 116618 queued and waiting for resources
srun: job 116618 has been allocated resources
Running with 8 processes
srun: job 116619 queued and waiting for resources
srun: job 116619 has been allocated resources
Running with 8 processes
srun: job 116620 queued and waiting for resources
srun: job 116620 has been allocated resources
Running with 8 processes
srun: job 116621 queued and waiting for resources
srun: job 116621 has been allocated resources
Running with 8 processes
srun: job 116622 queued and waiting for resources
srun: job 116622 has been allocated resources
Running with 8 processes
srun: job 116623 queued and waiting for resources
srun: job 116623 has been allocated resources
Running with 8 processes
srun: job 116624 queued and waiting for resources
srun: job 116624 has been allocated resources
Running with 8 processes
srun: job 116625 queued and waiting for resources
srun: job 116625 has been allocated resources
Running with 8 processes
srun: job 116626 queued and waiting for resources
srun: job 116626 has been allocated resources
Running with 8 processes
srun: job 116627 queued and waiting for resources
srun: job 116627 has been allocated resources
Running with 8 processes
srun: job 116628 queued and waiting for resources
srun: job 116628 has been allocated resources
Running with 8 processes
srun: job 116629 queued and waiting for resources
srun: job 116629 has been allocated resources
Running with 8 processes
srun: job 116630 queued and waiting for resources
srun: job 116630 has been allocated resources
Running with 8 processes
srun: job 116631 queued and waiting for resources
srun: job 116631 has been allocated resources
Running with 8 processes
srun: job 116632 queued and waiting for resources
srun: job 116632 has been allocated resources
Running with 8 processes
srun: job 116633 queued and waiting for resources
srun: job 116633 has been allocated resources
Running with 8 processes
srun: job 116634 queued and waiting for resources
srun: job 116634 has been allocated resources
Running with 8 processes
srun: job 116635 queued and waiting for resources
srun: job 116635 has been allocated resources
Running with 8 processes
srun: job 116636 queued and waiting for resources
srun: job 116636 has been allocated resources
Running with 8 processes
srun: job 116637 queued and waiting for resources
srun: job 116637 has been allocated resources
Running with 8 processes
srun: job 116638 queued and waiting for resources
srun: job 116638 has been allocated resources
Running with 8 processes
srun: job 116639 queued and waiting for resources
srun: job 116639 has been allocated resources
Running with 8 processes
srun: job 116640 queued and waiting for resources
srun: job 116640 has been allocated resources
Running with 8 processes
srun: job 116641 queued and waiting for resources
srun: job 116641 has been allocated resources
Running with 8 processes
srun: job 116642 queued and waiting for resources
srun: job 116642 has been allocated resources
Running with 8 processes
srun: job 116643 queued and waiting for resources
srun: job 116643 has been allocated resources
Running with 8 processes
srun: job 116644 queued and waiting for resources
srun: job 116644 has been allocated resources
Running with 8 processes
srun: job 116645 queued and waiting for resources
srun: job 116645 has been allocated resources
Running with 8 processes
srun: job 116646 queued and waiting for resources
srun: job 116646 has been allocated resources
Running with 8 processes
srun: job 116647 queued and waiting for resources
srun: job 116647 has been allocated resources
Running with 8 processes
srun: job 116648 queued and waiting for resources
srun: job 116648 has been allocated resources
Running with 8 processes
srun: job 116649 queued and waiting for resources
srun: job 116649 has been allocated resources
Running with 8 processes
srun: job 116650 queued and waiting for resources
srun: job 116650 has been allocated resources
Running with 8 processes
srun: job 116651 queued and waiting for resources
srun: job 116651 has been allocated resources
Running with 8 processes
srun: job 116652 queued and waiting for resources
srun: job 116652 has been allocated resources
Running with 8 processes
srun: job 116653 queued and waiting for resources
srun: job 116653 has been allocated resources
Running with 8 processes
srun: job 116654 queued and waiting for resources
srun: job 116654 has been allocated resources
Running with 8 processes
srun: job 116655 queued and waiting for resources
srun: job 116655 has been allocated resources
Running with 8 processes
srun: job 116656 queued and waiting for resources
srun: job 116656 has been allocated resources
Running with 8 processes
srun: job 116657 queued and waiting for resources
srun: job 116657 has been allocated resources
Running with 8 processes
srun: job 116658 queued and waiting for resources
srun: job 116658 has been allocated resources
Running with 8 processes
srun: job 116659 queued and waiting for resources
srun: job 116659 has been allocated resources
Running with 8 processes
srun: job 116660 queued and waiting for resources
srun: job 116660 has been allocated resources
Running with 8 processes
srun: job 116661 queued and waiting for resources
srun: job 116661 has been allocated resources
Running with 8 processes
srun: job 116662 queued and waiting for resources
srun: job 116662 has been allocated resources
Running with 8 processes
srun: job 116663 queued and waiting for resources
srun: job 116663 has been allocated resources
Running with 8 processes
srun: job 116664 queued and waiting for resources
srun: job 116664 has been allocated resources
Running with 8 processes
srun: job 116665 queued and waiting for resources
srun: job 116665 has been allocated resources
Running with 8 processes
srun: job 116666 queued and waiting for resources
srun: job 116666 has been allocated resources
Running with 8 processes
srun: job 116667 queued and waiting for resources
srun: job 116667 has been allocated resources
Running with 8 processes
srun: job 116668 queued and waiting for resources
srun: job 116668 has been allocated resources
Running with 8 processes
srun: job 116670 queued and waiting for resources
srun: job 116670 has been allocated resources
Running with 8 processes
srun: job 116672 queued and waiting for resources
srun: job 116672 has been allocated resources
Running with 8 processes
srun: job 116673 queued and waiting for resources
srun: job 116673 has been allocated resources
Running with 8 processes
srun: job 116674 queued and waiting for resources
srun: job 116674 has been allocated resources
Running with 8 processes
srun: job 116675 queued and waiting for resources
srun: job 116675 has been allocated resources
Running with 8 processes
srun: job 116676 queued and waiting for resources
srun: job 116676 has been allocated resources
Running with 8 processes
srun: job 116677 queued and waiting for resources
srun: job 116677 has been allocated resources
Running with 8 processes
srun: job 116678 queued and waiting for resources
srun: job 116678 has been allocated resources
Running with 8 processes
srun: job 116679 queued and waiting for resources
srun: job 116679 has been allocated resources
Running with 8 processes
srun: job 116680 queued and waiting for resources
srun: job 116680 has been allocated resources
Running with 8 processes
srun: job 116681 queued and waiting for resources
srun: job 116681 has been allocated resources
Running with 8 processes
srun: job 116682 queued and waiting for resources
srun: job 116682 has been allocated resources
Running with 8 processes
srun: job 116683 queued and waiting for resources
srun: job 116683 has been allocated resources
Running with 8 processes
srun: job 116684 queued and waiting for resources
srun: job 116684 has been allocated resources
Running with 8 processes
srun: job 116685 queued and waiting for resources
srun: job 116685 has been allocated resources
Running with 8 processes
srun: job 116686 queued and waiting for resources
srun: job 116686 has been allocated resources
Running with 8 processes
srun: job 116687 queued and waiting for resources
srun: job 116687 has been allocated resources
Running with 8 processes
srun: job 116688 queued and waiting for resources
srun: job 116688 has been allocated resources
Running with 8 processes
srun: job 116689 queued and waiting for resources
srun: job 116689 has been allocated resources
Running with 8 processes
srun: job 116690 queued and waiting for resources
srun: job 116690 has been allocated resources
Running with 8 processes
srun: job 116691 queued and waiting for resources
srun: job 116691 has been allocated resources
Running with 8 processes
srun: job 116692 queued and waiting for resources
srun: job 116692 has been allocated resources
Running with 8 processes
srun: job 116693 queued and waiting for resources
srun: job 116693 has been allocated resources
Running with 8 processes
srun: job 116694 queued and waiting for resources
srun: job 116694 has been allocated resources
Running with 8 processes
srun: job 116695 queued and waiting for resources
srun: job 116695 has been allocated resources
Running with 8 processes
srun: job 116696 queued and waiting for resources
srun: job 116696 has been allocated resources
Running with 8 processes
srun: job 116697 queued and waiting for resources
srun: job 116697 has been allocated resources
Running with 8 processes
srun: job 116698 queued and waiting for resources
srun: job 116698 has been allocated resources
Running with 8 processes
srun: job 116699 queued and waiting for resources
srun: job 116699 has been allocated resources
Running with 8 processes
srun: job 116700 queued and waiting for resources
srun: job 116700 has been allocated resources
Running with 8 processes
srun: job 116701 queued and waiting for resources
srun: job 116701 has been allocated resources
Running with 8 processes
srun: job 116702 queued and waiting for resources
srun: job 116702 has been allocated resources
Running with 8 processes
srun: job 116703 queued and waiting for resources
srun: job 116703 has been allocated resources
Running with 8 processes
srun: job 116704 queued and waiting for resources
srun: job 116704 has been allocated resources
Running with 8 processes
srun: job 116705 queued and waiting for resources
srun: job 116705 has been allocated resources
Running with 8 processes
srun: job 116706 queued and waiting for resources
srun: job 116706 has been allocated resources
Running with 8 processes
srun: job 116707 queued and waiting for resources
srun: job 116707 has been allocated resources
Running with 8 processes
srun: job 116708 queued and waiting for resources
srun: job 116708 has been allocated resources
Running with 8 processes
srun: job 116709 queued and waiting for resources
srun: job 116709 has been allocated resources
Running with 8 processes
srun: job 116710 queued and waiting for resources
srun: job 116710 has been allocated resources
Running with 8 processes
srun: job 116711 queued and waiting for resources
srun: job 116711 has been allocated resources
Running with 8 processes
srun: job 116712 queued and waiting for resources
srun: job 116712 has been allocated resources
Running with 8 processes
srun: job 116713 queued and waiting for resources
srun: job 116713 has been allocated resources
Running with 8 processes
srun: job 116714 queued and waiting for resources
srun: job 116714 has been allocated resources
Running with 8 processes
srun: job 116715 queued and waiting for resources
srun: job 116715 has been allocated resources
Running with 8 processes
srun: job 116716 queued and waiting for resources
srun: job 116716 has been allocated resources
Running with 8 processes
srun: job 116717 queued and waiting for resources
srun: job 116717 has been allocated resources
Running with 8 processes
srun: job 116718 queued and waiting for resources
srun: job 116718 has been allocated resources
Running with 8 processes
srun: job 116719 queued and waiting for resources
srun: job 116719 has been allocated resources
Running with 8 processes
srun: job 116720 queued and waiting for resources
srun: job 116720 has been allocated resources
Running with 8 processes
srun: job 116721 queued and waiting for resources
srun: job 116721 has been allocated resources
Running with 8 processes
srun: job 116722 queued and waiting for resources
srun: job 116722 has been allocated resources
Running with 8 processes
srun: job 116723 queued and waiting for resources
srun: job 116723 has been allocated resources
Running with 8 processes
srun: job 116724 queued and waiting for resources
srun: job 116724 has been allocated resources
Running with 8 processes
srun: job 116725 queued and waiting for resources
srun: job 116725 has been allocated resources
Running with 8 processes
srun: job 116726 queued and waiting for resources
srun: job 116726 has been allocated resources
Running with 8 processes
srun: job 116727 queued and waiting for resources
srun: job 116727 has been allocated resources
Running with 8 processes
srun: job 116728 queued and waiting for resources
srun: job 116728 has been allocated resources
Running with 8 processes
