Running the following algorithm implementations
build/examples/noarr/gemmScatter-noarr-C_SCATTER_I_MAJOR-A_SCATTER_K_MAJOR-B_SCATTER_K_MAJOR-MINI-FLOAT-C_TILE_J_MAJOR-A_TILE_K_MAJOR-B_TILE_K_MAJOR
build/examples/noarr/gemmScatter-noarr-C_SCATTER_I_MAJOR-A_SCATTER_K_MAJOR-B_SCATTER_J_MAJOR-MEDIUM-FLOAT-C_TILE_J_MAJOR-A_TILE_I_MAJOR-B_TILE_K_MAJOR
build/examples/noarr/gemmScatter-noarr-C_SCATTER_I_MAJOR-A_SCATTER_I_MAJOR-B_SCATTER_K_MAJOR-EXTRALARGE-FLOAT-C_TILE_J_MAJOR-A_TILE_K_MAJOR-B_TILE_K_MAJOR
build/examples/noarr/gemmScatter-noarr-C_SCATTER_J_MAJOR-A_SCATTER_K_MAJOR-B_SCATTER_J_MAJOR-MINI-FLOAT-C_TILE_I_MAJOR-A_TILE_K_MAJOR-B_TILE_K_MAJOR
build/examples/noarr/gemmScatter-noarr-C_SCATTER_J_MAJOR-A_SCATTER_K_MAJOR-B_SCATTER_K_MAJOR-MEDIUM-FLOAT-C_TILE_I_MAJOR-A_TILE_I_MAJOR-B_TILE_K_MAJOR
build/examples/noarr/gemmScatter-noarr-C_SCATTER_I_MAJOR-A_SCATTER_I_MAJOR-B_SCATTER_J_MAJOR-MINI-FLOAT-C_TILE_I_MAJOR-A_TILE_K_MAJOR-B_TILE_K_MAJOR
build/examples/noarr/gemmScatter-noarr-C_SCATTER_J_MAJOR-A_SCATTER_I_MAJOR-B_SCATTER_K_MAJOR-EXTRALARGE-FLOAT-C_TILE_I_MAJOR-A_TILE_K_MAJOR-B_TILE_J_MAJOR
build/examples/noarr/gemmScatter-noarr-C_SCATTER_J_MAJOR-A_SCATTER_I_MAJOR-B_SCATTER_K_MAJOR-LARGE-FLOAT-C_TILE_I_MAJOR-A_TILE_K_MAJOR-B_TILE_J_MAJOR
build/examples/noarr/gemmScatter-noarr-C_SCATTER_I_MAJOR-A_SCATTER_K_MAJOR-B_SCATTER_J_MAJOR-EXTRALARGE-FLOAT-C_TILE_I_MAJOR-A_TILE_K_MAJOR-B_TILE_K_MAJOR
build/examples/noarr/gemmScatter-noarr-C_SCATTER_I_MAJOR-A_SCATTER_I_MAJOR-B_SCATTER_J_MAJOR-MINI-FLOAT-C_TILE_I_MAJOR-A_TILE_I_MAJOR-B_TILE_J_MAJOR
build/examples/noarr/gemmScatter-noarr-C_SCATTER_I_MAJOR-A_SCATTER_K_MAJOR-B_SCATTER_K_MAJOR-EXTRALARGE-FLOAT-C_TILE_I_MAJOR-A_TILE_I_MAJOR-B_TILE_K_MAJOR
build/examples/noarr/gemmScatter-noarr-C_SCATTER_I_MAJOR-A_SCATTER_I_MAJOR-B_SCATTER_K_MAJOR-SMALL-FLOAT-C_TILE_J_MAJOR-A_TILE_K_MAJOR-B_TILE_K_MAJOR
build/examples/noarr/gemmScatter-noarr-C_SCATTER_I_MAJOR-A_SCATTER_K_MAJOR-B_SCATTER_J_MAJOR-MINI-FLOAT-C_TILE_J_MAJOR-A_TILE_K_MAJOR-B_TILE_K_MAJOR
build/examples/noarr/gemmScatter-noarr-C_SCATTER_I_MAJOR-A_SCATTER_I_MAJOR-B_SCATTER_K_MAJOR-LARGE-FLOAT-C_TILE_J_MAJOR-A_TILE_K_MAJOR-B_TILE_J_MAJOR
build/examples/noarr/gemmScatter-noarr-C_SCATTER_J_MAJOR-A_SCATTER_K_MAJOR-B_SCATTER_J_MAJOR-EXTRALARGE-FLOAT-C_TILE_I_MAJOR-A_TILE_K_MAJOR-B_TILE_J_MAJOR
build/examples/noarr/gemmScatter-noarr-C_SCATTER_J_MAJOR-A_SCATTER_K_MAJOR-B_SCATTER_K_MAJOR-SMALL-FLOAT-C_TILE_J_MAJOR-A_TILE_K_MAJOR-B_TILE_J_MAJOR
build/examples/noarr/gemmScatter-noarr-C_SCATTER_I_MAJOR-A_SCATTER_K_MAJOR-B_SCATTER_K_MAJOR-SMALL-FLOAT-C_TILE_I_MAJOR-A_TILE_I_MAJOR-B_TILE_K_MAJOR
build/examples/noarr/gemmScatter-noarr-C_SCATTER_J_MAJOR-A_SCATTER_I_MAJOR-B_SCATTER_J_MAJOR-MEDIUM-FLOAT-C_TILE_I_MAJOR-A_TILE_I_MAJOR-B_TILE_K_MAJOR
build/examples/noarr/gemmScatter-noarr-C_SCATTER_I_MAJOR-A_SCATTER_I_MAJOR-B_SCATTER_K_MAJOR-EXTRALARGE-FLOAT-C_TILE_I_MAJOR-A_TILE_K_MAJOR-B_TILE_J_MAJOR
build/examples/noarr/gemmScatter-noarr-C_SCATTER_J_MAJOR-A_SCATTER_K_MAJOR-B_SCATTER_K_MAJOR-LARGE-FLOAT-C_TILE_J_MAJOR-A_TILE_I_MAJOR-B_TILE_K_MAJOR
build/examples/noarr/gemmScatter-noarr-C_SCATTER_I_MAJOR-A_SCATTER_K_MAJOR-B_SCATTER_K_MAJOR-MEDIUM-FLOAT-C_TILE_J_MAJOR-A_TILE_K_MAJOR-B_TILE_K_MAJOR
build/examples/noarr/gemmScatter-noarr-C_SCATTER_J_MAJOR-A_SCATTER_I_MAJOR-B_SCATTER_J_MAJOR-EXTRALARGE-FLOAT-C_TILE_I_MAJOR-A_TILE_I_MAJOR-B_TILE_J_MAJOR
build/examples/noarr/gemmScatter-noarr-C_SCATTER_J_MAJOR-A_SCATTER_K_MAJOR-B_SCATTER_K_MAJOR-MINI-FLOAT-C_TILE_J_MAJOR-A_TILE_K_MAJOR-B_TILE_J_MAJOR
build/examples/noarr/gemmScatter-noarr-C_SCATTER_J_MAJOR-A_SCATTER_K_MAJOR-B_SCATTER_J_MAJOR-EXTRALARGE-FLOAT-C_TILE_I_MAJOR-A_TILE_I_MAJOR-B_TILE_K_MAJOR
build/examples/noarr/gemmScatter-noarr-C_SCATTER_I_MAJOR-A_SCATTER_I_MAJOR-B_SCATTER_K_MAJOR-MEDIUM-FLOAT-C_TILE_J_MAJOR-A_TILE_K_MAJOR-B_TILE_K_MAJOR
build/examples/noarr/gemmScatter-noarr-C_SCATTER_J_MAJOR-A_SCATTER_K_MAJOR-B_SCATTER_K_MAJOR-SMALL-FLOAT-C_TILE_I_MAJOR-A_TILE_I_MAJOR-B_TILE_K_MAJOR
build/examples/noarr/gemmScatter-noarr-C_SCATTER_J_MAJOR-A_SCATTER_K_MAJOR-B_SCATTER_K_MAJOR-EXTRALARGE-FLOAT-C_TILE_J_MAJOR-A_TILE_K_MAJOR-B_TILE_K_MAJOR
build/examples/noarr/gemmScatter-noarr-C_SCATTER_J_MAJOR-A_SCATTER_K_MAJOR-B_SCATTER_J_MAJOR-SMALL-FLOAT-C_TILE_I_MAJOR-A_TILE_K_MAJOR-B_TILE_K_MAJOR
build/examples/noarr/gemmScatter-noarr-C_SCATTER_J_MAJOR-A_SCATTER_I_MAJOR-B_SCATTER_J_MAJOR-EXTRALARGE-FLOAT-C_TILE_J_MAJOR-A_TILE_K_MAJOR-B_TILE_K_MAJOR
build/examples/noarr/gemmScatter-noarr-C_SCATTER_I_MAJOR-A_SCATTER_I_MAJOR-B_SCATTER_K_MAJOR-EXTRALARGE-FLOAT-C_TILE_J_MAJOR-A_TILE_K_MAJOR-B_TILE_J_MAJOR
build/examples/noarr/gemmScatter-noarr-C_SCATTER_I_MAJOR-A_SCATTER_I_MAJOR-B_SCATTER_K_MAJOR-MINI-FLOAT-C_TILE_J_MAJOR-A_TILE_I_MAJOR-B_TILE_J_MAJOR
build/examples/noarr/gemmScatter-noarr-C_SCATTER_J_MAJOR-A_SCATTER_K_MAJOR-B_SCATTER_K_MAJOR-MEDIUM-FLOAT-C_TILE_J_MAJOR-A_TILE_K_MAJOR-B_TILE_K_MAJOR
build/examples/noarr/gemmScatter-noarr-C_SCATTER_J_MAJOR-A_SCATTER_I_MAJOR-B_SCATTER_K_MAJOR-LARGE-FLOAT-C_TILE_I_MAJOR-A_TILE_I_MAJOR-B_TILE_J_MAJOR
build/examples/noarr/gemmScatter-noarr-C_SCATTER_J_MAJOR-A_SCATTER_K_MAJOR-B_SCATTER_J_MAJOR-EXTRALARGE-FLOAT-C_TILE_J_MAJOR-A_TILE_I_MAJOR-B_TILE_K_MAJOR
build/examples/noarr/gemmScatter-noarr-C_SCATTER_J_MAJOR-A_SCATTER_K_MAJOR-B_SCATTER_J_MAJOR-LARGE-FLOAT-C_TILE_I_MAJOR-A_TILE_I_MAJOR-B_TILE_K_MAJOR
build/examples/noarr/gemmScatter-noarr-C_SCATTER_J_MAJOR-A_SCATTER_I_MAJOR-B_SCATTER_J_MAJOR-SMALL-FLOAT-C_TILE_J_MAJOR-A_TILE_I_MAJOR-B_TILE_K_MAJOR
build/examples/noarr/gemmScatter-noarr-C_SCATTER_J_MAJOR-A_SCATTER_I_MAJOR-B_SCATTER_J_MAJOR-SMALL-FLOAT-C_TILE_J_MAJOR-A_TILE_K_MAJOR-B_TILE_K_MAJOR
build/examples/noarr/gemmScatter-noarr-C_SCATTER_I_MAJOR-A_SCATTER_K_MAJOR-B_SCATTER_J_MAJOR-SMALL-FLOAT-C_TILE_I_MAJOR-A_TILE_K_MAJOR-B_TILE_J_MAJOR
build/examples/noarr/gemmScatter-noarr-C_SCATTER_J_MAJOR-A_SCATTER_K_MAJOR-B_SCATTER_K_MAJOR-SMALL-FLOAT-C_TILE_I_MAJOR-A_TILE_K_MAJOR-B_TILE_K_MAJOR
build/examples/noarr/gemmScatter-noarr-C_SCATTER_I_MAJOR-A_SCATTER_I_MAJOR-B_SCATTER_K_MAJOR-LARGE-FLOAT-C_TILE_I_MAJOR-A_TILE_K_MAJOR-B_TILE_J_MAJOR
build/examples/noarr/gemmScatter-noarr-C_SCATTER_J_MAJOR-A_SCATTER_K_MAJOR-B_SCATTER_K_MAJOR-MEDIUM-FLOAT-C_TILE_I_MAJOR-A_TILE_K_MAJOR-B_TILE_K_MAJOR
build/examples/noarr/gemmScatter-noarr-C_SCATTER_J_MAJOR-A_SCATTER_K_MAJOR-B_SCATTER_J_MAJOR-LARGE-FLOAT-C_TILE_I_MAJOR-A_TILE_I_MAJOR-B_TILE_J_MAJOR
build/examples/noarr/gemmScatter-noarr-C_SCATTER_J_MAJOR-A_SCATTER_I_MAJOR-B_SCATTER_K_MAJOR-EXTRALARGE-FLOAT-C_TILE_J_MAJOR-A_TILE_I_MAJOR-B_TILE_K_MAJOR
build/examples/noarr/gemmScatter-noarr-C_SCATTER_J_MAJOR-A_SCATTER_K_MAJOR-B_SCATTER_K_MAJOR-SMALL-FLOAT-C_TILE_J_MAJOR-A_TILE_I_MAJOR-B_TILE_K_MAJOR
build/examples/noarr/gemmScatter-noarr-C_SCATTER_J_MAJOR-A_SCATTER_K_MAJOR-B_SCATTER_K_MAJOR-LARGE-FLOAT-C_TILE_I_MAJOR-A_TILE_K_MAJOR-B_TILE_J_MAJOR
build/examples/noarr/gemmScatter-noarr-C_SCATTER_I_MAJOR-A_SCATTER_I_MAJOR-B_SCATTER_K_MAJOR-MINI-FLOAT-C_TILE_I_MAJOR-A_TILE_I_MAJOR-B_TILE_K_MAJOR
build/examples/noarr/gemmScatter-noarr-C_SCATTER_I_MAJOR-A_SCATTER_K_MAJOR-B_SCATTER_J_MAJOR-MINI-FLOAT-C_TILE_I_MAJOR-A_TILE_I_MAJOR-B_TILE_K_MAJOR
build/examples/noarr/gemmScatter-noarr-C_SCATTER_I_MAJOR-A_SCATTER_K_MAJOR-B_SCATTER_K_MAJOR-SMALL-FLOAT-C_TILE_J_MAJOR-A_TILE_I_MAJOR-B_TILE_J_MAJOR
build/examples/noarr/gemmScatter-noarr-C_SCATTER_J_MAJOR-A_SCATTER_K_MAJOR-B_SCATTER_K_MAJOR-EXTRALARGE-FLOAT-C_TILE_J_MAJOR-A_TILE_I_MAJOR-B_TILE_J_MAJOR
build/examples/noarr/gemmScatter-noarr-C_SCATTER_I_MAJOR-A_SCATTER_I_MAJOR-B_SCATTER_J_MAJOR-MINI-FLOAT-C_TILE_J_MAJOR-A_TILE_I_MAJOR-B_TILE_J_MAJOR
build/examples/noarr/gemmScatter-noarr-C_SCATTER_I_MAJOR-A_SCATTER_I_MAJOR-B_SCATTER_K_MAJOR-SMALL-FLOAT-C_TILE_I_MAJOR-A_TILE_K_MAJOR-B_TILE_K_MAJOR
build/examples/noarr/gemmScatter-noarr-C_SCATTER_I_MAJOR-A_SCATTER_I_MAJOR-B_SCATTER_K_MAJOR-SMALL-FLOAT-C_TILE_J_MAJOR-A_TILE_K_MAJOR-B_TILE_J_MAJOR
build/examples/noarr/gemmScatter-noarr-C_SCATTER_I_MAJOR-A_SCATTER_K_MAJOR-B_SCATTER_K_MAJOR-LARGE-FLOAT-C_TILE_I_MAJOR-A_TILE_K_MAJOR-B_TILE_K_MAJOR
build/examples/noarr/gemmScatter-noarr-C_SCATTER_I_MAJOR-A_SCATTER_K_MAJOR-B_SCATTER_J_MAJOR-MINI-FLOAT-C_TILE_J_MAJOR-A_TILE_I_MAJOR-B_TILE_K_MAJOR
build/examples/noarr/gemmScatter-noarr-C_SCATTER_I_MAJOR-A_SCATTER_I_MAJOR-B_SCATTER_J_MAJOR-LARGE-FLOAT-C_TILE_J_MAJOR-A_TILE_K_MAJOR-B_TILE_J_MAJOR
build/examples/noarr/gemmScatter-noarr-C_SCATTER_J_MAJOR-A_SCATTER_K_MAJOR-B_SCATTER_J_MAJOR-MEDIUM-FLOAT-C_TILE_I_MAJOR-A_TILE_I_MAJOR-B_TILE_J_MAJOR
build/examples/noarr/gemmScatter-noarr-C_SCATTER_I_MAJOR-A_SCATTER_K_MAJOR-B_SCATTER_J_MAJOR-SMALL-FLOAT-C_TILE_J_MAJOR-A_TILE_K_MAJOR-B_TILE_J_MAJOR
build/examples/noarr/gemmScatter-noarr-C_SCATTER_J_MAJOR-A_SCATTER_I_MAJOR-B_SCATTER_J_MAJOR-MINI-FLOAT-C_TILE_J_MAJOR-A_TILE_K_MAJOR-B_TILE_J_MAJOR
build/examples/noarr/gemmScatter-noarr-C_SCATTER_I_MAJOR-A_SCATTER_K_MAJOR-B_SCATTER_J_MAJOR-LARGE-FLOAT-C_TILE_J_MAJOR-A_TILE_K_MAJOR-B_TILE_J_MAJOR
build/examples/noarr/gemmScatter-noarr-C_SCATTER_I_MAJOR-A_SCATTER_K_MAJOR-B_SCATTER_K_MAJOR-MINI-FLOAT-C_TILE_I_MAJOR-A_TILE_K_MAJOR-B_TILE_K_MAJOR
build/examples/noarr/gemmScatter-noarr-C_SCATTER_J_MAJOR-A_SCATTER_I_MAJOR-B_SCATTER_J_MAJOR-LARGE-FLOAT-C_TILE_J_MAJOR-A_TILE_K_MAJOR-B_TILE_J_MAJOR
build/examples/noarr/gemmScatter-noarr-C_SCATTER_J_MAJOR-A_SCATTER_K_MAJOR-B_SCATTER_J_MAJOR-MINI-FLOAT-C_TILE_J_MAJOR-A_TILE_I_MAJOR-B_TILE_J_MAJOR
build/examples/noarr/gemmScatter-noarr-C_SCATTER_I_MAJOR-A_SCATTER_I_MAJOR-B_SCATTER_K_MAJOR-SMALL-FLOAT-C_TILE_J_MAJOR-A_TILE_I_MAJOR-B_TILE_K_MAJOR
build/examples/noarr/gemmScatter-noarr-C_SCATTER_I_MAJOR-A_SCATTER_I_MAJOR-B_SCATTER_J_MAJOR-SMALL-FLOAT-C_TILE_J_MAJOR-A_TILE_K_MAJOR-B_TILE_K_MAJOR
build/examples/noarr/gemmScatter-noarr-C_SCATTER_J_MAJOR-A_SCATTER_I_MAJOR-B_SCATTER_J_MAJOR-SMALL-FLOAT-C_TILE_I_MAJOR-A_TILE_I_MAJOR-B_TILE_K_MAJOR
build/examples/noarr/gemmScatter-noarr-C_SCATTER_I_MAJOR-A_SCATTER_K_MAJOR-B_SCATTER_K_MAJOR-MEDIUM-FLOAT-C_TILE_I_MAJOR-A_TILE_I_MAJOR-B_TILE_K_MAJOR
build/examples/noarr/gemmScatter-noarr-C_SCATTER_I_MAJOR-A_SCATTER_K_MAJOR-B_SCATTER_K_MAJOR-EXTRALARGE-FLOAT-C_TILE_I_MAJOR-A_TILE_K_MAJOR-B_TILE_K_MAJOR
build/examples/noarr/gemmScatter-noarr-C_SCATTER_I_MAJOR-A_SCATTER_I_MAJOR-B_SCATTER_J_MAJOR-LARGE-FLOAT-C_TILE_J_MAJOR-A_TILE_I_MAJOR-B_TILE_K_MAJOR
build/examples/noarr/gemmScatter-noarr-C_SCATTER_I_MAJOR-A_SCATTER_I_MAJOR-B_SCATTER_J_MAJOR-LARGE-FLOAT-C_TILE_I_MAJOR-A_TILE_I_MAJOR-B_TILE_K_MAJOR
build/examples/noarr/gemmScatter-noarr-C_SCATTER_I_MAJOR-A_SCATTER_K_MAJOR-B_SCATTER_K_MAJOR-MEDIUM-FLOAT-C_TILE_I_MAJOR-A_TILE_I_MAJOR-B_TILE_J_MAJOR
build/examples/noarr/gemmScatter-noarr-C_SCATTER_J_MAJOR-A_SCATTER_I_MAJOR-B_SCATTER_K_MAJOR-EXTRALARGE-FLOAT-C_TILE_I_MAJOR-A_TILE_I_MAJOR-B_TILE_J_MAJOR
build/examples/noarr/gemmScatter-noarr-C_SCATTER_J_MAJOR-A_SCATTER_I_MAJOR-B_SCATTER_K_MAJOR-LARGE-FLOAT-C_TILE_J_MAJOR-A_TILE_K_MAJOR-B_TILE_K_MAJOR
build/examples/noarr/gemmScatter-noarr-C_SCATTER_I_MAJOR-A_SCATTER_I_MAJOR-B_SCATTER_K_MAJOR-LARGE-FLOAT-C_TILE_I_MAJOR-A_TILE_I_MAJOR-B_TILE_K_MAJOR
build/examples/noarr/gemmScatter-noarr-C_SCATTER_J_MAJOR-A_SCATTER_I_MAJOR-B_SCATTER_K_MAJOR-SMALL-FLOAT-C_TILE_J_MAJOR-A_TILE_I_MAJOR-B_TILE_K_MAJOR
build/examples/noarr/gemmScatter-noarr-C_SCATTER_I_MAJOR-A_SCATTER_K_MAJOR-B_SCATTER_K_MAJOR-MINI-FLOAT-C_TILE_J_MAJOR-A_TILE_I_MAJOR-B_TILE_K_MAJOR
build/examples/noarr/gemmScatter-noarr-C_SCATTER_J_MAJOR-A_SCATTER_I_MAJOR-B_SCATTER_J_MAJOR-EXTRALARGE-FLOAT-C_TILE_J_MAJOR-A_TILE_I_MAJOR-B_TILE_K_MAJOR
build/examples/noarr/gemmScatter-noarr-C_SCATTER_J_MAJOR-A_SCATTER_I_MAJOR-B_SCATTER_K_MAJOR-EXTRALARGE-FLOAT-C_TILE_I_MAJOR-A_TILE_K_MAJOR-B_TILE_K_MAJOR
build/examples/noarr/gemmScatter-noarr-C_SCATTER_J_MAJOR-A_SCATTER_K_MAJOR-B_SCATTER_J_MAJOR-MEDIUM-FLOAT-C_TILE_I_MAJOR-A_TILE_K_MAJOR-B_TILE_J_MAJOR
build/examples/noarr/gemmScatter-noarr-C_SCATTER_I_MAJOR-A_SCATTER_I_MAJOR-B_SCATTER_J_MAJOR-MEDIUM-FLOAT-C_TILE_I_MAJOR-A_TILE_K_MAJOR-B_TILE_K_MAJOR
build/examples/noarr/gemmScatter-noarr-C_SCATTER_I_MAJOR-A_SCATTER_K_MAJOR-B_SCATTER_J_MAJOR-MEDIUM-FLOAT-C_TILE_I_MAJOR-A_TILE_I_MAJOR-B_TILE_K_MAJOR
build/examples/noarr/gemmScatter-noarr-C_SCATTER_I_MAJOR-A_SCATTER_K_MAJOR-B_SCATTER_K_MAJOR-EXTRALARGE-FLOAT-C_TILE_I_MAJOR-A_TILE_K_MAJOR-B_TILE_J_MAJOR
build/examples/noarr/gemmScatter-noarr-C_SCATTER_J_MAJOR-A_SCATTER_I_MAJOR-B_SCATTER_J_MAJOR-MEDIUM-FLOAT-C_TILE_J_MAJOR-A_TILE_K_MAJOR-B_TILE_J_MAJOR
build/examples/noarr/gemmScatter-noarr-C_SCATTER_I_MAJOR-A_SCATTER_I_MAJOR-B_SCATTER_K_MAJOR-LARGE-FLOAT-C_TILE_I_MAJOR-A_TILE_K_MAJOR-B_TILE_K_MAJOR
build/examples/noarr/gemmScatter-noarr-C_SCATTER_J_MAJOR-A_SCATTER_I_MAJOR-B_SCATTER_K_MAJOR-MINI-FLOAT-C_TILE_I_MAJOR-A_TILE_K_MAJOR-B_TILE_J_MAJOR
build/examples/noarr/gemmScatter-noarr-C_SCATTER_J_MAJOR-A_SCATTER_K_MAJOR-B_SCATTER_J_MAJOR-EXTRALARGE-FLOAT-C_TILE_J_MAJOR-A_TILE_K_MAJOR-B_TILE_J_MAJOR
build/examples/noarr/gemmScatter-noarr-C_SCATTER_J_MAJOR-A_SCATTER_I_MAJOR-B_SCATTER_K_MAJOR-LARGE-FLOAT-C_TILE_J_MAJOR-A_TILE_K_MAJOR-B_TILE_J_MAJOR
build/examples/noarr/gemmScatter-noarr-C_SCATTER_J_MAJOR-A_SCATTER_K_MAJOR-B_SCATTER_K_MAJOR-MINI-FLOAT-C_TILE_I_MAJOR-A_TILE_K_MAJOR-B_TILE_K_MAJOR
build/examples/noarr/gemmScatter-noarr-C_SCATTER_I_MAJOR-A_SCATTER_K_MAJOR-B_SCATTER_J_MAJOR-MEDIUM-FLOAT-C_TILE_I_MAJOR-A_TILE_K_MAJOR-B_TILE_K_MAJOR
build/examples/noarr/gemmScatter-noarr-C_SCATTER_I_MAJOR-A_SCATTER_I_MAJOR-B_SCATTER_J_MAJOR-EXTRALARGE-FLOAT-C_TILE_I_MAJOR-A_TILE_K_MAJOR-B_TILE_J_MAJOR
build/examples/noarr/gemmScatter-noarr-C_SCATTER_J_MAJOR-A_SCATTER_I_MAJOR-B_SCATTER_J_MAJOR-MINI-FLOAT-C_TILE_J_MAJOR-A_TILE_K_MAJOR-B_TILE_K_MAJOR
build/examples/noarr/gemmScatter-noarr-C_SCATTER_J_MAJOR-A_SCATTER_I_MAJOR-B_SCATTER_J_MAJOR-MINI-FLOAT-C_TILE_I_MAJOR-A_TILE_K_MAJOR-B_TILE_K_MAJOR
build/examples/noarr/gemmScatter-noarr-C_SCATTER_J_MAJOR-A_SCATTER_K_MAJOR-B_SCATTER_K_MAJOR-MEDIUM-FLOAT-C_TILE_J_MAJOR-A_TILE_I_MAJOR-B_TILE_K_MAJOR
build/examples/noarr/gemmScatter-noarr-C_SCATTER_J_MAJOR-A_SCATTER_I_MAJOR-B_SCATTER_J_MAJOR-LARGE-FLOAT-C_TILE_J_MAJOR-A_TILE_K_MAJOR-B_TILE_K_MAJOR
build/examples/noarr/gemmScatter-noarr-C_SCATTER_J_MAJOR-A_SCATTER_I_MAJOR-B_SCATTER_J_MAJOR-MEDIUM-FLOAT-C_TILE_I_MAJOR-A_TILE_K_MAJOR-B_TILE_J_MAJOR
build/examples/noarr/gemmScatter-noarr-C_SCATTER_I_MAJOR-A_SCATTER_I_MAJOR-B_SCATTER_J_MAJOR-SMALL-FLOAT-C_TILE_I_MAJOR-A_TILE_I_MAJOR-B_TILE_K_MAJOR
build/examples/noarr/gemmScatter-noarr-C_SCATTER_I_MAJOR-A_SCATTER_I_MAJOR-B_SCATTER_J_MAJOR-MINI-FLOAT-C_TILE_J_MAJOR-A_TILE_K_MAJOR-B_TILE_J_MAJOR
build/examples/noarr/gemmScatter-noarr-C_SCATTER_J_MAJOR-A_SCATTER_K_MAJOR-B_SCATTER_K_MAJOR-SMALL-FLOAT-C_TILE_J_MAJOR-A_TILE_I_MAJOR-B_TILE_J_MAJOR
build/examples/noarr/gemmScatter-noarr-C_SCATTER_I_MAJOR-A_SCATTER_I_MAJOR-B_SCATTER_J_MAJOR-EXTRALARGE-FLOAT-C_TILE_J_MAJOR-A_TILE_K_MAJOR-B_TILE_J_MAJOR
build/examples/noarr/gemmScatter-noarr-C_SCATTER_I_MAJOR-A_SCATTER_I_MAJOR-B_SCATTER_J_MAJOR-LARGE-FLOAT-C_TILE_I_MAJOR-A_TILE_K_MAJOR-B_TILE_K_MAJOR
build/examples/noarr/gemmScatter-noarr-C_SCATTER_J_MAJOR-A_SCATTER_K_MAJOR-B_SCATTER_J_MAJOR-LARGE-FLOAT-C_TILE_J_MAJOR-A_TILE_I_MAJOR-B_TILE_K_MAJOR
build/examples/noarr/gemmScatter-noarr-C_SCATTER_I_MAJOR-A_SCATTER_K_MAJOR-B_SCATTER_J_MAJOR-MEDIUM-FLOAT-C_TILE_I_MAJOR-A_TILE_I_MAJOR-B_TILE_J_MAJOR
build/examples/noarr/gemmScatter-noarr-C_SCATTER_J_MAJOR-A_SCATTER_I_MAJOR-B_SCATTER_K_MAJOR-SMALL-FLOAT-C_TILE_I_MAJOR-A_TILE_I_MAJOR-B_TILE_J_MAJOR
build/examples/noarr/gemmScatter-noarr-C_SCATTER_I_MAJOR-A_SCATTER_K_MAJOR-B_SCATTER_J_MAJOR-MEDIUM-FLOAT-C_TILE_J_MAJOR-A_TILE_K_MAJOR-B_TILE_K_MAJOR
build/examples/noarr/gemmScatter-noarr-C_SCATTER_I_MAJOR-A_SCATTER_I_MAJOR-B_SCATTER_K_MAJOR-MINI-FLOAT-C_TILE_I_MAJOR-A_TILE_K_MAJOR-B_TILE_K_MAJOR
build/examples/noarr/gemmScatter-noarr-C_SCATTER_I_MAJOR-A_SCATTER_I_MAJOR-B_SCATTER_J_MAJOR-EXTRALARGE-FLOAT-C_TILE_I_MAJOR-A_TILE_K_MAJOR-B_TILE_K_MAJOR
build/examples/noarr/gemmScatter-noarr-C_SCATTER_I_MAJOR-A_SCATTER_I_MAJOR-B_SCATTER_K_MAJOR-MINI-FLOAT-C_TILE_J_MAJOR-A_TILE_K_MAJOR-B_TILE_K_MAJOR
build/examples/noarr/gemmScatter-noarr-C_SCATTER_I_MAJOR-A_SCATTER_K_MAJOR-B_SCATTER_J_MAJOR-MEDIUM-FLOAT-C_TILE_J_MAJOR-A_TILE_I_MAJOR-B_TILE_J_MAJOR
build/examples/noarr/gemmScatter-noarr-C_SCATTER_J_MAJOR-A_SCATTER_I_MAJOR-B_SCATTER_J_MAJOR-LARGE-FLOAT-C_TILE_I_MAJOR-A_TILE_I_MAJOR-B_TILE_J_MAJOR
build/examples/noarr/gemmScatter-noarr-C_SCATTER_I_MAJOR-A_SCATTER_I_MAJOR-B_SCATTER_J_MAJOR-SMALL-FLOAT-C_TILE_I_MAJOR-A_TILE_I_MAJOR-B_TILE_J_MAJOR
build/examples/noarr/gemmScatter-noarr-C_SCATTER_I_MAJOR-A_SCATTER_K_MAJOR-B_SCATTER_J_MAJOR-SMALL-FLOAT-C_TILE_J_MAJOR-A_TILE_K_MAJOR-B_TILE_K_MAJOR
build/examples/noarr/gemmScatter-noarr-C_SCATTER_I_MAJOR-A_SCATTER_I_MAJOR-B_SCATTER_J_MAJOR-SMALL-FLOAT-C_TILE_J_MAJOR-A_TILE_I_MAJOR-B_TILE_K_MAJOR
build/examples/noarr/gemmScatter-noarr-C_SCATTER_J_MAJOR-A_SCATTER_K_MAJOR-B_SCATTER_J_MAJOR-SMALL-FLOAT-C_TILE_J_MAJOR-A_TILE_K_MAJOR-B_TILE_K_MAJOR
build/examples/noarr/gemmScatter-noarr-C_SCATTER_J_MAJOR-A_SCATTER_K_MAJOR-B_SCATTER_J_MAJOR-EXTRALARGE-FLOAT-C_TILE_J_MAJOR-A_TILE_I_MAJOR-B_TILE_J_MAJOR
build/examples/noarr/gemmScatter-noarr-C_SCATTER_J_MAJOR-A_SCATTER_I_MAJOR-B_SCATTER_K_MAJOR-LARGE-FLOAT-C_TILE_I_MAJOR-A_TILE_I_MAJOR-B_TILE_K_MAJOR
build/examples/noarr/gemmScatter-noarr-C_SCATTER_I_MAJOR-A_SCATTER_K_MAJOR-B_SCATTER_J_MAJOR-LARGE-FLOAT-C_TILE_I_MAJOR-A_TILE_I_MAJOR-B_TILE_J_MAJOR
build/examples/noarr/gemmScatter-noarr-C_SCATTER_I_MAJOR-A_SCATTER_K_MAJOR-B_SCATTER_K_MAJOR-MINI-FLOAT-C_TILE_I_MAJOR-A_TILE_I_MAJOR-B_TILE_K_MAJOR
build/examples/noarr/gemmScatter-noarr-C_SCATTER_I_MAJOR-A_SCATTER_K_MAJOR-B_SCATTER_K_MAJOR-SMALL-FLOAT-C_TILE_I_MAJOR-A_TILE_I_MAJOR-B_TILE_J_MAJOR
build/examples/noarr/gemmScatter-noarr-C_SCATTER_I_MAJOR-A_SCATTER_I_MAJOR-B_SCATTER_J_MAJOR-MINI-FLOAT-C_TILE_I_MAJOR-A_TILE_K_MAJOR-B_TILE_J_MAJOR
build/examples/noarr/gemmScatter-noarr-C_SCATTER_J_MAJOR-A_SCATTER_I_MAJOR-B_SCATTER_K_MAJOR-MEDIUM-FLOAT-C_TILE_I_MAJOR-A_TILE_I_MAJOR-B_TILE_J_MAJOR
build/examples/noarr/gemmScatter-noarr-C_SCATTER_J_MAJOR-A_SCATTER_K_MAJOR-B_SCATTER_J_MAJOR-MINI-FLOAT-C_TILE_I_MAJOR-A_TILE_I_MAJOR-B_TILE_K_MAJOR
build/examples/noarr/gemmScatter-noarr-C_SCATTER_I_MAJOR-A_SCATTER_I_MAJOR-B_SCATTER_J_MAJOR-LARGE-FLOAT-C_TILE_I_MAJOR-A_TILE_K_MAJOR-B_TILE_J_MAJOR
build/examples/noarr/gemmScatter-noarr-C_SCATTER_I_MAJOR-A_SCATTER_K_MAJOR-B_SCATTER_K_MAJOR-EXTRALARGE-FLOAT-C_TILE_J_MAJOR-A_TILE_I_MAJOR-B_TILE_K_MAJOR
build/examples/noarr/gemmScatter-noarr-C_SCATTER_I_MAJOR-A_SCATTER_K_MAJOR-B_SCATTER_K_MAJOR-MEDIUM-FLOAT-C_TILE_I_MAJOR-A_TILE_K_MAJOR-B_TILE_J_MAJOR
build/examples/noarr/gemmScatter-noarr-C_SCATTER_J_MAJOR-A_SCATTER_I_MAJOR-B_SCATTER_K_MAJOR-LARGE-FLOAT-C_TILE_I_MAJOR-A_TILE_K_MAJOR-B_TILE_K_MAJOR
build/examples/noarr/gemmScatter-noarr-C_SCATTER_I_MAJOR-A_SCATTER_K_MAJOR-B_SCATTER_J_MAJOR-SMALL-FLOAT-C_TILE_J_MAJOR-A_TILE_I_MAJOR-B_TILE_K_MAJOR
build/examples/noarr/gemmScatter-noarr-C_SCATTER_I_MAJOR-A_SCATTER_K_MAJOR-B_SCATTER_J_MAJOR-MINI-FLOAT-C_TILE_I_MAJOR-A_TILE_K_MAJOR-B_TILE_K_MAJOR
build/examples/noarr/gemmScatter-noarr-C_SCATTER_J_MAJOR-A_SCATTER_K_MAJOR-B_SCATTER_J_MAJOR-EXTRALARGE-FLOAT-C_TILE_J_MAJOR-A_TILE_K_MAJOR-B_TILE_K_MAJOR
build/examples/noarr/gemmScatter-noarr-C_SCATTER_J_MAJOR-A_SCATTER_K_MAJOR-B_SCATTER_K_MAJOR-EXTRALARGE-FLOAT-C_TILE_J_MAJOR-A_TILE_K_MAJOR-B_TILE_J_MAJOR
build/examples/noarr/gemmScatter-noarr-C_SCATTER_J_MAJOR-A_SCATTER_K_MAJOR-B_SCATTER_J_MAJOR-MEDIUM-FLOAT-C_TILE_J_MAJOR-A_TILE_K_MAJOR-B_TILE_K_MAJOR
build/examples/noarr/gemmScatter-noarr-C_SCATTER_I_MAJOR-A_SCATTER_K_MAJOR-B_SCATTER_K_MAJOR-LARGE-FLOAT-C_TILE_J_MAJOR-A_TILE_K_MAJOR-B_TILE_J_MAJOR
build/examples/noarr/gemmScatter-noarr-C_SCATTER_I_MAJOR-A_SCATTER_K_MAJOR-B_SCATTER_J_MAJOR-MINI-FLOAT-C_TILE_J_MAJOR-A_TILE_K_MAJOR-B_TILE_J_MAJOR
build/examples/noarr/gemmScatter-noarr-C_SCATTER_J_MAJOR-A_SCATTER_I_MAJOR-B_SCATTER_J_MAJOR-LARGE-FLOAT-C_TILE_J_MAJOR-A_TILE_I_MAJOR-B_TILE_K_MAJOR
build/examples/noarr/gemmScatter-noarr-C_SCATTER_I_MAJOR-A_SCATTER_I_MAJOR-B_SCATTER_K_MAJOR-LARGE-FLOAT-C_TILE_I_MAJOR-A_TILE_I_MAJOR-B_TILE_J_MAJOR
build/examples/noarr/gemmScatter-noarr-C_SCATTER_I_MAJOR-A_SCATTER_I_MAJOR-B_SCATTER_K_MAJOR-MINI-FLOAT-C_TILE_J_MAJOR-A_TILE_K_MAJOR-B_TILE_J_MAJOR
build/examples/noarr/gemmScatter-noarr-C_SCATTER_I_MAJOR-A_SCATTER_I_MAJOR-B_SCATTER_K_MAJOR-MINI-FLOAT-C_TILE_I_MAJOR-A_TILE_K_MAJOR-B_TILE_J_MAJOR
build/examples/noarr/gemmScatter-noarr-C_SCATTER_I_MAJOR-A_SCATTER_I_MAJOR-B_SCATTER_K_MAJOR-LARGE-FLOAT-C_TILE_J_MAJOR-A_TILE_I_MAJOR-B_TILE_J_MAJOR
build/examples/noarr/gemmScatter-noarr-C_SCATTER_I_MAJOR-A_SCATTER_K_MAJOR-B_SCATTER_J_MAJOR-MINI-FLOAT-C_TILE_I_MAJOR-A_TILE_I_MAJOR-B_TILE_J_MAJOR
build/examples/noarr/gemmScatter-noarr-C_SCATTER_I_MAJOR-A_SCATTER_I_MAJOR-B_SCATTER_J_MAJOR-LARGE-FLOAT-C_TILE_J_MAJOR-A_TILE_I_MAJOR-B_TILE_J_MAJOR
build/examples/noarr/gemmScatter-noarr-C_SCATTER_J_MAJOR-A_SCATTER_K_MAJOR-B_SCATTER_J_MAJOR-SMALL-FLOAT-C_TILE_J_MAJOR-A_TILE_I_MAJOR-B_TILE_J_MAJOR
build/examples/noarr/gemmScatter-noarr-C_SCATTER_J_MAJOR-A_SCATTER_K_MAJOR-B_SCATTER_J_MAJOR-MEDIUM-FLOAT-C_TILE_J_MAJOR-A_TILE_K_MAJOR-B_TILE_J_MAJOR
build/examples/noarr/gemmScatter-noarr-C_SCATTER_J_MAJOR-A_SCATTER_I_MAJOR-B_SCATTER_K_MAJOR-LARGE-FLOAT-C_TILE_J_MAJOR-A_TILE_I_MAJOR-B_TILE_J_MAJOR
build/examples/noarr/gemmScatter-noarr-C_SCATTER_I_MAJOR-A_SCATTER_I_MAJOR-B_SCATTER_J_MAJOR-LARGE-FLOAT-C_TILE_J_MAJOR-A_TILE_K_MAJOR-B_TILE_K_MAJOR
build/examples/noarr/gemmScatter-noarr-C_SCATTER_I_MAJOR-A_SCATTER_I_MAJOR-B_SCATTER_K_MAJOR-EXTRALARGE-FLOAT-C_TILE_I_MAJOR-A_TILE_K_MAJOR-B_TILE_K_MAJOR
build/examples/noarr/gemmScatter-noarr-C_SCATTER_J_MAJOR-A_SCATTER_K_MAJOR-B_SCATTER_J_MAJOR-SMALL-FLOAT-C_TILE_J_MAJOR-A_TILE_I_MAJOR-B_TILE_K_MAJOR
build/examples/noarr/gemmScatter-noarr-C_SCATTER_J_MAJOR-A_SCATTER_K_MAJOR-B_SCATTER_J_MAJOR-MEDIUM-FLOAT-C_TILE_J_MAJOR-A_TILE_I_MAJOR-B_TILE_J_MAJOR
build/examples/noarr/gemmScatter-noarr-C_SCATTER_J_MAJOR-A_SCATTER_I_MAJOR-B_SCATTER_J_MAJOR-MINI-FLOAT-C_TILE_I_MAJOR-A_TILE_K_MAJOR-B_TILE_J_MAJOR
build/examples/noarr/gemmScatter-noarr-C_SCATTER_I_MAJOR-A_SCATTER_K_MAJOR-B_SCATTER_K_MAJOR-MEDIUM-FLOAT-C_TILE_J_MAJOR-A_TILE_I_MAJOR-B_TILE_K_MAJOR
build/examples/noarr/gemmScatter-noarr-C_SCATTER_I_MAJOR-A_SCATTER_K_MAJOR-B_SCATTER_J_MAJOR-MEDIUM-FLOAT-C_TILE_I_MAJOR-A_TILE_K_MAJOR-B_TILE_J_MAJOR
build/examples/noarr/gemmScatter-noarr-C_SCATTER_J_MAJOR-A_SCATTER_K_MAJOR-B_SCATTER_K_MAJOR-EXTRALARGE-FLOAT-C_TILE_I_MAJOR-A_TILE_K_MAJOR-B_TILE_J_MAJOR
build/examples/noarr/gemmScatter-noarr-C_SCATTER_J_MAJOR-A_SCATTER_K_MAJOR-B_SCATTER_K_MAJOR-SMALL-FLOAT-C_TILE_I_MAJOR-A_TILE_K_MAJOR-B_TILE_J_MAJOR
build/examples/noarr/gemmScatter-noarr-C_SCATTER_J_MAJOR-A_SCATTER_I_MAJOR-B_SCATTER_K_MAJOR-MINI-FLOAT-C_TILE_J_MAJOR-A_TILE_I_MAJOR-B_TILE_K_MAJOR
build/examples/noarr/gemmScatter-noarr-C_SCATTER_J_MAJOR-A_SCATTER_K_MAJOR-B_SCATTER_K_MAJOR-LARGE-FLOAT-C_TILE_I_MAJOR-A_TILE_K_MAJOR-B_TILE_K_MAJOR
build/examples/noarr/gemmScatter-noarr-C_SCATTER_J_MAJOR-A_SCATTER_K_MAJOR-B_SCATTER_J_MAJOR-MEDIUM-FLOAT-C_TILE_J_MAJOR-A_TILE_I_MAJOR-B_TILE_K_MAJOR
build/examples/noarr/gemmScatter-noarr-C_SCATTER_J_MAJOR-A_SCATTER_K_MAJOR-B_SCATTER_K_MAJOR-EXTRALARGE-FLOAT-C_TILE_I_MAJOR-A_TILE_I_MAJOR-B_TILE_K_MAJOR
build/examples/noarr/gemmScatter-noarr-C_SCATTER_J_MAJOR-A_SCATTER_K_MAJOR-B_SCATTER_K_MAJOR-SMALL-FLOAT-C_TILE_J_MAJOR-A_TILE_K_MAJOR-B_TILE_K_MAJOR
build/examples/noarr/gemmScatter-noarr-C_SCATTER_I_MAJOR-A_SCATTER_K_MAJOR-B_SCATTER_J_MAJOR-EXTRALARGE-FLOAT-C_TILE_J_MAJOR-A_TILE_I_MAJOR-B_TILE_J_MAJOR
build/examples/noarr/gemmScatter-noarr-C_SCATTER_I_MAJOR-A_SCATTER_K_MAJOR-B_SCATTER_K_MAJOR-LARGE-FLOAT-C_TILE_J_MAJOR-A_TILE_I_MAJOR-B_TILE_J_MAJOR
build/examples/noarr/gemmScatter-noarr-C_SCATTER_J_MAJOR-A_SCATTER_K_MAJOR-B_SCATTER_J_MAJOR-LARGE-FLOAT-C_TILE_J_MAJOR-A_TILE_K_MAJOR-B_TILE_J_MAJOR
build/examples/noarr/gemmScatter-noarr-C_SCATTER_J_MAJOR-A_SCATTER_K_MAJOR-B_SCATTER_K_MAJOR-MINI-FLOAT-C_TILE_I_MAJOR-A_TILE_I_MAJOR-B_TILE_K_MAJOR
build/examples/noarr/gemmScatter-noarr-C_SCATTER_J_MAJOR-A_SCATTER_I_MAJOR-B_SCATTER_K_MAJOR-MEDIUM-FLOAT-C_TILE_J_MAJOR-A_TILE_I_MAJOR-B_TILE_J_MAJOR
build/examples/noarr/gemmScatter-noarr-C_SCATTER_I_MAJOR-A_SCATTER_K_MAJOR-B_SCATTER_K_MAJOR-EXTRALARGE-FLOAT-C_TILE_I_MAJOR-A_TILE_I_MAJOR-B_TILE_J_MAJOR
build/examples/noarr/gemmScatter-noarr-C_SCATTER_I_MAJOR-A_SCATTER_K_MAJOR-B_SCATTER_J_MAJOR-MINI-FLOAT-C_TILE_J_MAJOR-A_TILE_I_MAJOR-B_TILE_J_MAJOR
build/examples/noarr/gemmScatter-noarr-C_SCATTER_J_MAJOR-A_SCATTER_K_MAJOR-B_SCATTER_J_MAJOR-MINI-FLOAT-C_TILE_I_MAJOR-A_TILE_K_MAJOR-B_TILE_J_MAJOR
build/examples/noarr/gemmScatter-noarr-C_SCATTER_J_MAJOR-A_SCATTER_I_MAJOR-B_SCATTER_K_MAJOR-MINI-FLOAT-C_TILE_J_MAJOR-A_TILE_K_MAJOR-B_TILE_K_MAJOR
build/examples/noarr/gemmScatter-noarr-C_SCATTER_J_MAJOR-A_SCATTER_I_MAJOR-B_SCATTER_K_MAJOR-MEDIUM-FLOAT-C_TILE_I_MAJOR-A_TILE_K_MAJOR-B_TILE_J_MAJOR
build/examples/noarr/gemmScatter-noarr-C_SCATTER_J_MAJOR-A_SCATTER_K_MAJOR-B_SCATTER_K_MAJOR-MINI-FLOAT-C_TILE_J_MAJOR-A_TILE_I_MAJOR-B_TILE_J_MAJOR
build/examples/noarr/gemmScatter-noarr-C_SCATTER_J_MAJOR-A_SCATTER_K_MAJOR-B_SCATTER_J_MAJOR-EXTRALARGE-FLOAT-C_TILE_I_MAJOR-A_TILE_K_MAJOR-B_TILE_K_MAJOR
build/examples/noarr/gemmScatter-noarr-C_SCATTER_I_MAJOR-A_SCATTER_I_MAJOR-B_SCATTER_K_MAJOR-EXTRALARGE-FLOAT-C_TILE_J_MAJOR-A_TILE_I_MAJOR-B_TILE_K_MAJOR
build/examples/noarr/gemmScatter-noarr-C_SCATTER_I_MAJOR-A_SCATTER_K_MAJOR-B_SCATTER_J_MAJOR-LARGE-FLOAT-C_TILE_I_MAJOR-A_TILE_I_MAJOR-B_TILE_K_MAJOR
build/examples/noarr/gemmScatter-noarr-C_SCATTER_J_MAJOR-A_SCATTER_K_MAJOR-B_SCATTER_K_MAJOR-MEDIUM-FLOAT-C_TILE_I_MAJOR-A_TILE_K_MAJOR-B_TILE_J_MAJOR
build/examples/noarr/gemmScatter-noarr-C_SCATTER_I_MAJOR-A_SCATTER_K_MAJOR-B_SCATTER_J_MAJOR-EXTRALARGE-FLOAT-C_TILE_I_MAJOR-A_TILE_I_MAJOR-B_TILE_K_MAJOR
build/examples/noarr/gemmScatter-noarr-C_SCATTER_J_MAJOR-A_SCATTER_K_MAJOR-B_SCATTER_K_MAJOR-MEDIUM-FLOAT-C_TILE_I_MAJOR-A_TILE_I_MAJOR-B_TILE_J_MAJOR
build/examples/noarr/gemmScatter-noarr-C_SCATTER_J_MAJOR-A_SCATTER_I_MAJOR-B_SCATTER_J_MAJOR-EXTRALARGE-FLOAT-C_TILE_I_MAJOR-A_TILE_K_MAJOR-B_TILE_J_MAJOR
build/examples/noarr/gemmScatter-noarr-C_SCATTER_J_MAJOR-A_SCATTER_I_MAJOR-B_SCATTER_J_MAJOR-MINI-FLOAT-C_TILE_J_MAJOR-A_TILE_I_MAJOR-B_TILE_J_MAJOR
build/examples/noarr/gemmScatter-noarr-C_SCATTER_I_MAJOR-A_SCATTER_I_MAJOR-B_SCATTER_J_MAJOR-MEDIUM-FLOAT-C_TILE_J_MAJOR-A_TILE_I_MAJOR-B_TILE_J_MAJOR
build/examples/noarr/gemmScatter-noarr-C_SCATTER_I_MAJOR-A_SCATTER_I_MAJOR-B_SCATTER_K_MAJOR-LARGE-FLOAT-C_TILE_J_MAJOR-A_TILE_K_MAJOR-B_TILE_K_MAJOR
build/examples/noarr/gemmScatter-noarr-C_SCATTER_J_MAJOR-A_SCATTER_I_MAJOR-B_SCATTER_J_MAJOR-EXTRALARGE-FLOAT-C_TILE_J_MAJOR-A_TILE_K_MAJOR-B_TILE_J_MAJOR
build/examples/noarr/gemmScatter-noarr-C_SCATTER_I_MAJOR-A_SCATTER_I_MAJOR-B_SCATTER_J_MAJOR-MEDIUM-FLOAT-C_TILE_I_MAJOR-A_TILE_I_MAJOR-B_TILE_J_MAJOR
build/examples/noarr/gemmScatter-noarr-C_SCATTER_I_MAJOR-A_SCATTER_K_MAJOR-B_SCATTER_J_MAJOR-LARGE-FLOAT-C_TILE_J_MAJOR-A_TILE_K_MAJOR-B_TILE_K_MAJOR
build/examples/noarr/gemmScatter-noarr-C_SCATTER_I_MAJOR-A_SCATTER_K_MAJOR-B_SCATTER_J_MAJOR-LARGE-FLOAT-C_TILE_I_MAJOR-A_TILE_K_MAJOR-B_TILE_J_MAJOR
build/examples/noarr/gemmScatter-noarr-C_SCATTER_J_MAJOR-A_SCATTER_I_MAJOR-B_SCATTER_J_MAJOR-MEDIUM-FLOAT-C_TILE_I_MAJOR-A_TILE_I_MAJOR-B_TILE_J_MAJOR
build/examples/noarr/gemmScatter-noarr-C_SCATTER_I_MAJOR-A_SCATTER_K_MAJOR-B_SCATTER_J_MAJOR-EXTRALARGE-FLOAT-C_TILE_J_MAJOR-A_TILE_K_MAJOR-B_TILE_J_MAJOR
build/examples/noarr/gemmScatter-noarr-C_SCATTER_J_MAJOR-A_SCATTER_K_MAJOR-B_SCATTER_J_MAJOR-SMALL-FLOAT-C_TILE_I_MAJOR-A_TILE_I_MAJOR-B_TILE_J_MAJOR
build/examples/noarr/gemmScatter-noarr-C_SCATTER_J_MAJOR-A_SCATTER_K_MAJOR-B_SCATTER_K_MAJOR-MINI-FLOAT-C_TILE_J_MAJOR-A_TILE_I_MAJOR-B_TILE_K_MAJOR
build/examples/noarr/gemmScatter-noarr-C_SCATTER_J_MAJOR-A_SCATTER_I_MAJOR-B_SCATTER_K_MAJOR-MEDIUM-FLOAT-C_TILE_J_MAJOR-A_TILE_I_MAJOR-B_TILE_K_MAJOR
build/examples/noarr/gemmScatter-noarr-C_SCATTER_I_MAJOR-A_SCATTER_I_MAJOR-B_SCATTER_K_MAJOR-LARGE-FLOAT-C_TILE_J_MAJOR-A_TILE_I_MAJOR-B_TILE_K_MAJOR
build/examples/noarr/gemmScatter-noarr-C_SCATTER_I_MAJOR-A_SCATTER_I_MAJOR-B_SCATTER_J_MAJOR-EXTRALARGE-FLOAT-C_TILE_I_MAJOR-A_TILE_I_MAJOR-B_TILE_J_MAJOR
build/examples/noarr/gemmScatter-noarr-C_SCATTER_I_MAJOR-A_SCATTER_I_MAJOR-B_SCATTER_K_MAJOR-MEDIUM-FLOAT-C_TILE_J_MAJOR-A_TILE_I_MAJOR-B_TILE_J_MAJOR
build/examples/noarr/gemmScatter-noarr-C_SCATTER_I_MAJOR-A_SCATTER_I_MAJOR-B_SCATTER_K_MAJOR-MEDIUM-FLOAT-C_TILE_J_MAJOR-A_TILE_I_MAJOR-B_TILE_K_MAJOR
build/examples/noarr/gemmScatter-noarr-C_SCATTER_I_MAJOR-A_SCATTER_I_MAJOR-B_SCATTER_K_MAJOR-EXTRALARGE-FLOAT-C_TILE_I_MAJOR-A_TILE_I_MAJOR-B_TILE_J_MAJOR
build/examples/noarr/gemmScatter-noarr-C_SCATTER_J_MAJOR-A_SCATTER_K_MAJOR-B_SCATTER_J_MAJOR-MEDIUM-FLOAT-C_TILE_I_MAJOR-A_TILE_I_MAJOR-B_TILE_K_MAJOR
build/examples/noarr/gemmScatter-noarr-C_SCATTER_J_MAJOR-A_SCATTER_I_MAJOR-B_SCATTER_K_MAJOR-SMALL-FLOAT-C_TILE_J_MAJOR-A_TILE_K_MAJOR-B_TILE_K_MAJOR
build/examples/noarr/gemmScatter-noarr-C_SCATTER_J_MAJOR-A_SCATTER_K_MAJOR-B_SCATTER_K_MAJOR-SMALL-FLOAT-C_TILE_I_MAJOR-A_TILE_I_MAJOR-B_TILE_J_MAJOR
build/examples/noarr/gemmScatter-noarr-C_SCATTER_J_MAJOR-A_SCATTER_I_MAJOR-B_SCATTER_J_MAJOR-LARGE-FLOAT-C_TILE_I_MAJOR-A_TILE_K_MAJOR-B_TILE_J_MAJOR
build/examples/noarr/gemmScatter-noarr-C_SCATTER_I_MAJOR-A_SCATTER_I_MAJOR-B_SCATTER_J_MAJOR-MINI-FLOAT-C_TILE_J_MAJOR-A_TILE_I_MAJOR-B_TILE_K_MAJOR
build/examples/noarr/gemmScatter-noarr-C_SCATTER_I_MAJOR-A_SCATTER_I_MAJOR-B_SCATTER_J_MAJOR-SMALL-FLOAT-C_TILE_J_MAJOR-A_TILE_K_MAJOR-B_TILE_J_MAJOR
build/examples/noarr/gemmScatter-noarr-C_SCATTER_I_MAJOR-A_SCATTER_I_MAJOR-B_SCATTER_J_MAJOR-SMALL-FLOAT-C_TILE_J_MAJOR-A_TILE_I_MAJOR-B_TILE_J_MAJOR
build/examples/noarr/gemmScatter-noarr-C_SCATTER_J_MAJOR-A_SCATTER_I_MAJOR-B_SCATTER_J_MAJOR-MEDIUM-FLOAT-C_TILE_I_MAJOR-A_TILE_K_MAJOR-B_TILE_K_MAJOR
build/examples/noarr/gemmScatter-noarr-C_SCATTER_J_MAJOR-A_SCATTER_I_MAJOR-B_SCATTER_J_MAJOR-MINI-FLOAT-C_TILE_J_MAJOR-A_TILE_I_MAJOR-B_TILE_K_MAJOR
build/examples/noarr/gemmScatter-noarr-C_SCATTER_J_MAJOR-A_SCATTER_K_MAJOR-B_SCATTER_J_MAJOR-MINI-FLOAT-C_TILE_J_MAJOR-A_TILE_I_MAJOR-B_TILE_K_MAJOR
build/examples/noarr/gemmScatter-noarr-C_SCATTER_J_MAJOR-A_SCATTER_I_MAJOR-B_SCATTER_J_MAJOR-MEDIUM-FLOAT-C_TILE_J_MAJOR-A_TILE_K_MAJOR-B_TILE_K_MAJOR
build/examples/noarr/gemmScatter-noarr-C_SCATTER_J_MAJOR-A_SCATTER_K_MAJOR-B_SCATTER_K_MAJOR-LARGE-FLOAT-C_TILE_J_MAJOR-A_TILE_K_MAJOR-B_TILE_J_MAJOR
build/examples/noarr/gemmScatter-noarr-C_SCATTER_J_MAJOR-A_SCATTER_I_MAJOR-B_SCATTER_J_MAJOR-MINI-FLOAT-C_TILE_I_MAJOR-A_TILE_I_MAJOR-B_TILE_K_MAJOR
build/examples/noarr/gemmScatter-noarr-C_SCATTER_J_MAJOR-A_SCATTER_I_MAJOR-B_SCATTER_J_MAJOR-SMALL-FLOAT-C_TILE_J_MAJOR-A_TILE_I_MAJOR-B_TILE_J_MAJOR
build/examples/noarr/gemmScatter-noarr-C_SCATTER_I_MAJOR-A_SCATTER_K_MAJOR-B_SCATTER_K_MAJOR-LARGE-FLOAT-C_TILE_J_MAJOR-A_TILE_I_MAJOR-B_TILE_K_MAJOR
build/examples/noarr/gemmScatter-noarr-C_SCATTER_I_MAJOR-A_SCATTER_K_MAJOR-B_SCATTER_K_MAJOR-MEDIUM-FLOAT-C_TILE_J_MAJOR-A_TILE_K_MAJOR-B_TILE_J_MAJOR
build/examples/noarr/gemmScatter-noarr-C_SCATTER_I_MAJOR-A_SCATTER_K_MAJOR-B_SCATTER_J_MAJOR-EXTRALARGE-FLOAT-C_TILE_I_MAJOR-A_TILE_K_MAJOR-B_TILE_J_MAJOR
build/examples/noarr/gemmScatter-noarr-C_SCATTER_J_MAJOR-A_SCATTER_K_MAJOR-B_SCATTER_J_MAJOR-LARGE-FLOAT-C_TILE_J_MAJOR-A_TILE_I_MAJOR-B_TILE_J_MAJOR
build/examples/noarr/gemmScatter-noarr-C_SCATTER_J_MAJOR-A_SCATTER_I_MAJOR-B_SCATTER_J_MAJOR-LARGE-FLOAT-C_TILE_I_MAJOR-A_TILE_K_MAJOR-B_TILE_K_MAJOR
build/examples/noarr/gemmScatter-noarr-C_SCATTER_J_MAJOR-A_SCATTER_K_MAJOR-B_SCATTER_K_MAJOR-LARGE-FLOAT-C_TILE_I_MAJOR-A_TILE_I_MAJOR-B_TILE_K_MAJOR
build/examples/noarr/gemmScatter-noarr-C_SCATTER_I_MAJOR-A_SCATTER_I_MAJOR-B_SCATTER_K_MAJOR-EXTRALARGE-FLOAT-C_TILE_J_MAJOR-A_TILE_I_MAJOR-B_TILE_J_MAJOR
build/examples/noarr/gemmScatter-noarr-C_SCATTER_J_MAJOR-A_SCATTER_K_MAJOR-B_SCATTER_K_MAJOR-MINI-FLOAT-C_TILE_J_MAJOR-A_TILE_K_MAJOR-B_TILE_K_MAJOR
build/examples/noarr/gemmScatter-noarr-C_SCATTER_I_MAJOR-A_SCATTER_I_MAJOR-B_SCATTER_J_MAJOR-EXTRALARGE-FLOAT-C_TILE_J_MAJOR-A_TILE_I_MAJOR-B_TILE_J_MAJOR
build/examples/noarr/gemmScatter-noarr-C_SCATTER_J_MAJOR-A_SCATTER_I_MAJOR-B_SCATTER_J_MAJOR-LARGE-FLOAT-C_TILE_I_MAJOR-A_TILE_I_MAJOR-B_TILE_K_MAJOR
build/examples/noarr/gemmScatter-noarr-C_SCATTER_J_MAJOR-A_SCATTER_I_MAJOR-B_SCATTER_K_MAJOR-EXTRALARGE-FLOAT-C_TILE_I_MAJOR-A_TILE_I_MAJOR-B_TILE_K_MAJOR
build/examples/noarr/gemmScatter-noarr-C_SCATTER_I_MAJOR-A_SCATTER_I_MAJOR-B_SCATTER_J_MAJOR-SMALL-FLOAT-C_TILE_I_MAJOR-A_TILE_K_MAJOR-B_TILE_J_MAJOR
build/examples/noarr/gemmScatter-noarr-C_SCATTER_I_MAJOR-A_SCATTER_I_MAJOR-B_SCATTER_J_MAJOR-MINI-FLOAT-C_TILE_I_MAJOR-A_TILE_I_MAJOR-B_TILE_K_MAJOR
build/examples/noarr/gemmScatter-noarr-C_SCATTER_J_MAJOR-A_SCATTER_I_MAJOR-B_SCATTER_K_MAJOR-SMALL-FLOAT-C_TILE_J_MAJOR-A_TILE_K_MAJOR-B_TILE_J_MAJOR
build/examples/noarr/gemmScatter-noarr-C_SCATTER_J_MAJOR-A_SCATTER_I_MAJOR-B_SCATTER_J_MAJOR-MINI-FLOAT-C_TILE_I_MAJOR-A_TILE_I_MAJOR-B_TILE_J_MAJOR
build/examples/noarr/gemmScatter-noarr-C_SCATTER_I_MAJOR-A_SCATTER_I_MAJOR-B_SCATTER_J_MAJOR-MEDIUM-FLOAT-C_TILE_J_MAJOR-A_TILE_K_MAJOR-B_TILE_K_MAJOR
build/examples/noarr/gemmScatter-noarr-C_SCATTER_I_MAJOR-A_SCATTER_K_MAJOR-B_SCATTER_K_MAJOR-MINI-FLOAT-C_TILE_J_MAJOR-A_TILE_I_MAJOR-B_TILE_J_MAJOR
build/examples/noarr/gemmScatter-noarr-C_SCATTER_J_MAJOR-A_SCATTER_I_MAJOR-B_SCATTER_K_MAJOR-MINI-FLOAT-C_TILE_I_MAJOR-A_TILE_I_MAJOR-B_TILE_K_MAJOR
build/examples/noarr/gemmScatter-noarr-C_SCATTER_J_MAJOR-A_SCATTER_K_MAJOR-B_SCATTER_J_MAJOR-LARGE-FLOAT-C_TILE_I_MAJOR-A_TILE_K_MAJOR-B_TILE_K_MAJOR
build/examples/noarr/gemmScatter-noarr-C_SCATTER_J_MAJOR-A_SCATTER_I_MAJOR-B_SCATTER_J_MAJOR-LARGE-FLOAT-C_TILE_J_MAJOR-A_TILE_I_MAJOR-B_TILE_J_MAJOR
build/examples/noarr/gemmScatter-noarr-C_SCATTER_I_MAJOR-A_SCATTER_K_MAJOR-B_SCATTER_J_MAJOR-EXTRALARGE-FLOAT-C_TILE_J_MAJOR-A_TILE_I_MAJOR-B_TILE_K_MAJOR
build/examples/noarr/gemmScatter-noarr-C_SCATTER_J_MAJOR-A_SCATTER_I_MAJOR-B_SCATTER_K_MAJOR-MEDIUM-FLOAT-C_TILE_I_MAJOR-A_TILE_K_MAJOR-B_TILE_K_MAJOR
build/examples/noarr/gemmScatter-noarr-C_SCATTER_J_MAJOR-A_SCATTER_K_MAJOR-B_SCATTER_K_MAJOR-EXTRALARGE-FLOAT-C_TILE_I_MAJOR-A_TILE_I_MAJOR-B_TILE_J_MAJOR
build/examples/noarr/gemmScatter-noarr-C_SCATTER_J_MAJOR-A_SCATTER_K_MAJOR-B_SCATTER_K_MAJOR-LARGE-FLOAT-C_TILE_I_MAJOR-A_TILE_I_MAJOR-B_TILE_J_MAJOR
build/examples/noarr/gemmScatter-noarr-C_SCATTER_I_MAJOR-A_SCATTER_I_MAJOR-B_SCATTER_J_MAJOR-EXTRALARGE-FLOAT-C_TILE_J_MAJOR-A_TILE_I_MAJOR-B_TILE_K_MAJOR
build/examples/noarr/gemmScatter-noarr-C_SCATTER_I_MAJOR-A_SCATTER_K_MAJOR-B_SCATTER_K_MAJOR-SMALL-FLOAT-C_TILE_J_MAJOR-A_TILE_I_MAJOR-B_TILE_K_MAJOR
build/examples/noarr/gemmScatter-noarr-C_SCATTER_J_MAJOR-A_SCATTER_K_MAJOR-B_SCATTER_K_MAJOR-EXTRALARGE-FLOAT-C_TILE_I_MAJOR-A_TILE_K_MAJOR-B_TILE_K_MAJOR
build/examples/noarr/gemmScatter-noarr-C_SCATTER_I_MAJOR-A_SCATTER_I_MAJOR-B_SCATTER_K_MAJOR-SMALL-FLOAT-C_TILE_I_MAJOR-A_TILE_K_MAJOR-B_TILE_J_MAJOR
build/examples/noarr/gemmScatter-noarr-C_SCATTER_J_MAJOR-A_SCATTER_I_MAJOR-B_SCATTER_K_MAJOR-MINI-FLOAT-C_TILE_J_MAJOR-A_TILE_I_MAJOR-B_TILE_J_MAJOR
build/examples/noarr/gemmScatter-noarr-C_SCATTER_J_MAJOR-A_SCATTER_I_MAJOR-B_SCATTER_K_MAJOR-EXTRALARGE-FLOAT-C_TILE_J_MAJOR-A_TILE_K_MAJOR-B_TILE_J_MAJOR
build/examples/noarr/gemmScatter-noarr-C_SCATTER_I_MAJOR-A_SCATTER_K_MAJOR-B_SCATTER_K_MAJOR-LARGE-FLOAT-C_TILE_I_MAJOR-A_TILE_K_MAJOR-B_TILE_J_MAJOR
build/examples/noarr/gemmScatter-noarr-C_SCATTER_I_MAJOR-A_SCATTER_K_MAJOR-B_SCATTER_J_MAJOR-MINI-FLOAT-C_TILE_I_MAJOR-A_TILE_K_MAJOR-B_TILE_J_MAJOR
build/examples/noarr/gemmScatter-noarr-C_SCATTER_J_MAJOR-A_SCATTER_I_MAJOR-B_SCATTER_K_MAJOR-SMALL-FLOAT-C_TILE_J_MAJOR-A_TILE_I_MAJOR-B_TILE_J_MAJOR
build/examples/noarr/gemmScatter-noarr-C_SCATTER_I_MAJOR-A_SCATTER_K_MAJOR-B_SCATTER_J_MAJOR-LARGE-FLOAT-C_TILE_J_MAJOR-A_TILE_I_MAJOR-B_TILE_J_MAJOR
build/examples/noarr/gemmScatter-noarr-C_SCATTER_I_MAJOR-A_SCATTER_I_MAJOR-B_SCATTER_K_MAJOR-MEDIUM-FLOAT-C_TILE_I_MAJOR-A_TILE_K_MAJOR-B_TILE_K_MAJOR
build/examples/noarr/gemmScatter-noarr-C_SCATTER_J_MAJOR-A_SCATTER_K_MAJOR-B_SCATTER_J_MAJOR-SMALL-FLOAT-C_TILE_I_MAJOR-A_TILE_I_MAJOR-B_TILE_K_MAJOR
build/examples/noarr/gemmScatter-noarr-C_SCATTER_J_MAJOR-A_SCATTER_I_MAJOR-B_SCATTER_K_MAJOR-SMALL-FLOAT-C_TILE_I_MAJOR-A_TILE_K_MAJOR-B_TILE_J_MAJOR
build/examples/noarr/gemmScatter-noarr-C_SCATTER_I_MAJOR-A_SCATTER_K_MAJOR-B_SCATTER_J_MAJOR-SMALL-FLOAT-C_TILE_I_MAJOR-A_TILE_I_MAJOR-B_TILE_K_MAJOR
build/examples/noarr/gemmScatter-noarr-C_SCATTER_I_MAJOR-A_SCATTER_I_MAJOR-B_SCATTER_J_MAJOR-MEDIUM-FLOAT-C_TILE_I_MAJOR-A_TILE_K_MAJOR-B_TILE_J_MAJOR
build/examples/noarr/gemmScatter-noarr-C_SCATTER_J_MAJOR-A_SCATTER_K_MAJOR-B_SCATTER_J_MAJOR-MINI-FLOAT-C_TILE_J_MAJOR-A_TILE_K_MAJOR-B_TILE_J_MAJOR
build/examples/noarr/gemmScatter-noarr-C_SCATTER_J_MAJOR-A_SCATTER_I_MAJOR-B_SCATTER_J_MAJOR-SMALL-FLOAT-C_TILE_I_MAJOR-A_TILE_K_MAJOR-B_TILE_J_MAJOR
build/examples/noarr/gemmScatter-noarr-C_SCATTER_I_MAJOR-A_SCATTER_K_MAJOR-B_SCATTER_K_MAJOR-MEDIUM-FLOAT-C_TILE_I_MAJOR-A_TILE_K_MAJOR-B_TILE_K_MAJOR
build/examples/noarr/gemmScatter-noarr-C_SCATTER_J_MAJOR-A_SCATTER_K_MAJOR-B_SCATTER_J_MAJOR-MINI-FLOAT-C_TILE_I_MAJOR-A_TILE_I_MAJOR-B_TILE_J_MAJOR
build/examples/noarr/gemmScatter-noarr-C_SCATTER_J_MAJOR-A_SCATTER_I_MAJOR-B_SCATTER_K_MAJOR-MEDIUM-FLOAT-C_TILE_I_MAJOR-A_TILE_I_MAJOR-B_TILE_K_MAJOR
build/examples/noarr/gemmScatter-noarr-C_SCATTER_I_MAJOR-A_SCATTER_K_MAJOR-B_SCATTER_J_MAJOR-EXTRALARGE-FLOAT-C_TILE_I_MAJOR-A_TILE_I_MAJOR-B_TILE_J_MAJOR
build/examples/noarr/gemmScatter-noarr-C_SCATTER_J_MAJOR-A_SCATTER_I_MAJOR-B_SCATTER_K_MAJOR-MEDIUM-FLOAT-C_TILE_J_MAJOR-A_TILE_K_MAJOR-B_TILE_J_MAJOR
build/examples/noarr/gemmScatter-noarr-C_SCATTER_I_MAJOR-A_SCATTER_I_MAJOR-B_SCATTER_J_MAJOR-MEDIUM-FLOAT-C_TILE_J_MAJOR-A_TILE_K_MAJOR-B_TILE_J_MAJOR
build/examples/noarr/gemmScatter-noarr-C_SCATTER_I_MAJOR-A_SCATTER_I_MAJOR-B_SCATTER_K_MAJOR-MINI-FLOAT-C_TILE_J_MAJOR-A_TILE_I_MAJOR-B_TILE_K_MAJOR
build/examples/noarr/gemmScatter-noarr-C_SCATTER_J_MAJOR-A_SCATTER_I_MAJOR-B_SCATTER_J_MAJOR-SMALL-FLOAT-C_TILE_I_MAJOR-A_TILE_I_MAJOR-B_TILE_J_MAJOR
build/examples/noarr/gemmScatter-noarr-C_SCATTER_J_MAJOR-A_SCATTER_K_MAJOR-B_SCATTER_J_MAJOR-LARGE-FLOAT-C_TILE_J_MAJOR-A_TILE_K_MAJOR-B_TILE_K_MAJOR
build/examples/noarr/gemmScatter-noarr-C_SCATTER_J_MAJOR-A_SCATTER_K_MAJOR-B_SCATTER_K_MAJOR-MINI-FLOAT-C_TILE_I_MAJOR-A_TILE_I_MAJOR-B_TILE_J_MAJOR
build/examples/noarr/gemmScatter-noarr-C_SCATTER_J_MAJOR-A_SCATTER_I_MAJOR-B_SCATTER_J_MAJOR-MEDIUM-FLOAT-C_TILE_J_MAJOR-A_TILE_I_MAJOR-B_TILE_K_MAJOR
build/examples/noarr/gemmScatter-noarr-C_SCATTER_I_MAJOR-A_SCATTER_K_MAJOR-B_SCATTER_K_MAJOR-LARGE-FLOAT-C_TILE_I_MAJOR-A_TILE_I_MAJOR-B_TILE_J_MAJOR
build/examples/noarr/gemmScatter-noarr-C_SCATTER_I_MAJOR-A_SCATTER_I_MAJOR-B_SCATTER_K_MAJOR-MINI-FLOAT-C_TILE_I_MAJOR-A_TILE_I_MAJOR-B_TILE_J_MAJOR
build/examples/noarr/gemmScatter-noarr-C_SCATTER_J_MAJOR-A_SCATTER_I_MAJOR-B_SCATTER_J_MAJOR-EXTRALARGE-FLOAT-C_TILE_J_MAJOR-A_TILE_I_MAJOR-B_TILE_J_MAJOR
build/examples/noarr/gemmScatter-noarr-C_SCATTER_I_MAJOR-A_SCATTER_K_MAJOR-B_SCATTER_K_MAJOR-SMALL-FLOAT-C_TILE_I_MAJOR-A_TILE_K_MAJOR-B_TILE_J_MAJOR
build/examples/noarr/gemmScatter-noarr-C_SCATTER_I_MAJOR-A_SCATTER_K_MAJOR-B_SCATTER_K_MAJOR-MINI-FLOAT-C_TILE_I_MAJOR-A_TILE_I_MAJOR-B_TILE_J_MAJOR
build/examples/noarr/gemmScatter-noarr-C_SCATTER_J_MAJOR-A_SCATTER_K_MAJOR-B_SCATTER_K_MAJOR-EXTRALARGE-FLOAT-C_TILE_J_MAJOR-A_TILE_I_MAJOR-B_TILE_K_MAJOR
build/examples/noarr/gemmScatter-noarr-C_SCATTER_I_MAJOR-A_SCATTER_K_MAJOR-B_SCATTER_K_MAJOR-SMALL-FLOAT-C_TILE_J_MAJOR-A_TILE_K_MAJOR-B_TILE_J_MAJOR
build/examples/noarr/gemmScatter-noarr-C_SCATTER_J_MAJOR-A_SCATTER_K_MAJOR-B_SCATTER_K_MAJOR-LARGE-FLOAT-C_TILE_J_MAJOR-A_TILE_I_MAJOR-B_TILE_J_MAJOR
build/examples/noarr/gemmScatter-noarr-C_SCATTER_I_MAJOR-A_SCATTER_K_MAJOR-B_SCATTER_J_MAJOR-EXTRALARGE-FLOAT-C_TILE_J_MAJOR-A_TILE_K_MAJOR-B_TILE_K_MAJOR
build/examples/noarr/gemmScatter-noarr-C_SCATTER_J_MAJOR-A_SCATTER_K_MAJOR-B_SCATTER_K_MAJOR-MINI-FLOAT-C_TILE_I_MAJOR-A_TILE_K_MAJOR-B_TILE_J_MAJOR
build/examples/noarr/gemmScatter-noarr-C_SCATTER_I_MAJOR-A_SCATTER_K_MAJOR-B_SCATTER_K_MAJOR-SMALL-FLOAT-C_TILE_J_MAJOR-A_TILE_K_MAJOR-B_TILE_K_MAJOR
build/examples/noarr/gemmScatter-noarr-C_SCATTER_J_MAJOR-A_SCATTER_I_MAJOR-B_SCATTER_K_MAJOR-SMALL-FLOAT-C_TILE_I_MAJOR-A_TILE_K_MAJOR-B_TILE_K_MAJOR
build/examples/noarr/gemmScatter-noarr-C_SCATTER_I_MAJOR-A_SCATTER_I_MAJOR-B_SCATTER_J_MAJOR-SMALL-FLOAT-C_TILE_I_MAJOR-A_TILE_K_MAJOR-B_TILE_K_MAJOR
build/examples/noarr/gemmScatter-noarr-C_SCATTER_I_MAJOR-A_SCATTER_I_MAJOR-B_SCATTER_K_MAJOR-SMALL-FLOAT-C_TILE_J_MAJOR-A_TILE_I_MAJOR-B_TILE_J_MAJOR
build/examples/noarr/gemmScatter-noarr-C_SCATTER_I_MAJOR-A_SCATTER_I_MAJOR-B_SCATTER_K_MAJOR-MEDIUM-FLOAT-C_TILE_I_MAJOR-A_TILE_K_MAJOR-B_TILE_J_MAJOR
build/examples/noarr/gemmScatter-noarr-C_SCATTER_J_MAJOR-A_SCATTER_I_MAJOR-B_SCATTER_K_MAJOR-MINI-FLOAT-C_TILE_I_MAJOR-A_TILE_K_MAJOR-B_TILE_K_MAJOR
build/examples/noarr/gemmScatter-noarr-C_SCATTER_I_MAJOR-A_SCATTER_K_MAJOR-B_SCATTER_J_MAJOR-MEDIUM-FLOAT-C_TILE_J_MAJOR-A_TILE_K_MAJOR-B_TILE_J_MAJOR
build/examples/noarr/gemmScatter-noarr-C_SCATTER_J_MAJOR-A_SCATTER_K_MAJOR-B_SCATTER_K_MAJOR-MEDIUM-FLOAT-C_TILE_J_MAJOR-A_TILE_K_MAJOR-B_TILE_J_MAJOR
build/examples/noarr/gemmScatter-noarr-C_SCATTER_I_MAJOR-A_SCATTER_I_MAJOR-B_SCATTER_J_MAJOR-LARGE-FLOAT-C_TILE_I_MAJOR-A_TILE_I_MAJOR-B_TILE_J_MAJOR
build/examples/noarr/gemmScatter-noarr-C_SCATTER_J_MAJOR-A_SCATTER_I_MAJOR-B_SCATTER_J_MAJOR-EXTRALARGE-FLOAT-C_TILE_I_MAJOR-A_TILE_K_MAJOR-B_TILE_K_MAJOR
build/examples/noarr/gemmScatter-noarr-C_SCATTER_J_MAJOR-A_SCATTER_I_MAJOR-B_SCATTER_J_MAJOR-SMALL-FLOAT-C_TILE_I_MAJOR-A_TILE_K_MAJOR-B_TILE_K_MAJOR
build/examples/noarr/gemmScatter-noarr-C_SCATTER_I_MAJOR-A_SCATTER_K_MAJOR-B_SCATTER_K_MAJOR-SMALL-FLOAT-C_TILE_I_MAJOR-A_TILE_K_MAJOR-B_TILE_K_MAJOR
build/examples/noarr/gemmScatter-noarr-C_SCATTER_I_MAJOR-A_SCATTER_I_MAJOR-B_SCATTER_K_MAJOR-MEDIUM-FLOAT-C_TILE_I_MAJOR-A_TILE_I_MAJOR-B_TILE_J_MAJOR
build/examples/noarr/gemmScatter-noarr-C_SCATTER_J_MAJOR-A_SCATTER_I_MAJOR-B_SCATTER_K_MAJOR-EXTRALARGE-FLOAT-C_TILE_J_MAJOR-A_TILE_K_MAJOR-B_TILE_K_MAJOR
build/examples/noarr/gemmScatter-noarr-C_SCATTER_J_MAJOR-A_SCATTER_I_MAJOR-B_SCATTER_J_MAJOR-SMALL-FLOAT-C_TILE_J_MAJOR-A_TILE_K_MAJOR-B_TILE_J_MAJOR
build/examples/noarr/gemmScatter-noarr-C_SCATTER_I_MAJOR-A_SCATTER_K_MAJOR-B_SCATTER_J_MAJOR-LARGE-FLOAT-C_TILE_J_MAJOR-A_TILE_I_MAJOR-B_TILE_K_MAJOR
build/examples/noarr/gemmScatter-noarr-C_SCATTER_I_MAJOR-A_SCATTER_I_MAJOR-B_SCATTER_K_MAJOR-SMALL-FLOAT-C_TILE_I_MAJOR-A_TILE_I_MAJOR-B_TILE_K_MAJOR
build/examples/noarr/gemmScatter-noarr-C_SCATTER_J_MAJOR-A_SCATTER_K_MAJOR-B_SCATTER_J_MAJOR-LARGE-FLOAT-C_TILE_I_MAJOR-A_TILE_K_MAJOR-B_TILE_J_MAJOR
build/examples/noarr/gemmScatter-noarr-C_SCATTER_I_MAJOR-A_SCATTER_I_MAJOR-B_SCATTER_K_MAJOR-SMALL-FLOAT-C_TILE_I_MAJOR-A_TILE_I_MAJOR-B_TILE_J_MAJOR
build/examples/noarr/gemmScatter-noarr-C_SCATTER_J_MAJOR-A_SCATTER_I_MAJOR-B_SCATTER_K_MAJOR-LARGE-FLOAT-C_TILE_J_MAJOR-A_TILE_I_MAJOR-B_TILE_K_MAJOR
build/examples/noarr/gemmScatter-noarr-C_SCATTER_J_MAJOR-A_SCATTER_K_MAJOR-B_SCATTER_J_MAJOR-SMALL-FLOAT-C_TILE_I_MAJOR-A_TILE_K_MAJOR-B_TILE_J_MAJOR
build/examples/noarr/gemmScatter-noarr-C_SCATTER_J_MAJOR-A_SCATTER_I_MAJOR-B_SCATTER_K_MAJOR-SMALL-FLOAT-C_TILE_I_MAJOR-A_TILE_I_MAJOR-B_TILE_K_MAJOR
build/examples/noarr/gemmScatter-noarr-C_SCATTER_J_MAJOR-A_SCATTER_K_MAJOR-B_SCATTER_K_MAJOR-MEDIUM-FLOAT-C_TILE_J_MAJOR-A_TILE_I_MAJOR-B_TILE_J_MAJOR
build/examples/noarr/gemmScatter-noarr-C_SCATTER_J_MAJOR-A_SCATTER_I_MAJOR-B_SCATTER_J_MAJOR-EXTRALARGE-FLOAT-C_TILE_I_MAJOR-A_TILE_I_MAJOR-B_TILE_K_MAJOR
build/examples/noarr/gemmScatter-noarr-C_SCATTER_J_MAJOR-A_SCATTER_K_MAJOR-B_SCATTER_J_MAJOR-MEDIUM-FLOAT-C_TILE_I_MAJOR-A_TILE_K_MAJOR-B_TILE_K_MAJOR
build/examples/noarr/gemmScatter-noarr-C_SCATTER_I_MAJOR-A_SCATTER_K_MAJOR-B_SCATTER_K_MAJOR-LARGE-FLOAT-C_TILE_I_MAJOR-A_TILE_I_MAJOR-B_TILE_K_MAJOR
build/examples/noarr/gemmScatter-noarr-C_SCATTER_I_MAJOR-A_SCATTER_I_MAJOR-B_SCATTER_K_MAJOR-EXTRALARGE-FLOAT-C_TILE_I_MAJOR-A_TILE_I_MAJOR-B_TILE_K_MAJOR
build/examples/noarr/gemmScatter-noarr-C_SCATTER_I_MAJOR-A_SCATTER_K_MAJOR-B_SCATTER_K_MAJOR-EXTRALARGE-FLOAT-C_TILE_J_MAJOR-A_TILE_K_MAJOR-B_TILE_J_MAJOR
build/examples/noarr/gemmScatter-noarr-C_SCATTER_J_MAJOR-A_SCATTER_I_MAJOR-B_SCATTER_K_MAJOR-MINI-FLOAT-C_TILE_I_MAJOR-A_TILE_I_MAJOR-B_TILE_J_MAJOR
build/examples/noarr/gemmScatter-noarr-C_SCATTER_I_MAJOR-A_SCATTER_K_MAJOR-B_SCATTER_J_MAJOR-SMALL-FLOAT-C_TILE_I_MAJOR-A_TILE_K_MAJOR-B_TILE_K_MAJOR
build/examples/noarr/gemmScatter-noarr-C_SCATTER_I_MAJOR-A_SCATTER_K_MAJOR-B_SCATTER_K_MAJOR-EXTRALARGE-FLOAT-C_TILE_J_MAJOR-A_TILE_I_MAJOR-B_TILE_J_MAJOR
build/examples/noarr/gemmScatter-noarr-C_SCATTER_J_MAJOR-A_SCATTER_I_MAJOR-B_SCATTER_K_MAJOR-MINI-FLOAT-C_TILE_J_MAJOR-A_TILE_K_MAJOR-B_TILE_J_MAJOR
build/examples/noarr/gemmScatter-noarr-C_SCATTER_I_MAJOR-A_SCATTER_K_MAJOR-B_SCATTER_J_MAJOR-SMALL-FLOAT-C_TILE_J_MAJOR-A_TILE_I_MAJOR-B_TILE_J_MAJOR
build/examples/noarr/gemmScatter-noarr-C_SCATTER_I_MAJOR-A_SCATTER_I_MAJOR-B_SCATTER_J_MAJOR-MEDIUM-FLOAT-C_TILE_I_MAJOR-A_TILE_I_MAJOR-B_TILE_K_MAJOR
build/examples/noarr/gemmScatter-noarr-C_SCATTER_J_MAJOR-A_SCATTER_K_MAJOR-B_SCATTER_J_MAJOR-EXTRALARGE-FLOAT-C_TILE_I_MAJOR-A_TILE_I_MAJOR-B_TILE_J_MAJOR
build/examples/noarr/gemmScatter-noarr-C_SCATTER_I_MAJOR-A_SCATTER_K_MAJOR-B_SCATTER_K_MAJOR-MEDIUM-FLOAT-C_TILE_J_MAJOR-A_TILE_I_MAJOR-B_TILE_J_MAJOR
build/examples/noarr/gemmScatter-noarr-C_SCATTER_J_MAJOR-A_SCATTER_K_MAJOR-B_SCATTER_K_MAJOR-LARGE-FLOAT-C_TILE_J_MAJOR-A_TILE_K_MAJOR-B_TILE_K_MAJOR
build/examples/noarr/gemmScatter-noarr-C_SCATTER_I_MAJOR-A_SCATTER_K_MAJOR-B_SCATTER_J_MAJOR-SMALL-FLOAT-C_TILE_I_MAJOR-A_TILE_I_MAJOR-B_TILE_J_MAJOR
build/examples/noarr/gemmScatter-noarr-C_SCATTER_I_MAJOR-A_SCATTER_K_MAJOR-B_SCATTER_K_MAJOR-MINI-FLOAT-C_TILE_J_MAJOR-A_TILE_K_MAJOR-B_TILE_J_MAJOR
build/examples/noarr/gemmScatter-noarr-C_SCATTER_J_MAJOR-A_SCATTER_I_MAJOR-B_SCATTER_K_MAJOR-MEDIUM-FLOAT-C_TILE_J_MAJOR-A_TILE_K_MAJOR-B_TILE_K_MAJOR
build/examples/noarr/gemmScatter-noarr-C_SCATTER_I_MAJOR-A_SCATTER_I_MAJOR-B_SCATTER_J_MAJOR-MEDIUM-FLOAT-C_TILE_J_MAJOR-A_TILE_I_MAJOR-B_TILE_K_MAJOR
build/examples/noarr/gemmScatter-noarr-C_SCATTER_I_MAJOR-A_SCATTER_I_MAJOR-B_SCATTER_J_MAJOR-MINI-FLOAT-C_TILE_J_MAJOR-A_TILE_K_MAJOR-B_TILE_K_MAJOR
build/examples/noarr/gemmScatter-noarr-C_SCATTER_I_MAJOR-A_SCATTER_I_MAJOR-B_SCATTER_J_MAJOR-EXTRALARGE-FLOAT-C_TILE_I_MAJOR-A_TILE_I_MAJOR-B_TILE_K_MAJOR
build/examples/noarr/gemmScatter-noarr-C_SCATTER_J_MAJOR-A_SCATTER_I_MAJOR-B_SCATTER_K_MAJOR-EXTRALARGE-FLOAT-C_TILE_J_MAJOR-A_TILE_I_MAJOR-B_TILE_J_MAJOR
build/examples/noarr/gemmScatter-noarr-C_SCATTER_I_MAJOR-A_SCATTER_K_MAJOR-B_SCATTER_K_MAJOR-LARGE-FLOAT-C_TILE_J_MAJOR-A_TILE_K_MAJOR-B_TILE_K_MAJOR
build/examples/noarr/gemmScatter-noarr-C_SCATTER_I_MAJOR-A_SCATTER_I_MAJOR-B_SCATTER_K_MAJOR-MEDIUM-FLOAT-C_TILE_I_MAJOR-A_TILE_I_MAJOR-B_TILE_K_MAJOR
build/examples/noarr/gemmScatter-noarr-C_SCATTER_I_MAJOR-A_SCATTER_I_MAJOR-B_SCATTER_J_MAJOR-EXTRALARGE-FLOAT-C_TILE_J_MAJOR-A_TILE_K_MAJOR-B_TILE_K_MAJOR
build/examples/noarr/gemmScatter-noarr-C_SCATTER_J_MAJOR-A_SCATTER_I_MAJOR-B_SCATTER_J_MAJOR-MEDIUM-FLOAT-C_TILE_J_MAJOR-A_TILE_I_MAJOR-B_TILE_J_MAJOR
build/examples/noarr/gemmScatter-noarr-C_SCATTER_I_MAJOR-A_SCATTER_K_MAJOR-B_SCATTER_K_MAJOR-EXTRALARGE-FLOAT-C_TILE_J_MAJOR-A_TILE_K_MAJOR-B_TILE_K_MAJOR
build/examples/noarr/gemmScatter-noarr-C_SCATTER_I_MAJOR-A_SCATTER_K_MAJOR-B_SCATTER_J_MAJOR-LARGE-FLOAT-C_TILE_I_MAJOR-A_TILE_K_MAJOR-B_TILE_K_MAJOR
build/examples/noarr/gemmScatter-noarr-C_SCATTER_I_MAJOR-A_SCATTER_I_MAJOR-B_SCATTER_K_MAJOR-MEDIUM-FLOAT-C_TILE_J_MAJOR-A_TILE_K_MAJOR-B_TILE_J_MAJOR
build/examples/noarr/gemmScatter-noarr-C_SCATTER_J_MAJOR-A_SCATTER_K_MAJOR-B_SCATTER_J_MAJOR-SMALL-FLOAT-C_TILE_J_MAJOR-A_TILE_K_MAJOR-B_TILE_J_MAJOR
build/examples/noarr/gemmScatter-noarr-C_SCATTER_J_MAJOR-A_SCATTER_K_MAJOR-B_SCATTER_J_MAJOR-MINI-FLOAT-C_TILE_J_MAJOR-A_TILE_K_MAJOR-B_TILE_K_MAJOR
build/examples/noarr/gemmScatter-noarr-C_SCATTER_I_MAJOR-A_SCATTER_K_MAJOR-B_SCATTER_K_MAJOR-MINI-FLOAT-C_TILE_I_MAJOR-A_TILE_K_MAJOR-B_TILE_J_MAJOR
srun: job 130147 queued and waiting for resources
srun: job 130147 has been allocated resources
Running with 8 processes
srun: job 130148 queued and waiting for resources
srun: job 130148 has been allocated resources
Running with 8 processes
srun: job 130149 queued and waiting for resources
srun: job 130149 has been allocated resources
Running with 8 processes
srun: job 130150 queued and waiting for resources
srun: job 130150 has been allocated resources
Running with 8 processes
srun: job 130151 queued and waiting for resources
srun: job 130151 has been allocated resources
Running with 8 processes
srun: job 130152 queued and waiting for resources
srun: job 130152 has been allocated resources
Running with 8 processes
srun: job 130153 queued and waiting for resources
srun: job 130153 has been allocated resources
Running with 8 processes
srun: job 130154 queued and waiting for resources
srun: job 130154 has been allocated resources
Running with 8 processes
srun: job 130155 queued and waiting for resources
srun: job 130155 has been allocated resources
Running with 8 processes
srun: job 130156 queued and waiting for resources
srun: job 130156 has been allocated resources
Running with 8 processes
srun: job 130157 queued and waiting for resources
srun: job 130157 has been allocated resources
Running with 8 processes
srun: job 130158 queued and waiting for resources
srun: job 130158 has been allocated resources
Running with 8 processes
srun: job 130159 queued and waiting for resources
srun: job 130159 has been allocated resources
Running with 8 processes
srun: job 130160 queued and waiting for resources
srun: job 130160 has been allocated resources
Running with 8 processes
srun: job 130161 queued and waiting for resources
srun: job 130161 has been allocated resources
Running with 8 processes
srun: job 130162 queued and waiting for resources
srun: job 130162 has been allocated resources
Running with 8 processes
srun: job 130163 queued and waiting for resources
srun: job 130163 has been allocated resources
Running with 8 processes
srun: job 130164 queued and waiting for resources
srun: job 130164 has been allocated resources
Running with 8 processes
srun: job 130165 queued and waiting for resources
srun: job 130165 has been allocated resources
Running with 8 processes
srun: job 130166 queued and waiting for resources
srun: job 130166 has been allocated resources
Running with 8 processes
srun: job 130167 queued and waiting for resources
srun: job 130167 has been allocated resources
Running with 8 processes
srun: job 130168 queued and waiting for resources
srun: job 130168 has been allocated resources
Running with 8 processes
srun: job 130169 queued and waiting for resources
srun: job 130169 has been allocated resources
Running with 8 processes
srun: job 130170 queued and waiting for resources
srun: job 130170 has been allocated resources
Running with 8 processes
srun: job 130171 queued and waiting for resources
srun: job 130171 has been allocated resources
Running with 8 processes
srun: job 130172 queued and waiting for resources
srun: job 130172 has been allocated resources
Running with 8 processes
srun: job 130173 queued and waiting for resources
srun: job 130173 has been allocated resources
Running with 8 processes
srun: job 130174 queued and waiting for resources
srun: job 130174 has been allocated resources
Running with 8 processes
srun: job 130175 queued and waiting for resources
srun: job 130175 has been allocated resources
Running with 8 processes
srun: job 130176 queued and waiting for resources
srun: job 130176 has been allocated resources
Running with 8 processes
srun: job 130177 queued and waiting for resources
srun: job 130177 has been allocated resources
Running with 8 processes
srun: job 130178 queued and waiting for resources
srun: job 130178 has been allocated resources
Running with 8 processes
srun: job 130179 queued and waiting for resources
srun: job 130179 has been allocated resources
Running with 8 processes
srun: job 130180 queued and waiting for resources
srun: job 130180 has been allocated resources
Running with 8 processes
srun: job 130181 queued and waiting for resources
srun: job 130181 has been allocated resources
Running with 8 processes
srun: job 130182 queued and waiting for resources
srun: job 130182 has been allocated resources
Running with 8 processes
srun: job 130183 queued and waiting for resources
srun: job 130183 has been allocated resources
Running with 8 processes
srun: job 130184 queued and waiting for resources
srun: job 130184 has been allocated resources
Running with 8 processes
srun: job 130185 queued and waiting for resources
srun: job 130185 has been allocated resources
Running with 8 processes
srun: job 130186 queued and waiting for resources
srun: job 130186 has been allocated resources
Running with 8 processes
srun: job 130187 queued and waiting for resources
srun: job 130187 has been allocated resources
Running with 8 processes
srun: job 130188 queued and waiting for resources
srun: job 130188 has been allocated resources
Running with 8 processes
srun: job 130189 queued and waiting for resources
srun: job 130189 has been allocated resources
Running with 8 processes
srun: job 130190 queued and waiting for resources
srun: job 130190 has been allocated resources
Running with 8 processes
srun: job 130191 queued and waiting for resources
srun: job 130191 has been allocated resources
Running with 8 processes
srun: job 130192 queued and waiting for resources
srun: job 130192 has been allocated resources
Running with 8 processes
srun: job 130193 queued and waiting for resources
srun: job 130193 has been allocated resources
Running with 8 processes
srun: job 130194 queued and waiting for resources
srun: job 130194 has been allocated resources
Running with 8 processes
srun: job 130195 queued and waiting for resources
srun: job 130195 has been allocated resources
Running with 8 processes
srun: job 130196 queued and waiting for resources
srun: job 130196 has been allocated resources
Running with 8 processes
srun: job 130197 queued and waiting for resources
srun: job 130197 has been allocated resources
Running with 8 processes
srun: job 130198 queued and waiting for resources
srun: job 130198 has been allocated resources
Running with 8 processes
srun: job 130199 queued and waiting for resources
srun: job 130199 has been allocated resources
Running with 8 processes
srun: job 130200 queued and waiting for resources
srun: job 130200 has been allocated resources
Running with 8 processes
srun: job 130201 queued and waiting for resources
srun: job 130201 has been allocated resources
Running with 8 processes
srun: job 130202 queued and waiting for resources
srun: job 130202 has been allocated resources
Running with 8 processes
srun: job 130203 queued and waiting for resources
srun: job 130203 has been allocated resources
Running with 8 processes
srun: job 130204 queued and waiting for resources
srun: job 130204 has been allocated resources
Running with 8 processes
srun: job 130205 queued and waiting for resources
srun: job 130205 has been allocated resources
Running with 8 processes
srun: job 130206 queued and waiting for resources
srun: job 130206 has been allocated resources
Running with 8 processes
srun: job 130207 queued and waiting for resources
srun: job 130207 has been allocated resources
Running with 8 processes
srun: job 130208 queued and waiting for resources
srun: job 130208 has been allocated resources
Running with 8 processes
srun: job 130209 queued and waiting for resources
srun: job 130209 has been allocated resources
Running with 8 processes
srun: job 130210 queued and waiting for resources
srun: job 130210 has been allocated resources
Running with 8 processes
srun: job 130211 queued and waiting for resources
srun: job 130211 has been allocated resources
Running with 8 processes
srun: job 130212 queued and waiting for resources
srun: job 130212 has been allocated resources
Running with 8 processes
srun: job 130213 queued and waiting for resources
srun: job 130213 has been allocated resources
Running with 8 processes
srun: job 130214 queued and waiting for resources
srun: job 130214 has been allocated resources
Running with 8 processes
srun: job 130215 queued and waiting for resources
srun: job 130215 has been allocated resources
Running with 8 processes
srun: job 130216 queued and waiting for resources
srun: job 130216 has been allocated resources
Running with 8 processes
srun: job 130217 queued and waiting for resources
srun: job 130217 has been allocated resources
Running with 8 processes
srun: job 130218 queued and waiting for resources
srun: job 130218 has been allocated resources
Running with 8 processes
srun: job 130219 queued and waiting for resources
srun: job 130219 has been allocated resources
Running with 8 processes
srun: job 130220 queued and waiting for resources
srun: job 130220 has been allocated resources
Running with 8 processes
srun: job 130221 queued and waiting for resources
srun: job 130221 has been allocated resources
Running with 8 processes
srun: job 130222 queued and waiting for resources
srun: job 130222 has been allocated resources
Running with 8 processes
srun: job 130223 queued and waiting for resources
srun: job 130223 has been allocated resources
Running with 8 processes
srun: job 130224 queued and waiting for resources
srun: job 130224 has been allocated resources
Running with 8 processes
srun: job 130225 queued and waiting for resources
srun: job 130225 has been allocated resources
Running with 8 processes
srun: job 130226 queued and waiting for resources
srun: job 130226 has been allocated resources
Running with 8 processes
srun: job 130227 queued and waiting for resources
srun: job 130227 has been allocated resources
Running with 8 processes
srun: job 130228 queued and waiting for resources
srun: job 130228 has been allocated resources
Running with 8 processes
srun: job 130229 queued and waiting for resources
srun: job 130229 has been allocated resources
Running with 8 processes
srun: job 130230 queued and waiting for resources
srun: job 130230 has been allocated resources
Running with 8 processes
srun: job 130231 queued and waiting for resources
srun: job 130231 has been allocated resources
Running with 8 processes
srun: job 130232 queued and waiting for resources
srun: job 130232 has been allocated resources
Running with 8 processes
srun: job 130233 queued and waiting for resources
srun: job 130233 has been allocated resources
Running with 8 processes
srun: job 130234 queued and waiting for resources
srun: job 130234 has been allocated resources
Running with 8 processes
srun: job 130235 queued and waiting for resources
srun: job 130235 has been allocated resources
Running with 8 processes
srun: job 130236 queued and waiting for resources
srun: job 130236 has been allocated resources
Running with 8 processes
srun: job 130237 queued and waiting for resources
srun: job 130237 has been allocated resources
Running with 8 processes
srun: job 130238 queued and waiting for resources
srun: job 130238 has been allocated resources
Running with 8 processes
srun: job 130239 queued and waiting for resources
srun: job 130239 has been allocated resources
Running with 8 processes
srun: job 130240 queued and waiting for resources
srun: job 130240 has been allocated resources
Running with 8 processes
srun: job 130241 queued and waiting for resources
srun: job 130241 has been allocated resources
Running with 8 processes
srun: job 130242 queued and waiting for resources
srun: job 130242 has been allocated resources
Running with 8 processes
srun: job 130243 queued and waiting for resources
srun: job 130243 has been allocated resources
Running with 8 processes
srun: job 130244 queued and waiting for resources
srun: job 130244 has been allocated resources
Running with 8 processes
srun: job 130245 queued and waiting for resources
srun: job 130245 has been allocated resources
Running with 8 processes
srun: job 130246 queued and waiting for resources
srun: job 130246 has been allocated resources
Running with 8 processes
srun: job 130247 queued and waiting for resources
srun: job 130247 has been allocated resources
Running with 8 processes
srun: job 130248 queued and waiting for resources
srun: job 130248 has been allocated resources
Running with 8 processes
srun: job 130249 queued and waiting for resources
srun: job 130249 has been allocated resources
Running with 8 processes
srun: job 130250 queued and waiting for resources
srun: job 130250 has been allocated resources
Running with 8 processes
srun: job 130251 queued and waiting for resources
srun: job 130251 has been allocated resources
Running with 8 processes
srun: job 130252 queued and waiting for resources
srun: job 130252 has been allocated resources
Running with 8 processes
srun: job 130253 queued and waiting for resources
srun: job 130253 has been allocated resources
Running with 8 processes
srun: job 130254 queued and waiting for resources
srun: job 130254 has been allocated resources
Running with 8 processes
srun: job 130255 queued and waiting for resources
srun: job 130255 has been allocated resources
Running with 8 processes
srun: job 130256 queued and waiting for resources
srun: job 130256 has been allocated resources
Running with 8 processes
srun: job 130257 queued and waiting for resources
srun: job 130257 has been allocated resources
Running with 8 processes
srun: job 130258 queued and waiting for resources
srun: job 130258 has been allocated resources
Running with 8 processes
srun: job 130259 queued and waiting for resources
srun: job 130259 has been allocated resources
Running with 8 processes
srun: job 130260 queued and waiting for resources
srun: job 130260 has been allocated resources
Running with 8 processes
srun: job 130261 queued and waiting for resources
srun: job 130261 has been allocated resources
Running with 8 processes
srun: job 130262 queued and waiting for resources
srun: job 130262 has been allocated resources
Running with 8 processes
srun: job 130263 queued and waiting for resources
srun: job 130263 has been allocated resources
Running with 8 processes
srun: job 130264 queued and waiting for resources
srun: job 130264 has been allocated resources
Running with 8 processes
srun: job 130265 queued and waiting for resources
srun: job 130265 has been allocated resources
Running with 8 processes
srun: job 130266 queued and waiting for resources
srun: job 130266 has been allocated resources
Running with 8 processes
srun: job 130267 queued and waiting for resources
srun: job 130267 has been allocated resources
Running with 8 processes
srun: job 130268 queued and waiting for resources
srun: job 130268 has been allocated resources
Running with 8 processes
srun: job 130269 queued and waiting for resources
srun: job 130269 has been allocated resources
Running with 8 processes
srun: job 130270 queued and waiting for resources
srun: job 130270 has been allocated resources
Running with 8 processes
srun: job 130271 queued and waiting for resources
srun: job 130271 has been allocated resources
Running with 8 processes
srun: job 130272 queued and waiting for resources
srun: job 130272 has been allocated resources
Running with 8 processes
srun: job 130273 queued and waiting for resources
srun: job 130273 has been allocated resources
Running with 8 processes
srun: job 130274 queued and waiting for resources
srun: job 130274 has been allocated resources
Running with 8 processes
srun: job 130275 queued and waiting for resources
srun: job 130275 has been allocated resources
Running with 8 processes
srun: job 130276 queued and waiting for resources
srun: job 130276 has been allocated resources
Running with 8 processes
srun: job 130277 queued and waiting for resources
srun: job 130277 has been allocated resources
Running with 8 processes
srun: job 130278 queued and waiting for resources
srun: job 130278 has been allocated resources
Running with 8 processes
srun: job 130279 queued and waiting for resources
srun: job 130279 has been allocated resources
Running with 8 processes
srun: job 130280 queued and waiting for resources
srun: job 130280 has been allocated resources
Running with 8 processes
srun: job 130281 queued and waiting for resources
srun: job 130281 has been allocated resources
Running with 8 processes
srun: job 130282 queued and waiting for resources
srun: job 130282 has been allocated resources
Running with 8 processes
srun: job 130283 queued and waiting for resources
srun: job 130283 has been allocated resources
Running with 8 processes
srun: job 130284 queued and waiting for resources
srun: job 130284 has been allocated resources
Running with 8 processes
srun: job 130285 queued and waiting for resources
srun: job 130285 has been allocated resources
Running with 8 processes
srun: job 130286 queued and waiting for resources
srun: job 130286 has been allocated resources
Running with 8 processes
srun: job 130287 queued and waiting for resources
srun: job 130287 has been allocated resources
Running with 8 processes
srun: job 130288 queued and waiting for resources
srun: job 130288 has been allocated resources
Running with 8 processes
srun: job 130289 queued and waiting for resources
srun: job 130289 has been allocated resources
Running with 8 processes
srun: job 130290 queued and waiting for resources
srun: job 130290 has been allocated resources
Running with 8 processes
srun: job 130291 queued and waiting for resources
srun: job 130291 has been allocated resources
Running with 8 processes
srun: job 130292 queued and waiting for resources
srun: job 130292 has been allocated resources
Running with 8 processes
srun: job 130293 queued and waiting for resources
srun: job 130293 has been allocated resources
Running with 8 processes
srun: job 130294 queued and waiting for resources
srun: job 130294 has been allocated resources
Running with 8 processes
srun: job 130295 queued and waiting for resources
srun: job 130295 has been allocated resources
Running with 8 processes
srun: job 130296 queued and waiting for resources
srun: job 130296 has been allocated resources
Running with 8 processes
srun: job 130297 queued and waiting for resources
srun: job 130297 has been allocated resources
Running with 8 processes
srun: job 130298 queued and waiting for resources
srun: job 130298 has been allocated resources
Running with 8 processes
srun: job 130299 queued and waiting for resources
srun: job 130299 has been allocated resources
Running with 8 processes
srun: job 130300 queued and waiting for resources
srun: job 130300 has been allocated resources
Running with 8 processes
srun: job 130301 queued and waiting for resources
srun: job 130301 has been allocated resources
Running with 8 processes
srun: job 130302 queued and waiting for resources
srun: job 130302 has been allocated resources
Running with 8 processes
srun: job 130303 queued and waiting for resources
srun: job 130303 has been allocated resources
Running with 8 processes
srun: job 130304 queued and waiting for resources
srun: job 130304 has been allocated resources
Running with 8 processes
srun: job 130305 queued and waiting for resources
srun: job 130305 has been allocated resources
Running with 8 processes
srun: job 130306 queued and waiting for resources
srun: job 130306 has been allocated resources
Running with 8 processes
srun: job 130307 queued and waiting for resources
srun: job 130307 has been allocated resources
Running with 8 processes
srun: job 130308 queued and waiting for resources
srun: job 130308 has been allocated resources
Running with 8 processes
srun: job 130309 queued and waiting for resources
srun: job 130309 has been allocated resources
Running with 8 processes
srun: job 130310 queued and waiting for resources
srun: job 130310 has been allocated resources
Running with 8 processes
srun: job 130311 queued and waiting for resources
srun: job 130311 has been allocated resources
Running with 8 processes
srun: job 130312 queued and waiting for resources
srun: job 130312 has been allocated resources
Running with 8 processes
srun: job 130313 queued and waiting for resources
srun: job 130313 has been allocated resources
Running with 8 processes
srun: job 130314 queued and waiting for resources
srun: job 130314 has been allocated resources
Running with 8 processes
srun: job 130315 queued and waiting for resources
srun: job 130315 has been allocated resources
Running with 8 processes
srun: job 130316 queued and waiting for resources
srun: job 130316 has been allocated resources
Running with 8 processes
srun: job 130317 queued and waiting for resources
srun: job 130317 has been allocated resources
Running with 8 processes
srun: job 130318 queued and waiting for resources
srun: job 130318 has been allocated resources
Running with 8 processes
srun: job 130319 queued and waiting for resources
srun: job 130319 has been allocated resources
Running with 8 processes
srun: job 130320 queued and waiting for resources
srun: job 130320 has been allocated resources
Running with 8 processes
srun: job 130321 queued and waiting for resources
srun: job 130321 has been allocated resources
Running with 8 processes
srun: job 130322 queued and waiting for resources
srun: job 130322 has been allocated resources
Running with 8 processes
srun: job 130323 queued and waiting for resources
srun: job 130323 has been allocated resources
Running with 8 processes
srun: job 130324 queued and waiting for resources
srun: job 130324 has been allocated resources
Running with 8 processes
srun: job 130325 queued and waiting for resources
srun: job 130325 has been allocated resources
Running with 8 processes
srun: job 130326 queued and waiting for resources
srun: job 130326 has been allocated resources
Running with 8 processes
srun: job 130327 queued and waiting for resources
srun: job 130327 has been allocated resources
Running with 8 processes
srun: job 130328 queued and waiting for resources
srun: job 130328 has been allocated resources
Running with 8 processes
srun: job 130329 queued and waiting for resources
srun: job 130329 has been allocated resources
Running with 8 processes
srun: job 130330 queued and waiting for resources
srun: job 130330 has been allocated resources
Running with 8 processes
srun: job 130331 queued and waiting for resources
srun: job 130331 has been allocated resources
Running with 8 processes
srun: job 130332 queued and waiting for resources
srun: job 130332 has been allocated resources
Running with 8 processes
srun: job 130333 queued and waiting for resources
srun: job 130333 has been allocated resources
Running with 8 processes
srun: job 130334 queued and waiting for resources
srun: job 130334 has been allocated resources
Running with 8 processes
srun: job 130335 queued and waiting for resources
srun: job 130335 has been allocated resources
Running with 8 processes
srun: job 130336 queued and waiting for resources
srun: job 130336 has been allocated resources
Running with 8 processes
srun: job 130337 queued and waiting for resources
srun: job 130337 has been allocated resources
Running with 8 processes
srun: job 130338 queued and waiting for resources
srun: job 130338 has been allocated resources
Running with 8 processes
srun: job 130339 queued and waiting for resources
srun: job 130339 has been allocated resources
Running with 8 processes
srun: job 130340 queued and waiting for resources
srun: job 130340 has been allocated resources
Running with 8 processes
srun: job 130341 queued and waiting for resources
srun: job 130341 has been allocated resources
Running with 8 processes
srun: job 130342 queued and waiting for resources
srun: job 130342 has been allocated resources
Running with 8 processes
srun: job 130343 queued and waiting for resources
srun: job 130343 has been allocated resources
Running with 8 processes
srun: job 130344 queued and waiting for resources
srun: job 130344 has been allocated resources
Running with 8 processes
srun: job 130345 queued and waiting for resources
srun: job 130345 has been allocated resources
Running with 8 processes
srun: job 130346 queued and waiting for resources
srun: job 130346 has been allocated resources
Running with 8 processes
srun: job 130347 queued and waiting for resources
srun: job 130347 has been allocated resources
Running with 8 processes
srun: job 130348 queued and waiting for resources
srun: job 130348 has been allocated resources
Running with 8 processes
srun: job 130349 queued and waiting for resources
srun: job 130349 has been allocated resources
Running with 8 processes
srun: job 130350 queued and waiting for resources
srun: job 130350 has been allocated resources
Running with 8 processes
srun: job 130351 queued and waiting for resources
srun: job 130351 has been allocated resources
Running with 8 processes
srun: job 130352 queued and waiting for resources
srun: job 130352 has been allocated resources
Running with 8 processes
srun: job 130353 queued and waiting for resources
srun: job 130353 has been allocated resources
Running with 8 processes
srun: job 130354 queued and waiting for resources
srun: job 130354 has been allocated resources
Running with 8 processes
srun: job 130355 queued and waiting for resources
srun: job 130355 has been allocated resources
Running with 8 processes
srun: job 130356 queued and waiting for resources
srun: job 130356 has been allocated resources
Running with 8 processes
srun: job 130357 queued and waiting for resources
srun: job 130357 has been allocated resources
Running with 8 processes
srun: job 130358 queued and waiting for resources
srun: job 130358 has been allocated resources
Running with 8 processes
srun: job 130359 queued and waiting for resources
srun: job 130359 has been allocated resources
Running with 8 processes
srun: job 130360 queued and waiting for resources
srun: job 130360 has been allocated resources
Running with 8 processes
srun: job 130361 queued and waiting for resources
srun: job 130361 has been allocated resources
Running with 8 processes
srun: job 130362 queued and waiting for resources
srun: job 130362 has been allocated resources
Running with 8 processes
srun: job 130363 queued and waiting for resources
srun: job 130363 has been allocated resources
Running with 8 processes
srun: job 130364 queued and waiting for resources
srun: job 130364 has been allocated resources
Running with 8 processes
srun: job 130365 queued and waiting for resources
srun: job 130365 has been allocated resources
Running with 8 processes
srun: job 130366 queued and waiting for resources
srun: job 130366 has been allocated resources
Running with 8 processes
srun: job 130367 queued and waiting for resources
srun: job 130367 has been allocated resources
Running with 8 processes
srun: job 130368 queued and waiting for resources
srun: job 130368 has been allocated resources
Running with 8 processes
srun: job 130369 queued and waiting for resources
srun: job 130369 has been allocated resources
Running with 8 processes
srun: job 130370 queued and waiting for resources
srun: job 130370 has been allocated resources
Running with 8 processes
srun: job 130371 queued and waiting for resources
srun: job 130371 has been allocated resources
Running with 8 processes
srun: job 130372 queued and waiting for resources
srun: job 130372 has been allocated resources
Running with 8 processes
srun: job 130373 queued and waiting for resources
srun: job 130373 has been allocated resources
Running with 8 processes
srun: job 130374 queued and waiting for resources
srun: job 130374 has been allocated resources
Running with 8 processes
srun: job 130375 queued and waiting for resources
srun: job 130375 has been allocated resources
Running with 8 processes
srun: job 130376 queued and waiting for resources
srun: job 130376 has been allocated resources
Running with 8 processes
srun: job 130377 queued and waiting for resources
srun: job 130377 has been allocated resources
Running with 8 processes
srun: job 130378 queued and waiting for resources
srun: job 130378 has been allocated resources
Running with 8 processes
srun: job 130379 queued and waiting for resources
srun: job 130379 has been allocated resources
Running with 8 processes
srun: job 130380 queued and waiting for resources
srun: job 130380 has been allocated resources
Running with 8 processes
srun: job 130381 queued and waiting for resources
srun: job 130381 has been allocated resources
Running with 8 processes
srun: job 130382 queued and waiting for resources
srun: job 130382 has been allocated resources
Running with 8 processes
srun: job 130383 queued and waiting for resources
srun: job 130383 has been allocated resources
Running with 8 processes
srun: job 130384 queued and waiting for resources
srun: job 130384 has been allocated resources
Running with 8 processes
srun: job 130385 queued and waiting for resources
srun: job 130385 has been allocated resources
Running with 8 processes
srun: job 130386 queued and waiting for resources
srun: job 130386 has been allocated resources
Running with 8 processes
srun: job 130387 queued and waiting for resources
srun: job 130387 has been allocated resources
Running with 8 processes
srun: job 130388 queued and waiting for resources
srun: job 130388 has been allocated resources
Running with 8 processes
srun: job 130389 queued and waiting for resources
srun: job 130389 has been allocated resources
Running with 8 processes
srun: job 130390 queued and waiting for resources
srun: job 130390 has been allocated resources
Running with 8 processes
srun: job 130391 queued and waiting for resources
srun: job 130391 has been allocated resources
Running with 8 processes
srun: job 130392 queued and waiting for resources
srun: job 130392 has been allocated resources
Running with 8 processes
srun: job 130393 queued and waiting for resources
srun: job 130393 has been allocated resources
Running with 8 processes
srun: job 130394 queued and waiting for resources
srun: job 130394 has been allocated resources
Running with 8 processes
srun: job 130395 queued and waiting for resources
srun: job 130395 has been allocated resources
Running with 8 processes
srun: job 130396 queued and waiting for resources
srun: job 130396 has been allocated resources
Running with 8 processes
srun: job 130397 queued and waiting for resources
srun: job 130397 has been allocated resources
Running with 8 processes
srun: job 130398 queued and waiting for resources
srun: job 130398 has been allocated resources
Running with 8 processes
srun: job 130399 queued and waiting for resources
srun: job 130399 has been allocated resources
Running with 8 processes
srun: job 130400 queued and waiting for resources
srun: job 130400 has been allocated resources
Running with 8 processes
srun: job 130401 queued and waiting for resources
srun: job 130401 has been allocated resources
Running with 8 processes
srun: job 130402 queued and waiting for resources
srun: job 130402 has been allocated resources
Running with 8 processes
