Running the following algorithm implementations
build/examples/boost/gemm-boost-EXTRALARGE-FLOAT-C_TILE_J_MAJOR-A_TILE_I_MAJOR-B_TILE_K_MAJOR
build/examples/boostP2P/gemm-boostP2P-MEDIUM-FLOAT-C_TILE_J_MAJOR-A_TILE_I_MAJOR-B_TILE_K_MAJOR
build/examples/mpi/gemm-mpi-MEDIUM-FLOAT-C_TILE_I_MAJOR-A_TILE_I_MAJOR-B_TILE_J_MAJOR
build/examples/boost/gemm-boost-LARGE-FLOAT-C_TILE_J_MAJOR-A_TILE_I_MAJOR-B_TILE_K_MAJOR
build/examples/boost/gemm-boost-MINI-FLOAT-C_TILE_I_MAJOR-A_TILE_I_MAJOR-B_TILE_J_MAJOR
build/examples/boost/gemm-boost-MEDIUM-FLOAT-C_TILE_I_MAJOR-A_TILE_I_MAJOR-B_TILE_K_MAJOR
build/examples/boostP2P/gemm-boostP2P-MINI-FLOAT-C_TILE_J_MAJOR-A_TILE_I_MAJOR-B_TILE_K_MAJOR
build/examples/boost/gemm-boost-EXTRALARGE-FLOAT-C_TILE_J_MAJOR-A_TILE_K_MAJOR-B_TILE_K_MAJOR
build/examples/kokkosComm/gemm-kokkosComm-SMALL-FLOAT-C_TILE_J_MAJOR-A_TILE_K_MAJOR-B_TILE_J_MAJOR
build/examples/kokkosComm/gemm-kokkosComm-MINI-FLOAT-C_TILE_J_MAJOR-A_TILE_I_MAJOR-B_TILE_J_MAJOR
build/examples/kokkosComm/gemm-kokkosComm-SMALL-FLOAT-C_TILE_J_MAJOR-A_TILE_I_MAJOR-B_TILE_K_MAJOR
build/examples/boost/gemm-boost-LARGE-FLOAT-C_TILE_J_MAJOR-A_TILE_K_MAJOR-B_TILE_J_MAJOR
build/examples/mpi/gemm-mpi-SMALL-FLOAT-C_TILE_J_MAJOR-A_TILE_I_MAJOR-B_TILE_J_MAJOR
build/examples/kokkosComm/gemm-kokkosComm-LARGE-FLOAT-C_TILE_I_MAJOR-A_TILE_I_MAJOR-B_TILE_K_MAJOR
build/examples/noarr/gemm-noarr-LARGE-FLOAT-C_TILE_J_MAJOR-A_TILE_I_MAJOR-B_TILE_K_MAJOR
build/examples/noarr/gemm-noarr-MEDIUM-FLOAT-C_TILE_I_MAJOR-A_TILE_I_MAJOR-B_TILE_J_MAJOR
build/examples/mpi/gemm-mpi-EXTRALARGE-FLOAT-C_TILE_I_MAJOR-A_TILE_K_MAJOR-B_TILE_K_MAJOR
build/examples/kokkosComm/gemm-kokkosComm-EXTRALARGE-FLOAT-C_TILE_I_MAJOR-A_TILE_I_MAJOR-B_TILE_J_MAJOR
build/examples/boostP2P/gemm-boostP2P-SMALL-FLOAT-C_TILE_I_MAJOR-A_TILE_K_MAJOR-B_TILE_J_MAJOR
build/examples/boost/gemm-boost-MINI-FLOAT-C_TILE_J_MAJOR-A_TILE_K_MAJOR-B_TILE_K_MAJOR
build/examples/mpi/gemm-mpi-MINI-FLOAT-C_TILE_J_MAJOR-A_TILE_K_MAJOR-B_TILE_J_MAJOR
build/examples/kokkosComm/gemm-kokkosComm-MEDIUM-FLOAT-C_TILE_J_MAJOR-A_TILE_I_MAJOR-B_TILE_K_MAJOR
build/examples/boost/gemm-boost-EXTRALARGE-FLOAT-C_TILE_J_MAJOR-A_TILE_I_MAJOR-B_TILE_J_MAJOR
build/examples/noarr/gemm-noarr-MEDIUM-FLOAT-C_TILE_I_MAJOR-A_TILE_K_MAJOR-B_TILE_J_MAJOR
build/examples/mpi/gemm-mpi-MINI-FLOAT-C_TILE_I_MAJOR-A_TILE_K_MAJOR-B_TILE_K_MAJOR
build/examples/boost/gemm-boost-MEDIUM-FLOAT-C_TILE_J_MAJOR-A_TILE_K_MAJOR-B_TILE_K_MAJOR
build/examples/mpi/gemm-mpi-MINI-FLOAT-C_TILE_I_MAJOR-A_TILE_K_MAJOR-B_TILE_J_MAJOR
build/examples/noarr/gemm-noarr-MINI-FLOAT-C_TILE_J_MAJOR-A_TILE_I_MAJOR-B_TILE_K_MAJOR
build/examples/boostP2P/gemm-boostP2P-LARGE-FLOAT-C_TILE_J_MAJOR-A_TILE_I_MAJOR-B_TILE_K_MAJOR
build/examples/boostP2P/gemm-boostP2P-MEDIUM-FLOAT-C_TILE_I_MAJOR-A_TILE_I_MAJOR-B_TILE_K_MAJOR
build/examples/boost/gemm-boost-LARGE-FLOAT-C_TILE_I_MAJOR-A_TILE_I_MAJOR-B_TILE_J_MAJOR
build/examples/kokkosComm/gemm-kokkosComm-MEDIUM-FLOAT-C_TILE_J_MAJOR-A_TILE_K_MAJOR-B_TILE_K_MAJOR
build/examples/boost/gemm-boost-MINI-FLOAT-C_TILE_J_MAJOR-A_TILE_K_MAJOR-B_TILE_J_MAJOR
build/examples/boost/gemm-boost-MINI-FLOAT-C_TILE_J_MAJOR-A_TILE_I_MAJOR-B_TILE_K_MAJOR
build/examples/noarr/gemm-noarr-LARGE-FLOAT-C_TILE_J_MAJOR-A_TILE_K_MAJOR-B_TILE_J_MAJOR
build/examples/boost/gemm-boost-SMALL-FLOAT-C_TILE_I_MAJOR-A_TILE_K_MAJOR-B_TILE_J_MAJOR
build/examples/boost/gemm-boost-SMALL-FLOAT-C_TILE_J_MAJOR-A_TILE_K_MAJOR-B_TILE_J_MAJOR
build/examples/boost/gemm-boost-LARGE-FLOAT-C_TILE_I_MAJOR-A_TILE_K_MAJOR-B_TILE_K_MAJOR
build/examples/boost/gemm-boost-LARGE-FLOAT-C_TILE_J_MAJOR-A_TILE_K_MAJOR-B_TILE_K_MAJOR
build/examples/noarr/gemm-noarr-MEDIUM-FLOAT-C_TILE_I_MAJOR-A_TILE_I_MAJOR-B_TILE_K_MAJOR
build/examples/boost/gemm-boost-MEDIUM-FLOAT-C_TILE_J_MAJOR-A_TILE_I_MAJOR-B_TILE_J_MAJOR
build/examples/boost/gemm-boost-SMALL-FLOAT-C_TILE_J_MAJOR-A_TILE_K_MAJOR-B_TILE_K_MAJOR
build/examples/mpi/gemm-mpi-MINI-FLOAT-C_TILE_J_MAJOR-A_TILE_K_MAJOR-B_TILE_K_MAJOR
build/examples/boost/gemm-boost-MINI-FLOAT-C_TILE_I_MAJOR-A_TILE_K_MAJOR-B_TILE_J_MAJOR
build/examples/mpi/gemm-mpi-MINI-FLOAT-C_TILE_J_MAJOR-A_TILE_I_MAJOR-B_TILE_K_MAJOR
build/examples/mpi/gemm-mpi-MEDIUM-FLOAT-C_TILE_J_MAJOR-A_TILE_K_MAJOR-B_TILE_K_MAJOR
build/examples/boost/gemm-boost-MEDIUM-FLOAT-C_TILE_I_MAJOR-A_TILE_K_MAJOR-B_TILE_K_MAJOR
build/examples/mpi/gemm-mpi-SMALL-FLOAT-C_TILE_J_MAJOR-A_TILE_K_MAJOR-B_TILE_K_MAJOR
build/examples/kokkosComm/gemm-kokkosComm-MEDIUM-FLOAT-C_TILE_I_MAJOR-A_TILE_K_MAJOR-B_TILE_K_MAJOR
build/examples/boost/gemm-boost-SMALL-FLOAT-C_TILE_I_MAJOR-A_TILE_K_MAJOR-B_TILE_K_MAJOR
build/examples/boost/gemm-boost-EXTRALARGE-FLOAT-C_TILE_I_MAJOR-A_TILE_I_MAJOR-B_TILE_K_MAJOR
build/examples/noarr/gemm-noarr-SMALL-FLOAT-C_TILE_J_MAJOR-A_TILE_I_MAJOR-B_TILE_J_MAJOR
build/examples/boost/gemm-boost-SMALL-FLOAT-C_TILE_I_MAJOR-A_TILE_I_MAJOR-B_TILE_J_MAJOR
build/examples/mpi/gemm-mpi-MINI-FLOAT-C_TILE_J_MAJOR-A_TILE_I_MAJOR-B_TILE_J_MAJOR
build/examples/mpi/gemm-mpi-LARGE-FLOAT-C_TILE_J_MAJOR-A_TILE_I_MAJOR-B_TILE_K_MAJOR
build/examples/kokkosComm/gemm-kokkosComm-MINI-FLOAT-C_TILE_J_MAJOR-A_TILE_K_MAJOR-B_TILE_J_MAJOR
build/examples/mpi/gemm-mpi-SMALL-FLOAT-C_TILE_J_MAJOR-A_TILE_K_MAJOR-B_TILE_J_MAJOR
build/examples/mpi/gemm-mpi-LARGE-FLOAT-C_TILE_J_MAJOR-A_TILE_K_MAJOR-B_TILE_J_MAJOR
build/examples/kokkosComm/gemm-kokkosComm-LARGE-FLOAT-C_TILE_I_MAJOR-A_TILE_K_MAJOR-B_TILE_J_MAJOR
build/examples/boostP2P/gemm-boostP2P-EXTRALARGE-FLOAT-C_TILE_I_MAJOR-A_TILE_K_MAJOR-B_TILE_J_MAJOR
build/examples/noarr/gemm-noarr-MEDIUM-FLOAT-C_TILE_J_MAJOR-A_TILE_K_MAJOR-B_TILE_K_MAJOR
build/examples/noarr/gemm-noarr-MINI-FLOAT-C_TILE_J_MAJOR-A_TILE_K_MAJOR-B_TILE_J_MAJOR
build/examples/kokkosComm/gemm-kokkosComm-MEDIUM-FLOAT-C_TILE_J_MAJOR-A_TILE_K_MAJOR-B_TILE_J_MAJOR
build/examples/mpi/gemm-mpi-EXTRALARGE-FLOAT-C_TILE_J_MAJOR-A_TILE_I_MAJOR-B_TILE_J_MAJOR
build/examples/kokkosComm/gemm-kokkosComm-LARGE-FLOAT-C_TILE_I_MAJOR-A_TILE_K_MAJOR-B_TILE_K_MAJOR
build/examples/mpi/gemm-mpi-MEDIUM-FLOAT-C_TILE_I_MAJOR-A_TILE_I_MAJOR-B_TILE_K_MAJOR
build/examples/boostP2P/gemm-boostP2P-MEDIUM-FLOAT-C_TILE_J_MAJOR-A_TILE_I_MAJOR-B_TILE_J_MAJOR
build/examples/boost/gemm-boost-MEDIUM-FLOAT-C_TILE_J_MAJOR-A_TILE_K_MAJOR-B_TILE_J_MAJOR
build/examples/mpi/gemm-mpi-LARGE-FLOAT-C_TILE_I_MAJOR-A_TILE_I_MAJOR-B_TILE_J_MAJOR
build/examples/boostP2P/gemm-boostP2P-MINI-FLOAT-C_TILE_I_MAJOR-A_TILE_I_MAJOR-B_TILE_J_MAJOR
build/examples/noarr/gemm-noarr-SMALL-FLOAT-C_TILE_J_MAJOR-A_TILE_K_MAJOR-B_TILE_J_MAJOR
build/examples/kokkosComm/gemm-kokkosComm-MINI-FLOAT-C_TILE_I_MAJOR-A_TILE_I_MAJOR-B_TILE_K_MAJOR
build/examples/boost/gemm-boost-MINI-FLOAT-C_TILE_I_MAJOR-A_TILE_I_MAJOR-B_TILE_K_MAJOR
build/examples/kokkosComm/gemm-kokkosComm-EXTRALARGE-FLOAT-C_TILE_I_MAJOR-A_TILE_I_MAJOR-B_TILE_K_MAJOR
build/examples/boost/gemm-boost-EXTRALARGE-FLOAT-C_TILE_I_MAJOR-A_TILE_K_MAJOR-B_TILE_K_MAJOR
build/examples/boost/gemm-boost-EXTRALARGE-FLOAT-C_TILE_I_MAJOR-A_TILE_K_MAJOR-B_TILE_J_MAJOR
build/examples/mpi/gemm-mpi-EXTRALARGE-FLOAT-C_TILE_J_MAJOR-A_TILE_K_MAJOR-B_TILE_J_MAJOR
build/examples/mpi/gemm-mpi-LARGE-FLOAT-C_TILE_I_MAJOR-A_TILE_K_MAJOR-B_TILE_J_MAJOR
build/examples/boost/gemm-boost-LARGE-FLOAT-C_TILE_J_MAJOR-A_TILE_I_MAJOR-B_TILE_J_MAJOR
build/examples/boost/gemm-boost-MINI-FLOAT-C_TILE_I_MAJOR-A_TILE_K_MAJOR-B_TILE_K_MAJOR
build/examples/boostP2P/gemm-boostP2P-LARGE-FLOAT-C_TILE_J_MAJOR-A_TILE_K_MAJOR-B_TILE_J_MAJOR
build/examples/boostP2P/gemm-boostP2P-LARGE-FLOAT-C_TILE_I_MAJOR-A_TILE_I_MAJOR-B_TILE_K_MAJOR
build/examples/boostP2P/gemm-boostP2P-SMALL-FLOAT-C_TILE_J_MAJOR-A_TILE_K_MAJOR-B_TILE_K_MAJOR
build/examples/boost/gemm-boost-SMALL-FLOAT-C_TILE_I_MAJOR-A_TILE_I_MAJOR-B_TILE_K_MAJOR
build/examples/noarr/gemm-noarr-SMALL-FLOAT-C_TILE_I_MAJOR-A_TILE_K_MAJOR-B_TILE_J_MAJOR
build/examples/boost/gemm-boost-LARGE-FLOAT-C_TILE_I_MAJOR-A_TILE_I_MAJOR-B_TILE_K_MAJOR
build/examples/boost/gemm-boost-SMALL-FLOAT-C_TILE_J_MAJOR-A_TILE_I_MAJOR-B_TILE_K_MAJOR
build/examples/kokkosComm/gemm-kokkosComm-MEDIUM-FLOAT-C_TILE_I_MAJOR-A_TILE_I_MAJOR-B_TILE_K_MAJOR
build/examples/noarr/gemm-noarr-MINI-FLOAT-C_TILE_I_MAJOR-A_TILE_I_MAJOR-B_TILE_J_MAJOR
build/examples/kokkosComm/gemm-kokkosComm-SMALL-FLOAT-C_TILE_J_MAJOR-A_TILE_K_MAJOR-B_TILE_K_MAJOR
build/examples/boostP2P/gemm-boostP2P-MEDIUM-FLOAT-C_TILE_I_MAJOR-A_TILE_K_MAJOR-B_TILE_K_MAJOR
build/examples/boostP2P/gemm-boostP2P-MEDIUM-FLOAT-C_TILE_J_MAJOR-A_TILE_K_MAJOR-B_TILE_J_MAJOR
build/examples/kokkosComm/gemm-kokkosComm-EXTRALARGE-FLOAT-C_TILE_I_MAJOR-A_TILE_K_MAJOR-B_TILE_K_MAJOR
build/examples/boostP2P/gemm-boostP2P-MEDIUM-FLOAT-C_TILE_J_MAJOR-A_TILE_K_MAJOR-B_TILE_K_MAJOR
build/examples/mpi/gemm-mpi-MEDIUM-FLOAT-C_TILE_I_MAJOR-A_TILE_K_MAJOR-B_TILE_J_MAJOR
build/examples/kokkosComm/gemm-kokkosComm-LARGE-FLOAT-C_TILE_J_MAJOR-A_TILE_I_MAJOR-B_TILE_J_MAJOR
build/examples/noarr/gemm-noarr-EXTRALARGE-FLOAT-C_TILE_J_MAJOR-A_TILE_K_MAJOR-B_TILE_J_MAJOR
build/examples/mpi/gemm-mpi-MINI-FLOAT-C_TILE_I_MAJOR-A_TILE_I_MAJOR-B_TILE_K_MAJOR
build/examples/kokkosComm/gemm-kokkosComm-SMALL-FLOAT-C_TILE_I_MAJOR-A_TILE_I_MAJOR-B_TILE_J_MAJOR
build/examples/mpi/gemm-mpi-SMALL-FLOAT-C_TILE_J_MAJOR-A_TILE_I_MAJOR-B_TILE_K_MAJOR
build/examples/mpi/gemm-mpi-SMALL-FLOAT-C_TILE_I_MAJOR-A_TILE_K_MAJOR-B_TILE_K_MAJOR
build/examples/boost/gemm-boost-LARGE-FLOAT-C_TILE_I_MAJOR-A_TILE_K_MAJOR-B_TILE_J_MAJOR
build/examples/noarr/gemm-noarr-LARGE-FLOAT-C_TILE_J_MAJOR-A_TILE_I_MAJOR-B_TILE_J_MAJOR
build/examples/kokkosComm/gemm-kokkosComm-SMALL-FLOAT-C_TILE_I_MAJOR-A_TILE_K_MAJOR-B_TILE_J_MAJOR
build/examples/kokkosComm/gemm-kokkosComm-EXTRALARGE-FLOAT-C_TILE_J_MAJOR-A_TILE_K_MAJOR-B_TILE_K_MAJOR
build/examples/boostP2P/gemm-boostP2P-SMALL-FLOAT-C_TILE_I_MAJOR-A_TILE_I_MAJOR-B_TILE_J_MAJOR
build/examples/boostP2P/gemm-boostP2P-SMALL-FLOAT-C_TILE_J_MAJOR-A_TILE_I_MAJOR-B_TILE_K_MAJOR
build/examples/mpi/gemm-mpi-MEDIUM-FLOAT-C_TILE_J_MAJOR-A_TILE_I_MAJOR-B_TILE_K_MAJOR
build/examples/noarr/gemm-noarr-EXTRALARGE-FLOAT-C_TILE_I_MAJOR-A_TILE_I_MAJOR-B_TILE_J_MAJOR
build/examples/kokkosComm/gemm-kokkosComm-MINI-FLOAT-C_TILE_I_MAJOR-A_TILE_K_MAJOR-B_TILE_J_MAJOR
build/examples/kokkosComm/gemm-kokkosComm-MEDIUM-FLOAT-C_TILE_I_MAJOR-A_TILE_I_MAJOR-B_TILE_J_MAJOR
build/examples/boostP2P/gemm-boostP2P-LARGE-FLOAT-C_TILE_I_MAJOR-A_TILE_I_MAJOR-B_TILE_J_MAJOR
build/examples/mpi/gemm-mpi-MEDIUM-FLOAT-C_TILE_J_MAJOR-A_TILE_I_MAJOR-B_TILE_J_MAJOR
build/examples/kokkosComm/gemm-kokkosComm-MEDIUM-FLOAT-C_TILE_I_MAJOR-A_TILE_K_MAJOR-B_TILE_J_MAJOR
build/examples/boostP2P/gemm-boostP2P-EXTRALARGE-FLOAT-C_TILE_I_MAJOR-A_TILE_I_MAJOR-B_TILE_K_MAJOR
build/examples/kokkosComm/gemm-kokkosComm-EXTRALARGE-FLOAT-C_TILE_J_MAJOR-A_TILE_I_MAJOR-B_TILE_K_MAJOR
build/examples/kokkosComm/gemm-kokkosComm-SMALL-FLOAT-C_TILE_I_MAJOR-A_TILE_I_MAJOR-B_TILE_K_MAJOR
build/examples/boostP2P/gemm-boostP2P-LARGE-FLOAT-C_TILE_J_MAJOR-A_TILE_K_MAJOR-B_TILE_K_MAJOR
build/examples/noarr/gemm-noarr-SMALL-FLOAT-C_TILE_I_MAJOR-A_TILE_K_MAJOR-B_TILE_K_MAJOR
build/examples/boostP2P/gemm-boostP2P-MINI-FLOAT-C_TILE_I_MAJOR-A_TILE_K_MAJOR-B_TILE_K_MAJOR
build/examples/boost/gemm-boost-MEDIUM-FLOAT-C_TILE_I_MAJOR-A_TILE_I_MAJOR-B_TILE_J_MAJOR
build/examples/noarr/gemm-noarr-SMALL-FLOAT-C_TILE_I_MAJOR-A_TILE_I_MAJOR-B_TILE_J_MAJOR
build/examples/mpi/gemm-mpi-EXTRALARGE-FLOAT-C_TILE_J_MAJOR-A_TILE_K_MAJOR-B_TILE_K_MAJOR
build/examples/boost/gemm-boost-MEDIUM-FLOAT-C_TILE_I_MAJOR-A_TILE_K_MAJOR-B_TILE_J_MAJOR
build/examples/mpi/gemm-mpi-MINI-FLOAT-C_TILE_I_MAJOR-A_TILE_I_MAJOR-B_TILE_J_MAJOR
build/examples/mpi/gemm-mpi-SMALL-FLOAT-C_TILE_I_MAJOR-A_TILE_I_MAJOR-B_TILE_J_MAJOR
build/examples/noarr/gemm-noarr-MINI-FLOAT-C_TILE_I_MAJOR-A_TILE_K_MAJOR-B_TILE_K_MAJOR
build/examples/boostP2P/gemm-boostP2P-LARGE-FLOAT-C_TILE_J_MAJOR-A_TILE_I_MAJOR-B_TILE_J_MAJOR
build/examples/mpi/gemm-mpi-LARGE-FLOAT-C_TILE_J_MAJOR-A_TILE_K_MAJOR-B_TILE_K_MAJOR
build/examples/noarr/gemm-noarr-LARGE-FLOAT-C_TILE_I_MAJOR-A_TILE_I_MAJOR-B_TILE_J_MAJOR
build/examples/boost/gemm-boost-MEDIUM-FLOAT-C_TILE_J_MAJOR-A_TILE_I_MAJOR-B_TILE_K_MAJOR
build/examples/kokkosComm/gemm-kokkosComm-MINI-FLOAT-C_TILE_J_MAJOR-A_TILE_K_MAJOR-B_TILE_K_MAJOR
build/examples/boostP2P/gemm-boostP2P-SMALL-FLOAT-C_TILE_I_MAJOR-A_TILE_I_MAJOR-B_TILE_K_MAJOR
build/examples/kokkosComm/gemm-kokkosComm-MINI-FLOAT-C_TILE_J_MAJOR-A_TILE_I_MAJOR-B_TILE_K_MAJOR
build/examples/kokkosComm/gemm-kokkosComm-EXTRALARGE-FLOAT-C_TILE_J_MAJOR-A_TILE_I_MAJOR-B_TILE_J_MAJOR
build/examples/boostP2P/gemm-boostP2P-MINI-FLOAT-C_TILE_I_MAJOR-A_TILE_K_MAJOR-B_TILE_J_MAJOR
build/examples/boost/gemm-boost-MINI-FLOAT-C_TILE_J_MAJOR-A_TILE_I_MAJOR-B_TILE_J_MAJOR
build/examples/noarr/gemm-noarr-LARGE-FLOAT-C_TILE_I_MAJOR-A_TILE_K_MAJOR-B_TILE_J_MAJOR
build/examples/boostP2P/gemm-boostP2P-EXTRALARGE-FLOAT-C_TILE_J_MAJOR-A_TILE_K_MAJOR-B_TILE_K_MAJOR
build/examples/boostP2P/gemm-boostP2P-EXTRALARGE-FLOAT-C_TILE_I_MAJOR-A_TILE_I_MAJOR-B_TILE_J_MAJOR
build/examples/noarr/gemm-noarr-MINI-FLOAT-C_TILE_J_MAJOR-A_TILE_K_MAJOR-B_TILE_K_MAJOR
build/examples/noarr/gemm-noarr-MEDIUM-FLOAT-C_TILE_I_MAJOR-A_TILE_K_MAJOR-B_TILE_K_MAJOR
build/examples/boostP2P/gemm-boostP2P-EXTRALARGE-FLOAT-C_TILE_J_MAJOR-A_TILE_I_MAJOR-B_TILE_J_MAJOR
build/examples/mpi/gemm-mpi-EXTRALARGE-FLOAT-C_TILE_J_MAJOR-A_TILE_I_MAJOR-B_TILE_K_MAJOR
build/examples/boostP2P/gemm-boostP2P-LARGE-FLOAT-C_TILE_I_MAJOR-A_TILE_K_MAJOR-B_TILE_K_MAJOR
build/examples/boostP2P/gemm-boostP2P-MINI-FLOAT-C_TILE_J_MAJOR-A_TILE_K_MAJOR-B_TILE_J_MAJOR
build/examples/mpi/gemm-mpi-SMALL-FLOAT-C_TILE_I_MAJOR-A_TILE_I_MAJOR-B_TILE_K_MAJOR
build/examples/noarr/gemm-noarr-MEDIUM-FLOAT-C_TILE_J_MAJOR-A_TILE_K_MAJOR-B_TILE_J_MAJOR
build/examples/mpi/gemm-mpi-LARGE-FLOAT-C_TILE_J_MAJOR-A_TILE_I_MAJOR-B_TILE_J_MAJOR
build/examples/boostP2P/gemm-boostP2P-EXTRALARGE-FLOAT-C_TILE_J_MAJOR-A_TILE_I_MAJOR-B_TILE_K_MAJOR
build/examples/noarr/gemm-noarr-SMALL-FLOAT-C_TILE_J_MAJOR-A_TILE_K_MAJOR-B_TILE_K_MAJOR
build/examples/kokkosComm/gemm-kokkosComm-MINI-FLOAT-C_TILE_I_MAJOR-A_TILE_I_MAJOR-B_TILE_J_MAJOR
build/examples/kokkosComm/gemm-kokkosComm-SMALL-FLOAT-C_TILE_I_MAJOR-A_TILE_K_MAJOR-B_TILE_K_MAJOR
build/examples/boost/gemm-boost-SMALL-FLOAT-C_TILE_J_MAJOR-A_TILE_I_MAJOR-B_TILE_J_MAJOR
build/examples/mpi/gemm-mpi-MEDIUM-FLOAT-C_TILE_J_MAJOR-A_TILE_K_MAJOR-B_TILE_J_MAJOR
build/examples/kokkosComm/gemm-kokkosComm-MINI-FLOAT-C_TILE_I_MAJOR-A_TILE_K_MAJOR-B_TILE_K_MAJOR
build/examples/noarr/gemm-noarr-EXTRALARGE-FLOAT-C_TILE_I_MAJOR-A_TILE_K_MAJOR-B_TILE_K_MAJOR
build/examples/noarr/gemm-noarr-MINI-FLOAT-C_TILE_J_MAJOR-A_TILE_I_MAJOR-B_TILE_J_MAJOR
build/examples/mpi/gemm-mpi-LARGE-FLOAT-C_TILE_I_MAJOR-A_TILE_K_MAJOR-B_TILE_K_MAJOR
build/examples/boostP2P/gemm-boostP2P-LARGE-FLOAT-C_TILE_I_MAJOR-A_TILE_K_MAJOR-B_TILE_J_MAJOR
build/examples/mpi/gemm-mpi-LARGE-FLOAT-C_TILE_I_MAJOR-A_TILE_I_MAJOR-B_TILE_K_MAJOR
build/examples/mpi/gemm-mpi-EXTRALARGE-FLOAT-C_TILE_I_MAJOR-A_TILE_I_MAJOR-B_TILE_J_MAJOR
build/examples/boostP2P/gemm-boostP2P-SMALL-FLOAT-C_TILE_J_MAJOR-A_TILE_I_MAJOR-B_TILE_J_MAJOR
build/examples/boostP2P/gemm-boostP2P-MEDIUM-FLOAT-C_TILE_I_MAJOR-A_TILE_K_MAJOR-B_TILE_J_MAJOR
build/examples/noarr/gemm-noarr-EXTRALARGE-FLOAT-C_TILE_J_MAJOR-A_TILE_K_MAJOR-B_TILE_K_MAJOR
build/examples/noarr/gemm-noarr-MEDIUM-FLOAT-C_TILE_J_MAJOR-A_TILE_I_MAJOR-B_TILE_J_MAJOR
build/examples/noarr/gemm-noarr-EXTRALARGE-FLOAT-C_TILE_J_MAJOR-A_TILE_I_MAJOR-B_TILE_K_MAJOR
build/examples/boostP2P/gemm-boostP2P-MINI-FLOAT-C_TILE_I_MAJOR-A_TILE_I_MAJOR-B_TILE_K_MAJOR
build/examples/kokkosComm/gemm-kokkosComm-EXTRALARGE-FLOAT-C_TILE_J_MAJOR-A_TILE_K_MAJOR-B_TILE_J_MAJOR
build/examples/noarr/gemm-noarr-LARGE-FLOAT-C_TILE_I_MAJOR-A_TILE_I_MAJOR-B_TILE_K_MAJOR
build/examples/noarr/gemm-noarr-SMALL-FLOAT-C_TILE_J_MAJOR-A_TILE_I_MAJOR-B_TILE_K_MAJOR
build/examples/kokkosComm/gemm-kokkosComm-LARGE-FLOAT-C_TILE_J_MAJOR-A_TILE_K_MAJOR-B_TILE_J_MAJOR
build/examples/noarr/gemm-noarr-MINI-FLOAT-C_TILE_I_MAJOR-A_TILE_I_MAJOR-B_TILE_K_MAJOR
build/examples/boostP2P/gemm-boostP2P-EXTRALARGE-FLOAT-C_TILE_J_MAJOR-A_TILE_K_MAJOR-B_TILE_J_MAJOR
build/examples/noarr/gemm-noarr-MEDIUM-FLOAT-C_TILE_J_MAJOR-A_TILE_I_MAJOR-B_TILE_K_MAJOR
build/examples/boostP2P/gemm-boostP2P-SMALL-FLOAT-C_TILE_I_MAJOR-A_TILE_K_MAJOR-B_TILE_K_MAJOR
build/examples/mpi/gemm-mpi-MEDIUM-FLOAT-C_TILE_I_MAJOR-A_TILE_K_MAJOR-B_TILE_K_MAJOR
build/examples/noarr/gemm-noarr-EXTRALARGE-FLOAT-C_TILE_I_MAJOR-A_TILE_I_MAJOR-B_TILE_K_MAJOR
build/examples/noarr/gemm-noarr-LARGE-FLOAT-C_TILE_I_MAJOR-A_TILE_K_MAJOR-B_TILE_K_MAJOR
build/examples/boostP2P/gemm-boostP2P-SMALL-FLOAT-C_TILE_J_MAJOR-A_TILE_K_MAJOR-B_TILE_J_MAJOR
build/examples/kokkosComm/gemm-kokkosComm-SMALL-FLOAT-C_TILE_J_MAJOR-A_TILE_I_MAJOR-B_TILE_J_MAJOR
build/examples/kokkosComm/gemm-kokkosComm-MEDIUM-FLOAT-C_TILE_J_MAJOR-A_TILE_I_MAJOR-B_TILE_J_MAJOR
build/examples/boostP2P/gemm-boostP2P-MEDIUM-FLOAT-C_TILE_I_MAJOR-A_TILE_I_MAJOR-B_TILE_J_MAJOR
build/examples/noarr/gemm-noarr-EXTRALARGE-FLOAT-C_TILE_J_MAJOR-A_TILE_I_MAJOR-B_TILE_J_MAJOR
build/examples/mpi/gemm-mpi-SMALL-FLOAT-C_TILE_I_MAJOR-A_TILE_K_MAJOR-B_TILE_J_MAJOR
build/examples/noarr/gemm-noarr-MINI-FLOAT-C_TILE_I_MAJOR-A_TILE_K_MAJOR-B_TILE_J_MAJOR
build/examples/kokkosComm/gemm-kokkosComm-LARGE-FLOAT-C_TILE_J_MAJOR-A_TILE_K_MAJOR-B_TILE_K_MAJOR
build/examples/boostP2P/gemm-boostP2P-EXTRALARGE-FLOAT-C_TILE_I_MAJOR-A_TILE_K_MAJOR-B_TILE_K_MAJOR
build/examples/kokkosComm/gemm-kokkosComm-LARGE-FLOAT-C_TILE_I_MAJOR-A_TILE_I_MAJOR-B_TILE_J_MAJOR
build/examples/kokkosComm/gemm-kokkosComm-LARGE-FLOAT-C_TILE_J_MAJOR-A_TILE_I_MAJOR-B_TILE_K_MAJOR
build/examples/mpi/gemm-mpi-EXTRALARGE-FLOAT-C_TILE_I_MAJOR-A_TILE_I_MAJOR-B_TILE_K_MAJOR
build/examples/boost/gemm-boost-EXTRALARGE-FLOAT-C_TILE_J_MAJOR-A_TILE_K_MAJOR-B_TILE_J_MAJOR
build/examples/mpi/gemm-mpi-EXTRALARGE-FLOAT-C_TILE_I_MAJOR-A_TILE_K_MAJOR-B_TILE_J_MAJOR
build/examples/noarr/gemm-noarr-SMALL-FLOAT-C_TILE_I_MAJOR-A_TILE_I_MAJOR-B_TILE_K_MAJOR
build/examples/kokkosComm/gemm-kokkosComm-EXTRALARGE-FLOAT-C_TILE_I_MAJOR-A_TILE_K_MAJOR-B_TILE_J_MAJOR
build/examples/boostP2P/gemm-boostP2P-MINI-FLOAT-C_TILE_J_MAJOR-A_TILE_I_MAJOR-B_TILE_J_MAJOR
build/examples/noarr/gemm-noarr-EXTRALARGE-FLOAT-C_TILE_I_MAJOR-A_TILE_K_MAJOR-B_TILE_J_MAJOR
build/examples/boost/gemm-boost-EXTRALARGE-FLOAT-C_TILE_I_MAJOR-A_TILE_I_MAJOR-B_TILE_J_MAJOR
build/examples/boostP2P/gemm-boostP2P-MINI-FLOAT-C_TILE_J_MAJOR-A_TILE_K_MAJOR-B_TILE_K_MAJOR
build/examples/noarr/gemm-noarr-LARGE-FLOAT-C_TILE_J_MAJOR-A_TILE_K_MAJOR-B_TILE_K_MAJOR
srun: job 129430 queued and waiting for resources
srun: job 129430 has been allocated resources
Running with 8 processes
srun: job 129431 queued and waiting for resources
srun: job 129431 has been allocated resources
Running with 8 processes
srun: job 129432 queued and waiting for resources
srun: job 129432 has been allocated resources
Running with 8 processes
srun: job 129433 queued and waiting for resources
srun: job 129433 has been allocated resources
Running with 8 processes
srun: job 129434 queued and waiting for resources
srun: job 129434 has been allocated resources
Running with 8 processes
srun: job 129435 queued and waiting for resources
srun: job 129435 has been allocated resources
Running with 8 processes
srun: job 129436 queued and waiting for resources
srun: job 129436 has been allocated resources
Running with 8 processes
srun: job 129437 queued and waiting for resources
srun: job 129437 has been allocated resources
Running with 8 processes
srun: job 129438 queued and waiting for resources
srun: job 129438 has been allocated resources
Running with 8 processes
srun: job 129439 queued and waiting for resources
srun: job 129439 has been allocated resources
Running with 8 processes
srun: job 129440 queued and waiting for resources
srun: job 129440 has been allocated resources
Running with 8 processes
srun: job 129441 queued and waiting for resources
srun: job 129441 has been allocated resources
Running with 8 processes
srun: job 129442 queued and waiting for resources
srun: job 129442 has been allocated resources
Running with 8 processes
srun: job 129443 queued and waiting for resources
srun: job 129443 has been allocated resources
Running with 8 processes
srun: job 129444 queued and waiting for resources
srun: job 129444 has been allocated resources
Running with 8 processes
srun: job 129445 queued and waiting for resources
srun: job 129445 has been allocated resources
Running with 8 processes
srun: job 129446 queued and waiting for resources
srun: job 129446 has been allocated resources
Running with 8 processes
srun: job 129447 queued and waiting for resources
srun: job 129447 has been allocated resources
Running with 8 processes
srun: job 129448 queued and waiting for resources
srun: job 129448 has been allocated resources
Running with 8 processes
srun: job 129449 queued and waiting for resources
srun: job 129449 has been allocated resources
Running with 8 processes
srun: job 129450 queued and waiting for resources
srun: job 129450 has been allocated resources
Running with 8 processes
srun: job 129451 queued and waiting for resources
srun: job 129451 has been allocated resources
Running with 8 processes
srun: job 129452 queued and waiting for resources
srun: job 129452 has been allocated resources
Running with 8 processes
srun: job 129453 queued and waiting for resources
srun: job 129453 has been allocated resources
Running with 8 processes
srun: job 129454 queued and waiting for resources
srun: job 129454 has been allocated resources
Running with 8 processes
srun: job 129455 queued and waiting for resources
srun: job 129455 has been allocated resources
Running with 8 processes
srun: job 129456 queued and waiting for resources
srun: job 129456 has been allocated resources
Running with 8 processes
srun: job 129457 queued and waiting for resources
srun: job 129457 has been allocated resources
Running with 8 processes
srun: job 129458 queued and waiting for resources
srun: job 129458 has been allocated resources
Running with 8 processes
srun: job 129459 queued and waiting for resources
srun: job 129459 has been allocated resources
Running with 8 processes
srun: job 129460 queued and waiting for resources
srun: job 129460 has been allocated resources
Running with 8 processes
srun: job 129461 queued and waiting for resources
srun: job 129461 has been allocated resources
Running with 8 processes
srun: job 129462 queued and waiting for resources
srun: job 129462 has been allocated resources
Running with 8 processes
srun: job 129463 queued and waiting for resources
srun: job 129463 has been allocated resources
Running with 8 processes
srun: job 129464 queued and waiting for resources
srun: job 129464 has been allocated resources
Running with 8 processes
srun: job 129465 queued and waiting for resources
srun: job 129465 has been allocated resources
Running with 8 processes
srun: job 129466 queued and waiting for resources
srun: job 129466 has been allocated resources
Running with 8 processes
srun: job 129467 queued and waiting for resources
srun: job 129467 has been allocated resources
Running with 8 processes
srun: job 129468 queued and waiting for resources
srun: job 129468 has been allocated resources
Running with 8 processes
srun: job 129469 queued and waiting for resources
srun: job 129469 has been allocated resources
Running with 8 processes
srun: job 129470 queued and waiting for resources
srun: job 129470 has been allocated resources
Running with 8 processes
srun: job 129471 queued and waiting for resources
srun: job 129471 has been allocated resources
Running with 8 processes
srun: job 129472 queued and waiting for resources
srun: job 129472 has been allocated resources
Running with 8 processes
srun: job 129473 queued and waiting for resources
srun: job 129473 has been allocated resources
Running with 8 processes
srun: job 129474 queued and waiting for resources
srun: job 129474 has been allocated resources
Running with 8 processes
srun: job 129475 queued and waiting for resources
srun: job 129475 has been allocated resources
Running with 8 processes
srun: job 129476 queued and waiting for resources
srun: job 129476 has been allocated resources
Running with 8 processes
srun: job 129477 queued and waiting for resources
srun: job 129477 has been allocated resources
Running with 8 processes
srun: job 129478 queued and waiting for resources
srun: job 129478 has been allocated resources
Running with 8 processes
srun: job 129479 queued and waiting for resources
srun: job 129479 has been allocated resources
Running with 8 processes
srun: job 129480 queued and waiting for resources
srun: job 129480 has been allocated resources
Running with 8 processes
srun: job 129481 queued and waiting for resources
srun: job 129481 has been allocated resources
Running with 8 processes
srun: job 129482 queued and waiting for resources
srun: job 129482 has been allocated resources
Running with 8 processes
srun: job 129483 queued and waiting for resources
srun: job 129483 has been allocated resources
Running with 8 processes
srun: job 129484 queued and waiting for resources
srun: job 129484 has been allocated resources
Running with 8 processes
srun: job 129485 queued and waiting for resources
srun: job 129485 has been allocated resources
Running with 8 processes
srun: job 129486 queued and waiting for resources
srun: job 129486 has been allocated resources
Running with 8 processes
srun: job 129487 queued and waiting for resources
srun: job 129487 has been allocated resources
Running with 8 processes
srun: job 129488 queued and waiting for resources
srun: job 129488 has been allocated resources
Running with 8 processes
srun: job 129489 queued and waiting for resources
srun: job 129489 has been allocated resources
Running with 8 processes
srun: job 129490 queued and waiting for resources
srun: job 129490 has been allocated resources
Running with 8 processes
srun: job 129491 queued and waiting for resources
srun: job 129491 has been allocated resources
Running with 8 processes
srun: job 129492 queued and waiting for resources
srun: job 129492 has been allocated resources
Running with 8 processes
srun: job 129493 queued and waiting for resources
srun: job 129493 has been allocated resources
Running with 8 processes
srun: job 129494 queued and waiting for resources
srun: job 129494 has been allocated resources
Running with 8 processes
srun: job 129495 queued and waiting for resources
srun: job 129495 has been allocated resources
Running with 8 processes
srun: job 129496 queued and waiting for resources
srun: job 129496 has been allocated resources
Running with 8 processes
srun: job 129497 queued and waiting for resources
srun: job 129497 has been allocated resources
Running with 8 processes
srun: job 129498 queued and waiting for resources
srun: job 129498 has been allocated resources
Running with 8 processes
srun: job 129499 queued and waiting for resources
srun: job 129499 has been allocated resources
Running with 8 processes
srun: job 129500 queued and waiting for resources
srun: job 129500 has been allocated resources
Running with 8 processes
srun: job 129501 queued and waiting for resources
srun: job 129501 has been allocated resources
Running with 8 processes
srun: job 129502 queued and waiting for resources
srun: job 129502 has been allocated resources
Running with 8 processes
srun: job 129503 queued and waiting for resources
srun: job 129503 has been allocated resources
Running with 8 processes
srun: job 129504 queued and waiting for resources
srun: job 129504 has been allocated resources
Running with 8 processes
srun: job 129505 queued and waiting for resources
srun: job 129505 has been allocated resources
Running with 8 processes
srun: job 129506 queued and waiting for resources
srun: job 129506 has been allocated resources
Running with 8 processes
srun: job 129507 queued and waiting for resources
srun: job 129507 has been allocated resources
Running with 8 processes
srun: job 129508 queued and waiting for resources
srun: job 129508 has been allocated resources
Running with 8 processes
srun: job 129509 queued and waiting for resources
srun: job 129509 has been allocated resources
Running with 8 processes
srun: job 129510 queued and waiting for resources
srun: job 129510 has been allocated resources
Running with 8 processes
srun: job 129511 queued and waiting for resources
srun: job 129511 has been allocated resources
Running with 8 processes
srun: job 129512 queued and waiting for resources
srun: job 129512 has been allocated resources
Running with 8 processes
srun: job 129513 queued and waiting for resources
srun: job 129513 has been allocated resources
Running with 8 processes
srun: job 129514 queued and waiting for resources
srun: job 129514 has been allocated resources
Running with 8 processes
srun: job 129515 queued and waiting for resources
srun: job 129515 has been allocated resources
Running with 8 processes
srun: job 129516 queued and waiting for resources
srun: job 129516 has been allocated resources
Running with 8 processes
srun: job 129517 queued and waiting for resources
srun: job 129517 has been allocated resources
Running with 8 processes
srun: job 129518 queued and waiting for resources
srun: job 129518 has been allocated resources
Running with 8 processes
srun: job 129519 queued and waiting for resources
srun: job 129519 has been allocated resources
Running with 8 processes
srun: job 129520 queued and waiting for resources
srun: job 129520 has been allocated resources
Running with 8 processes
srun: job 129521 queued and waiting for resources
srun: job 129521 has been allocated resources
Running with 8 processes
srun: job 129522 queued and waiting for resources
srun: job 129522 has been allocated resources
Running with 8 processes
srun: job 129523 queued and waiting for resources
srun: job 129523 has been allocated resources
Running with 8 processes
srun: job 129524 queued and waiting for resources
srun: job 129524 has been allocated resources
Running with 8 processes
srun: job 129525 queued and waiting for resources
srun: job 129525 has been allocated resources
Running with 8 processes
srun: job 129526 queued and waiting for resources
srun: job 129526 has been allocated resources
Running with 8 processes
srun: job 129527 queued and waiting for resources
srun: job 129527 has been allocated resources
Running with 8 processes
srun: job 129528 queued and waiting for resources
srun: job 129528 has been allocated resources
Running with 8 processes
srun: job 129529 queued and waiting for resources
srun: job 129529 has been allocated resources
Running with 8 processes
srun: job 129530 queued and waiting for resources
srun: job 129530 has been allocated resources
Running with 8 processes
srun: job 129531 queued and waiting for resources
srun: job 129531 has been allocated resources
Running with 8 processes
srun: job 129532 queued and waiting for resources
srun: job 129532 has been allocated resources
Running with 8 processes
srun: job 129533 queued and waiting for resources
srun: job 129533 has been allocated resources
Running with 8 processes
srun: job 129534 queued and waiting for resources
srun: job 129534 has been allocated resources
Running with 8 processes
srun: job 129535 queued and waiting for resources
srun: job 129535 has been allocated resources
Running with 8 processes
srun: job 129536 queued and waiting for resources
srun: job 129536 has been allocated resources
Running with 8 processes
srun: job 129537 queued and waiting for resources
srun: job 129537 has been allocated resources
Running with 8 processes
srun: job 129538 queued and waiting for resources
srun: job 129538 has been allocated resources
Running with 8 processes
srun: job 129539 queued and waiting for resources
srun: job 129539 has been allocated resources
Running with 8 processes
srun: job 129540 queued and waiting for resources
srun: job 129540 has been allocated resources
Running with 8 processes
srun: job 129541 queued and waiting for resources
srun: job 129541 has been allocated resources
Running with 8 processes
srun: job 129542 queued and waiting for resources
srun: job 129542 has been allocated resources
Running with 8 processes
srun: job 129543 queued and waiting for resources
srun: job 129543 has been allocated resources
Running with 8 processes
srun: job 129544 queued and waiting for resources
srun: job 129544 has been allocated resources
Running with 8 processes
srun: job 129545 queued and waiting for resources
srun: job 129545 has been allocated resources
Running with 8 processes
srun: job 129546 queued and waiting for resources
srun: job 129546 has been allocated resources
Running with 8 processes
srun: job 129547 queued and waiting for resources
srun: job 129547 has been allocated resources
Running with 8 processes
srun: job 129548 queued and waiting for resources
srun: job 129548 has been allocated resources
Running with 8 processes
srun: job 129549 queued and waiting for resources
srun: job 129549 has been allocated resources
Running with 8 processes
srun: job 129550 queued and waiting for resources
srun: job 129550 has been allocated resources
Running with 8 processes
srun: job 129551 queued and waiting for resources
srun: job 129551 has been allocated resources
Running with 8 processes
srun: job 129552 queued and waiting for resources
srun: job 129552 has been allocated resources
Running with 8 processes
srun: job 129553 queued and waiting for resources
srun: job 129553 has been allocated resources
Running with 8 processes
srun: job 129554 queued and waiting for resources
srun: job 129554 has been allocated resources
Running with 8 processes
srun: job 129555 queued and waiting for resources
srun: job 129555 has been allocated resources
Running with 8 processes
srun: job 129556 queued and waiting for resources
srun: job 129556 has been allocated resources
Running with 8 processes
srun: job 129557 queued and waiting for resources
srun: job 129557 has been allocated resources
Running with 8 processes
srun: job 129558 queued and waiting for resources
srun: job 129558 has been allocated resources
Running with 8 processes
srun: job 129559 queued and waiting for resources
srun: job 129559 has been allocated resources
Running with 8 processes
srun: job 129560 queued and waiting for resources
srun: job 129560 has been allocated resources
Running with 8 processes
srun: job 129561 queued and waiting for resources
srun: job 129561 has been allocated resources
Running with 8 processes
srun: job 129562 queued and waiting for resources
srun: job 129562 has been allocated resources
Running with 8 processes
srun: job 129563 queued and waiting for resources
srun: job 129563 has been allocated resources
Running with 8 processes
srun: job 129564 queued and waiting for resources
srun: job 129564 has been allocated resources
Running with 8 processes
srun: job 129565 queued and waiting for resources
srun: job 129565 has been allocated resources
Running with 8 processes
srun: job 129566 queued and waiting for resources
srun: job 129566 has been allocated resources
Running with 8 processes
srun: job 129567 queued and waiting for resources
srun: job 129567 has been allocated resources
Running with 8 processes
srun: job 129568 queued and waiting for resources
srun: job 129568 has been allocated resources
Running with 8 processes
srun: job 129569 queued and waiting for resources
srun: job 129569 has been allocated resources
Running with 8 processes
srun: job 129570 queued and waiting for resources
srun: job 129570 has been allocated resources
Running with 8 processes
srun: job 129571 queued and waiting for resources
srun: job 129571 has been allocated resources
Running with 8 processes
srun: job 129572 queued and waiting for resources
srun: job 129572 has been allocated resources
Running with 8 processes
srun: job 129573 queued and waiting for resources
srun: job 129573 has been allocated resources
Running with 8 processes
srun: job 129574 queued and waiting for resources
srun: job 129574 has been allocated resources
Running with 8 processes
srun: job 129575 queued and waiting for resources
srun: job 129575 has been allocated resources
Running with 8 processes
srun: job 129576 queued and waiting for resources
srun: job 129576 has been allocated resources
Running with 8 processes
srun: job 129577 queued and waiting for resources
srun: job 129577 has been allocated resources
Running with 8 processes
srun: job 129578 queued and waiting for resources
srun: job 129578 has been allocated resources
Running with 8 processes
srun: job 129579 queued and waiting for resources
srun: job 129579 has been allocated resources
Running with 8 processes
srun: job 129580 queued and waiting for resources
srun: job 129580 has been allocated resources
Running with 8 processes
srun: job 129581 queued and waiting for resources
srun: job 129581 has been allocated resources
Running with 8 processes
srun: job 129582 queued and waiting for resources
srun: job 129582 has been allocated resources
Running with 8 processes
srun: job 129583 queued and waiting for resources
srun: job 129583 has been allocated resources
Running with 8 processes
srun: job 129584 queued and waiting for resources
srun: job 129584 has been allocated resources
Running with 8 processes
srun: job 129585 queued and waiting for resources
srun: job 129585 has been allocated resources
Running with 8 processes
srun: job 129586 queued and waiting for resources
srun: job 129586 has been allocated resources
Running with 8 processes
srun: job 129587 queued and waiting for resources
srun: job 129587 has been allocated resources
Running with 8 processes
srun: job 129588 queued and waiting for resources
srun: job 129588 has been allocated resources
Running with 8 processes
srun: job 129589 queued and waiting for resources
srun: job 129589 has been allocated resources
Running with 8 processes
srun: job 129590 queued and waiting for resources
srun: job 129590 has been allocated resources
Running with 8 processes
srun: job 129591 queued and waiting for resources
srun: job 129591 has been allocated resources
Running with 8 processes
srun: job 129592 queued and waiting for resources
srun: job 129592 has been allocated resources
Running with 8 processes
srun: job 129593 queued and waiting for resources
srun: job 129593 has been allocated resources
Running with 8 processes
srun: job 129594 queued and waiting for resources
srun: job 129594 has been allocated resources
Running with 8 processes
srun: job 129595 queued and waiting for resources
srun: job 129595 has been allocated resources
Running with 8 processes
srun: job 129596 queued and waiting for resources
srun: job 129596 has been allocated resources
Running with 8 processes
srun: job 129597 queued and waiting for resources
srun: job 129597 has been allocated resources
Running with 8 processes
srun: job 129598 queued and waiting for resources
srun: job 129598 has been allocated resources
Running with 8 processes
srun: job 129599 queued and waiting for resources
srun: job 129599 has been allocated resources
Running with 8 processes
srun: job 129600 queued and waiting for resources
srun: job 129600 has been allocated resources
Running with 8 processes
srun: job 129601 queued and waiting for resources
srun: job 129601 has been allocated resources
Running with 8 processes
srun: job 129602 queued and waiting for resources
srun: job 129602 has been allocated resources
Running with 8 processes
srun: job 129603 queued and waiting for resources
srun: job 129603 has been allocated resources
Running with 8 processes
srun: job 129604 queued and waiting for resources
srun: job 129604 has been allocated resources
Running with 8 processes
srun: job 129605 queued and waiting for resources
srun: job 129605 has been allocated resources
Running with 8 processes
srun: job 129606 queued and waiting for resources
srun: job 129606 has been allocated resources
Running with 8 processes
srun: job 129607 queued and waiting for resources
srun: job 129607 has been allocated resources
Running with 8 processes
srun: job 129608 queued and waiting for resources
srun: job 129608 has been allocated resources
Running with 8 processes
srun: job 129609 queued and waiting for resources
srun: job 129609 has been allocated resources
Running with 8 processes
srun: job 129610 queued and waiting for resources
srun: job 129610 has been allocated resources
Running with 8 processes
srun: job 129611 queued and waiting for resources
srun: job 129611 has been allocated resources
Running with 8 processes
srun: job 129612 queued and waiting for resources
srun: job 129612 has been allocated resources
Running with 8 processes
srun: job 129613 queued and waiting for resources
srun: job 129613 has been allocated resources
Running with 8 processes
srun: job 129614 queued and waiting for resources
srun: job 129614 has been allocated resources
Running with 8 processes
srun: job 129615 queued and waiting for resources
srun: job 129615 has been allocated resources
Running with 8 processes
srun: job 129616 queued and waiting for resources
srun: job 129616 has been allocated resources
Running with 8 processes
srun: job 129617 queued and waiting for resources
srun: job 129617 has been allocated resources
Running with 8 processes
srun: job 129618 queued and waiting for resources
srun: job 129618 has been allocated resources
Running with 8 processes
srun: job 129619 queued and waiting for resources
srun: job 129619 has been allocated resources
Running with 8 processes
srun: job 129620 queued and waiting for resources
srun: job 129620 has been allocated resources
Running with 8 processes
srun: job 129621 queued and waiting for resources
srun: job 129621 has been allocated resources
Running with 8 processes
srun: job 129622 queued and waiting for resources
srun: job 129622 has been allocated resources
Running with 8 processes
srun: job 129623 queued and waiting for resources
srun: job 129623 has been allocated resources
Running with 8 processes
srun: job 129624 queued and waiting for resources
srun: job 129624 has been allocated resources
Running with 8 processes
srun: job 129625 queued and waiting for resources
srun: job 129625 has been allocated resources
Running with 8 processes
srun: job 129626 queued and waiting for resources
srun: job 129626 has been allocated resources
Running with 8 processes
srun: job 129627 queued and waiting for resources
srun: job 129627 has been allocated resources
Running with 8 processes
srun: job 129628 queued and waiting for resources
srun: job 129628 has been allocated resources
Running with 8 processes
srun: job 129629 queued and waiting for resources
srun: job 129629 has been allocated resources
Running with 8 processes
