Running the following algorithm implementations
build/examples/noarr/gemmScatter-noarr-C_SCATTER_J_MAJOR-A_SCATTER_K_MAJOR-B_SCATTER_K_MAJOR-SMALL-FLOAT-C_TILE_J_MAJOR-A_TILE_K_MAJOR-B_TILE_J_MAJOR
build/examples/noarr/gemmScatter-noarr-C_SCATTER_I_MAJOR-A_SCATTER_I_MAJOR-B_SCATTER_K_MAJOR-EXTRALARGE-FLOAT-C_TILE_I_MAJOR-A_TILE_K_MAJOR-B_TILE_J_MAJOR
build/examples/noarr/gemmScatter-noarr-C_SCATTER_I_MAJOR-A_SCATTER_I_MAJOR-B_SCATTER_K_MAJOR-MINI-FLOAT-C_TILE_J_MAJOR-A_TILE_K_MAJOR-B_TILE_K_MAJOR
build/examples/noarr/gemmScatter-noarr-C_SCATTER_J_MAJOR-A_SCATTER_I_MAJOR-B_SCATTER_J_MAJOR-MEDIUM-FLOAT-C_TILE_J_MAJOR-A_TILE_I_MAJOR-B_TILE_K_MAJOR
build/examples/noarr/gemmScatter-noarr-C_SCATTER_I_MAJOR-A_SCATTER_K_MAJOR-B_SCATTER_K_MAJOR-MEDIUM-FLOAT-C_TILE_I_MAJOR-A_TILE_I_MAJOR-B_TILE_K_MAJOR
build/examples/noarr/gemmScatter-noarr-C_SCATTER_I_MAJOR-A_SCATTER_K_MAJOR-B_SCATTER_K_MAJOR-MINI-FLOAT-C_TILE_J_MAJOR-A_TILE_I_MAJOR-B_TILE_J_MAJOR
build/examples/noarr/gemmScatter-noarr-C_SCATTER_I_MAJOR-A_SCATTER_K_MAJOR-B_SCATTER_J_MAJOR-MINI-FLOAT-C_TILE_I_MAJOR-A_TILE_I_MAJOR-B_TILE_J_MAJOR
build/examples/noarr/gemmScatter-noarr-C_SCATTER_J_MAJOR-A_SCATTER_K_MAJOR-B_SCATTER_J_MAJOR-LARGE-FLOAT-C_TILE_J_MAJOR-A_TILE_K_MAJOR-B_TILE_K_MAJOR
build/examples/noarr/gemmScatter-noarr-C_SCATTER_J_MAJOR-A_SCATTER_K_MAJOR-B_SCATTER_J_MAJOR-EXTRALARGE-FLOAT-C_TILE_J_MAJOR-A_TILE_I_MAJOR-B_TILE_J_MAJOR
build/examples/noarr/gemmScatter-noarr-C_SCATTER_J_MAJOR-A_SCATTER_K_MAJOR-B_SCATTER_K_MAJOR-LARGE-FLOAT-C_TILE_I_MAJOR-A_TILE_K_MAJOR-B_TILE_J_MAJOR
build/examples/noarr/gemmScatter-noarr-C_SCATTER_I_MAJOR-A_SCATTER_I_MAJOR-B_SCATTER_K_MAJOR-SMALL-FLOAT-C_TILE_I_MAJOR-A_TILE_K_MAJOR-B_TILE_J_MAJOR
build/examples/noarr/gemmScatter-noarr-C_SCATTER_J_MAJOR-A_SCATTER_I_MAJOR-B_SCATTER_J_MAJOR-MEDIUM-FLOAT-C_TILE_J_MAJOR-A_TILE_K_MAJOR-B_TILE_J_MAJOR
build/examples/noarr/gemmScatter-noarr-C_SCATTER_I_MAJOR-A_SCATTER_K_MAJOR-B_SCATTER_J_MAJOR-LARGE-FLOAT-C_TILE_J_MAJOR-A_TILE_I_MAJOR-B_TILE_K_MAJOR
build/examples/noarr/gemmScatter-noarr-C_SCATTER_I_MAJOR-A_SCATTER_K_MAJOR-B_SCATTER_K_MAJOR-MEDIUM-FLOAT-C_TILE_J_MAJOR-A_TILE_K_MAJOR-B_TILE_J_MAJOR
build/examples/noarr/gemmScatter-noarr-C_SCATTER_I_MAJOR-A_SCATTER_K_MAJOR-B_SCATTER_K_MAJOR-MEDIUM-FLOAT-C_TILE_I_MAJOR-A_TILE_K_MAJOR-B_TILE_K_MAJOR
build/examples/noarr/gemmScatter-noarr-C_SCATTER_I_MAJOR-A_SCATTER_K_MAJOR-B_SCATTER_J_MAJOR-EXTRALARGE-FLOAT-C_TILE_J_MAJOR-A_TILE_K_MAJOR-B_TILE_J_MAJOR
build/examples/noarr/gemmScatter-noarr-C_SCATTER_J_MAJOR-A_SCATTER_K_MAJOR-B_SCATTER_K_MAJOR-MEDIUM-FLOAT-C_TILE_J_MAJOR-A_TILE_I_MAJOR-B_TILE_J_MAJOR
build/examples/noarr/gemmScatter-noarr-C_SCATTER_J_MAJOR-A_SCATTER_I_MAJOR-B_SCATTER_J_MAJOR-SMALL-FLOAT-C_TILE_I_MAJOR-A_TILE_I_MAJOR-B_TILE_K_MAJOR
build/examples/noarr/gemmScatter-noarr-C_SCATTER_I_MAJOR-A_SCATTER_I_MAJOR-B_SCATTER_J_MAJOR-MINI-FLOAT-C_TILE_I_MAJOR-A_TILE_K_MAJOR-B_TILE_K_MAJOR
build/examples/noarr/gemmScatter-noarr-C_SCATTER_J_MAJOR-A_SCATTER_K_MAJOR-B_SCATTER_J_MAJOR-MEDIUM-FLOAT-C_TILE_J_MAJOR-A_TILE_K_MAJOR-B_TILE_K_MAJOR
build/examples/noarr/gemmScatter-noarr-C_SCATTER_I_MAJOR-A_SCATTER_I_MAJOR-B_SCATTER_J_MAJOR-MEDIUM-FLOAT-C_TILE_J_MAJOR-A_TILE_I_MAJOR-B_TILE_K_MAJOR
build/examples/noarr/gemmScatter-noarr-C_SCATTER_J_MAJOR-A_SCATTER_K_MAJOR-B_SCATTER_K_MAJOR-MEDIUM-FLOAT-C_TILE_J_MAJOR-A_TILE_K_MAJOR-B_TILE_K_MAJOR
build/examples/noarr/gemmScatter-noarr-C_SCATTER_I_MAJOR-A_SCATTER_K_MAJOR-B_SCATTER_J_MAJOR-MEDIUM-FLOAT-C_TILE_J_MAJOR-A_TILE_K_MAJOR-B_TILE_J_MAJOR
build/examples/noarr/gemmScatter-noarr-C_SCATTER_I_MAJOR-A_SCATTER_I_MAJOR-B_SCATTER_K_MAJOR-MEDIUM-FLOAT-C_TILE_I_MAJOR-A_TILE_K_MAJOR-B_TILE_J_MAJOR
build/examples/noarr/gemmScatter-noarr-C_SCATTER_I_MAJOR-A_SCATTER_K_MAJOR-B_SCATTER_J_MAJOR-MEDIUM-FLOAT-C_TILE_I_MAJOR-A_TILE_K_MAJOR-B_TILE_K_MAJOR
build/examples/noarr/gemmScatter-noarr-C_SCATTER_J_MAJOR-A_SCATTER_I_MAJOR-B_SCATTER_K_MAJOR-EXTRALARGE-FLOAT-C_TILE_J_MAJOR-A_TILE_K_MAJOR-B_TILE_J_MAJOR
build/examples/noarr/gemmScatter-noarr-C_SCATTER_J_MAJOR-A_SCATTER_K_MAJOR-B_SCATTER_J_MAJOR-EXTRALARGE-FLOAT-C_TILE_J_MAJOR-A_TILE_K_MAJOR-B_TILE_K_MAJOR
build/examples/noarr/gemmScatter-noarr-C_SCATTER_J_MAJOR-A_SCATTER_K_MAJOR-B_SCATTER_J_MAJOR-MEDIUM-FLOAT-C_TILE_I_MAJOR-A_TILE_K_MAJOR-B_TILE_J_MAJOR
build/examples/noarr/gemmScatter-noarr-C_SCATTER_J_MAJOR-A_SCATTER_K_MAJOR-B_SCATTER_J_MAJOR-LARGE-FLOAT-C_TILE_J_MAJOR-A_TILE_I_MAJOR-B_TILE_K_MAJOR
build/examples/noarr/gemmScatter-noarr-C_SCATTER_I_MAJOR-A_SCATTER_K_MAJOR-B_SCATTER_K_MAJOR-LARGE-FLOAT-C_TILE_I_MAJOR-A_TILE_I_MAJOR-B_TILE_K_MAJOR
build/examples/noarr/gemmScatter-noarr-C_SCATTER_I_MAJOR-A_SCATTER_K_MAJOR-B_SCATTER_K_MAJOR-MINI-FLOAT-C_TILE_J_MAJOR-A_TILE_K_MAJOR-B_TILE_K_MAJOR
build/examples/noarr/gemmScatter-noarr-C_SCATTER_J_MAJOR-A_SCATTER_K_MAJOR-B_SCATTER_J_MAJOR-MINI-FLOAT-C_TILE_I_MAJOR-A_TILE_K_MAJOR-B_TILE_J_MAJOR
build/examples/noarr/gemmScatter-noarr-C_SCATTER_J_MAJOR-A_SCATTER_K_MAJOR-B_SCATTER_K_MAJOR-EXTRALARGE-FLOAT-C_TILE_J_MAJOR-A_TILE_K_MAJOR-B_TILE_K_MAJOR
build/examples/noarr/gemmScatter-noarr-C_SCATTER_I_MAJOR-A_SCATTER_I_MAJOR-B_SCATTER_K_MAJOR-SMALL-FLOAT-C_TILE_J_MAJOR-A_TILE_K_MAJOR-B_TILE_K_MAJOR
build/examples/noarr/gemmScatter-noarr-C_SCATTER_J_MAJOR-A_SCATTER_K_MAJOR-B_SCATTER_J_MAJOR-MEDIUM-FLOAT-C_TILE_I_MAJOR-A_TILE_I_MAJOR-B_TILE_J_MAJOR
build/examples/noarr/gemmScatter-noarr-C_SCATTER_J_MAJOR-A_SCATTER_I_MAJOR-B_SCATTER_J_MAJOR-EXTRALARGE-FLOAT-C_TILE_I_MAJOR-A_TILE_K_MAJOR-B_TILE_K_MAJOR
build/examples/noarr/gemmScatter-noarr-C_SCATTER_I_MAJOR-A_SCATTER_I_MAJOR-B_SCATTER_K_MAJOR-MEDIUM-FLOAT-C_TILE_I_MAJOR-A_TILE_I_MAJOR-B_TILE_K_MAJOR
build/examples/noarr/gemmScatter-noarr-C_SCATTER_I_MAJOR-A_SCATTER_K_MAJOR-B_SCATTER_J_MAJOR-LARGE-FLOAT-C_TILE_I_MAJOR-A_TILE_K_MAJOR-B_TILE_K_MAJOR
build/examples/noarr/gemmScatter-noarr-C_SCATTER_I_MAJOR-A_SCATTER_K_MAJOR-B_SCATTER_K_MAJOR-MINI-FLOAT-C_TILE_J_MAJOR-A_TILE_I_MAJOR-B_TILE_K_MAJOR
build/examples/noarr/gemmScatter-noarr-C_SCATTER_J_MAJOR-A_SCATTER_K_MAJOR-B_SCATTER_J_MAJOR-MINI-FLOAT-C_TILE_J_MAJOR-A_TILE_K_MAJOR-B_TILE_K_MAJOR
build/examples/noarr/gemmScatter-noarr-C_SCATTER_J_MAJOR-A_SCATTER_I_MAJOR-B_SCATTER_J_MAJOR-MINI-FLOAT-C_TILE_J_MAJOR-A_TILE_K_MAJOR-B_TILE_K_MAJOR
build/examples/noarr/gemmScatter-noarr-C_SCATTER_I_MAJOR-A_SCATTER_K_MAJOR-B_SCATTER_K_MAJOR-MEDIUM-FLOAT-C_TILE_J_MAJOR-A_TILE_I_MAJOR-B_TILE_J_MAJOR
build/examples/noarr/gemmScatter-noarr-C_SCATTER_J_MAJOR-A_SCATTER_I_MAJOR-B_SCATTER_J_MAJOR-EXTRALARGE-FLOAT-C_TILE_J_MAJOR-A_TILE_K_MAJOR-B_TILE_K_MAJOR
build/examples/noarr/gemmScatter-noarr-C_SCATTER_J_MAJOR-A_SCATTER_I_MAJOR-B_SCATTER_K_MAJOR-LARGE-FLOAT-C_TILE_J_MAJOR-A_TILE_I_MAJOR-B_TILE_J_MAJOR
build/examples/noarr/gemmScatter-noarr-C_SCATTER_I_MAJOR-A_SCATTER_I_MAJOR-B_SCATTER_J_MAJOR-MEDIUM-FLOAT-C_TILE_J_MAJOR-A_TILE_K_MAJOR-B_TILE_K_MAJOR
build/examples/noarr/gemmScatter-noarr-C_SCATTER_J_MAJOR-A_SCATTER_I_MAJOR-B_SCATTER_J_MAJOR-MEDIUM-FLOAT-C_TILE_I_MAJOR-A_TILE_I_MAJOR-B_TILE_J_MAJOR
build/examples/noarr/gemmScatter-noarr-C_SCATTER_J_MAJOR-A_SCATTER_K_MAJOR-B_SCATTER_K_MAJOR-SMALL-FLOAT-C_TILE_I_MAJOR-A_TILE_K_MAJOR-B_TILE_J_MAJOR
build/examples/noarr/gemmScatter-noarr-C_SCATTER_J_MAJOR-A_SCATTER_I_MAJOR-B_SCATTER_K_MAJOR-MINI-FLOAT-C_TILE_I_MAJOR-A_TILE_I_MAJOR-B_TILE_J_MAJOR
build/examples/noarr/gemmScatter-noarr-C_SCATTER_J_MAJOR-A_SCATTER_K_MAJOR-B_SCATTER_J_MAJOR-MINI-FLOAT-C_TILE_I_MAJOR-A_TILE_K_MAJOR-B_TILE_K_MAJOR
build/examples/noarr/gemmScatter-noarr-C_SCATTER_J_MAJOR-A_SCATTER_K_MAJOR-B_SCATTER_J_MAJOR-MEDIUM-FLOAT-C_TILE_I_MAJOR-A_TILE_K_MAJOR-B_TILE_K_MAJOR
build/examples/noarr/gemmScatter-noarr-C_SCATTER_I_MAJOR-A_SCATTER_K_MAJOR-B_SCATTER_J_MAJOR-EXTRALARGE-FLOAT-C_TILE_J_MAJOR-A_TILE_I_MAJOR-B_TILE_K_MAJOR
build/examples/noarr/gemmScatter-noarr-C_SCATTER_I_MAJOR-A_SCATTER_K_MAJOR-B_SCATTER_J_MAJOR-SMALL-FLOAT-C_TILE_I_MAJOR-A_TILE_K_MAJOR-B_TILE_J_MAJOR
build/examples/noarr/gemmScatter-noarr-C_SCATTER_J_MAJOR-A_SCATTER_K_MAJOR-B_SCATTER_J_MAJOR-MINI-FLOAT-C_TILE_J_MAJOR-A_TILE_I_MAJOR-B_TILE_J_MAJOR
build/examples/noarr/gemmScatter-noarr-C_SCATTER_I_MAJOR-A_SCATTER_I_MAJOR-B_SCATTER_K_MAJOR-SMALL-FLOAT-C_TILE_J_MAJOR-A_TILE_I_MAJOR-B_TILE_J_MAJOR
build/examples/noarr/gemmScatter-noarr-C_SCATTER_J_MAJOR-A_SCATTER_I_MAJOR-B_SCATTER_K_MAJOR-SMALL-FLOAT-C_TILE_J_MAJOR-A_TILE_I_MAJOR-B_TILE_K_MAJOR
build/examples/noarr/gemmScatter-noarr-C_SCATTER_I_MAJOR-A_SCATTER_I_MAJOR-B_SCATTER_K_MAJOR-SMALL-FLOAT-C_TILE_J_MAJOR-A_TILE_I_MAJOR-B_TILE_K_MAJOR
build/examples/noarr/gemmScatter-noarr-C_SCATTER_I_MAJOR-A_SCATTER_I_MAJOR-B_SCATTER_J_MAJOR-SMALL-FLOAT-C_TILE_I_MAJOR-A_TILE_K_MAJOR-B_TILE_J_MAJOR
build/examples/noarr/gemmScatter-noarr-C_SCATTER_I_MAJOR-A_SCATTER_K_MAJOR-B_SCATTER_J_MAJOR-MINI-FLOAT-C_TILE_J_MAJOR-A_TILE_I_MAJOR-B_TILE_K_MAJOR
build/examples/noarr/gemmScatter-noarr-C_SCATTER_I_MAJOR-A_SCATTER_K_MAJOR-B_SCATTER_K_MAJOR-SMALL-FLOAT-C_TILE_I_MAJOR-A_TILE_K_MAJOR-B_TILE_K_MAJOR
build/examples/noarr/gemmScatter-noarr-C_SCATTER_I_MAJOR-A_SCATTER_K_MAJOR-B_SCATTER_J_MAJOR-EXTRALARGE-FLOAT-C_TILE_I_MAJOR-A_TILE_K_MAJOR-B_TILE_K_MAJOR
build/examples/noarr/gemmScatter-noarr-C_SCATTER_I_MAJOR-A_SCATTER_K_MAJOR-B_SCATTER_K_MAJOR-MINI-FLOAT-C_TILE_J_MAJOR-A_TILE_K_MAJOR-B_TILE_J_MAJOR
build/examples/noarr/gemmScatter-noarr-C_SCATTER_I_MAJOR-A_SCATTER_I_MAJOR-B_SCATTER_J_MAJOR-MINI-FLOAT-C_TILE_J_MAJOR-A_TILE_I_MAJOR-B_TILE_J_MAJOR
build/examples/noarr/gemmScatter-noarr-C_SCATTER_I_MAJOR-A_SCATTER_I_MAJOR-B_SCATTER_K_MAJOR-LARGE-FLOAT-C_TILE_J_MAJOR-A_TILE_K_MAJOR-B_TILE_J_MAJOR
build/examples/noarr/gemmScatter-noarr-C_SCATTER_J_MAJOR-A_SCATTER_I_MAJOR-B_SCATTER_J_MAJOR-LARGE-FLOAT-C_TILE_I_MAJOR-A_TILE_K_MAJOR-B_TILE_K_MAJOR
build/examples/noarr/gemmScatter-noarr-C_SCATTER_J_MAJOR-A_SCATTER_I_MAJOR-B_SCATTER_J_MAJOR-SMALL-FLOAT-C_TILE_I_MAJOR-A_TILE_K_MAJOR-B_TILE_K_MAJOR
build/examples/noarr/gemmScatter-noarr-C_SCATTER_I_MAJOR-A_SCATTER_I_MAJOR-B_SCATTER_K_MAJOR-MEDIUM-FLOAT-C_TILE_J_MAJOR-A_TILE_K_MAJOR-B_TILE_J_MAJOR
build/examples/noarr/gemmScatter-noarr-C_SCATTER_I_MAJOR-A_SCATTER_I_MAJOR-B_SCATTER_J_MAJOR-MINI-FLOAT-C_TILE_I_MAJOR-A_TILE_I_MAJOR-B_TILE_J_MAJOR
build/examples/noarr/gemmScatter-noarr-C_SCATTER_I_MAJOR-A_SCATTER_I_MAJOR-B_SCATTER_K_MAJOR-MEDIUM-FLOAT-C_TILE_I_MAJOR-A_TILE_I_MAJOR-B_TILE_J_MAJOR
build/examples/noarr/gemmScatter-noarr-C_SCATTER_J_MAJOR-A_SCATTER_K_MAJOR-B_SCATTER_J_MAJOR-SMALL-FLOAT-C_TILE_I_MAJOR-A_TILE_I_MAJOR-B_TILE_K_MAJOR
build/examples/noarr/gemmScatter-noarr-C_SCATTER_J_MAJOR-A_SCATTER_K_MAJOR-B_SCATTER_K_MAJOR-MINI-FLOAT-C_TILE_J_MAJOR-A_TILE_K_MAJOR-B_TILE_J_MAJOR
build/examples/noarr/gemmScatter-noarr-C_SCATTER_I_MAJOR-A_SCATTER_K_MAJOR-B_SCATTER_K_MAJOR-SMALL-FLOAT-C_TILE_J_MAJOR-A_TILE_K_MAJOR-B_TILE_K_MAJOR
build/examples/noarr/gemmScatter-noarr-C_SCATTER_I_MAJOR-A_SCATTER_I_MAJOR-B_SCATTER_K_MAJOR-SMALL-FLOAT-C_TILE_J_MAJOR-A_TILE_K_MAJOR-B_TILE_J_MAJOR
build/examples/noarr/gemmScatter-noarr-C_SCATTER_I_MAJOR-A_SCATTER_K_MAJOR-B_SCATTER_J_MAJOR-MEDIUM-FLOAT-C_TILE_I_MAJOR-A_TILE_I_MAJOR-B_TILE_J_MAJOR
build/examples/noarr/gemmScatter-noarr-C_SCATTER_J_MAJOR-A_SCATTER_K_MAJOR-B_SCATTER_J_MAJOR-MINI-FLOAT-C_TILE_I_MAJOR-A_TILE_I_MAJOR-B_TILE_J_MAJOR
build/examples/noarr/gemmScatter-noarr-C_SCATTER_I_MAJOR-A_SCATTER_K_MAJOR-B_SCATTER_J_MAJOR-SMALL-FLOAT-C_TILE_I_MAJOR-A_TILE_I_MAJOR-B_TILE_K_MAJOR
build/examples/noarr/gemmScatter-noarr-C_SCATTER_I_MAJOR-A_SCATTER_I_MAJOR-B_SCATTER_K_MAJOR-EXTRALARGE-FLOAT-C_TILE_I_MAJOR-A_TILE_I_MAJOR-B_TILE_K_MAJOR
build/examples/noarr/gemmScatter-noarr-C_SCATTER_J_MAJOR-A_SCATTER_I_MAJOR-B_SCATTER_K_MAJOR-SMALL-FLOAT-C_TILE_J_MAJOR-A_TILE_K_MAJOR-B_TILE_K_MAJOR
build/examples/noarr/gemmScatter-noarr-C_SCATTER_I_MAJOR-A_SCATTER_K_MAJOR-B_SCATTER_J_MAJOR-EXTRALARGE-FLOAT-C_TILE_J_MAJOR-A_TILE_K_MAJOR-B_TILE_K_MAJOR
build/examples/noarr/gemmScatter-noarr-C_SCATTER_J_MAJOR-A_SCATTER_K_MAJOR-B_SCATTER_K_MAJOR-LARGE-FLOAT-C_TILE_J_MAJOR-A_TILE_I_MAJOR-B_TILE_J_MAJOR
build/examples/noarr/gemmScatter-noarr-C_SCATTER_J_MAJOR-A_SCATTER_I_MAJOR-B_SCATTER_J_MAJOR-MINI-FLOAT-C_TILE_I_MAJOR-A_TILE_K_MAJOR-B_TILE_K_MAJOR
build/examples/noarr/gemmScatter-noarr-C_SCATTER_I_MAJOR-A_SCATTER_K_MAJOR-B_SCATTER_J_MAJOR-SMALL-FLOAT-C_TILE_J_MAJOR-A_TILE_K_MAJOR-B_TILE_K_MAJOR
build/examples/noarr/gemmScatter-noarr-C_SCATTER_J_MAJOR-A_SCATTER_K_MAJOR-B_SCATTER_K_MAJOR-SMALL-FLOAT-C_TILE_I_MAJOR-A_TILE_K_MAJOR-B_TILE_K_MAJOR
build/examples/noarr/gemmScatter-noarr-C_SCATTER_J_MAJOR-A_SCATTER_K_MAJOR-B_SCATTER_J_MAJOR-MEDIUM-FLOAT-C_TILE_J_MAJOR-A_TILE_I_MAJOR-B_TILE_K_MAJOR
build/examples/noarr/gemmScatter-noarr-C_SCATTER_I_MAJOR-A_SCATTER_K_MAJOR-B_SCATTER_K_MAJOR-MEDIUM-FLOAT-C_TILE_J_MAJOR-A_TILE_I_MAJOR-B_TILE_K_MAJOR
build/examples/noarr/gemmScatter-noarr-C_SCATTER_I_MAJOR-A_SCATTER_K_MAJOR-B_SCATTER_K_MAJOR-LARGE-FLOAT-C_TILE_I_MAJOR-A_TILE_K_MAJOR-B_TILE_K_MAJOR
build/examples/noarr/gemmScatter-noarr-C_SCATTER_J_MAJOR-A_SCATTER_I_MAJOR-B_SCATTER_K_MAJOR-MEDIUM-FLOAT-C_TILE_I_MAJOR-A_TILE_K_MAJOR-B_TILE_J_MAJOR
build/examples/noarr/gemmScatter-noarr-C_SCATTER_J_MAJOR-A_SCATTER_K_MAJOR-B_SCATTER_J_MAJOR-SMALL-FLOAT-C_TILE_J_MAJOR-A_TILE_I_MAJOR-B_TILE_K_MAJOR
build/examples/noarr/gemmScatter-noarr-C_SCATTER_I_MAJOR-A_SCATTER_I_MAJOR-B_SCATTER_J_MAJOR-MINI-FLOAT-C_TILE_I_MAJOR-A_TILE_K_MAJOR-B_TILE_J_MAJOR
build/examples/noarr/gemmScatter-noarr-C_SCATTER_J_MAJOR-A_SCATTER_K_MAJOR-B_SCATTER_K_MAJOR-MINI-FLOAT-C_TILE_I_MAJOR-A_TILE_K_MAJOR-B_TILE_K_MAJOR
build/examples/noarr/gemmScatter-noarr-C_SCATTER_J_MAJOR-A_SCATTER_I_MAJOR-B_SCATTER_J_MAJOR-EXTRALARGE-FLOAT-C_TILE_J_MAJOR-A_TILE_I_MAJOR-B_TILE_J_MAJOR
build/examples/noarr/gemmScatter-noarr-C_SCATTER_I_MAJOR-A_SCATTER_I_MAJOR-B_SCATTER_J_MAJOR-MINI-FLOAT-C_TILE_J_MAJOR-A_TILE_I_MAJOR-B_TILE_K_MAJOR
build/examples/noarr/gemmScatter-noarr-C_SCATTER_J_MAJOR-A_SCATTER_I_MAJOR-B_SCATTER_K_MAJOR-EXTRALARGE-FLOAT-C_TILE_I_MAJOR-A_TILE_K_MAJOR-B_TILE_J_MAJOR
build/examples/noarr/gemmScatter-noarr-C_SCATTER_J_MAJOR-A_SCATTER_I_MAJOR-B_SCATTER_J_MAJOR-MINI-FLOAT-C_TILE_I_MAJOR-A_TILE_K_MAJOR-B_TILE_J_MAJOR
build/examples/noarr/gemmScatter-noarr-C_SCATTER_J_MAJOR-A_SCATTER_I_MAJOR-B_SCATTER_K_MAJOR-EXTRALARGE-FLOAT-C_TILE_I_MAJOR-A_TILE_I_MAJOR-B_TILE_J_MAJOR
build/examples/noarr/gemmScatter-noarr-C_SCATTER_J_MAJOR-A_SCATTER_I_MAJOR-B_SCATTER_K_MAJOR-LARGE-FLOAT-C_TILE_J_MAJOR-A_TILE_K_MAJOR-B_TILE_K_MAJOR
build/examples/noarr/gemmScatter-noarr-C_SCATTER_I_MAJOR-A_SCATTER_K_MAJOR-B_SCATTER_K_MAJOR-EXTRALARGE-FLOAT-C_TILE_I_MAJOR-A_TILE_K_MAJOR-B_TILE_K_MAJOR
build/examples/noarr/gemmScatter-noarr-C_SCATTER_J_MAJOR-A_SCATTER_K_MAJOR-B_SCATTER_J_MAJOR-EXTRALARGE-FLOAT-C_TILE_I_MAJOR-A_TILE_I_MAJOR-B_TILE_K_MAJOR
build/examples/noarr/gemmScatter-noarr-C_SCATTER_I_MAJOR-A_SCATTER_I_MAJOR-B_SCATTER_K_MAJOR-MINI-FLOAT-C_TILE_J_MAJOR-A_TILE_I_MAJOR-B_TILE_J_MAJOR
build/examples/noarr/gemmScatter-noarr-C_SCATTER_J_MAJOR-A_SCATTER_K_MAJOR-B_SCATTER_K_MAJOR-EXTRALARGE-FLOAT-C_TILE_I_MAJOR-A_TILE_I_MAJOR-B_TILE_K_MAJOR
build/examples/noarr/gemmScatter-noarr-C_SCATTER_I_MAJOR-A_SCATTER_K_MAJOR-B_SCATTER_J_MAJOR-EXTRALARGE-FLOAT-C_TILE_I_MAJOR-A_TILE_K_MAJOR-B_TILE_J_MAJOR
build/examples/noarr/gemmScatter-noarr-C_SCATTER_I_MAJOR-A_SCATTER_K_MAJOR-B_SCATTER_J_MAJOR-EXTRALARGE-FLOAT-C_TILE_I_MAJOR-A_TILE_I_MAJOR-B_TILE_K_MAJOR
build/examples/noarr/gemmScatter-noarr-C_SCATTER_I_MAJOR-A_SCATTER_K_MAJOR-B_SCATTER_K_MAJOR-SMALL-FLOAT-C_TILE_I_MAJOR-A_TILE_K_MAJOR-B_TILE_J_MAJOR
build/examples/noarr/gemmScatter-noarr-C_SCATTER_I_MAJOR-A_SCATTER_I_MAJOR-B_SCATTER_K_MAJOR-MINI-FLOAT-C_TILE_J_MAJOR-A_TILE_K_MAJOR-B_TILE_J_MAJOR
build/examples/noarr/gemmScatter-noarr-C_SCATTER_I_MAJOR-A_SCATTER_I_MAJOR-B_SCATTER_J_MAJOR-EXTRALARGE-FLOAT-C_TILE_I_MAJOR-A_TILE_I_MAJOR-B_TILE_J_MAJOR
build/examples/noarr/gemmScatter-noarr-C_SCATTER_I_MAJOR-A_SCATTER_K_MAJOR-B_SCATTER_J_MAJOR-MINI-FLOAT-C_TILE_J_MAJOR-A_TILE_K_MAJOR-B_TILE_K_MAJOR
build/examples/noarr/gemmScatter-noarr-C_SCATTER_J_MAJOR-A_SCATTER_K_MAJOR-B_SCATTER_K_MAJOR-MINI-FLOAT-C_TILE_I_MAJOR-A_TILE_I_MAJOR-B_TILE_J_MAJOR
build/examples/noarr/gemmScatter-noarr-C_SCATTER_I_MAJOR-A_SCATTER_K_MAJOR-B_SCATTER_J_MAJOR-MEDIUM-FLOAT-C_TILE_I_MAJOR-A_TILE_K_MAJOR-B_TILE_J_MAJOR
build/examples/noarr/gemmScatter-noarr-C_SCATTER_J_MAJOR-A_SCATTER_K_MAJOR-B_SCATTER_J_MAJOR-LARGE-FLOAT-C_TILE_I_MAJOR-A_TILE_I_MAJOR-B_TILE_K_MAJOR
build/examples/noarr/gemmScatter-noarr-C_SCATTER_I_MAJOR-A_SCATTER_I_MAJOR-B_SCATTER_K_MAJOR-EXTRALARGE-FLOAT-C_TILE_J_MAJOR-A_TILE_I_MAJOR-B_TILE_K_MAJOR
build/examples/noarr/gemmScatter-noarr-C_SCATTER_J_MAJOR-A_SCATTER_I_MAJOR-B_SCATTER_K_MAJOR-MINI-FLOAT-C_TILE_J_MAJOR-A_TILE_K_MAJOR-B_TILE_K_MAJOR
build/examples/noarr/gemmScatter-noarr-C_SCATTER_I_MAJOR-A_SCATTER_K_MAJOR-B_SCATTER_J_MAJOR-MINI-FLOAT-C_TILE_J_MAJOR-A_TILE_I_MAJOR-B_TILE_J_MAJOR
build/examples/noarr/gemmScatter-noarr-C_SCATTER_I_MAJOR-A_SCATTER_K_MAJOR-B_SCATTER_K_MAJOR-SMALL-FLOAT-C_TILE_J_MAJOR-A_TILE_I_MAJOR-B_TILE_J_MAJOR
build/examples/noarr/gemmScatter-noarr-C_SCATTER_I_MAJOR-A_SCATTER_I_MAJOR-B_SCATTER_K_MAJOR-SMALL-FLOAT-C_TILE_I_MAJOR-A_TILE_I_MAJOR-B_TILE_J_MAJOR
build/examples/noarr/gemmScatter-noarr-C_SCATTER_I_MAJOR-A_SCATTER_I_MAJOR-B_SCATTER_J_MAJOR-EXTRALARGE-FLOAT-C_TILE_I_MAJOR-A_TILE_I_MAJOR-B_TILE_K_MAJOR
build/examples/noarr/gemmScatter-noarr-C_SCATTER_J_MAJOR-A_SCATTER_I_MAJOR-B_SCATTER_J_MAJOR-EXTRALARGE-FLOAT-C_TILE_J_MAJOR-A_TILE_I_MAJOR-B_TILE_K_MAJOR
build/examples/noarr/gemmScatter-noarr-C_SCATTER_J_MAJOR-A_SCATTER_I_MAJOR-B_SCATTER_J_MAJOR-LARGE-FLOAT-C_TILE_J_MAJOR-A_TILE_K_MAJOR-B_TILE_K_MAJOR
build/examples/noarr/gemmScatter-noarr-C_SCATTER_J_MAJOR-A_SCATTER_I_MAJOR-B_SCATTER_K_MAJOR-MINI-FLOAT-C_TILE_J_MAJOR-A_TILE_I_MAJOR-B_TILE_K_MAJOR
build/examples/noarr/gemmScatter-noarr-C_SCATTER_J_MAJOR-A_SCATTER_I_MAJOR-B_SCATTER_J_MAJOR-LARGE-FLOAT-C_TILE_I_MAJOR-A_TILE_I_MAJOR-B_TILE_J_MAJOR
build/examples/noarr/gemmScatter-noarr-C_SCATTER_J_MAJOR-A_SCATTER_K_MAJOR-B_SCATTER_J_MAJOR-SMALL-FLOAT-C_TILE_J_MAJOR-A_TILE_I_MAJOR-B_TILE_J_MAJOR
build/examples/noarr/gemmScatter-noarr-C_SCATTER_J_MAJOR-A_SCATTER_I_MAJOR-B_SCATTER_J_MAJOR-LARGE-FLOAT-C_TILE_I_MAJOR-A_TILE_K_MAJOR-B_TILE_J_MAJOR
build/examples/noarr/gemmScatter-noarr-C_SCATTER_I_MAJOR-A_SCATTER_K_MAJOR-B_SCATTER_J_MAJOR-EXTRALARGE-FLOAT-C_TILE_J_MAJOR-A_TILE_I_MAJOR-B_TILE_J_MAJOR
build/examples/noarr/gemmScatter-noarr-C_SCATTER_J_MAJOR-A_SCATTER_I_MAJOR-B_SCATTER_J_MAJOR-LARGE-FLOAT-C_TILE_J_MAJOR-A_TILE_I_MAJOR-B_TILE_J_MAJOR
build/examples/noarr/gemmScatter-noarr-C_SCATTER_J_MAJOR-A_SCATTER_K_MAJOR-B_SCATTER_J_MAJOR-MINI-FLOAT-C_TILE_J_MAJOR-A_TILE_K_MAJOR-B_TILE_J_MAJOR
build/examples/noarr/gemmScatter-noarr-C_SCATTER_J_MAJOR-A_SCATTER_I_MAJOR-B_SCATTER_K_MAJOR-MEDIUM-FLOAT-C_TILE_J_MAJOR-A_TILE_I_MAJOR-B_TILE_J_MAJOR
build/examples/noarr/gemmScatter-noarr-C_SCATTER_J_MAJOR-A_SCATTER_I_MAJOR-B_SCATTER_J_MAJOR-MEDIUM-FLOAT-C_TILE_I_MAJOR-A_TILE_I_MAJOR-B_TILE_K_MAJOR
build/examples/noarr/gemmScatter-noarr-C_SCATTER_I_MAJOR-A_SCATTER_K_MAJOR-B_SCATTER_J_MAJOR-LARGE-FLOAT-C_TILE_J_MAJOR-A_TILE_I_MAJOR-B_TILE_J_MAJOR
build/examples/noarr/gemmScatter-noarr-C_SCATTER_I_MAJOR-A_SCATTER_K_MAJOR-B_SCATTER_J_MAJOR-LARGE-FLOAT-C_TILE_I_MAJOR-A_TILE_I_MAJOR-B_TILE_J_MAJOR
build/examples/noarr/gemmScatter-noarr-C_SCATTER_I_MAJOR-A_SCATTER_I_MAJOR-B_SCATTER_J_MAJOR-LARGE-FLOAT-C_TILE_I_MAJOR-A_TILE_I_MAJOR-B_TILE_K_MAJOR
build/examples/noarr/gemmScatter-noarr-C_SCATTER_I_MAJOR-A_SCATTER_K_MAJOR-B_SCATTER_K_MAJOR-LARGE-FLOAT-C_TILE_J_MAJOR-A_TILE_I_MAJOR-B_TILE_J_MAJOR
build/examples/noarr/gemmScatter-noarr-C_SCATTER_I_MAJOR-A_SCATTER_I_MAJOR-B_SCATTER_J_MAJOR-MINI-FLOAT-C_TILE_J_MAJOR-A_TILE_K_MAJOR-B_TILE_K_MAJOR
build/examples/noarr/gemmScatter-noarr-C_SCATTER_J_MAJOR-A_SCATTER_I_MAJOR-B_SCATTER_J_MAJOR-LARGE-FLOAT-C_TILE_J_MAJOR-A_TILE_I_MAJOR-B_TILE_K_MAJOR
build/examples/noarr/gemmScatter-noarr-C_SCATTER_J_MAJOR-A_SCATTER_K_MAJOR-B_SCATTER_K_MAJOR-SMALL-FLOAT-C_TILE_J_MAJOR-A_TILE_I_MAJOR-B_TILE_J_MAJOR
build/examples/noarr/gemmScatter-noarr-C_SCATTER_I_MAJOR-A_SCATTER_K_MAJOR-B_SCATTER_K_MAJOR-EXTRALARGE-FLOAT-C_TILE_I_MAJOR-A_TILE_I_MAJOR-B_TILE_K_MAJOR
build/examples/noarr/gemmScatter-noarr-C_SCATTER_I_MAJOR-A_SCATTER_I_MAJOR-B_SCATTER_J_MAJOR-MEDIUM-FLOAT-C_TILE_I_MAJOR-A_TILE_K_MAJOR-B_TILE_K_MAJOR
build/examples/noarr/gemmScatter-noarr-C_SCATTER_I_MAJOR-A_SCATTER_K_MAJOR-B_SCATTER_K_MAJOR-MINI-FLOAT-C_TILE_I_MAJOR-A_TILE_I_MAJOR-B_TILE_K_MAJOR
build/examples/noarr/gemmScatter-noarr-C_SCATTER_I_MAJOR-A_SCATTER_K_MAJOR-B_SCATTER_J_MAJOR-SMALL-FLOAT-C_TILE_I_MAJOR-A_TILE_I_MAJOR-B_TILE_J_MAJOR
build/examples/noarr/gemmScatter-noarr-C_SCATTER_I_MAJOR-A_SCATTER_I_MAJOR-B_SCATTER_J_MAJOR-LARGE-FLOAT-C_TILE_J_MAJOR-A_TILE_K_MAJOR-B_TILE_K_MAJOR
build/examples/noarr/gemmScatter-noarr-C_SCATTER_J_MAJOR-A_SCATTER_I_MAJOR-B_SCATTER_J_MAJOR-MEDIUM-FLOAT-C_TILE_J_MAJOR-A_TILE_K_MAJOR-B_TILE_K_MAJOR
build/examples/noarr/gemmScatter-noarr-C_SCATTER_J_MAJOR-A_SCATTER_I_MAJOR-B_SCATTER_J_MAJOR-MEDIUM-FLOAT-C_TILE_I_MAJOR-A_TILE_K_MAJOR-B_TILE_J_MAJOR
build/examples/noarr/gemmScatter-noarr-C_SCATTER_J_MAJOR-A_SCATTER_K_MAJOR-B_SCATTER_K_MAJOR-LARGE-FLOAT-C_TILE_I_MAJOR-A_TILE_I_MAJOR-B_TILE_J_MAJOR
build/examples/noarr/gemmScatter-noarr-C_SCATTER_J_MAJOR-A_SCATTER_K_MAJOR-B_SCATTER_J_MAJOR-SMALL-FLOAT-C_TILE_I_MAJOR-A_TILE_K_MAJOR-B_TILE_K_MAJOR
build/examples/noarr/gemmScatter-noarr-C_SCATTER_J_MAJOR-A_SCATTER_I_MAJOR-B_SCATTER_J_MAJOR-LARGE-FLOAT-C_TILE_J_MAJOR-A_TILE_K_MAJOR-B_TILE_J_MAJOR
build/examples/noarr/gemmScatter-noarr-C_SCATTER_I_MAJOR-A_SCATTER_K_MAJOR-B_SCATTER_K_MAJOR-MINI-FLOAT-C_TILE_I_MAJOR-A_TILE_K_MAJOR-B_TILE_J_MAJOR
build/examples/noarr/gemmScatter-noarr-C_SCATTER_J_MAJOR-A_SCATTER_I_MAJOR-B_SCATTER_J_MAJOR-EXTRALARGE-FLOAT-C_TILE_J_MAJOR-A_TILE_K_MAJOR-B_TILE_J_MAJOR
build/examples/noarr/gemmScatter-noarr-C_SCATTER_I_MAJOR-A_SCATTER_I_MAJOR-B_SCATTER_K_MAJOR-MINI-FLOAT-C_TILE_J_MAJOR-A_TILE_I_MAJOR-B_TILE_K_MAJOR
build/examples/noarr/gemmScatter-noarr-C_SCATTER_J_MAJOR-A_SCATTER_K_MAJOR-B_SCATTER_J_MAJOR-LARGE-FLOAT-C_TILE_I_MAJOR-A_TILE_I_MAJOR-B_TILE_J_MAJOR
build/examples/noarr/gemmScatter-noarr-C_SCATTER_I_MAJOR-A_SCATTER_I_MAJOR-B_SCATTER_K_MAJOR-MEDIUM-FLOAT-C_TILE_J_MAJOR-A_TILE_I_MAJOR-B_TILE_J_MAJOR
build/examples/noarr/gemmScatter-noarr-C_SCATTER_J_MAJOR-A_SCATTER_I_MAJOR-B_SCATTER_K_MAJOR-SMALL-FLOAT-C_TILE_I_MAJOR-A_TILE_I_MAJOR-B_TILE_J_MAJOR
build/examples/noarr/gemmScatter-noarr-C_SCATTER_J_MAJOR-A_SCATTER_K_MAJOR-B_SCATTER_J_MAJOR-SMALL-FLOAT-C_TILE_J_MAJOR-A_TILE_K_MAJOR-B_TILE_K_MAJOR
build/examples/noarr/gemmScatter-noarr-C_SCATTER_I_MAJOR-A_SCATTER_K_MAJOR-B_SCATTER_K_MAJOR-EXTRALARGE-FLOAT-C_TILE_J_MAJOR-A_TILE_K_MAJOR-B_TILE_K_MAJOR
build/examples/noarr/gemmScatter-noarr-C_SCATTER_I_MAJOR-A_SCATTER_I_MAJOR-B_SCATTER_J_MAJOR-LARGE-FLOAT-C_TILE_J_MAJOR-A_TILE_I_MAJOR-B_TILE_J_MAJOR
build/examples/noarr/gemmScatter-noarr-C_SCATTER_I_MAJOR-A_SCATTER_K_MAJOR-B_SCATTER_J_MAJOR-MINI-FLOAT-C_TILE_I_MAJOR-A_TILE_K_MAJOR-B_TILE_J_MAJOR
build/examples/noarr/gemmScatter-noarr-C_SCATTER_J_MAJOR-A_SCATTER_I_MAJOR-B_SCATTER_J_MAJOR-MEDIUM-FLOAT-C_TILE_I_MAJOR-A_TILE_K_MAJOR-B_TILE_K_MAJOR
build/examples/noarr/gemmScatter-noarr-C_SCATTER_I_MAJOR-A_SCATTER_I_MAJOR-B_SCATTER_K_MAJOR-LARGE-FLOAT-C_TILE_I_MAJOR-A_TILE_K_MAJOR-B_TILE_J_MAJOR
build/examples/noarr/gemmScatter-noarr-C_SCATTER_J_MAJOR-A_SCATTER_I_MAJOR-B_SCATTER_K_MAJOR-LARGE-FLOAT-C_TILE_I_MAJOR-A_TILE_I_MAJOR-B_TILE_J_MAJOR
build/examples/noarr/gemmScatter-noarr-C_SCATTER_J_MAJOR-A_SCATTER_K_MAJOR-B_SCATTER_K_MAJOR-MINI-FLOAT-C_TILE_J_MAJOR-A_TILE_I_MAJOR-B_TILE_K_MAJOR
build/examples/noarr/gemmScatter-noarr-C_SCATTER_I_MAJOR-A_SCATTER_I_MAJOR-B_SCATTER_K_MAJOR-EXTRALARGE-FLOAT-C_TILE_I_MAJOR-A_TILE_I_MAJOR-B_TILE_J_MAJOR
build/examples/noarr/gemmScatter-noarr-C_SCATTER_J_MAJOR-A_SCATTER_I_MAJOR-B_SCATTER_K_MAJOR-MEDIUM-FLOAT-C_TILE_I_MAJOR-A_TILE_I_MAJOR-B_TILE_J_MAJOR
build/examples/noarr/gemmScatter-noarr-C_SCATTER_I_MAJOR-A_SCATTER_I_MAJOR-B_SCATTER_K_MAJOR-MEDIUM-FLOAT-C_TILE_J_MAJOR-A_TILE_I_MAJOR-B_TILE_K_MAJOR
build/examples/noarr/gemmScatter-noarr-C_SCATTER_J_MAJOR-A_SCATTER_I_MAJOR-B_SCATTER_J_MAJOR-MINI-FLOAT-C_TILE_I_MAJOR-A_TILE_I_MAJOR-B_TILE_J_MAJOR
build/examples/noarr/gemmScatter-noarr-C_SCATTER_I_MAJOR-A_SCATTER_I_MAJOR-B_SCATTER_K_MAJOR-MINI-FLOAT-C_TILE_I_MAJOR-A_TILE_I_MAJOR-B_TILE_K_MAJOR
build/examples/noarr/gemmScatter-noarr-C_SCATTER_I_MAJOR-A_SCATTER_I_MAJOR-B_SCATTER_J_MAJOR-LARGE-FLOAT-C_TILE_J_MAJOR-A_TILE_K_MAJOR-B_TILE_J_MAJOR
build/examples/noarr/gemmScatter-noarr-C_SCATTER_I_MAJOR-A_SCATTER_K_MAJOR-B_SCATTER_K_MAJOR-MEDIUM-FLOAT-C_TILE_I_MAJOR-A_TILE_I_MAJOR-B_TILE_J_MAJOR
build/examples/noarr/gemmScatter-noarr-C_SCATTER_I_MAJOR-A_SCATTER_K_MAJOR-B_SCATTER_J_MAJOR-SMALL-FLOAT-C_TILE_J_MAJOR-A_TILE_I_MAJOR-B_TILE_J_MAJOR
build/examples/noarr/gemmScatter-noarr-C_SCATTER_J_MAJOR-A_SCATTER_K_MAJOR-B_SCATTER_K_MAJOR-MINI-FLOAT-C_TILE_I_MAJOR-A_TILE_K_MAJOR-B_TILE_J_MAJOR
build/examples/noarr/gemmScatter-noarr-C_SCATTER_I_MAJOR-A_SCATTER_K_MAJOR-B_SCATTER_J_MAJOR-LARGE-FLOAT-C_TILE_J_MAJOR-A_TILE_K_MAJOR-B_TILE_K_MAJOR
build/examples/noarr/gemmScatter-noarr-C_SCATTER_I_MAJOR-A_SCATTER_I_MAJOR-B_SCATTER_J_MAJOR-MEDIUM-FLOAT-C_TILE_I_MAJOR-A_TILE_K_MAJOR-B_TILE_J_MAJOR
build/examples/noarr/gemmScatter-noarr-C_SCATTER_J_MAJOR-A_SCATTER_K_MAJOR-B_SCATTER_K_MAJOR-MINI-FLOAT-C_TILE_J_MAJOR-A_TILE_K_MAJOR-B_TILE_K_MAJOR
build/examples/noarr/gemmScatter-noarr-C_SCATTER_I_MAJOR-A_SCATTER_K_MAJOR-B_SCATTER_K_MAJOR-LARGE-FLOAT-C_TILE_J_MAJOR-A_TILE_K_MAJOR-B_TILE_K_MAJOR
build/examples/noarr/gemmScatter-noarr-C_SCATTER_J_MAJOR-A_SCATTER_K_MAJOR-B_SCATTER_K_MAJOR-LARGE-FLOAT-C_TILE_J_MAJOR-A_TILE_I_MAJOR-B_TILE_K_MAJOR
build/examples/noarr/gemmScatter-noarr-C_SCATTER_J_MAJOR-A_SCATTER_I_MAJOR-B_SCATTER_K_MAJOR-LARGE-FLOAT-C_TILE_I_MAJOR-A_TILE_K_MAJOR-B_TILE_J_MAJOR
build/examples/noarr/gemmScatter-noarr-C_SCATTER_J_MAJOR-A_SCATTER_K_MAJOR-B_SCATTER_K_MAJOR-EXTRALARGE-FLOAT-C_TILE_J_MAJOR-A_TILE_I_MAJOR-B_TILE_J_MAJOR
build/examples/noarr/gemmScatter-noarr-C_SCATTER_I_MAJOR-A_SCATTER_I_MAJOR-B_SCATTER_K_MAJOR-LARGE-FLOAT-C_TILE_J_MAJOR-A_TILE_I_MAJOR-B_TILE_J_MAJOR
build/examples/noarr/gemmScatter-noarr-C_SCATTER_I_MAJOR-A_SCATTER_I_MAJOR-B_SCATTER_J_MAJOR-EXTRALARGE-FLOAT-C_TILE_J_MAJOR-A_TILE_I_MAJOR-B_TILE_K_MAJOR
build/examples/noarr/gemmScatter-noarr-C_SCATTER_I_MAJOR-A_SCATTER_K_MAJOR-B_SCATTER_J_MAJOR-SMALL-FLOAT-C_TILE_J_MAJOR-A_TILE_I_MAJOR-B_TILE_K_MAJOR
build/examples/noarr/gemmScatter-noarr-C_SCATTER_I_MAJOR-A_SCATTER_K_MAJOR-B_SCATTER_K_MAJOR-LARGE-FLOAT-C_TILE_I_MAJOR-A_TILE_I_MAJOR-B_TILE_J_MAJOR
build/examples/noarr/gemmScatter-noarr-C_SCATTER_I_MAJOR-A_SCATTER_K_MAJOR-B_SCATTER_J_MAJOR-LARGE-FLOAT-C_TILE_J_MAJOR-A_TILE_K_MAJOR-B_TILE_J_MAJOR
build/examples/noarr/gemmScatter-noarr-C_SCATTER_J_MAJOR-A_SCATTER_K_MAJOR-B_SCATTER_J_MAJOR-LARGE-FLOAT-C_TILE_I_MAJOR-A_TILE_K_MAJOR-B_TILE_J_MAJOR
build/examples/noarr/gemmScatter-noarr-C_SCATTER_I_MAJOR-A_SCATTER_K_MAJOR-B_SCATTER_K_MAJOR-SMALL-FLOAT-C_TILE_I_MAJOR-A_TILE_I_MAJOR-B_TILE_K_MAJOR
build/examples/noarr/gemmScatter-noarr-C_SCATTER_I_MAJOR-A_SCATTER_K_MAJOR-B_SCATTER_K_MAJOR-MEDIUM-FLOAT-C_TILE_J_MAJOR-A_TILE_K_MAJOR-B_TILE_K_MAJOR
build/examples/noarr/gemmScatter-noarr-C_SCATTER_J_MAJOR-A_SCATTER_K_MAJOR-B_SCATTER_K_MAJOR-MINI-FLOAT-C_TILE_J_MAJOR-A_TILE_I_MAJOR-B_TILE_J_MAJOR
build/examples/noarr/gemmScatter-noarr-C_SCATTER_J_MAJOR-A_SCATTER_I_MAJOR-B_SCATTER_K_MAJOR-SMALL-FLOAT-C_TILE_I_MAJOR-A_TILE_K_MAJOR-B_TILE_J_MAJOR
build/examples/noarr/gemmScatter-noarr-C_SCATTER_J_MAJOR-A_SCATTER_I_MAJOR-B_SCATTER_J_MAJOR-MINI-FLOAT-C_TILE_I_MAJOR-A_TILE_I_MAJOR-B_TILE_K_MAJOR
build/examples/noarr/gemmScatter-noarr-C_SCATTER_J_MAJOR-A_SCATTER_I_MAJOR-B_SCATTER_K_MAJOR-EXTRALARGE-FLOAT-C_TILE_I_MAJOR-A_TILE_K_MAJOR-B_TILE_K_MAJOR
build/examples/noarr/gemmScatter-noarr-C_SCATTER_I_MAJOR-A_SCATTER_K_MAJOR-B_SCATTER_J_MAJOR-MEDIUM-FLOAT-C_TILE_J_MAJOR-A_TILE_I_MAJOR-B_TILE_J_MAJOR
build/examples/noarr/gemmScatter-noarr-C_SCATTER_I_MAJOR-A_SCATTER_I_MAJOR-B_SCATTER_J_MAJOR-LARGE-FLOAT-C_TILE_I_MAJOR-A_TILE_K_MAJOR-B_TILE_K_MAJOR
build/examples/noarr/gemmScatter-noarr-C_SCATTER_J_MAJOR-A_SCATTER_K_MAJOR-B_SCATTER_K_MAJOR-MEDIUM-FLOAT-C_TILE_J_MAJOR-A_TILE_K_MAJOR-B_TILE_J_MAJOR
build/examples/noarr/gemmScatter-noarr-C_SCATTER_J_MAJOR-A_SCATTER_I_MAJOR-B_SCATTER_J_MAJOR-EXTRALARGE-FLOAT-C_TILE_I_MAJOR-A_TILE_K_MAJOR-B_TILE_J_MAJOR
build/examples/noarr/gemmScatter-noarr-C_SCATTER_J_MAJOR-A_SCATTER_I_MAJOR-B_SCATTER_K_MAJOR-LARGE-FLOAT-C_TILE_I_MAJOR-A_TILE_K_MAJOR-B_TILE_K_MAJOR
build/examples/noarr/gemmScatter-noarr-C_SCATTER_J_MAJOR-A_SCATTER_I_MAJOR-B_SCATTER_J_MAJOR-MINI-FLOAT-C_TILE_J_MAJOR-A_TILE_K_MAJOR-B_TILE_J_MAJOR
build/examples/noarr/gemmScatter-noarr-C_SCATTER_J_MAJOR-A_SCATTER_K_MAJOR-B_SCATTER_K_MAJOR-SMALL-FLOAT-C_TILE_J_MAJOR-A_TILE_K_MAJOR-B_TILE_K_MAJOR
build/examples/noarr/gemmScatter-noarr-C_SCATTER_J_MAJOR-A_SCATTER_I_MAJOR-B_SCATTER_J_MAJOR-SMALL-FLOAT-C_TILE_I_MAJOR-A_TILE_I_MAJOR-B_TILE_J_MAJOR
build/examples/noarr/gemmScatter-noarr-C_SCATTER_J_MAJOR-A_SCATTER_I_MAJOR-B_SCATTER_K_MAJOR-LARGE-FLOAT-C_TILE_J_MAJOR-A_TILE_I_MAJOR-B_TILE_K_MAJOR
build/examples/noarr/gemmScatter-noarr-C_SCATTER_J_MAJOR-A_SCATTER_K_MAJOR-B_SCATTER_J_MAJOR-SMALL-FLOAT-C_TILE_I_MAJOR-A_TILE_I_MAJOR-B_TILE_J_MAJOR
build/examples/noarr/gemmScatter-noarr-C_SCATTER_I_MAJOR-A_SCATTER_I_MAJOR-B_SCATTER_J_MAJOR-SMALL-FLOAT-C_TILE_J_MAJOR-A_TILE_K_MAJOR-B_TILE_K_MAJOR
build/examples/noarr/gemmScatter-noarr-C_SCATTER_I_MAJOR-A_SCATTER_I_MAJOR-B_SCATTER_J_MAJOR-MINI-FLOAT-C_TILE_J_MAJOR-A_TILE_K_MAJOR-B_TILE_J_MAJOR
build/examples/noarr/gemmScatter-noarr-C_SCATTER_J_MAJOR-A_SCATTER_K_MAJOR-B_SCATTER_K_MAJOR-LARGE-FLOAT-C_TILE_I_MAJOR-A_TILE_K_MAJOR-B_TILE_K_MAJOR
build/examples/noarr/gemmScatter-noarr-C_SCATTER_I_MAJOR-A_SCATTER_I_MAJOR-B_SCATTER_J_MAJOR-EXTRALARGE-FLOAT-C_TILE_I_MAJOR-A_TILE_K_MAJOR-B_TILE_J_MAJOR
build/examples/noarr/gemmScatter-noarr-C_SCATTER_I_MAJOR-A_SCATTER_K_MAJOR-B_SCATTER_J_MAJOR-MINI-FLOAT-C_TILE_I_MAJOR-A_TILE_K_MAJOR-B_TILE_K_MAJOR
build/examples/noarr/gemmScatter-noarr-C_SCATTER_J_MAJOR-A_SCATTER_K_MAJOR-B_SCATTER_J_MAJOR-LARGE-FLOAT-C_TILE_J_MAJOR-A_TILE_K_MAJOR-B_TILE_J_MAJOR
build/examples/noarr/gemmScatter-noarr-C_SCATTER_J_MAJOR-A_SCATTER_I_MAJOR-B_SCATTER_K_MAJOR-SMALL-FLOAT-C_TILE_J_MAJOR-A_TILE_I_MAJOR-B_TILE_J_MAJOR
build/examples/noarr/gemmScatter-noarr-C_SCATTER_J_MAJOR-A_SCATTER_K_MAJOR-B_SCATTER_J_MAJOR-EXTRALARGE-FLOAT-C_TILE_I_MAJOR-A_TILE_K_MAJOR-B_TILE_J_MAJOR
build/examples/noarr/gemmScatter-noarr-C_SCATTER_J_MAJOR-A_SCATTER_K_MAJOR-B_SCATTER_K_MAJOR-EXTRALARGE-FLOAT-C_TILE_I_MAJOR-A_TILE_I_MAJOR-B_TILE_J_MAJOR
build/examples/noarr/gemmScatter-noarr-C_SCATTER_I_MAJOR-A_SCATTER_K_MAJOR-B_SCATTER_J_MAJOR-LARGE-FLOAT-C_TILE_I_MAJOR-A_TILE_K_MAJOR-B_TILE_J_MAJOR
build/examples/noarr/gemmScatter-noarr-C_SCATTER_I_MAJOR-A_SCATTER_I_MAJOR-B_SCATTER_J_MAJOR-EXTRALARGE-FLOAT-C_TILE_I_MAJOR-A_TILE_K_MAJOR-B_TILE_K_MAJOR
build/examples/noarr/gemmScatter-noarr-C_SCATTER_J_MAJOR-A_SCATTER_K_MAJOR-B_SCATTER_K_MAJOR-MEDIUM-FLOAT-C_TILE_I_MAJOR-A_TILE_K_MAJOR-B_TILE_J_MAJOR
build/examples/noarr/gemmScatter-noarr-C_SCATTER_J_MAJOR-A_SCATTER_I_MAJOR-B_SCATTER_K_MAJOR-MINI-FLOAT-C_TILE_J_MAJOR-A_TILE_I_MAJOR-B_TILE_J_MAJOR
build/examples/noarr/gemmScatter-noarr-C_SCATTER_I_MAJOR-A_SCATTER_K_MAJOR-B_SCATTER_K_MAJOR-LARGE-FLOAT-C_TILE_J_MAJOR-A_TILE_K_MAJOR-B_TILE_J_MAJOR
build/examples/noarr/gemmScatter-noarr-C_SCATTER_I_MAJOR-A_SCATTER_K_MAJOR-B_SCATTER_K_MAJOR-SMALL-FLOAT-C_TILE_I_MAJOR-A_TILE_I_MAJOR-B_TILE_J_MAJOR
build/examples/noarr/gemmScatter-noarr-C_SCATTER_J_MAJOR-A_SCATTER_K_MAJOR-B_SCATTER_K_MAJOR-MEDIUM-FLOAT-C_TILE_I_MAJOR-A_TILE_K_MAJOR-B_TILE_K_MAJOR
build/examples/noarr/gemmScatter-noarr-C_SCATTER_I_MAJOR-A_SCATTER_I_MAJOR-B_SCATTER_K_MAJOR-MINI-FLOAT-C_TILE_I_MAJOR-A_TILE_K_MAJOR-B_TILE_J_MAJOR
build/examples/noarr/gemmScatter-noarr-C_SCATTER_J_MAJOR-A_SCATTER_K_MAJOR-B_SCATTER_K_MAJOR-EXTRALARGE-FLOAT-C_TILE_I_MAJOR-A_TILE_K_MAJOR-B_TILE_K_MAJOR
build/examples/noarr/gemmScatter-noarr-C_SCATTER_I_MAJOR-A_SCATTER_K_MAJOR-B_SCATTER_J_MAJOR-MEDIUM-FLOAT-C_TILE_J_MAJOR-A_TILE_K_MAJOR-B_TILE_K_MAJOR
build/examples/noarr/gemmScatter-noarr-C_SCATTER_I_MAJOR-A_SCATTER_I_MAJOR-B_SCATTER_K_MAJOR-EXTRALARGE-FLOAT-C_TILE_I_MAJOR-A_TILE_K_MAJOR-B_TILE_K_MAJOR
build/examples/noarr/gemmScatter-noarr-C_SCATTER_J_MAJOR-A_SCATTER_I_MAJOR-B_SCATTER_K_MAJOR-MINI-FLOAT-C_TILE_I_MAJOR-A_TILE_I_MAJOR-B_TILE_K_MAJOR
build/examples/noarr/gemmScatter-noarr-C_SCATTER_I_MAJOR-A_SCATTER_K_MAJOR-B_SCATTER_J_MAJOR-SMALL-FLOAT-C_TILE_J_MAJOR-A_TILE_K_MAJOR-B_TILE_J_MAJOR
build/examples/noarr/gemmScatter-noarr-C_SCATTER_J_MAJOR-A_SCATTER_I_MAJOR-B_SCATTER_K_MAJOR-EXTRALARGE-FLOAT-C_TILE_J_MAJOR-A_TILE_K_MAJOR-B_TILE_K_MAJOR
build/examples/noarr/gemmScatter-noarr-C_SCATTER_J_MAJOR-A_SCATTER_K_MAJOR-B_SCATTER_J_MAJOR-MINI-FLOAT-C_TILE_J_MAJOR-A_TILE_I_MAJOR-B_TILE_K_MAJOR
build/examples/noarr/gemmScatter-noarr-C_SCATTER_I_MAJOR-A_SCATTER_I_MAJOR-B_SCATTER_K_MAJOR-LARGE-FLOAT-C_TILE_I_MAJOR-A_TILE_K_MAJOR-B_TILE_K_MAJOR
build/examples/noarr/gemmScatter-noarr-C_SCATTER_I_MAJOR-A_SCATTER_K_MAJOR-B_SCATTER_K_MAJOR-LARGE-FLOAT-C_TILE_I_MAJOR-A_TILE_K_MAJOR-B_TILE_J_MAJOR
build/examples/noarr/gemmScatter-noarr-C_SCATTER_I_MAJOR-A_SCATTER_I_MAJOR-B_SCATTER_K_MAJOR-MEDIUM-FLOAT-C_TILE_J_MAJOR-A_TILE_K_MAJOR-B_TILE_K_MAJOR
build/examples/noarr/gemmScatter-noarr-C_SCATTER_J_MAJOR-A_SCATTER_K_MAJOR-B_SCATTER_K_MAJOR-EXTRALARGE-FLOAT-C_TILE_I_MAJOR-A_TILE_K_MAJOR-B_TILE_J_MAJOR
build/examples/noarr/gemmScatter-noarr-C_SCATTER_J_MAJOR-A_SCATTER_K_MAJOR-B_SCATTER_K_MAJOR-MEDIUM-FLOAT-C_TILE_I_MAJOR-A_TILE_I_MAJOR-B_TILE_K_MAJOR
build/examples/noarr/gemmScatter-noarr-C_SCATTER_J_MAJOR-A_SCATTER_I_MAJOR-B_SCATTER_J_MAJOR-MINI-FLOAT-C_TILE_J_MAJOR-A_TILE_I_MAJOR-B_TILE_J_MAJOR
build/examples/noarr/gemmScatter-noarr-C_SCATTER_I_MAJOR-A_SCATTER_I_MAJOR-B_SCATTER_J_MAJOR-SMALL-FLOAT-C_TILE_J_MAJOR-A_TILE_K_MAJOR-B_TILE_J_MAJOR
build/examples/noarr/gemmScatter-noarr-C_SCATTER_I_MAJOR-A_SCATTER_K_MAJOR-B_SCATTER_K_MAJOR-SMALL-FLOAT-C_TILE_J_MAJOR-A_TILE_I_MAJOR-B_TILE_K_MAJOR
build/examples/noarr/gemmScatter-noarr-C_SCATTER_J_MAJOR-A_SCATTER_K_MAJOR-B_SCATTER_K_MAJOR-SMALL-FLOAT-C_TILE_I_MAJOR-A_TILE_I_MAJOR-B_TILE_J_MAJOR
build/examples/noarr/gemmScatter-noarr-C_SCATTER_J_MAJOR-A_SCATTER_K_MAJOR-B_SCATTER_J_MAJOR-MEDIUM-FLOAT-C_TILE_J_MAJOR-A_TILE_I_MAJOR-B_TILE_J_MAJOR
build/examples/noarr/gemmScatter-noarr-C_SCATTER_J_MAJOR-A_SCATTER_I_MAJOR-B_SCATTER_J_MAJOR-SMALL-FLOAT-C_TILE_J_MAJOR-A_TILE_I_MAJOR-B_TILE_J_MAJOR
build/examples/noarr/gemmScatter-noarr-C_SCATTER_J_MAJOR-A_SCATTER_K_MAJOR-B_SCATTER_K_MAJOR-MEDIUM-FLOAT-C_TILE_J_MAJOR-A_TILE_I_MAJOR-B_TILE_K_MAJOR
build/examples/noarr/gemmScatter-noarr-C_SCATTER_J_MAJOR-A_SCATTER_I_MAJOR-B_SCATTER_K_MAJOR-MINI-FLOAT-C_TILE_I_MAJOR-A_TILE_K_MAJOR-B_TILE_K_MAJOR
build/examples/noarr/gemmScatter-noarr-C_SCATTER_J_MAJOR-A_SCATTER_K_MAJOR-B_SCATTER_J_MAJOR-LARGE-FLOAT-C_TILE_I_MAJOR-A_TILE_K_MAJOR-B_TILE_K_MAJOR
build/examples/noarr/gemmScatter-noarr-C_SCATTER_I_MAJOR-A_SCATTER_I_MAJOR-B_SCATTER_J_MAJOR-MEDIUM-FLOAT-C_TILE_I_MAJOR-A_TILE_I_MAJOR-B_TILE_J_MAJOR
build/examples/noarr/gemmScatter-noarr-C_SCATTER_I_MAJOR-A_SCATTER_K_MAJOR-B_SCATTER_K_MAJOR-EXTRALARGE-FLOAT-C_TILE_I_MAJOR-A_TILE_K_MAJOR-B_TILE_J_MAJOR
build/examples/noarr/gemmScatter-noarr-C_SCATTER_I_MAJOR-A_SCATTER_K_MAJOR-B_SCATTER_K_MAJOR-SMALL-FLOAT-C_TILE_J_MAJOR-A_TILE_K_MAJOR-B_TILE_J_MAJOR
build/examples/noarr/gemmScatter-noarr-C_SCATTER_J_MAJOR-A_SCATTER_K_MAJOR-B_SCATTER_J_MAJOR-EXTRALARGE-FLOAT-C_TILE_J_MAJOR-A_TILE_K_MAJOR-B_TILE_J_MAJOR
build/examples/noarr/gemmScatter-noarr-C_SCATTER_I_MAJOR-A_SCATTER_I_MAJOR-B_SCATTER_J_MAJOR-LARGE-FLOAT-C_TILE_I_MAJOR-A_TILE_I_MAJOR-B_TILE_J_MAJOR
build/examples/noarr/gemmScatter-noarr-C_SCATTER_J_MAJOR-A_SCATTER_K_MAJOR-B_SCATTER_K_MAJOR-LARGE-FLOAT-C_TILE_J_MAJOR-A_TILE_K_MAJOR-B_TILE_J_MAJOR
build/examples/noarr/gemmScatter-noarr-C_SCATTER_J_MAJOR-A_SCATTER_K_MAJOR-B_SCATTER_J_MAJOR-SMALL-FLOAT-C_TILE_I_MAJOR-A_TILE_K_MAJOR-B_TILE_J_MAJOR
build/examples/noarr/gemmScatter-noarr-C_SCATTER_I_MAJOR-A_SCATTER_K_MAJOR-B_SCATTER_K_MAJOR-EXTRALARGE-FLOAT-C_TILE_I_MAJOR-A_TILE_I_MAJOR-B_TILE_J_MAJOR
build/examples/noarr/gemmScatter-noarr-C_SCATTER_I_MAJOR-A_SCATTER_K_MAJOR-B_SCATTER_K_MAJOR-MINI-FLOAT-C_TILE_I_MAJOR-A_TILE_K_MAJOR-B_TILE_K_MAJOR
build/examples/noarr/gemmScatter-noarr-C_SCATTER_J_MAJOR-A_SCATTER_I_MAJOR-B_SCATTER_K_MAJOR-SMALL-FLOAT-C_TILE_J_MAJOR-A_TILE_K_MAJOR-B_TILE_J_MAJOR
build/examples/noarr/gemmScatter-noarr-C_SCATTER_J_MAJOR-A_SCATTER_K_MAJOR-B_SCATTER_J_MAJOR-MINI-FLOAT-C_TILE_I_MAJOR-A_TILE_I_MAJOR-B_TILE_K_MAJOR
build/examples/noarr/gemmScatter-noarr-C_SCATTER_I_MAJOR-A_SCATTER_K_MAJOR-B_SCATTER_J_MAJOR-MINI-FLOAT-C_TILE_J_MAJOR-A_TILE_K_MAJOR-B_TILE_J_MAJOR
build/examples/noarr/gemmScatter-noarr-C_SCATTER_J_MAJOR-A_SCATTER_K_MAJOR-B_SCATTER_J_MAJOR-MEDIUM-FLOAT-C_TILE_I_MAJOR-A_TILE_I_MAJOR-B_TILE_K_MAJOR
build/examples/noarr/gemmScatter-noarr-C_SCATTER_J_MAJOR-A_SCATTER_I_MAJOR-B_SCATTER_K_MAJOR-MINI-FLOAT-C_TILE_I_MAJOR-A_TILE_K_MAJOR-B_TILE_J_MAJOR
build/examples/noarr/gemmScatter-noarr-C_SCATTER_I_MAJOR-A_SCATTER_K_MAJOR-B_SCATTER_K_MAJOR-EXTRALARGE-FLOAT-C_TILE_J_MAJOR-A_TILE_I_MAJOR-B_TILE_K_MAJOR
build/examples/noarr/gemmScatter-noarr-C_SCATTER_I_MAJOR-A_SCATTER_K_MAJOR-B_SCATTER_J_MAJOR-SMALL-FLOAT-C_TILE_I_MAJOR-A_TILE_K_MAJOR-B_TILE_K_MAJOR
build/examples/noarr/gemmScatter-noarr-C_SCATTER_J_MAJOR-A_SCATTER_I_MAJOR-B_SCATTER_J_MAJOR-MINI-FLOAT-C_TILE_J_MAJOR-A_TILE_I_MAJOR-B_TILE_K_MAJOR
build/examples/noarr/gemmScatter-noarr-C_SCATTER_J_MAJOR-A_SCATTER_I_MAJOR-B_SCATTER_K_MAJOR-MINI-FLOAT-C_TILE_J_MAJOR-A_TILE_K_MAJOR-B_TILE_J_MAJOR
build/examples/noarr/gemmScatter-noarr-C_SCATTER_I_MAJOR-A_SCATTER_I_MAJOR-B_SCATTER_K_MAJOR-EXTRALARGE-FLOAT-C_TILE_J_MAJOR-A_TILE_K_MAJOR-B_TILE_K_MAJOR
build/examples/noarr/gemmScatter-noarr-C_SCATTER_J_MAJOR-A_SCATTER_I_MAJOR-B_SCATTER_J_MAJOR-SMALL-FLOAT-C_TILE_J_MAJOR-A_TILE_I_MAJOR-B_TILE_K_MAJOR
build/examples/noarr/gemmScatter-noarr-C_SCATTER_I_MAJOR-A_SCATTER_K_MAJOR-B_SCATTER_J_MAJOR-MEDIUM-FLOAT-C_TILE_J_MAJOR-A_TILE_I_MAJOR-B_TILE_K_MAJOR
build/examples/noarr/gemmScatter-noarr-C_SCATTER_J_MAJOR-A_SCATTER_I_MAJOR-B_SCATTER_K_MAJOR-LARGE-FLOAT-C_TILE_J_MAJOR-A_TILE_K_MAJOR-B_TILE_J_MAJOR
build/examples/noarr/gemmScatter-noarr-C_SCATTER_J_MAJOR-A_SCATTER_K_MAJOR-B_SCATTER_K_MAJOR-EXTRALARGE-FLOAT-C_TILE_J_MAJOR-A_TILE_I_MAJOR-B_TILE_K_MAJOR
build/examples/noarr/gemmScatter-noarr-C_SCATTER_I_MAJOR-A_SCATTER_K_MAJOR-B_SCATTER_K_MAJOR-EXTRALARGE-FLOAT-C_TILE_J_MAJOR-A_TILE_K_MAJOR-B_TILE_J_MAJOR
build/examples/noarr/gemmScatter-noarr-C_SCATTER_I_MAJOR-A_SCATTER_I_MAJOR-B_SCATTER_K_MAJOR-EXTRALARGE-FLOAT-C_TILE_J_MAJOR-A_TILE_I_MAJOR-B_TILE_J_MAJOR
build/examples/noarr/gemmScatter-noarr-C_SCATTER_J_MAJOR-A_SCATTER_K_MAJOR-B_SCATTER_J_MAJOR-EXTRALARGE-FLOAT-C_TILE_I_MAJOR-A_TILE_I_MAJOR-B_TILE_J_MAJOR
build/examples/noarr/gemmScatter-noarr-C_SCATTER_I_MAJOR-A_SCATTER_I_MAJOR-B_SCATTER_J_MAJOR-SMALL-FLOAT-C_TILE_I_MAJOR-A_TILE_I_MAJOR-B_TILE_J_MAJOR
build/examples/noarr/gemmScatter-noarr-C_SCATTER_I_MAJOR-A_SCATTER_I_MAJOR-B_SCATTER_K_MAJOR-SMALL-FLOAT-C_TILE_I_MAJOR-A_TILE_K_MAJOR-B_TILE_K_MAJOR
build/examples/noarr/gemmScatter-noarr-C_SCATTER_I_MAJOR-A_SCATTER_I_MAJOR-B_SCATTER_K_MAJOR-LARGE-FLOAT-C_TILE_J_MAJOR-A_TILE_K_MAJOR-B_TILE_K_MAJOR
build/examples/noarr/gemmScatter-noarr-C_SCATTER_J_MAJOR-A_SCATTER_I_MAJOR-B_SCATTER_K_MAJOR-MEDIUM-FLOAT-C_TILE_I_MAJOR-A_TILE_I_MAJOR-B_TILE_K_MAJOR
build/examples/noarr/gemmScatter-noarr-C_SCATTER_J_MAJOR-A_SCATTER_K_MAJOR-B_SCATTER_J_MAJOR-LARGE-FLOAT-C_TILE_J_MAJOR-A_TILE_I_MAJOR-B_TILE_J_MAJOR
build/examples/noarr/gemmScatter-noarr-C_SCATTER_J_MAJOR-A_SCATTER_I_MAJOR-B_SCATTER_K_MAJOR-LARGE-FLOAT-C_TILE_I_MAJOR-A_TILE_I_MAJOR-B_TILE_K_MAJOR
build/examples/noarr/gemmScatter-noarr-C_SCATTER_I_MAJOR-A_SCATTER_K_MAJOR-B_SCATTER_K_MAJOR-EXTRALARGE-FLOAT-C_TILE_J_MAJOR-A_TILE_I_MAJOR-B_TILE_J_MAJOR
build/examples/noarr/gemmScatter-noarr-C_SCATTER_I_MAJOR-A_SCATTER_I_MAJOR-B_SCATTER_K_MAJOR-MINI-FLOAT-C_TILE_I_MAJOR-A_TILE_K_MAJOR-B_TILE_K_MAJOR
build/examples/noarr/gemmScatter-noarr-C_SCATTER_J_MAJOR-A_SCATTER_I_MAJOR-B_SCATTER_K_MAJOR-EXTRALARGE-FLOAT-C_TILE_J_MAJOR-A_TILE_I_MAJOR-B_TILE_J_MAJOR
build/examples/noarr/gemmScatter-noarr-C_SCATTER_J_MAJOR-A_SCATTER_I_MAJOR-B_SCATTER_K_MAJOR-MEDIUM-FLOAT-C_TILE_J_MAJOR-A_TILE_K_MAJOR-B_TILE_K_MAJOR
build/examples/noarr/gemmScatter-noarr-C_SCATTER_I_MAJOR-A_SCATTER_I_MAJOR-B_SCATTER_K_MAJOR-EXTRALARGE-FLOAT-C_TILE_J_MAJOR-A_TILE_K_MAJOR-B_TILE_J_MAJOR
build/examples/noarr/gemmScatter-noarr-C_SCATTER_J_MAJOR-A_SCATTER_I_MAJOR-B_SCATTER_K_MAJOR-MEDIUM-FLOAT-C_TILE_I_MAJOR-A_TILE_K_MAJOR-B_TILE_K_MAJOR
build/examples/noarr/gemmScatter-noarr-C_SCATTER_J_MAJOR-A_SCATTER_I_MAJOR-B_SCATTER_K_MAJOR-EXTRALARGE-FLOAT-C_TILE_J_MAJOR-A_TILE_I_MAJOR-B_TILE_K_MAJOR
build/examples/noarr/gemmScatter-noarr-C_SCATTER_I_MAJOR-A_SCATTER_I_MAJOR-B_SCATTER_J_MAJOR-SMALL-FLOAT-C_TILE_I_MAJOR-A_TILE_I_MAJOR-B_TILE_K_MAJOR
build/examples/noarr/gemmScatter-noarr-C_SCATTER_I_MAJOR-A_SCATTER_K_MAJOR-B_SCATTER_J_MAJOR-LARGE-FLOAT-C_TILE_I_MAJOR-A_TILE_I_MAJOR-B_TILE_K_MAJOR
build/examples/noarr/gemmScatter-noarr-C_SCATTER_I_MAJOR-A_SCATTER_I_MAJOR-B_SCATTER_J_MAJOR-LARGE-FLOAT-C_TILE_J_MAJOR-A_TILE_I_MAJOR-B_TILE_K_MAJOR
build/examples/noarr/gemmScatter-noarr-C_SCATTER_I_MAJOR-A_SCATTER_I_MAJOR-B_SCATTER_K_MAJOR-LARGE-FLOAT-C_TILE_I_MAJOR-A_TILE_I_MAJOR-B_TILE_K_MAJOR
build/examples/noarr/gemmScatter-noarr-C_SCATTER_J_MAJOR-A_SCATTER_I_MAJOR-B_SCATTER_J_MAJOR-SMALL-FLOAT-C_TILE_I_MAJOR-A_TILE_K_MAJOR-B_TILE_J_MAJOR
build/examples/noarr/gemmScatter-noarr-C_SCATTER_I_MAJOR-A_SCATTER_K_MAJOR-B_SCATTER_K_MAJOR-LARGE-FLOAT-C_TILE_J_MAJOR-A_TILE_I_MAJOR-B_TILE_K_MAJOR
build/examples/noarr/gemmScatter-noarr-C_SCATTER_I_MAJOR-A_SCATTER_K_MAJOR-B_SCATTER_K_MAJOR-MEDIUM-FLOAT-C_TILE_I_MAJOR-A_TILE_K_MAJOR-B_TILE_J_MAJOR
build/examples/noarr/gemmScatter-noarr-C_SCATTER_I_MAJOR-A_SCATTER_I_MAJOR-B_SCATTER_K_MAJOR-MEDIUM-FLOAT-C_TILE_I_MAJOR-A_TILE_K_MAJOR-B_TILE_K_MAJOR
build/examples/noarr/gemmScatter-noarr-C_SCATTER_I_MAJOR-A_SCATTER_I_MAJOR-B_SCATTER_K_MAJOR-MINI-FLOAT-C_TILE_I_MAJOR-A_TILE_I_MAJOR-B_TILE_J_MAJOR
build/examples/noarr/gemmScatter-noarr-C_SCATTER_I_MAJOR-A_SCATTER_I_MAJOR-B_SCATTER_K_MAJOR-LARGE-FLOAT-C_TILE_J_MAJOR-A_TILE_I_MAJOR-B_TILE_K_MAJOR
build/examples/noarr/gemmScatter-noarr-C_SCATTER_I_MAJOR-A_SCATTER_K_MAJOR-B_SCATTER_J_MAJOR-MEDIUM-FLOAT-C_TILE_I_MAJOR-A_TILE_I_MAJOR-B_TILE_K_MAJOR
build/examples/noarr/gemmScatter-noarr-C_SCATTER_I_MAJOR-A_SCATTER_K_MAJOR-B_SCATTER_J_MAJOR-MINI-FLOAT-C_TILE_I_MAJOR-A_TILE_I_MAJOR-B_TILE_K_MAJOR
build/examples/noarr/gemmScatter-noarr-C_SCATTER_I_MAJOR-A_SCATTER_I_MAJOR-B_SCATTER_J_MAJOR-MEDIUM-FLOAT-C_TILE_J_MAJOR-A_TILE_K_MAJOR-B_TILE_J_MAJOR
build/examples/noarr/gemmScatter-noarr-C_SCATTER_I_MAJOR-A_SCATTER_I_MAJOR-B_SCATTER_K_MAJOR-SMALL-FLOAT-C_TILE_I_MAJOR-A_TILE_I_MAJOR-B_TILE_K_MAJOR
build/examples/noarr/gemmScatter-noarr-C_SCATTER_J_MAJOR-A_SCATTER_K_MAJOR-B_SCATTER_J_MAJOR-EXTRALARGE-FLOAT-C_TILE_J_MAJOR-A_TILE_I_MAJOR-B_TILE_K_MAJOR
build/examples/noarr/gemmScatter-noarr-C_SCATTER_J_MAJOR-A_SCATTER_I_MAJOR-B_SCATTER_J_MAJOR-EXTRALARGE-FLOAT-C_TILE_I_MAJOR-A_TILE_I_MAJOR-B_TILE_K_MAJOR
build/examples/noarr/gemmScatter-noarr-C_SCATTER_I_MAJOR-A_SCATTER_I_MAJOR-B_SCATTER_J_MAJOR-SMALL-FLOAT-C_TILE_J_MAJOR-A_TILE_I_MAJOR-B_TILE_K_MAJOR
build/examples/noarr/gemmScatter-noarr-C_SCATTER_I_MAJOR-A_SCATTER_I_MAJOR-B_SCATTER_J_MAJOR-EXTRALARGE-FLOAT-C_TILE_J_MAJOR-A_TILE_I_MAJOR-B_TILE_J_MAJOR
build/examples/noarr/gemmScatter-noarr-C_SCATTER_I_MAJOR-A_SCATTER_I_MAJOR-B_SCATTER_K_MAJOR-LARGE-FLOAT-C_TILE_I_MAJOR-A_TILE_I_MAJOR-B_TILE_J_MAJOR
build/examples/noarr/gemmScatter-noarr-C_SCATTER_I_MAJOR-A_SCATTER_I_MAJOR-B_SCATTER_J_MAJOR-EXTRALARGE-FLOAT-C_TILE_J_MAJOR-A_TILE_K_MAJOR-B_TILE_K_MAJOR
build/examples/noarr/gemmScatter-noarr-C_SCATTER_I_MAJOR-A_SCATTER_I_MAJOR-B_SCATTER_J_MAJOR-SMALL-FLOAT-C_TILE_J_MAJOR-A_TILE_I_MAJOR-B_TILE_J_MAJOR
build/examples/noarr/gemmScatter-noarr-C_SCATTER_I_MAJOR-A_SCATTER_I_MAJOR-B_SCATTER_J_MAJOR-EXTRALARGE-FLOAT-C_TILE_J_MAJOR-A_TILE_K_MAJOR-B_TILE_J_MAJOR
build/examples/noarr/gemmScatter-noarr-C_SCATTER_I_MAJOR-A_SCATTER_I_MAJOR-B_SCATTER_J_MAJOR-MEDIUM-FLOAT-C_TILE_J_MAJOR-A_TILE_I_MAJOR-B_TILE_J_MAJOR
build/examples/noarr/gemmScatter-noarr-C_SCATTER_J_MAJOR-A_SCATTER_K_MAJOR-B_SCATTER_K_MAJOR-MEDIUM-FLOAT-C_TILE_I_MAJOR-A_TILE_I_MAJOR-B_TILE_J_MAJOR
build/examples/noarr/gemmScatter-noarr-C_SCATTER_I_MAJOR-A_SCATTER_K_MAJOR-B_SCATTER_J_MAJOR-EXTRALARGE-FLOAT-C_TILE_I_MAJOR-A_TILE_I_MAJOR-B_TILE_J_MAJOR
build/examples/noarr/gemmScatter-noarr-C_SCATTER_J_MAJOR-A_SCATTER_I_MAJOR-B_SCATTER_K_MAJOR-EXTRALARGE-FLOAT-C_TILE_I_MAJOR-A_TILE_I_MAJOR-B_TILE_K_MAJOR
build/examples/noarr/gemmScatter-noarr-C_SCATTER_J_MAJOR-A_SCATTER_K_MAJOR-B_SCATTER_J_MAJOR-EXTRALARGE-FLOAT-C_TILE_I_MAJOR-A_TILE_K_MAJOR-B_TILE_K_MAJOR
build/examples/noarr/gemmScatter-noarr-C_SCATTER_J_MAJOR-A_SCATTER_I_MAJOR-B_SCATTER_J_MAJOR-SMALL-FLOAT-C_TILE_J_MAJOR-A_TILE_K_MAJOR-B_TILE_J_MAJOR
build/examples/noarr/gemmScatter-noarr-C_SCATTER_I_MAJOR-A_SCATTER_K_MAJOR-B_SCATTER_K_MAJOR-MINI-FLOAT-C_TILE_I_MAJOR-A_TILE_I_MAJOR-B_TILE_J_MAJOR
build/examples/noarr/gemmScatter-noarr-C_SCATTER_J_MAJOR-A_SCATTER_I_MAJOR-B_SCATTER_J_MAJOR-MEDIUM-FLOAT-C_TILE_J_MAJOR-A_TILE_I_MAJOR-B_TILE_J_MAJOR
build/examples/noarr/gemmScatter-noarr-C_SCATTER_J_MAJOR-A_SCATTER_K_MAJOR-B_SCATTER_J_MAJOR-SMALL-FLOAT-C_TILE_J_MAJOR-A_TILE_K_MAJOR-B_TILE_J_MAJOR
build/examples/noarr/gemmScatter-noarr-C_SCATTER_I_MAJOR-A_SCATTER_I_MAJOR-B_SCATTER_J_MAJOR-MEDIUM-FLOAT-C_TILE_I_MAJOR-A_TILE_I_MAJOR-B_TILE_K_MAJOR
build/examples/noarr/gemmScatter-noarr-C_SCATTER_J_MAJOR-A_SCATTER_I_MAJOR-B_SCATTER_J_MAJOR-LARGE-FLOAT-C_TILE_I_MAJOR-A_TILE_I_MAJOR-B_TILE_K_MAJOR
build/examples/noarr/gemmScatter-noarr-C_SCATTER_J_MAJOR-A_SCATTER_K_MAJOR-B_SCATTER_K_MAJOR-SMALL-FLOAT-C_TILE_J_MAJOR-A_TILE_I_MAJOR-B_TILE_K_MAJOR
build/examples/noarr/gemmScatter-noarr-C_SCATTER_J_MAJOR-A_SCATTER_I_MAJOR-B_SCATTER_J_MAJOR-EXTRALARGE-FLOAT-C_TILE_I_MAJOR-A_TILE_I_MAJOR-B_TILE_J_MAJOR
build/examples/noarr/gemmScatter-noarr-C_SCATTER_J_MAJOR-A_SCATTER_I_MAJOR-B_SCATTER_K_MAJOR-SMALL-FLOAT-C_TILE_I_MAJOR-A_TILE_I_MAJOR-B_TILE_K_MAJOR
build/examples/noarr/gemmScatter-noarr-C_SCATTER_I_MAJOR-A_SCATTER_I_MAJOR-B_SCATTER_J_MAJOR-SMALL-FLOAT-C_TILE_I_MAJOR-A_TILE_K_MAJOR-B_TILE_K_MAJOR
build/examples/noarr/gemmScatter-noarr-C_SCATTER_J_MAJOR-A_SCATTER_K_MAJOR-B_SCATTER_K_MAJOR-MINI-FLOAT-C_TILE_I_MAJOR-A_TILE_I_MAJOR-B_TILE_K_MAJOR
build/examples/noarr/gemmScatter-noarr-C_SCATTER_J_MAJOR-A_SCATTER_I_MAJOR-B_SCATTER_K_MAJOR-SMALL-FLOAT-C_TILE_I_MAJOR-A_TILE_K_MAJOR-B_TILE_K_MAJOR
build/examples/noarr/gemmScatter-noarr-C_SCATTER_I_MAJOR-A_SCATTER_I_MAJOR-B_SCATTER_J_MAJOR-MINI-FLOAT-C_TILE_I_MAJOR-A_TILE_I_MAJOR-B_TILE_K_MAJOR
build/examples/noarr/gemmScatter-noarr-C_SCATTER_J_MAJOR-A_SCATTER_I_MAJOR-B_SCATTER_K_MAJOR-MEDIUM-FLOAT-C_TILE_J_MAJOR-A_TILE_K_MAJOR-B_TILE_J_MAJOR
build/examples/noarr/gemmScatter-noarr-C_SCATTER_J_MAJOR-A_SCATTER_I_MAJOR-B_SCATTER_K_MAJOR-MEDIUM-FLOAT-C_TILE_J_MAJOR-A_TILE_I_MAJOR-B_TILE_K_MAJOR
build/examples/noarr/gemmScatter-noarr-C_SCATTER_J_MAJOR-A_SCATTER_K_MAJOR-B_SCATTER_K_MAJOR-SMALL-FLOAT-C_TILE_I_MAJOR-A_TILE_I_MAJOR-B_TILE_K_MAJOR
build/examples/noarr/gemmScatter-noarr-C_SCATTER_J_MAJOR-A_SCATTER_I_MAJOR-B_SCATTER_J_MAJOR-SMALL-FLOAT-C_TILE_J_MAJOR-A_TILE_K_MAJOR-B_TILE_K_MAJOR
build/examples/noarr/gemmScatter-noarr-C_SCATTER_J_MAJOR-A_SCATTER_K_MAJOR-B_SCATTER_J_MAJOR-MEDIUM-FLOAT-C_TILE_J_MAJOR-A_TILE_K_MAJOR-B_TILE_J_MAJOR
build/examples/noarr/gemmScatter-noarr-C_SCATTER_I_MAJOR-A_SCATTER_I_MAJOR-B_SCATTER_J_MAJOR-LARGE-FLOAT-C_TILE_I_MAJOR-A_TILE_K_MAJOR-B_TILE_J_MAJOR
build/examples/noarr/gemmScatter-noarr-C_SCATTER_J_MAJOR-A_SCATTER_K_MAJOR-B_SCATTER_K_MAJOR-EXTRALARGE-FLOAT-C_TILE_J_MAJOR-A_TILE_K_MAJOR-B_TILE_J_MAJOR
build/examples/noarr/gemmScatter-noarr-C_SCATTER_J_MAJOR-A_SCATTER_K_MAJOR-B_SCATTER_K_MAJOR-LARGE-FLOAT-C_TILE_I_MAJOR-A_TILE_I_MAJOR-B_TILE_K_MAJOR
build/examples/noarr/gemmScatter-noarr-C_SCATTER_J_MAJOR-A_SCATTER_K_MAJOR-B_SCATTER_K_MAJOR-LARGE-FLOAT-C_TILE_J_MAJOR-A_TILE_K_MAJOR-B_TILE_K_MAJOR
srun: job 129635 queued and waiting for resources
srun: job 129635 has been allocated resources
Running with 8 processes
srun: job 129636 queued and waiting for resources
srun: job 129636 has been allocated resources
Running with 8 processes
srun: job 129637 queued and waiting for resources
srun: job 129637 has been allocated resources
Running with 8 processes
srun: job 129638 queued and waiting for resources
srun: job 129638 has been allocated resources
Running with 8 processes
srun: job 129639 queued and waiting for resources
srun: job 129639 has been allocated resources
Running with 8 processes
srun: job 129640 queued and waiting for resources
srun: job 129640 has been allocated resources
Running with 8 processes
srun: job 129641 queued and waiting for resources
srun: job 129641 has been allocated resources
Running with 8 processes
srun: job 129642 queued and waiting for resources
srun: job 129642 has been allocated resources
Running with 8 processes
srun: job 129643 queued and waiting for resources
srun: job 129643 has been allocated resources
Running with 8 processes
srun: job 129644 queued and waiting for resources
srun: job 129644 has been allocated resources
Running with 8 processes
srun: job 129645 queued and waiting for resources
srun: job 129645 has been allocated resources
Running with 8 processes
srun: job 129646 queued and waiting for resources
srun: job 129646 has been allocated resources
Running with 8 processes
srun: job 129647 queued and waiting for resources
srun: job 129647 has been allocated resources
Running with 8 processes
srun: job 129648 queued and waiting for resources
srun: job 129648 has been allocated resources
Running with 8 processes
srun: job 129649 queued and waiting for resources
srun: job 129649 has been allocated resources
Running with 8 processes
srun: job 129650 queued and waiting for resources
srun: job 129650 has been allocated resources
Running with 8 processes
srun: job 129651 queued and waiting for resources
srun: job 129651 has been allocated resources
Running with 8 processes
srun: job 129652 queued and waiting for resources
srun: job 129652 has been allocated resources
Running with 8 processes
srun: job 129653 queued and waiting for resources
srun: job 129653 has been allocated resources
Running with 8 processes
srun: job 129654 queued and waiting for resources
srun: job 129654 has been allocated resources
Running with 8 processes
srun: job 129655 queued and waiting for resources
srun: job 129655 has been allocated resources
Running with 8 processes
srun: job 129656 queued and waiting for resources
srun: job 129656 has been allocated resources
Running with 8 processes
srun: job 129657 queued and waiting for resources
srun: job 129657 has been allocated resources
Running with 8 processes
srun: job 129658 queued and waiting for resources
srun: job 129658 has been allocated resources
Running with 8 processes
srun: job 129659 queued and waiting for resources
srun: job 129659 has been allocated resources
Running with 8 processes
srun: job 129660 queued and waiting for resources
srun: job 129660 has been allocated resources
Running with 8 processes
srun: job 129661 queued and waiting for resources
srun: job 129661 has been allocated resources
Running with 8 processes
srun: job 129662 queued and waiting for resources
srun: job 129662 has been allocated resources
Running with 8 processes
srun: job 129663 queued and waiting for resources
srun: job 129663 has been allocated resources
Running with 8 processes
srun: job 129664 queued and waiting for resources
srun: job 129664 has been allocated resources
Running with 8 processes
srun: job 129665 queued and waiting for resources
srun: job 129665 has been allocated resources
Running with 8 processes
srun: job 129666 queued and waiting for resources
srun: job 129666 has been allocated resources
Running with 8 processes
srun: job 129667 queued and waiting for resources
srun: job 129667 has been allocated resources
Running with 8 processes
srun: job 129668 queued and waiting for resources
srun: job 129668 has been allocated resources
Running with 8 processes
srun: job 129669 queued and waiting for resources
srun: job 129669 has been allocated resources
Running with 8 processes
srun: job 129670 queued and waiting for resources
srun: job 129670 has been allocated resources
Running with 8 processes
srun: job 129671 queued and waiting for resources
srun: job 129671 has been allocated resources
Running with 8 processes
srun: job 129672 queued and waiting for resources
srun: job 129672 has been allocated resources
Running with 8 processes
srun: job 129673 queued and waiting for resources
srun: job 129673 has been allocated resources
Running with 8 processes
srun: job 129674 queued and waiting for resources
srun: job 129674 has been allocated resources
Running with 8 processes
srun: job 129675 queued and waiting for resources
srun: job 129675 has been allocated resources
Running with 8 processes
srun: job 129676 queued and waiting for resources
srun: job 129676 has been allocated resources
Running with 8 processes
srun: job 129677 queued and waiting for resources
srun: job 129677 has been allocated resources
Running with 8 processes
srun: job 129678 queued and waiting for resources
srun: job 129678 has been allocated resources
Running with 8 processes
srun: job 129679 queued and waiting for resources
srun: job 129679 has been allocated resources
Running with 8 processes
srun: job 129680 queued and waiting for resources
srun: job 129680 has been allocated resources
Running with 8 processes
srun: job 129681 queued and waiting for resources
srun: job 129681 has been allocated resources
Running with 8 processes
srun: job 129682 queued and waiting for resources
srun: job 129682 has been allocated resources
Running with 8 processes
srun: job 129683 queued and waiting for resources
srun: job 129683 has been allocated resources
Running with 8 processes
srun: job 129684 queued and waiting for resources
srun: job 129684 has been allocated resources
Running with 8 processes
srun: job 129685 queued and waiting for resources
srun: job 129685 has been allocated resources
Running with 8 processes
srun: job 129686 queued and waiting for resources
srun: job 129686 has been allocated resources
Running with 8 processes
srun: job 129687 queued and waiting for resources
srun: job 129687 has been allocated resources
Running with 8 processes
srun: job 129688 queued and waiting for resources
srun: job 129688 has been allocated resources
Running with 8 processes
srun: job 129689 queued and waiting for resources
srun: job 129689 has been allocated resources
Running with 8 processes
srun: job 129690 queued and waiting for resources
srun: job 129690 has been allocated resources
Running with 8 processes
srun: job 129691 queued and waiting for resources
srun: job 129691 has been allocated resources
Running with 8 processes
srun: job 129692 queued and waiting for resources
srun: job 129692 has been allocated resources
Running with 8 processes
srun: job 129693 queued and waiting for resources
srun: job 129693 has been allocated resources
Running with 8 processes
srun: job 129694 queued and waiting for resources
srun: job 129694 has been allocated resources
Running with 8 processes
srun: job 129695 queued and waiting for resources
srun: job 129695 has been allocated resources
Running with 8 processes
srun: job 129696 queued and waiting for resources
srun: job 129696 has been allocated resources
Running with 8 processes
srun: job 129697 queued and waiting for resources
srun: job 129697 has been allocated resources
Running with 8 processes
srun: job 129698 queued and waiting for resources
srun: job 129698 has been allocated resources
Running with 8 processes
srun: job 129699 queued and waiting for resources
srun: job 129699 has been allocated resources
Running with 8 processes
srun: job 129700 queued and waiting for resources
srun: job 129700 has been allocated resources
Running with 8 processes
srun: job 129701 queued and waiting for resources
srun: job 129701 has been allocated resources
Running with 8 processes
srun: job 129702 queued and waiting for resources
srun: job 129702 has been allocated resources
Running with 8 processes
srun: job 129703 queued and waiting for resources
srun: job 129703 has been allocated resources
Running with 8 processes
srun: job 129704 queued and waiting for resources
srun: job 129704 has been allocated resources
Running with 8 processes
srun: job 129705 queued and waiting for resources
srun: job 129705 has been allocated resources
Running with 8 processes
srun: job 129706 queued and waiting for resources
srun: job 129706 has been allocated resources
Running with 8 processes
srun: job 129707 queued and waiting for resources
srun: job 129707 has been allocated resources
Running with 8 processes
srun: job 129708 queued and waiting for resources
srun: job 129708 has been allocated resources
Running with 8 processes
srun: job 129709 queued and waiting for resources
srun: job 129709 has been allocated resources
Running with 8 processes
srun: job 129710 queued and waiting for resources
srun: job 129710 has been allocated resources
Running with 8 processes
srun: job 129711 queued and waiting for resources
srun: job 129711 has been allocated resources
Running with 8 processes
srun: job 129712 queued and waiting for resources
srun: job 129712 has been allocated resources
Running with 8 processes
srun: job 129713 queued and waiting for resources
srun: job 129713 has been allocated resources
Running with 8 processes
srun: job 129714 queued and waiting for resources
srun: job 129714 has been allocated resources
Running with 8 processes
srun: job 129715 queued and waiting for resources
srun: job 129715 has been allocated resources
Running with 8 processes
srun: job 129716 queued and waiting for resources
srun: job 129716 has been allocated resources
Running with 8 processes
srun: job 129717 queued and waiting for resources
srun: job 129717 has been allocated resources
Running with 8 processes
srun: job 129718 queued and waiting for resources
srun: job 129718 has been allocated resources
Running with 8 processes
srun: job 129719 queued and waiting for resources
srun: job 129719 has been allocated resources
Running with 8 processes
srun: job 129720 queued and waiting for resources
srun: job 129720 has been allocated resources
Running with 8 processes
srun: job 129721 queued and waiting for resources
srun: job 129721 has been allocated resources
Running with 8 processes
srun: job 129722 queued and waiting for resources
srun: job 129722 has been allocated resources
Running with 8 processes
srun: job 129723 queued and waiting for resources
srun: job 129723 has been allocated resources
Running with 8 processes
srun: job 129724 queued and waiting for resources
srun: job 129724 has been allocated resources
Running with 8 processes
srun: job 129725 queued and waiting for resources
srun: job 129725 has been allocated resources
Running with 8 processes
srun: job 129726 queued and waiting for resources
srun: job 129726 has been allocated resources
Running with 8 processes
srun: job 129727 queued and waiting for resources
srun: job 129727 has been allocated resources
Running with 8 processes
srun: job 129728 queued and waiting for resources
srun: job 129728 has been allocated resources
Running with 8 processes
srun: job 129729 queued and waiting for resources
srun: job 129729 has been allocated resources
Running with 8 processes
srun: job 129730 queued and waiting for resources
srun: job 129730 has been allocated resources
Running with 8 processes
srun: job 129731 queued and waiting for resources
srun: job 129731 has been allocated resources
Running with 8 processes
srun: job 129732 queued and waiting for resources
srun: job 129732 has been allocated resources
Running with 8 processes
srun: job 129733 queued and waiting for resources
srun: job 129733 has been allocated resources
Running with 8 processes
srun: job 129734 queued and waiting for resources
srun: job 129734 has been allocated resources
Running with 8 processes
srun: job 129735 queued and waiting for resources
srun: job 129735 has been allocated resources
Running with 8 processes
srun: job 129736 queued and waiting for resources
srun: job 129736 has been allocated resources
Running with 8 processes
srun: job 129737 queued and waiting for resources
srun: job 129737 has been allocated resources
Running with 8 processes
srun: job 129738 queued and waiting for resources
srun: job 129738 has been allocated resources
Running with 8 processes
srun: job 129739 queued and waiting for resources
srun: job 129739 has been allocated resources
Running with 8 processes
srun: job 129740 queued and waiting for resources
srun: job 129740 has been allocated resources
Running with 8 processes
srun: job 129741 queued and waiting for resources
srun: job 129741 has been allocated resources
Running with 8 processes
srun: job 129742 queued and waiting for resources
srun: job 129742 has been allocated resources
Running with 8 processes
srun: job 129743 queued and waiting for resources
srun: job 129743 has been allocated resources
Running with 8 processes
srun: job 129744 queued and waiting for resources
srun: job 129744 has been allocated resources
Running with 8 processes
srun: job 129745 queued and waiting for resources
srun: job 129745 has been allocated resources
Running with 8 processes
srun: job 129746 queued and waiting for resources
srun: job 129746 has been allocated resources
Running with 8 processes
srun: job 129747 queued and waiting for resources
srun: job 129747 has been allocated resources
Running with 8 processes
srun: job 129748 queued and waiting for resources
srun: job 129748 has been allocated resources
Running with 8 processes
srun: job 129749 queued and waiting for resources
srun: job 129749 has been allocated resources
Running with 8 processes
srun: job 129750 queued and waiting for resources
srun: job 129750 has been allocated resources
Running with 8 processes
srun: job 129751 queued and waiting for resources
srun: job 129751 has been allocated resources
Running with 8 processes
srun: job 129752 queued and waiting for resources
srun: job 129752 has been allocated resources
Running with 8 processes
srun: job 129753 queued and waiting for resources
srun: job 129753 has been allocated resources
Running with 8 processes
srun: job 129754 queued and waiting for resources
srun: job 129754 has been allocated resources
Running with 8 processes
srun: job 129755 queued and waiting for resources
srun: job 129755 has been allocated resources
Running with 8 processes
srun: job 129756 queued and waiting for resources
srun: job 129756 has been allocated resources
Running with 8 processes
srun: job 129757 queued and waiting for resources
srun: job 129757 has been allocated resources
Running with 8 processes
srun: job 129758 queued and waiting for resources
srun: job 129758 has been allocated resources
Running with 8 processes
srun: job 129759 queued and waiting for resources
srun: job 129759 has been allocated resources
Running with 8 processes
srun: job 129760 queued and waiting for resources
srun: job 129760 has been allocated resources
Running with 8 processes
srun: job 129761 queued and waiting for resources
srun: job 129761 has been allocated resources
Running with 8 processes
srun: job 129762 queued and waiting for resources
srun: job 129762 has been allocated resources
Running with 8 processes
srun: job 129763 queued and waiting for resources
srun: job 129763 has been allocated resources
Running with 8 processes
srun: job 129764 queued and waiting for resources
srun: job 129764 has been allocated resources
Running with 8 processes
srun: job 129765 queued and waiting for resources
srun: job 129765 has been allocated resources
Running with 8 processes
srun: job 129766 queued and waiting for resources
srun: job 129766 has been allocated resources
Running with 8 processes
srun: job 129767 queued and waiting for resources
srun: job 129767 has been allocated resources
Running with 8 processes
srun: job 129768 queued and waiting for resources
srun: job 129768 has been allocated resources
Running with 8 processes
srun: job 129769 queued and waiting for resources
srun: job 129769 has been allocated resources
Running with 8 processes
srun: job 129770 queued and waiting for resources
srun: job 129770 has been allocated resources
Running with 8 processes
srun: job 129771 queued and waiting for resources
srun: job 129771 has been allocated resources
Running with 8 processes
srun: job 129772 queued and waiting for resources
srun: job 129772 has been allocated resources
Running with 8 processes
srun: job 129773 queued and waiting for resources
srun: job 129773 has been allocated resources
Running with 8 processes
srun: job 129774 queued and waiting for resources
srun: job 129774 has been allocated resources
Running with 8 processes
srun: job 129775 queued and waiting for resources
srun: job 129775 has been allocated resources
Running with 8 processes
srun: job 129776 queued and waiting for resources
srun: job 129776 has been allocated resources
Running with 8 processes
srun: job 129777 queued and waiting for resources
srun: job 129777 has been allocated resources
Running with 8 processes
srun: job 129778 queued and waiting for resources
srun: job 129778 has been allocated resources
Running with 8 processes
srun: job 129779 queued and waiting for resources
srun: job 129779 has been allocated resources
Running with 8 processes
srun: job 129780 queued and waiting for resources
srun: job 129780 has been allocated resources
Running with 8 processes
srun: job 129781 queued and waiting for resources
srun: job 129781 has been allocated resources
Running with 8 processes
srun: job 129782 queued and waiting for resources
srun: job 129782 has been allocated resources
Running with 8 processes
srun: job 129783 queued and waiting for resources
srun: job 129783 has been allocated resources
Running with 8 processes
srun: job 129784 queued and waiting for resources
srun: job 129784 has been allocated resources
Running with 8 processes
srun: job 129785 queued and waiting for resources
srun: job 129785 has been allocated resources
Running with 8 processes
srun: job 129786 queued and waiting for resources
srun: job 129786 has been allocated resources
Running with 8 processes
srun: job 129787 queued and waiting for resources
srun: job 129787 has been allocated resources
Running with 8 processes
srun: job 129788 queued and waiting for resources
srun: job 129788 has been allocated resources
Running with 8 processes
srun: job 129789 queued and waiting for resources
srun: job 129789 has been allocated resources
Running with 8 processes
srun: job 129790 queued and waiting for resources
srun: job 129790 has been allocated resources
Running with 8 processes
srun: job 129791 queued and waiting for resources
srun: job 129791 has been allocated resources
Running with 8 processes
srun: job 129792 queued and waiting for resources
srun: job 129792 has been allocated resources
Running with 8 processes
srun: job 129793 queued and waiting for resources
srun: job 129793 has been allocated resources
Running with 8 processes
srun: job 129794 queued and waiting for resources
srun: job 129794 has been allocated resources
Running with 8 processes
srun: job 129795 queued and waiting for resources
srun: job 129795 has been allocated resources
Running with 8 processes
srun: job 129796 queued and waiting for resources
srun: job 129796 has been allocated resources
Running with 8 processes
srun: job 129797 queued and waiting for resources
srun: job 129797 has been allocated resources
Running with 8 processes
srun: job 129798 queued and waiting for resources
srun: job 129798 has been allocated resources
Running with 8 processes
srun: job 129799 queued and waiting for resources
srun: job 129799 has been allocated resources
Running with 8 processes
srun: job 129800 queued and waiting for resources
srun: job 129800 has been allocated resources
Running with 8 processes
srun: job 129801 queued and waiting for resources
srun: job 129801 has been allocated resources
Running with 8 processes
srun: job 129802 queued and waiting for resources
srun: job 129802 has been allocated resources
Running with 8 processes
srun: job 129803 queued and waiting for resources
srun: job 129803 has been allocated resources
Running with 8 processes
srun: job 129804 queued and waiting for resources
srun: job 129804 has been allocated resources
Running with 8 processes
srun: job 129805 queued and waiting for resources
srun: job 129805 has been allocated resources
Running with 8 processes
srun: job 129806 queued and waiting for resources
srun: job 129806 has been allocated resources
Running with 8 processes
srun: job 129807 queued and waiting for resources
srun: job 129807 has been allocated resources
Running with 8 processes
srun: job 129808 queued and waiting for resources
srun: job 129808 has been allocated resources
Running with 8 processes
srun: job 129809 queued and waiting for resources
srun: job 129809 has been allocated resources
Running with 8 processes
srun: job 129810 queued and waiting for resources
srun: job 129810 has been allocated resources
Running with 8 processes
srun: job 129811 queued and waiting for resources
srun: job 129811 has been allocated resources
Running with 8 processes
srun: job 129812 queued and waiting for resources
srun: job 129812 has been allocated resources
Running with 8 processes
srun: job 129813 queued and waiting for resources
srun: job 129813 has been allocated resources
Running with 8 processes
srun: job 129814 queued and waiting for resources
srun: job 129814 has been allocated resources
Running with 8 processes
srun: job 129815 queued and waiting for resources
srun: job 129815 has been allocated resources
Running with 8 processes
srun: job 129816 queued and waiting for resources
srun: job 129816 has been allocated resources
Running with 8 processes
srun: job 129817 queued and waiting for resources
srun: job 129817 has been allocated resources
Running with 8 processes
srun: job 129818 queued and waiting for resources
srun: job 129818 has been allocated resources
Running with 8 processes
srun: job 129819 queued and waiting for resources
srun: job 129819 has been allocated resources
Running with 8 processes
srun: job 129820 queued and waiting for resources
srun: job 129820 has been allocated resources
Running with 8 processes
srun: job 129821 queued and waiting for resources
srun: job 129821 has been allocated resources
Running with 8 processes
srun: job 129822 queued and waiting for resources
srun: job 129822 has been allocated resources
Running with 8 processes
srun: job 129823 queued and waiting for resources
srun: job 129823 has been allocated resources
Running with 8 processes
srun: job 129824 queued and waiting for resources
srun: job 129824 has been allocated resources
Running with 8 processes
srun: job 129825 queued and waiting for resources
srun: job 129825 has been allocated resources
Running with 8 processes
srun: job 129826 queued and waiting for resources
srun: job 129826 has been allocated resources
Running with 8 processes
srun: job 129827 queued and waiting for resources
srun: job 129827 has been allocated resources
Running with 8 processes
srun: job 129828 queued and waiting for resources
srun: job 129828 has been allocated resources
Running with 8 processes
srun: job 129829 queued and waiting for resources
srun: job 129829 has been allocated resources
Running with 8 processes
srun: job 129830 queued and waiting for resources
srun: job 129830 has been allocated resources
Running with 8 processes
srun: job 129831 queued and waiting for resources
srun: job 129831 has been allocated resources
Running with 8 processes
srun: job 129832 queued and waiting for resources
srun: job 129832 has been allocated resources
Running with 8 processes
srun: job 129833 queued and waiting for resources
srun: job 129833 has been allocated resources
Running with 8 processes
srun: job 129834 queued and waiting for resources
srun: job 129834 has been allocated resources
Running with 8 processes
srun: job 129835 queued and waiting for resources
srun: job 129835 has been allocated resources
Running with 8 processes
srun: job 129836 queued and waiting for resources
srun: job 129836 has been allocated resources
Running with 8 processes
srun: job 129837 queued and waiting for resources
srun: job 129837 has been allocated resources
Running with 8 processes
srun: job 129838 queued and waiting for resources
srun: job 129838 has been allocated resources
Running with 8 processes
srun: job 129839 queued and waiting for resources
srun: job 129839 has been allocated resources
Running with 8 processes
srun: job 129840 queued and waiting for resources
srun: job 129840 has been allocated resources
Running with 8 processes
srun: job 129841 queued and waiting for resources
srun: job 129841 has been allocated resources
Running with 8 processes
srun: job 129842 queued and waiting for resources
srun: job 129842 has been allocated resources
Running with 8 processes
srun: job 129843 queued and waiting for resources
srun: job 129843 has been allocated resources
Running with 8 processes
srun: job 129844 queued and waiting for resources
srun: job 129844 has been allocated resources
Running with 8 processes
srun: job 129845 queued and waiting for resources
srun: job 129845 has been allocated resources
Running with 8 processes
srun: job 129846 queued and waiting for resources
srun: job 129846 has been allocated resources
Running with 8 processes
srun: job 129847 queued and waiting for resources
srun: job 129847 has been allocated resources
Running with 8 processes
srun: job 129848 queued and waiting for resources
srun: job 129848 has been allocated resources
Running with 8 processes
srun: job 129849 queued and waiting for resources
srun: job 129849 has been allocated resources
Running with 8 processes
srun: job 129850 queued and waiting for resources
srun: job 129850 has been allocated resources
Running with 8 processes
srun: job 129851 queued and waiting for resources
srun: job 129851 has been allocated resources
Running with 8 processes
srun: job 129852 queued and waiting for resources
srun: job 129852 has been allocated resources
Running with 8 processes
srun: job 129853 queued and waiting for resources
srun: job 129853 has been allocated resources
Running with 8 processes
srun: job 129854 queued and waiting for resources
srun: job 129854 has been allocated resources
Running with 8 processes
srun: job 129855 queued and waiting for resources
srun: job 129855 has been allocated resources
Running with 8 processes
srun: job 129856 queued and waiting for resources
srun: job 129856 has been allocated resources
Running with 8 processes
srun: job 129857 queued and waiting for resources
srun: job 129857 has been allocated resources
Running with 8 processes
srun: job 129858 queued and waiting for resources
srun: job 129858 has been allocated resources
Running with 8 processes
srun: job 129859 queued and waiting for resources
srun: job 129859 has been allocated resources
Running with 8 processes
srun: job 129860 queued and waiting for resources
srun: job 129860 has been allocated resources
Running with 8 processes
srun: job 129861 queued and waiting for resources
srun: job 129861 has been allocated resources
Running with 8 processes
srun: job 129862 queued and waiting for resources
srun: job 129862 has been allocated resources
Running with 8 processes
srun: job 129863 queued and waiting for resources
srun: job 129863 has been allocated resources
Running with 8 processes
srun: job 129864 queued and waiting for resources
srun: job 129864 has been allocated resources
Running with 8 processes
srun: job 129865 queued and waiting for resources
srun: job 129865 has been allocated resources
Running with 8 processes
srun: job 129866 queued and waiting for resources
srun: job 129866 has been allocated resources
Running with 8 processes
srun: job 129867 queued and waiting for resources
srun: job 129867 has been allocated resources
Running with 8 processes
srun: job 129868 queued and waiting for resources
srun: job 129868 has been allocated resources
Running with 8 processes
srun: job 129869 queued and waiting for resources
srun: job 129869 has been allocated resources
Running with 8 processes
srun: job 129870 queued and waiting for resources
srun: job 129870 has been allocated resources
Running with 8 processes
srun: job 129871 queued and waiting for resources
srun: job 129871 has been allocated resources
Running with 8 processes
srun: job 129872 queued and waiting for resources
srun: job 129872 has been allocated resources
Running with 8 processes
srun: job 129873 queued and waiting for resources
srun: job 129873 has been allocated resources
Running with 8 processes
srun: job 129874 queued and waiting for resources
srun: job 129874 has been allocated resources
Running with 8 processes
srun: job 129875 queued and waiting for resources
srun: job 129875 has been allocated resources
Running with 8 processes
srun: job 129876 queued and waiting for resources
srun: job 129876 has been allocated resources
Running with 8 processes
srun: job 129877 queued and waiting for resources
srun: job 129877 has been allocated resources
Running with 8 processes
srun: job 129878 queued and waiting for resources
srun: job 129878 has been allocated resources
Running with 8 processes
srun: job 129879 queued and waiting for resources
srun: job 129879 has been allocated resources
Running with 8 processes
srun: job 129880 queued and waiting for resources
srun: job 129880 has been allocated resources
Running with 8 processes
srun: job 129881 queued and waiting for resources
srun: job 129881 has been allocated resources
Running with 8 processes
srun: job 129882 queued and waiting for resources
srun: job 129882 has been allocated resources
Running with 8 processes
srun: job 129883 queued and waiting for resources
srun: job 129883 has been allocated resources
Running with 8 processes
srun: job 129884 queued and waiting for resources
srun: job 129884 has been allocated resources
Running with 8 processes
srun: job 129885 queued and waiting for resources
srun: job 129885 has been allocated resources
Running with 8 processes
srun: job 129886 queued and waiting for resources
srun: job 129886 has been allocated resources
Running with 8 processes
srun: job 129887 queued and waiting for resources
srun: job 129887 has been allocated resources
Running with 8 processes
srun: job 129888 queued and waiting for resources
srun: job 129888 has been allocated resources
Running with 8 processes
srun: job 129889 queued and waiting for resources
srun: job 129889 has been allocated resources
Running with 8 processes
srun: job 129890 queued and waiting for resources
srun: job 129890 has been allocated resources
Running with 8 processes
