Running the following algorithm implementations
build/examples/noarr/gemmScatter-noarr-C_SCATTER_I_MAJOR-A_SCATTER_I_MAJOR-B_SCATTER_J_MAJOR-EXTRALARGE-FLOAT-C_TILE_J_MAJOR-A_TILE_I_MAJOR-B_TILE_J_MAJOR
build/examples/noarr/gemmScatter-noarr-C_SCATTER_J_MAJOR-A_SCATTER_K_MAJOR-B_SCATTER_K_MAJOR-EXTRALARGE-FLOAT-C_TILE_J_MAJOR-A_TILE_I_MAJOR-B_TILE_J_MAJOR
build/examples/noarr/gemmScatter-noarr-C_SCATTER_J_MAJOR-A_SCATTER_K_MAJOR-B_SCATTER_J_MAJOR-SMALL-FLOAT-C_TILE_J_MAJOR-A_TILE_I_MAJOR-B_TILE_J_MAJOR
build/examples/noarr/gemmScatter-noarr-C_SCATTER_I_MAJOR-A_SCATTER_I_MAJOR-B_SCATTER_J_MAJOR-SMALL-FLOAT-C_TILE_J_MAJOR-A_TILE_K_MAJOR-B_TILE_J_MAJOR
build/examples/noarr/gemmScatter-noarr-C_SCATTER_I_MAJOR-A_SCATTER_K_MAJOR-B_SCATTER_J_MAJOR-LARGE-FLOAT-C_TILE_J_MAJOR-A_TILE_I_MAJOR-B_TILE_J_MAJOR
build/examples/noarr/gemmScatter-noarr-C_SCATTER_I_MAJOR-A_SCATTER_K_MAJOR-B_SCATTER_J_MAJOR-SMALL-FLOAT-C_TILE_J_MAJOR-A_TILE_I_MAJOR-B_TILE_J_MAJOR
build/examples/noarr/gemmScatter-noarr-C_SCATTER_I_MAJOR-A_SCATTER_I_MAJOR-B_SCATTER_K_MAJOR-MEDIUM-FLOAT-C_TILE_J_MAJOR-A_TILE_K_MAJOR-B_TILE_K_MAJOR
build/examples/noarr/gemmScatter-noarr-C_SCATTER_I_MAJOR-A_SCATTER_K_MAJOR-B_SCATTER_J_MAJOR-LARGE-FLOAT-C_TILE_J_MAJOR-A_TILE_I_MAJOR-B_TILE_K_MAJOR
build/examples/noarr/gemmScatter-noarr-C_SCATTER_J_MAJOR-A_SCATTER_I_MAJOR-B_SCATTER_J_MAJOR-LARGE-FLOAT-C_TILE_I_MAJOR-A_TILE_K_MAJOR-B_TILE_K_MAJOR
build/examples/noarr/gemmScatter-noarr-C_SCATTER_J_MAJOR-A_SCATTER_K_MAJOR-B_SCATTER_J_MAJOR-EXTRALARGE-FLOAT-C_TILE_J_MAJOR-A_TILE_I_MAJOR-B_TILE_K_MAJOR
build/examples/noarr/gemmScatter-noarr-C_SCATTER_J_MAJOR-A_SCATTER_K_MAJOR-B_SCATTER_J_MAJOR-MINI-FLOAT-C_TILE_I_MAJOR-A_TILE_I_MAJOR-B_TILE_J_MAJOR
build/examples/noarr/gemmScatter-noarr-C_SCATTER_I_MAJOR-A_SCATTER_I_MAJOR-B_SCATTER_K_MAJOR-SMALL-FLOAT-C_TILE_J_MAJOR-A_TILE_I_MAJOR-B_TILE_K_MAJOR
build/examples/noarr/gemmScatter-noarr-C_SCATTER_J_MAJOR-A_SCATTER_I_MAJOR-B_SCATTER_J_MAJOR-MINI-FLOAT-C_TILE_I_MAJOR-A_TILE_I_MAJOR-B_TILE_K_MAJOR
build/examples/noarr/gemmScatter-noarr-C_SCATTER_I_MAJOR-A_SCATTER_I_MAJOR-B_SCATTER_K_MAJOR-MEDIUM-FLOAT-C_TILE_I_MAJOR-A_TILE_I_MAJOR-B_TILE_J_MAJOR
build/examples/noarr/gemmScatter-noarr-C_SCATTER_J_MAJOR-A_SCATTER_I_MAJOR-B_SCATTER_K_MAJOR-SMALL-FLOAT-C_TILE_I_MAJOR-A_TILE_K_MAJOR-B_TILE_J_MAJOR
build/examples/noarr/gemmScatter-noarr-C_SCATTER_I_MAJOR-A_SCATTER_K_MAJOR-B_SCATTER_K_MAJOR-EXTRALARGE-FLOAT-C_TILE_I_MAJOR-A_TILE_I_MAJOR-B_TILE_J_MAJOR
build/examples/noarr/gemmScatter-noarr-C_SCATTER_I_MAJOR-A_SCATTER_K_MAJOR-B_SCATTER_K_MAJOR-EXTRALARGE-FLOAT-C_TILE_J_MAJOR-A_TILE_K_MAJOR-B_TILE_J_MAJOR
build/examples/noarr/gemmScatter-noarr-C_SCATTER_I_MAJOR-A_SCATTER_I_MAJOR-B_SCATTER_J_MAJOR-MEDIUM-FLOAT-C_TILE_J_MAJOR-A_TILE_K_MAJOR-B_TILE_J_MAJOR
build/examples/noarr/gemmScatter-noarr-C_SCATTER_I_MAJOR-A_SCATTER_I_MAJOR-B_SCATTER_J_MAJOR-MINI-FLOAT-C_TILE_J_MAJOR-A_TILE_K_MAJOR-B_TILE_J_MAJOR
build/examples/noarr/gemmScatter-noarr-C_SCATTER_I_MAJOR-A_SCATTER_K_MAJOR-B_SCATTER_J_MAJOR-MINI-FLOAT-C_TILE_I_MAJOR-A_TILE_I_MAJOR-B_TILE_J_MAJOR
build/examples/noarr/gemmScatter-noarr-C_SCATTER_J_MAJOR-A_SCATTER_K_MAJOR-B_SCATTER_J_MAJOR-LARGE-FLOAT-C_TILE_J_MAJOR-A_TILE_I_MAJOR-B_TILE_J_MAJOR
build/examples/noarr/gemmScatter-noarr-C_SCATTER_J_MAJOR-A_SCATTER_K_MAJOR-B_SCATTER_J_MAJOR-MEDIUM-FLOAT-C_TILE_J_MAJOR-A_TILE_I_MAJOR-B_TILE_K_MAJOR
build/examples/noarr/gemmScatter-noarr-C_SCATTER_I_MAJOR-A_SCATTER_I_MAJOR-B_SCATTER_J_MAJOR-LARGE-FLOAT-C_TILE_I_MAJOR-A_TILE_K_MAJOR-B_TILE_K_MAJOR
build/examples/noarr/gemmScatter-noarr-C_SCATTER_J_MAJOR-A_SCATTER_I_MAJOR-B_SCATTER_K_MAJOR-LARGE-FLOAT-C_TILE_J_MAJOR-A_TILE_I_MAJOR-B_TILE_J_MAJOR
build/examples/noarr/gemmScatter-noarr-C_SCATTER_I_MAJOR-A_SCATTER_K_MAJOR-B_SCATTER_J_MAJOR-LARGE-FLOAT-C_TILE_I_MAJOR-A_TILE_K_MAJOR-B_TILE_K_MAJOR
build/examples/noarr/gemmScatter-noarr-C_SCATTER_J_MAJOR-A_SCATTER_K_MAJOR-B_SCATTER_K_MAJOR-MINI-FLOAT-C_TILE_J_MAJOR-A_TILE_I_MAJOR-B_TILE_J_MAJOR
build/examples/noarr/gemmScatter-noarr-C_SCATTER_J_MAJOR-A_SCATTER_I_MAJOR-B_SCATTER_J_MAJOR-MEDIUM-FLOAT-C_TILE_I_MAJOR-A_TILE_I_MAJOR-B_TILE_K_MAJOR
build/examples/noarr/gemmScatter-noarr-C_SCATTER_J_MAJOR-A_SCATTER_K_MAJOR-B_SCATTER_J_MAJOR-MINI-FLOAT-C_TILE_J_MAJOR-A_TILE_K_MAJOR-B_TILE_K_MAJOR
build/examples/noarr/gemmScatter-noarr-C_SCATTER_I_MAJOR-A_SCATTER_I_MAJOR-B_SCATTER_K_MAJOR-EXTRALARGE-FLOAT-C_TILE_I_MAJOR-A_TILE_I_MAJOR-B_TILE_J_MAJOR
build/examples/noarr/gemmScatter-noarr-C_SCATTER_J_MAJOR-A_SCATTER_I_MAJOR-B_SCATTER_K_MAJOR-MEDIUM-FLOAT-C_TILE_J_MAJOR-A_TILE_K_MAJOR-B_TILE_J_MAJOR
build/examples/noarr/gemmScatter-noarr-C_SCATTER_J_MAJOR-A_SCATTER_I_MAJOR-B_SCATTER_K_MAJOR-MINI-FLOAT-C_TILE_J_MAJOR-A_TILE_K_MAJOR-B_TILE_J_MAJOR
build/examples/noarr/gemmScatter-noarr-C_SCATTER_J_MAJOR-A_SCATTER_K_MAJOR-B_SCATTER_K_MAJOR-LARGE-FLOAT-C_TILE_I_MAJOR-A_TILE_K_MAJOR-B_TILE_K_MAJOR
build/examples/noarr/gemmScatter-noarr-C_SCATTER_J_MAJOR-A_SCATTER_I_MAJOR-B_SCATTER_J_MAJOR-SMALL-FLOAT-C_TILE_I_MAJOR-A_TILE_I_MAJOR-B_TILE_K_MAJOR
build/examples/noarr/gemmScatter-noarr-C_SCATTER_J_MAJOR-A_SCATTER_I_MAJOR-B_SCATTER_J_MAJOR-EXTRALARGE-FLOAT-C_TILE_I_MAJOR-A_TILE_I_MAJOR-B_TILE_J_MAJOR
build/examples/noarr/gemmScatter-noarr-C_SCATTER_I_MAJOR-A_SCATTER_I_MAJOR-B_SCATTER_J_MAJOR-LARGE-FLOAT-C_TILE_J_MAJOR-A_TILE_I_MAJOR-B_TILE_K_MAJOR
build/examples/noarr/gemmScatter-noarr-C_SCATTER_J_MAJOR-A_SCATTER_I_MAJOR-B_SCATTER_J_MAJOR-LARGE-FLOAT-C_TILE_J_MAJOR-A_TILE_I_MAJOR-B_TILE_J_MAJOR
build/examples/noarr/gemmScatter-noarr-C_SCATTER_J_MAJOR-A_SCATTER_K_MAJOR-B_SCATTER_K_MAJOR-EXTRALARGE-FLOAT-C_TILE_J_MAJOR-A_TILE_I_MAJOR-B_TILE_K_MAJOR
build/examples/noarr/gemmScatter-noarr-C_SCATTER_J_MAJOR-A_SCATTER_I_MAJOR-B_SCATTER_K_MAJOR-MINI-FLOAT-C_TILE_I_MAJOR-A_TILE_I_MAJOR-B_TILE_K_MAJOR
build/examples/noarr/gemmScatter-noarr-C_SCATTER_I_MAJOR-A_SCATTER_K_MAJOR-B_SCATTER_J_MAJOR-SMALL-FLOAT-C_TILE_I_MAJOR-A_TILE_K_MAJOR-B_TILE_K_MAJOR
build/examples/noarr/gemmScatter-noarr-C_SCATTER_J_MAJOR-A_SCATTER_K_MAJOR-B_SCATTER_K_MAJOR-EXTRALARGE-FLOAT-C_TILE_I_MAJOR-A_TILE_K_MAJOR-B_TILE_J_MAJOR
build/examples/noarr/gemmScatter-noarr-C_SCATTER_I_MAJOR-A_SCATTER_I_MAJOR-B_SCATTER_J_MAJOR-SMALL-FLOAT-C_TILE_I_MAJOR-A_TILE_K_MAJOR-B_TILE_K_MAJOR
build/examples/noarr/gemmScatter-noarr-C_SCATTER_J_MAJOR-A_SCATTER_K_MAJOR-B_SCATTER_J_MAJOR-SMALL-FLOAT-C_TILE_J_MAJOR-A_TILE_K_MAJOR-B_TILE_J_MAJOR
build/examples/noarr/gemmScatter-noarr-C_SCATTER_J_MAJOR-A_SCATTER_I_MAJOR-B_SCATTER_K_MAJOR-MINI-FLOAT-C_TILE_J_MAJOR-A_TILE_I_MAJOR-B_TILE_J_MAJOR
build/examples/noarr/gemmScatter-noarr-C_SCATTER_J_MAJOR-A_SCATTER_K_MAJOR-B_SCATTER_K_MAJOR-SMALL-FLOAT-C_TILE_I_MAJOR-A_TILE_I_MAJOR-B_TILE_K_MAJOR
build/examples/noarr/gemmScatter-noarr-C_SCATTER_I_MAJOR-A_SCATTER_I_MAJOR-B_SCATTER_K_MAJOR-MINI-FLOAT-C_TILE_J_MAJOR-A_TILE_I_MAJOR-B_TILE_J_MAJOR
build/examples/noarr/gemmScatter-noarr-C_SCATTER_I_MAJOR-A_SCATTER_I_MAJOR-B_SCATTER_K_MAJOR-SMALL-FLOAT-C_TILE_J_MAJOR-A_TILE_I_MAJOR-B_TILE_J_MAJOR
build/examples/noarr/gemmScatter-noarr-C_SCATTER_I_MAJOR-A_SCATTER_I_MAJOR-B_SCATTER_K_MAJOR-SMALL-FLOAT-C_TILE_J_MAJOR-A_TILE_K_MAJOR-B_TILE_J_MAJOR
build/examples/noarr/gemmScatter-noarr-C_SCATTER_I_MAJOR-A_SCATTER_K_MAJOR-B_SCATTER_K_MAJOR-SMALL-FLOAT-C_TILE_I_MAJOR-A_TILE_K_MAJOR-B_TILE_K_MAJOR
build/examples/noarr/gemmScatter-noarr-C_SCATTER_J_MAJOR-A_SCATTER_K_MAJOR-B_SCATTER_J_MAJOR-EXTRALARGE-FLOAT-C_TILE_I_MAJOR-A_TILE_I_MAJOR-B_TILE_J_MAJOR
build/examples/noarr/gemmScatter-noarr-C_SCATTER_J_MAJOR-A_SCATTER_K_MAJOR-B_SCATTER_J_MAJOR-LARGE-FLOAT-C_TILE_J_MAJOR-A_TILE_K_MAJOR-B_TILE_J_MAJOR
build/examples/noarr/gemmScatter-noarr-C_SCATTER_J_MAJOR-A_SCATTER_K_MAJOR-B_SCATTER_K_MAJOR-SMALL-FLOAT-C_TILE_J_MAJOR-A_TILE_K_MAJOR-B_TILE_J_MAJOR
build/examples/noarr/gemmScatter-noarr-C_SCATTER_I_MAJOR-A_SCATTER_I_MAJOR-B_SCATTER_K_MAJOR-LARGE-FLOAT-C_TILE_J_MAJOR-A_TILE_I_MAJOR-B_TILE_J_MAJOR
build/examples/noarr/gemmScatter-noarr-C_SCATTER_I_MAJOR-A_SCATTER_K_MAJOR-B_SCATTER_K_MAJOR-LARGE-FLOAT-C_TILE_J_MAJOR-A_TILE_K_MAJOR-B_TILE_K_MAJOR
build/examples/noarr/gemmScatter-noarr-C_SCATTER_J_MAJOR-A_SCATTER_K_MAJOR-B_SCATTER_J_MAJOR-LARGE-FLOAT-C_TILE_I_MAJOR-A_TILE_K_MAJOR-B_TILE_J_MAJOR
build/examples/noarr/gemmScatter-noarr-C_SCATTER_I_MAJOR-A_SCATTER_K_MAJOR-B_SCATTER_K_MAJOR-MINI-FLOAT-C_TILE_I_MAJOR-A_TILE_I_MAJOR-B_TILE_J_MAJOR
build/examples/noarr/gemmScatter-noarr-C_SCATTER_I_MAJOR-A_SCATTER_I_MAJOR-B_SCATTER_K_MAJOR-EXTRALARGE-FLOAT-C_TILE_I_MAJOR-A_TILE_K_MAJOR-B_TILE_J_MAJOR
build/examples/noarr/gemmScatter-noarr-C_SCATTER_I_MAJOR-A_SCATTER_K_MAJOR-B_SCATTER_J_MAJOR-SMALL-FLOAT-C_TILE_I_MAJOR-A_TILE_K_MAJOR-B_TILE_J_MAJOR
build/examples/noarr/gemmScatter-noarr-C_SCATTER_I_MAJOR-A_SCATTER_I_MAJOR-B_SCATTER_K_MAJOR-MEDIUM-FLOAT-C_TILE_I_MAJOR-A_TILE_K_MAJOR-B_TILE_K_MAJOR
build/examples/noarr/gemmScatter-noarr-C_SCATTER_I_MAJOR-A_SCATTER_I_MAJOR-B_SCATTER_K_MAJOR-LARGE-FLOAT-C_TILE_J_MAJOR-A_TILE_K_MAJOR-B_TILE_K_MAJOR
build/examples/noarr/gemmScatter-noarr-C_SCATTER_I_MAJOR-A_SCATTER_K_MAJOR-B_SCATTER_K_MAJOR-SMALL-FLOAT-C_TILE_I_MAJOR-A_TILE_I_MAJOR-B_TILE_J_MAJOR
build/examples/noarr/gemmScatter-noarr-C_SCATTER_J_MAJOR-A_SCATTER_I_MAJOR-B_SCATTER_K_MAJOR-MINI-FLOAT-C_TILE_J_MAJOR-A_TILE_I_MAJOR-B_TILE_K_MAJOR
build/examples/noarr/gemmScatter-noarr-C_SCATTER_J_MAJOR-A_SCATTER_I_MAJOR-B_SCATTER_J_MAJOR-MEDIUM-FLOAT-C_TILE_J_MAJOR-A_TILE_I_MAJOR-B_TILE_K_MAJOR
build/examples/noarr/gemmScatter-noarr-C_SCATTER_J_MAJOR-A_SCATTER_K_MAJOR-B_SCATTER_J_MAJOR-MEDIUM-FLOAT-C_TILE_J_MAJOR-A_TILE_I_MAJOR-B_TILE_J_MAJOR
build/examples/noarr/gemmScatter-noarr-C_SCATTER_I_MAJOR-A_SCATTER_K_MAJOR-B_SCATTER_J_MAJOR-MEDIUM-FLOAT-C_TILE_I_MAJOR-A_TILE_I_MAJOR-B_TILE_K_MAJOR
build/examples/noarr/gemmScatter-noarr-C_SCATTER_J_MAJOR-A_SCATTER_K_MAJOR-B_SCATTER_K_MAJOR-EXTRALARGE-FLOAT-C_TILE_I_MAJOR-A_TILE_K_MAJOR-B_TILE_K_MAJOR
build/examples/noarr/gemmScatter-noarr-C_SCATTER_J_MAJOR-A_SCATTER_K_MAJOR-B_SCATTER_J_MAJOR-MINI-FLOAT-C_TILE_I_MAJOR-A_TILE_K_MAJOR-B_TILE_K_MAJOR
build/examples/noarr/gemmScatter-noarr-C_SCATTER_I_MAJOR-A_SCATTER_I_MAJOR-B_SCATTER_K_MAJOR-MINI-FLOAT-C_TILE_I_MAJOR-A_TILE_K_MAJOR-B_TILE_J_MAJOR
build/examples/noarr/gemmScatter-noarr-C_SCATTER_J_MAJOR-A_SCATTER_K_MAJOR-B_SCATTER_J_MAJOR-EXTRALARGE-FLOAT-C_TILE_I_MAJOR-A_TILE_K_MAJOR-B_TILE_J_MAJOR
build/examples/noarr/gemmScatter-noarr-C_SCATTER_I_MAJOR-A_SCATTER_K_MAJOR-B_SCATTER_K_MAJOR-SMALL-FLOAT-C_TILE_I_MAJOR-A_TILE_I_MAJOR-B_TILE_K_MAJOR
build/examples/noarr/gemmScatter-noarr-C_SCATTER_I_MAJOR-A_SCATTER_K_MAJOR-B_SCATTER_K_MAJOR-MINI-FLOAT-C_TILE_I_MAJOR-A_TILE_K_MAJOR-B_TILE_K_MAJOR
build/examples/noarr/gemmScatter-noarr-C_SCATTER_J_MAJOR-A_SCATTER_I_MAJOR-B_SCATTER_J_MAJOR-EXTRALARGE-FLOAT-C_TILE_J_MAJOR-A_TILE_I_MAJOR-B_TILE_J_MAJOR
build/examples/noarr/gemmScatter-noarr-C_SCATTER_I_MAJOR-A_SCATTER_K_MAJOR-B_SCATTER_J_MAJOR-SMALL-FLOAT-C_TILE_J_MAJOR-A_TILE_I_MAJOR-B_TILE_K_MAJOR
build/examples/noarr/gemmScatter-noarr-C_SCATTER_J_MAJOR-A_SCATTER_K_MAJOR-B_SCATTER_K_MAJOR-EXTRALARGE-FLOAT-C_TILE_I_MAJOR-A_TILE_I_MAJOR-B_TILE_J_MAJOR
build/examples/noarr/gemmScatter-noarr-C_SCATTER_I_MAJOR-A_SCATTER_I_MAJOR-B_SCATTER_J_MAJOR-MINI-FLOAT-C_TILE_I_MAJOR-A_TILE_K_MAJOR-B_TILE_K_MAJOR
build/examples/noarr/gemmScatter-noarr-C_SCATTER_J_MAJOR-A_SCATTER_K_MAJOR-B_SCATTER_J_MAJOR-EXTRALARGE-FLOAT-C_TILE_I_MAJOR-A_TILE_K_MAJOR-B_TILE_K_MAJOR
build/examples/noarr/gemmScatter-noarr-C_SCATTER_J_MAJOR-A_SCATTER_K_MAJOR-B_SCATTER_K_MAJOR-MINI-FLOAT-C_TILE_I_MAJOR-A_TILE_I_MAJOR-B_TILE_K_MAJOR
build/examples/noarr/gemmScatter-noarr-C_SCATTER_I_MAJOR-A_SCATTER_I_MAJOR-B_SCATTER_K_MAJOR-EXTRALARGE-FLOAT-C_TILE_J_MAJOR-A_TILE_I_MAJOR-B_TILE_K_MAJOR
build/examples/noarr/gemmScatter-noarr-C_SCATTER_J_MAJOR-A_SCATTER_K_MAJOR-B_SCATTER_K_MAJOR-MEDIUM-FLOAT-C_TILE_J_MAJOR-A_TILE_I_MAJOR-B_TILE_J_MAJOR
build/examples/noarr/gemmScatter-noarr-C_SCATTER_I_MAJOR-A_SCATTER_K_MAJOR-B_SCATTER_K_MAJOR-SMALL-FLOAT-C_TILE_J_MAJOR-A_TILE_K_MAJOR-B_TILE_K_MAJOR
build/examples/noarr/gemmScatter-noarr-C_SCATTER_J_MAJOR-A_SCATTER_I_MAJOR-B_SCATTER_K_MAJOR-EXTRALARGE-FLOAT-C_TILE_I_MAJOR-A_TILE_K_MAJOR-B_TILE_K_MAJOR
build/examples/noarr/gemmScatter-noarr-C_SCATTER_I_MAJOR-A_SCATTER_I_MAJOR-B_SCATTER_K_MAJOR-MEDIUM-FLOAT-C_TILE_J_MAJOR-A_TILE_I_MAJOR-B_TILE_K_MAJOR
build/examples/noarr/gemmScatter-noarr-C_SCATTER_J_MAJOR-A_SCATTER_K_MAJOR-B_SCATTER_K_MAJOR-SMALL-FLOAT-C_TILE_J_MAJOR-A_TILE_I_MAJOR-B_TILE_J_MAJOR
build/examples/noarr/gemmScatter-noarr-C_SCATTER_I_MAJOR-A_SCATTER_I_MAJOR-B_SCATTER_K_MAJOR-EXTRALARGE-FLOAT-C_TILE_I_MAJOR-A_TILE_I_MAJOR-B_TILE_K_MAJOR
build/examples/noarr/gemmScatter-noarr-C_SCATTER_J_MAJOR-A_SCATTER_I_MAJOR-B_SCATTER_K_MAJOR-MINI-FLOAT-C_TILE_I_MAJOR-A_TILE_I_MAJOR-B_TILE_J_MAJOR
build/examples/noarr/gemmScatter-noarr-C_SCATTER_J_MAJOR-A_SCATTER_I_MAJOR-B_SCATTER_J_MAJOR-MINI-FLOAT-C_TILE_I_MAJOR-A_TILE_K_MAJOR-B_TILE_J_MAJOR
build/examples/noarr/gemmScatter-noarr-C_SCATTER_I_MAJOR-A_SCATTER_K_MAJOR-B_SCATTER_K_MAJOR-EXTRALARGE-FLOAT-C_TILE_J_MAJOR-A_TILE_K_MAJOR-B_TILE_K_MAJOR
build/examples/noarr/gemmScatter-noarr-C_SCATTER_I_MAJOR-A_SCATTER_I_MAJOR-B_SCATTER_J_MAJOR-EXTRALARGE-FLOAT-C_TILE_J_MAJOR-A_TILE_K_MAJOR-B_TILE_J_MAJOR
build/examples/noarr/gemmScatter-noarr-C_SCATTER_J_MAJOR-A_SCATTER_K_MAJOR-B_SCATTER_J_MAJOR-LARGE-FLOAT-C_TILE_J_MAJOR-A_TILE_I_MAJOR-B_TILE_K_MAJOR
build/examples/noarr/gemmScatter-noarr-C_SCATTER_J_MAJOR-A_SCATTER_K_MAJOR-B_SCATTER_K_MAJOR-LARGE-FLOAT-C_TILE_I_MAJOR-A_TILE_I_MAJOR-B_TILE_K_MAJOR
build/examples/noarr/gemmScatter-noarr-C_SCATTER_I_MAJOR-A_SCATTER_I_MAJOR-B_SCATTER_J_MAJOR-MINI-FLOAT-C_TILE_J_MAJOR-A_TILE_K_MAJOR-B_TILE_K_MAJOR
build/examples/noarr/gemmScatter-noarr-C_SCATTER_I_MAJOR-A_SCATTER_I_MAJOR-B_SCATTER_K_MAJOR-LARGE-FLOAT-C_TILE_J_MAJOR-A_TILE_I_MAJOR-B_TILE_K_MAJOR
build/examples/noarr/gemmScatter-noarr-C_SCATTER_I_MAJOR-A_SCATTER_K_MAJOR-B_SCATTER_J_MAJOR-MEDIUM-FLOAT-C_TILE_I_MAJOR-A_TILE_I_MAJOR-B_TILE_J_MAJOR
build/examples/noarr/gemmScatter-noarr-C_SCATTER_J_MAJOR-A_SCATTER_I_MAJOR-B_SCATTER_K_MAJOR-MINI-FLOAT-C_TILE_J_MAJOR-A_TILE_K_MAJOR-B_TILE_K_MAJOR
build/examples/noarr/gemmScatter-noarr-C_SCATTER_I_MAJOR-A_SCATTER_I_MAJOR-B_SCATTER_K_MAJOR-SMALL-FLOAT-C_TILE_J_MAJOR-A_TILE_K_MAJOR-B_TILE_K_MAJOR
build/examples/noarr/gemmScatter-noarr-C_SCATTER_J_MAJOR-A_SCATTER_K_MAJOR-B_SCATTER_K_MAJOR-LARGE-FLOAT-C_TILE_I_MAJOR-A_TILE_I_MAJOR-B_TILE_J_MAJOR
build/examples/noarr/gemmScatter-noarr-C_SCATTER_J_MAJOR-A_SCATTER_I_MAJOR-B_SCATTER_K_MAJOR-LARGE-FLOAT-C_TILE_I_MAJOR-A_TILE_I_MAJOR-B_TILE_J_MAJOR
build/examples/noarr/gemmScatter-noarr-C_SCATTER_I_MAJOR-A_SCATTER_K_MAJOR-B_SCATTER_K_MAJOR-MEDIUM-FLOAT-C_TILE_I_MAJOR-A_TILE_I_MAJOR-B_TILE_K_MAJOR
build/examples/noarr/gemmScatter-noarr-C_SCATTER_I_MAJOR-A_SCATTER_I_MAJOR-B_SCATTER_J_MAJOR-SMALL-FLOAT-C_TILE_I_MAJOR-A_TILE_K_MAJOR-B_TILE_J_MAJOR
build/examples/noarr/gemmScatter-noarr-C_SCATTER_J_MAJOR-A_SCATTER_K_MAJOR-B_SCATTER_K_MAJOR-EXTRALARGE-FLOAT-C_TILE_J_MAJOR-A_TILE_K_MAJOR-B_TILE_J_MAJOR
build/examples/noarr/gemmScatter-noarr-C_SCATTER_J_MAJOR-A_SCATTER_I_MAJOR-B_SCATTER_J_MAJOR-EXTRALARGE-FLOAT-C_TILE_J_MAJOR-A_TILE_I_MAJOR-B_TILE_K_MAJOR
build/examples/noarr/gemmScatter-noarr-C_SCATTER_I_MAJOR-A_SCATTER_I_MAJOR-B_SCATTER_J_MAJOR-LARGE-FLOAT-C_TILE_J_MAJOR-A_TILE_K_MAJOR-B_TILE_K_MAJOR
build/examples/noarr/gemmScatter-noarr-C_SCATTER_I_MAJOR-A_SCATTER_I_MAJOR-B_SCATTER_J_MAJOR-EXTRALARGE-FLOAT-C_TILE_I_MAJOR-A_TILE_K_MAJOR-B_TILE_K_MAJOR
build/examples/noarr/gemmScatter-noarr-C_SCATTER_J_MAJOR-A_SCATTER_I_MAJOR-B_SCATTER_K_MAJOR-SMALL-FLOAT-C_TILE_J_MAJOR-A_TILE_K_MAJOR-B_TILE_J_MAJOR
build/examples/noarr/gemmScatter-noarr-C_SCATTER_J_MAJOR-A_SCATTER_K_MAJOR-B_SCATTER_K_MAJOR-EXTRALARGE-FLOAT-C_TILE_I_MAJOR-A_TILE_I_MAJOR-B_TILE_K_MAJOR
build/examples/noarr/gemmScatter-noarr-C_SCATTER_I_MAJOR-A_SCATTER_I_MAJOR-B_SCATTER_J_MAJOR-SMALL-FLOAT-C_TILE_I_MAJOR-A_TILE_I_MAJOR-B_TILE_J_MAJOR
build/examples/noarr/gemmScatter-noarr-C_SCATTER_I_MAJOR-A_SCATTER_K_MAJOR-B_SCATTER_K_MAJOR-LARGE-FLOAT-C_TILE_I_MAJOR-A_TILE_K_MAJOR-B_TILE_J_MAJOR
build/examples/noarr/gemmScatter-noarr-C_SCATTER_I_MAJOR-A_SCATTER_K_MAJOR-B_SCATTER_J_MAJOR-MINI-FLOAT-C_TILE_I_MAJOR-A_TILE_K_MAJOR-B_TILE_J_MAJOR
build/examples/noarr/gemmScatter-noarr-C_SCATTER_J_MAJOR-A_SCATTER_K_MAJOR-B_SCATTER_J_MAJOR-MINI-FLOAT-C_TILE_I_MAJOR-A_TILE_I_MAJOR-B_TILE_K_MAJOR
build/examples/noarr/gemmScatter-noarr-C_SCATTER_J_MAJOR-A_SCATTER_K_MAJOR-B_SCATTER_K_MAJOR-MEDIUM-FLOAT-C_TILE_I_MAJOR-A_TILE_K_MAJOR-B_TILE_J_MAJOR
build/examples/noarr/gemmScatter-noarr-C_SCATTER_I_MAJOR-A_SCATTER_I_MAJOR-B_SCATTER_J_MAJOR-MEDIUM-FLOAT-C_TILE_I_MAJOR-A_TILE_I_MAJOR-B_TILE_J_MAJOR
build/examples/noarr/gemmScatter-noarr-C_SCATTER_J_MAJOR-A_SCATTER_K_MAJOR-B_SCATTER_K_MAJOR-MEDIUM-FLOAT-C_TILE_J_MAJOR-A_TILE_I_MAJOR-B_TILE_K_MAJOR
build/examples/noarr/gemmScatter-noarr-C_SCATTER_I_MAJOR-A_SCATTER_K_MAJOR-B_SCATTER_K_MAJOR-MEDIUM-FLOAT-C_TILE_I_MAJOR-A_TILE_K_MAJOR-B_TILE_K_MAJOR
build/examples/noarr/gemmScatter-noarr-C_SCATTER_I_MAJOR-A_SCATTER_K_MAJOR-B_SCATTER_J_MAJOR-LARGE-FLOAT-C_TILE_J_MAJOR-A_TILE_K_MAJOR-B_TILE_K_MAJOR
build/examples/noarr/gemmScatter-noarr-C_SCATTER_I_MAJOR-A_SCATTER_I_MAJOR-B_SCATTER_K_MAJOR-SMALL-FLOAT-C_TILE_I_MAJOR-A_TILE_I_MAJOR-B_TILE_J_MAJOR
build/examples/noarr/gemmScatter-noarr-C_SCATTER_I_MAJOR-A_SCATTER_K_MAJOR-B_SCATTER_J_MAJOR-LARGE-FLOAT-C_TILE_I_MAJOR-A_TILE_K_MAJOR-B_TILE_J_MAJOR
build/examples/noarr/gemmScatter-noarr-C_SCATTER_I_MAJOR-A_SCATTER_I_MAJOR-B_SCATTER_K_MAJOR-LARGE-FLOAT-C_TILE_J_MAJOR-A_TILE_K_MAJOR-B_TILE_J_MAJOR
build/examples/noarr/gemmScatter-noarr-C_SCATTER_J_MAJOR-A_SCATTER_I_MAJOR-B_SCATTER_J_MAJOR-LARGE-FLOAT-C_TILE_J_MAJOR-A_TILE_K_MAJOR-B_TILE_K_MAJOR
build/examples/noarr/gemmScatter-noarr-C_SCATTER_I_MAJOR-A_SCATTER_I_MAJOR-B_SCATTER_J_MAJOR-SMALL-FLOAT-C_TILE_J_MAJOR-A_TILE_K_MAJOR-B_TILE_K_MAJOR
build/examples/noarr/gemmScatter-noarr-C_SCATTER_I_MAJOR-A_SCATTER_K_MAJOR-B_SCATTER_K_MAJOR-MINI-FLOAT-C_TILE_I_MAJOR-A_TILE_I_MAJOR-B_TILE_K_MAJOR
build/examples/noarr/gemmScatter-noarr-C_SCATTER_J_MAJOR-A_SCATTER_I_MAJOR-B_SCATTER_K_MAJOR-SMALL-FLOAT-C_TILE_J_MAJOR-A_TILE_K_MAJOR-B_TILE_K_MAJOR
build/examples/noarr/gemmScatter-noarr-C_SCATTER_I_MAJOR-A_SCATTER_I_MAJOR-B_SCATTER_K_MAJOR-LARGE-FLOAT-C_TILE_I_MAJOR-A_TILE_K_MAJOR-B_TILE_J_MAJOR
build/examples/noarr/gemmScatter-noarr-C_SCATTER_I_MAJOR-A_SCATTER_K_MAJOR-B_SCATTER_K_MAJOR-MEDIUM-FLOAT-C_TILE_J_MAJOR-A_TILE_I_MAJOR-B_TILE_J_MAJOR
build/examples/noarr/gemmScatter-noarr-C_SCATTER_J_MAJOR-A_SCATTER_I_MAJOR-B_SCATTER_K_MAJOR-MEDIUM-FLOAT-C_TILE_J_MAJOR-A_TILE_I_MAJOR-B_TILE_J_MAJOR
build/examples/noarr/gemmScatter-noarr-C_SCATTER_J_MAJOR-A_SCATTER_I_MAJOR-B_SCATTER_J_MAJOR-EXTRALARGE-FLOAT-C_TILE_I_MAJOR-A_TILE_I_MAJOR-B_TILE_K_MAJOR
build/examples/noarr/gemmScatter-noarr-C_SCATTER_I_MAJOR-A_SCATTER_K_MAJOR-B_SCATTER_J_MAJOR-MINI-FLOAT-C_TILE_J_MAJOR-A_TILE_K_MAJOR-B_TILE_J_MAJOR
build/examples/noarr/gemmScatter-noarr-C_SCATTER_I_MAJOR-A_SCATTER_K_MAJOR-B_SCATTER_K_MAJOR-MEDIUM-FLOAT-C_TILE_J_MAJOR-A_TILE_I_MAJOR-B_TILE_K_MAJOR
build/examples/noarr/gemmScatter-noarr-C_SCATTER_I_MAJOR-A_SCATTER_K_MAJOR-B_SCATTER_J_MAJOR-MEDIUM-FLOAT-C_TILE_J_MAJOR-A_TILE_I_MAJOR-B_TILE_K_MAJOR
build/examples/noarr/gemmScatter-noarr-C_SCATTER_I_MAJOR-A_SCATTER_I_MAJOR-B_SCATTER_J_MAJOR-MINI-FLOAT-C_TILE_J_MAJOR-A_TILE_I_MAJOR-B_TILE_J_MAJOR
build/examples/noarr/gemmScatter-noarr-C_SCATTER_J_MAJOR-A_SCATTER_K_MAJOR-B_SCATTER_K_MAJOR-LARGE-FLOAT-C_TILE_I_MAJOR-A_TILE_K_MAJOR-B_TILE_J_MAJOR
build/examples/noarr/gemmScatter-noarr-C_SCATTER_J_MAJOR-A_SCATTER_I_MAJOR-B_SCATTER_J_MAJOR-LARGE-FLOAT-C_TILE_J_MAJOR-A_TILE_K_MAJOR-B_TILE_J_MAJOR
build/examples/noarr/gemmScatter-noarr-C_SCATTER_J_MAJOR-A_SCATTER_K_MAJOR-B_SCATTER_J_MAJOR-MEDIUM-FLOAT-C_TILE_J_MAJOR-A_TILE_K_MAJOR-B_TILE_J_MAJOR
build/examples/noarr/gemmScatter-noarr-C_SCATTER_J_MAJOR-A_SCATTER_K_MAJOR-B_SCATTER_J_MAJOR-LARGE-FLOAT-C_TILE_I_MAJOR-A_TILE_K_MAJOR-B_TILE_K_MAJOR
build/examples/noarr/gemmScatter-noarr-C_SCATTER_J_MAJOR-A_SCATTER_I_MAJOR-B_SCATTER_K_MAJOR-LARGE-FLOAT-C_TILE_J_MAJOR-A_TILE_K_MAJOR-B_TILE_K_MAJOR
build/examples/noarr/gemmScatter-noarr-C_SCATTER_I_MAJOR-A_SCATTER_K_MAJOR-B_SCATTER_K_MAJOR-LARGE-FLOAT-C_TILE_J_MAJOR-A_TILE_I_MAJOR-B_TILE_J_MAJOR
build/examples/noarr/gemmScatter-noarr-C_SCATTER_J_MAJOR-A_SCATTER_I_MAJOR-B_SCATTER_K_MAJOR-EXTRALARGE-FLOAT-C_TILE_I_MAJOR-A_TILE_I_MAJOR-B_TILE_K_MAJOR
build/examples/noarr/gemmScatter-noarr-C_SCATTER_J_MAJOR-A_SCATTER_I_MAJOR-B_SCATTER_J_MAJOR-MINI-FLOAT-C_TILE_I_MAJOR-A_TILE_I_MAJOR-B_TILE_J_MAJOR
build/examples/noarr/gemmScatter-noarr-C_SCATTER_I_MAJOR-A_SCATTER_I_MAJOR-B_SCATTER_J_MAJOR-LARGE-FLOAT-C_TILE_I_MAJOR-A_TILE_I_MAJOR-B_TILE_K_MAJOR
build/examples/noarr/gemmScatter-noarr-C_SCATTER_J_MAJOR-A_SCATTER_I_MAJOR-B_SCATTER_J_MAJOR-SMALL-FLOAT-C_TILE_J_MAJOR-A_TILE_K_MAJOR-B_TILE_J_MAJOR
build/examples/noarr/gemmScatter-noarr-C_SCATTER_J_MAJOR-A_SCATTER_I_MAJOR-B_SCATTER_K_MAJOR-MINI-FLOAT-C_TILE_I_MAJOR-A_TILE_K_MAJOR-B_TILE_K_MAJOR
build/examples/noarr/gemmScatter-noarr-C_SCATTER_J_MAJOR-A_SCATTER_I_MAJOR-B_SCATTER_J_MAJOR-MEDIUM-FLOAT-C_TILE_I_MAJOR-A_TILE_I_MAJOR-B_TILE_J_MAJOR
build/examples/noarr/gemmScatter-noarr-C_SCATTER_I_MAJOR-A_SCATTER_I_MAJOR-B_SCATTER_J_MAJOR-LARGE-FLOAT-C_TILE_I_MAJOR-A_TILE_I_MAJOR-B_TILE_J_MAJOR
build/examples/noarr/gemmScatter-noarr-C_SCATTER_J_MAJOR-A_SCATTER_K_MAJOR-B_SCATTER_J_MAJOR-EXTRALARGE-FLOAT-C_TILE_J_MAJOR-A_TILE_K_MAJOR-B_TILE_J_MAJOR
build/examples/noarr/gemmScatter-noarr-C_SCATTER_I_MAJOR-A_SCATTER_K_MAJOR-B_SCATTER_K_MAJOR-MINI-FLOAT-C_TILE_J_MAJOR-A_TILE_K_MAJOR-B_TILE_K_MAJOR
build/examples/noarr/gemmScatter-noarr-C_SCATTER_I_MAJOR-A_SCATTER_K_MAJOR-B_SCATTER_K_MAJOR-MINI-FLOAT-C_TILE_I_MAJOR-A_TILE_K_MAJOR-B_TILE_J_MAJOR
build/examples/noarr/gemmScatter-noarr-C_SCATTER_J_MAJOR-A_SCATTER_K_MAJOR-B_SCATTER_J_MAJOR-EXTRALARGE-FLOAT-C_TILE_I_MAJOR-A_TILE_I_MAJOR-B_TILE_K_MAJOR
build/examples/noarr/gemmScatter-noarr-C_SCATTER_J_MAJOR-A_SCATTER_K_MAJOR-B_SCATTER_J_MAJOR-MEDIUM-FLOAT-C_TILE_I_MAJOR-A_TILE_I_MAJOR-B_TILE_J_MAJOR
build/examples/noarr/gemmScatter-noarr-C_SCATTER_J_MAJOR-A_SCATTER_I_MAJOR-B_SCATTER_J_MAJOR-LARGE-FLOAT-C_TILE_I_MAJOR-A_TILE_I_MAJOR-B_TILE_J_MAJOR
build/examples/noarr/gemmScatter-noarr-C_SCATTER_J_MAJOR-A_SCATTER_K_MAJOR-B_SCATTER_J_MAJOR-LARGE-FLOAT-C_TILE_J_MAJOR-A_TILE_K_MAJOR-B_TILE_K_MAJOR
build/examples/noarr/gemmScatter-noarr-C_SCATTER_J_MAJOR-A_SCATTER_K_MAJOR-B_SCATTER_K_MAJOR-MINI-FLOAT-C_TILE_I_MAJOR-A_TILE_K_MAJOR-B_TILE_J_MAJOR
build/examples/noarr/gemmScatter-noarr-C_SCATTER_J_MAJOR-A_SCATTER_I_MAJOR-B_SCATTER_K_MAJOR-LARGE-FLOAT-C_TILE_I_MAJOR-A_TILE_K_MAJOR-B_TILE_K_MAJOR
build/examples/noarr/gemmScatter-noarr-C_SCATTER_I_MAJOR-A_SCATTER_K_MAJOR-B_SCATTER_K_MAJOR-LARGE-FLOAT-C_TILE_I_MAJOR-A_TILE_I_MAJOR-B_TILE_K_MAJOR
build/examples/noarr/gemmScatter-noarr-C_SCATTER_J_MAJOR-A_SCATTER_K_MAJOR-B_SCATTER_K_MAJOR-MINI-FLOAT-C_TILE_J_MAJOR-A_TILE_I_MAJOR-B_TILE_K_MAJOR
build/examples/noarr/gemmScatter-noarr-C_SCATTER_I_MAJOR-A_SCATTER_K_MAJOR-B_SCATTER_J_MAJOR-SMALL-FLOAT-C_TILE_I_MAJOR-A_TILE_I_MAJOR-B_TILE_J_MAJOR
build/examples/noarr/gemmScatter-noarr-C_SCATTER_I_MAJOR-A_SCATTER_K_MAJOR-B_SCATTER_J_MAJOR-EXTRALARGE-FLOAT-C_TILE_I_MAJOR-A_TILE_I_MAJOR-B_TILE_J_MAJOR
build/examples/noarr/gemmScatter-noarr-C_SCATTER_I_MAJOR-A_SCATTER_K_MAJOR-B_SCATTER_K_MAJOR-SMALL-FLOAT-C_TILE_J_MAJOR-A_TILE_I_MAJOR-B_TILE_J_MAJOR
build/examples/noarr/gemmScatter-noarr-C_SCATTER_J_MAJOR-A_SCATTER_I_MAJOR-B_SCATTER_J_MAJOR-SMALL-FLOAT-C_TILE_J_MAJOR-A_TILE_K_MAJOR-B_TILE_K_MAJOR
build/examples/noarr/gemmScatter-noarr-C_SCATTER_J_MAJOR-A_SCATTER_I_MAJOR-B_SCATTER_J_MAJOR-MEDIUM-FLOAT-C_TILE_J_MAJOR-A_TILE_K_MAJOR-B_TILE_K_MAJOR
build/examples/noarr/gemmScatter-noarr-C_SCATTER_I_MAJOR-A_SCATTER_I_MAJOR-B_SCATTER_J_MAJOR-SMALL-FLOAT-C_TILE_J_MAJOR-A_TILE_I_MAJOR-B_TILE_K_MAJOR
build/examples/noarr/gemmScatter-noarr-C_SCATTER_I_MAJOR-A_SCATTER_K_MAJOR-B_SCATTER_J_MAJOR-MINI-FLOAT-C_TILE_I_MAJOR-A_TILE_I_MAJOR-B_TILE_K_MAJOR
build/examples/noarr/gemmScatter-noarr-C_SCATTER_J_MAJOR-A_SCATTER_I_MAJOR-B_SCATTER_K_MAJOR-LARGE-FLOAT-C_TILE_I_MAJOR-A_TILE_I_MAJOR-B_TILE_K_MAJOR
build/examples/noarr/gemmScatter-noarr-C_SCATTER_I_MAJOR-A_SCATTER_I_MAJOR-B_SCATTER_K_MAJOR-LARGE-FLOAT-C_TILE_I_MAJOR-A_TILE_K_MAJOR-B_TILE_K_MAJOR
build/examples/noarr/gemmScatter-noarr-C_SCATTER_J_MAJOR-A_SCATTER_K_MAJOR-B_SCATTER_J_MAJOR-SMALL-FLOAT-C_TILE_I_MAJOR-A_TILE_I_MAJOR-B_TILE_J_MAJOR
build/examples/noarr/gemmScatter-noarr-C_SCATTER_J_MAJOR-A_SCATTER_I_MAJOR-B_SCATTER_K_MAJOR-SMALL-FLOAT-C_TILE_J_MAJOR-A_TILE_I_MAJOR-B_TILE_K_MAJOR
build/examples/noarr/gemmScatter-noarr-C_SCATTER_I_MAJOR-A_SCATTER_K_MAJOR-B_SCATTER_K_MAJOR-MEDIUM-FLOAT-C_TILE_J_MAJOR-A_TILE_K_MAJOR-B_TILE_J_MAJOR
build/examples/noarr/gemmScatter-noarr-C_SCATTER_J_MAJOR-A_SCATTER_K_MAJOR-B_SCATTER_K_MAJOR-MEDIUM-FLOAT-C_TILE_J_MAJOR-A_TILE_K_MAJOR-B_TILE_K_MAJOR
build/examples/noarr/gemmScatter-noarr-C_SCATTER_J_MAJOR-A_SCATTER_I_MAJOR-B_SCATTER_J_MAJOR-EXTRALARGE-FLOAT-C_TILE_I_MAJOR-A_TILE_K_MAJOR-B_TILE_K_MAJOR
build/examples/noarr/gemmScatter-noarr-C_SCATTER_J_MAJOR-A_SCATTER_I_MAJOR-B_SCATTER_J_MAJOR-MINI-FLOAT-C_TILE_J_MAJOR-A_TILE_I_MAJOR-B_TILE_J_MAJOR
build/examples/noarr/gemmScatter-noarr-C_SCATTER_I_MAJOR-A_SCATTER_K_MAJOR-B_SCATTER_J_MAJOR-MEDIUM-FLOAT-C_TILE_I_MAJOR-A_TILE_K_MAJOR-B_TILE_K_MAJOR
build/examples/noarr/gemmScatter-noarr-C_SCATTER_I_MAJOR-A_SCATTER_I_MAJOR-B_SCATTER_K_MAJOR-LARGE-FLOAT-C_TILE_I_MAJOR-A_TILE_I_MAJOR-B_TILE_J_MAJOR
build/examples/noarr/gemmScatter-noarr-C_SCATTER_J_MAJOR-A_SCATTER_I_MAJOR-B_SCATTER_K_MAJOR-SMALL-FLOAT-C_TILE_I_MAJOR-A_TILE_I_MAJOR-B_TILE_J_MAJOR
build/examples/noarr/gemmScatter-noarr-C_SCATTER_I_MAJOR-A_SCATTER_I_MAJOR-B_SCATTER_K_MAJOR-MEDIUM-FLOAT-C_TILE_J_MAJOR-A_TILE_I_MAJOR-B_TILE_J_MAJOR
build/examples/noarr/gemmScatter-noarr-C_SCATTER_J_MAJOR-A_SCATTER_K_MAJOR-B_SCATTER_K_MAJOR-MEDIUM-FLOAT-C_TILE_I_MAJOR-A_TILE_K_MAJOR-B_TILE_K_MAJOR
build/examples/noarr/gemmScatter-noarr-C_SCATTER_I_MAJOR-A_SCATTER_K_MAJOR-B_SCATTER_K_MAJOR-LARGE-FLOAT-C_TILE_I_MAJOR-A_TILE_I_MAJOR-B_TILE_J_MAJOR
build/examples/noarr/gemmScatter-noarr-C_SCATTER_I_MAJOR-A_SCATTER_I_MAJOR-B_SCATTER_J_MAJOR-EXTRALARGE-FLOAT-C_TILE_J_MAJOR-A_TILE_K_MAJOR-B_TILE_K_MAJOR
build/examples/noarr/gemmScatter-noarr-C_SCATTER_J_MAJOR-A_SCATTER_I_MAJOR-B_SCATTER_K_MAJOR-EXTRALARGE-FLOAT-C_TILE_J_MAJOR-A_TILE_K_MAJOR-B_TILE_K_MAJOR
build/examples/noarr/gemmScatter-noarr-C_SCATTER_J_MAJOR-A_SCATTER_I_MAJOR-B_SCATTER_J_MAJOR-MINI-FLOAT-C_TILE_I_MAJOR-A_TILE_K_MAJOR-B_TILE_K_MAJOR
build/examples/noarr/gemmScatter-noarr-C_SCATTER_J_MAJOR-A_SCATTER_K_MAJOR-B_SCATTER_K_MAJOR-SMALL-FLOAT-C_TILE_I_MAJOR-A_TILE_K_MAJOR-B_TILE_K_MAJOR
build/examples/noarr/gemmScatter-noarr-C_SCATTER_J_MAJOR-A_SCATTER_K_MAJOR-B_SCATTER_J_MAJOR-MEDIUM-FLOAT-C_TILE_J_MAJOR-A_TILE_K_MAJOR-B_TILE_K_MAJOR
build/examples/noarr/gemmScatter-noarr-C_SCATTER_I_MAJOR-A_SCATTER_I_MAJOR-B_SCATTER_J_MAJOR-EXTRALARGE-FLOAT-C_TILE_I_MAJOR-A_TILE_I_MAJOR-B_TILE_J_MAJOR
build/examples/noarr/gemmScatter-noarr-C_SCATTER_I_MAJOR-A_SCATTER_K_MAJOR-B_SCATTER_J_MAJOR-EXTRALARGE-FLOAT-C_TILE_J_MAJOR-A_TILE_K_MAJOR-B_TILE_J_MAJOR
build/examples/noarr/gemmScatter-noarr-C_SCATTER_J_MAJOR-A_SCATTER_I_MAJOR-B_SCATTER_K_MAJOR-MEDIUM-FLOAT-C_TILE_I_MAJOR-A_TILE_K_MAJOR-B_TILE_K_MAJOR
build/examples/noarr/gemmScatter-noarr-C_SCATTER_I_MAJOR-A_SCATTER_K_MAJOR-B_SCATTER_J_MAJOR-EXTRALARGE-FLOAT-C_TILE_I_MAJOR-A_TILE_K_MAJOR-B_TILE_K_MAJOR
build/examples/noarr/gemmScatter-noarr-C_SCATTER_J_MAJOR-A_SCATTER_I_MAJOR-B_SCATTER_K_MAJOR-SMALL-FLOAT-C_TILE_J_MAJOR-A_TILE_I_MAJOR-B_TILE_J_MAJOR
build/examples/noarr/gemmScatter-noarr-C_SCATTER_I_MAJOR-A_SCATTER_K_MAJOR-B_SCATTER_K_MAJOR-LARGE-FLOAT-C_TILE_J_MAJOR-A_TILE_I_MAJOR-B_TILE_K_MAJOR
build/examples/noarr/gemmScatter-noarr-C_SCATTER_I_MAJOR-A_SCATTER_K_MAJOR-B_SCATTER_J_MAJOR-EXTRALARGE-FLOAT-C_TILE_I_MAJOR-A_TILE_K_MAJOR-B_TILE_J_MAJOR
build/examples/noarr/gemmScatter-noarr-C_SCATTER_I_MAJOR-A_SCATTER_K_MAJOR-B_SCATTER_K_MAJOR-MINI-FLOAT-C_TILE_J_MAJOR-A_TILE_I_MAJOR-B_TILE_J_MAJOR
build/examples/noarr/gemmScatter-noarr-C_SCATTER_J_MAJOR-A_SCATTER_K_MAJOR-B_SCATTER_K_MAJOR-MEDIUM-FLOAT-C_TILE_I_MAJOR-A_TILE_I_MAJOR-B_TILE_J_MAJOR
build/examples/noarr/gemmScatter-noarr-C_SCATTER_I_MAJOR-A_SCATTER_K_MAJOR-B_SCATTER_K_MAJOR-MINI-FLOAT-C_TILE_J_MAJOR-A_TILE_I_MAJOR-B_TILE_K_MAJOR
build/examples/noarr/gemmScatter-noarr-C_SCATTER_I_MAJOR-A_SCATTER_K_MAJOR-B_SCATTER_J_MAJOR-MINI-FLOAT-C_TILE_J_MAJOR-A_TILE_K_MAJOR-B_TILE_K_MAJOR
build/examples/noarr/gemmScatter-noarr-C_SCATTER_I_MAJOR-A_SCATTER_I_MAJOR-B_SCATTER_J_MAJOR-MEDIUM-FLOAT-C_TILE_J_MAJOR-A_TILE_K_MAJOR-B_TILE_K_MAJOR
build/examples/noarr/gemmScatter-noarr-C_SCATTER_I_MAJOR-A_SCATTER_K_MAJOR-B_SCATTER_J_MAJOR-LARGE-FLOAT-C_TILE_J_MAJOR-A_TILE_K_MAJOR-B_TILE_J_MAJOR
build/examples/noarr/gemmScatter-noarr-C_SCATTER_J_MAJOR-A_SCATTER_I_MAJOR-B_SCATTER_K_MAJOR-MEDIUM-FLOAT-C_TILE_I_MAJOR-A_TILE_K_MAJOR-B_TILE_J_MAJOR
build/examples/noarr/gemmScatter-noarr-C_SCATTER_J_MAJOR-A_SCATTER_I_MAJOR-B_SCATTER_K_MAJOR-SMALL-FLOAT-C_TILE_I_MAJOR-A_TILE_I_MAJOR-B_TILE_K_MAJOR
build/examples/noarr/gemmScatter-noarr-C_SCATTER_J_MAJOR-A_SCATTER_I_MAJOR-B_SCATTER_K_MAJOR-LARGE-FLOAT-C_TILE_J_MAJOR-A_TILE_I_MAJOR-B_TILE_K_MAJOR
build/examples/noarr/gemmScatter-noarr-C_SCATTER_J_MAJOR-A_SCATTER_I_MAJOR-B_SCATTER_K_MAJOR-MEDIUM-FLOAT-C_TILE_I_MAJOR-A_TILE_I_MAJOR-B_TILE_J_MAJOR
build/examples/noarr/gemmScatter-noarr-C_SCATTER_J_MAJOR-A_SCATTER_I_MAJOR-B_SCATTER_J_MAJOR-MEDIUM-FLOAT-C_TILE_I_MAJOR-A_TILE_K_MAJOR-B_TILE_J_MAJOR
build/examples/noarr/gemmScatter-noarr-C_SCATTER_J_MAJOR-A_SCATTER_K_MAJOR-B_SCATTER_K_MAJOR-EXTRALARGE-FLOAT-C_TILE_J_MAJOR-A_TILE_K_MAJOR-B_TILE_K_MAJOR
build/examples/noarr/gemmScatter-noarr-C_SCATTER_J_MAJOR-A_SCATTER_I_MAJOR-B_SCATTER_J_MAJOR-SMALL-FLOAT-C_TILE_I_MAJOR-A_TILE_K_MAJOR-B_TILE_J_MAJOR
build/examples/noarr/gemmScatter-noarr-C_SCATTER_J_MAJOR-A_SCATTER_K_MAJOR-B_SCATTER_J_MAJOR-MINI-FLOAT-C_TILE_J_MAJOR-A_TILE_K_MAJOR-B_TILE_J_MAJOR
build/examples/noarr/gemmScatter-noarr-C_SCATTER_I_MAJOR-A_SCATTER_K_MAJOR-B_SCATTER_J_MAJOR-MEDIUM-FLOAT-C_TILE_I_MAJOR-A_TILE_K_MAJOR-B_TILE_J_MAJOR
build/examples/noarr/gemmScatter-noarr-C_SCATTER_I_MAJOR-A_SCATTER_I_MAJOR-B_SCATTER_J_MAJOR-LARGE-FLOAT-C_TILE_J_MAJOR-A_TILE_K_MAJOR-B_TILE_J_MAJOR
build/examples/noarr/gemmScatter-noarr-C_SCATTER_J_MAJOR-A_SCATTER_K_MAJOR-B_SCATTER_J_MAJOR-EXTRALARGE-FLOAT-C_TILE_J_MAJOR-A_TILE_I_MAJOR-B_TILE_J_MAJOR
build/examples/noarr/gemmScatter-noarr-C_SCATTER_J_MAJOR-A_SCATTER_I_MAJOR-B_SCATTER_J_MAJOR-EXTRALARGE-FLOAT-C_TILE_I_MAJOR-A_TILE_K_MAJOR-B_TILE_J_MAJOR
build/examples/noarr/gemmScatter-noarr-C_SCATTER_I_MAJOR-A_SCATTER_I_MAJOR-B_SCATTER_K_MAJOR-MINI-FLOAT-C_TILE_J_MAJOR-A_TILE_I_MAJOR-B_TILE_K_MAJOR
build/examples/noarr/gemmScatter-noarr-C_SCATTER_J_MAJOR-A_SCATTER_K_MAJOR-B_SCATTER_J_MAJOR-EXTRALARGE-FLOAT-C_TILE_J_MAJOR-A_TILE_K_MAJOR-B_TILE_K_MAJOR
build/examples/noarr/gemmScatter-noarr-C_SCATTER_J_MAJOR-A_SCATTER_I_MAJOR-B_SCATTER_K_MAJOR-LARGE-FLOAT-C_TILE_J_MAJOR-A_TILE_K_MAJOR-B_TILE_J_MAJOR
build/examples/noarr/gemmScatter-noarr-C_SCATTER_J_MAJOR-A_SCATTER_I_MAJOR-B_SCATTER_K_MAJOR-EXTRALARGE-FLOAT-C_TILE_J_MAJOR-A_TILE_K_MAJOR-B_TILE_J_MAJOR
build/examples/noarr/gemmScatter-noarr-C_SCATTER_I_MAJOR-A_SCATTER_I_MAJOR-B_SCATTER_J_MAJOR-EXTRALARGE-FLOAT-C_TILE_I_MAJOR-A_TILE_I_MAJOR-B_TILE_K_MAJOR
build/examples/noarr/gemmScatter-noarr-C_SCATTER_I_MAJOR-A_SCATTER_K_MAJOR-B_SCATTER_K_MAJOR-EXTRALARGE-FLOAT-C_TILE_I_MAJOR-A_TILE_K_MAJOR-B_TILE_J_MAJOR
build/examples/noarr/gemmScatter-noarr-C_SCATTER_J_MAJOR-A_SCATTER_K_MAJOR-B_SCATTER_J_MAJOR-MINI-FLOAT-C_TILE_J_MAJOR-A_TILE_I_MAJOR-B_TILE_J_MAJOR
build/examples/noarr/gemmScatter-noarr-C_SCATTER_I_MAJOR-A_SCATTER_I_MAJOR-B_SCATTER_K_MAJOR-EXTRALARGE-FLOAT-C_TILE_I_MAJOR-A_TILE_K_MAJOR-B_TILE_K_MAJOR
build/examples/noarr/gemmScatter-noarr-C_SCATTER_I_MAJOR-A_SCATTER_K_MAJOR-B_SCATTER_K_MAJOR-MINI-FLOAT-C_TILE_J_MAJOR-A_TILE_K_MAJOR-B_TILE_J_MAJOR
build/examples/noarr/gemmScatter-noarr-C_SCATTER_I_MAJOR-A_SCATTER_I_MAJOR-B_SCATTER_K_MAJOR-SMALL-FLOAT-C_TILE_I_MAJOR-A_TILE_K_MAJOR-B_TILE_K_MAJOR
build/examples/noarr/gemmScatter-noarr-C_SCATTER_I_MAJOR-A_SCATTER_I_MAJOR-B_SCATTER_J_MAJOR-EXTRALARGE-FLOAT-C_TILE_J_MAJOR-A_TILE_I_MAJOR-B_TILE_K_MAJOR
build/examples/noarr/gemmScatter-noarr-C_SCATTER_J_MAJOR-A_SCATTER_K_MAJOR-B_SCATTER_K_MAJOR-SMALL-FLOAT-C_TILE_J_MAJOR-A_TILE_K_MAJOR-B_TILE_K_MAJOR
build/examples/noarr/gemmScatter-noarr-C_SCATTER_J_MAJOR-A_SCATTER_K_MAJOR-B_SCATTER_J_MAJOR-LARGE-FLOAT-C_TILE_I_MAJOR-A_TILE_I_MAJOR-B_TILE_K_MAJOR
build/examples/noarr/gemmScatter-noarr-C_SCATTER_J_MAJOR-A_SCATTER_I_MAJOR-B_SCATTER_K_MAJOR-MEDIUM-FLOAT-C_TILE_J_MAJOR-A_TILE_K_MAJOR-B_TILE_K_MAJOR
build/examples/noarr/gemmScatter-noarr-C_SCATTER_I_MAJOR-A_SCATTER_I_MAJOR-B_SCATTER_J_MAJOR-MINI-FLOAT-C_TILE_I_MAJOR-A_TILE_I_MAJOR-B_TILE_J_MAJOR
build/examples/noarr/gemmScatter-noarr-C_SCATTER_I_MAJOR-A_SCATTER_I_MAJOR-B_SCATTER_J_MAJOR-MEDIUM-FLOAT-C_TILE_I_MAJOR-A_TILE_I_MAJOR-B_TILE_K_MAJOR
build/examples/noarr/gemmScatter-noarr-C_SCATTER_J_MAJOR-A_SCATTER_I_MAJOR-B_SCATTER_J_MAJOR-SMALL-FLOAT-C_TILE_I_MAJOR-A_TILE_K_MAJOR-B_TILE_K_MAJOR
build/examples/noarr/gemmScatter-noarr-C_SCATTER_I_MAJOR-A_SCATTER_K_MAJOR-B_SCATTER_J_MAJOR-LARGE-FLOAT-C_TILE_I_MAJOR-A_TILE_I_MAJOR-B_TILE_J_MAJOR
build/examples/noarr/gemmScatter-noarr-C_SCATTER_I_MAJOR-A_SCATTER_K_MAJOR-B_SCATTER_K_MAJOR-EXTRALARGE-FLOAT-C_TILE_J_MAJOR-A_TILE_I_MAJOR-B_TILE_J_MAJOR
build/examples/noarr/gemmScatter-noarr-C_SCATTER_J_MAJOR-A_SCATTER_K_MAJOR-B_SCATTER_J_MAJOR-SMALL-FLOAT-C_TILE_J_MAJOR-A_TILE_I_MAJOR-B_TILE_K_MAJOR
build/examples/noarr/gemmScatter-noarr-C_SCATTER_I_MAJOR-A_SCATTER_I_MAJOR-B_SCATTER_K_MAJOR-LARGE-FLOAT-C_TILE_I_MAJOR-A_TILE_I_MAJOR-B_TILE_K_MAJOR
build/examples/noarr/gemmScatter-noarr-C_SCATTER_J_MAJOR-A_SCATTER_K_MAJOR-B_SCATTER_K_MAJOR-MINI-FLOAT-C_TILE_I_MAJOR-A_TILE_K_MAJOR-B_TILE_K_MAJOR
build/examples/noarr/gemmScatter-noarr-C_SCATTER_J_MAJOR-A_SCATTER_I_MAJOR-B_SCATTER_K_MAJOR-EXTRALARGE-FLOAT-C_TILE_J_MAJOR-A_TILE_I_MAJOR-B_TILE_J_MAJOR
build/examples/noarr/gemmScatter-noarr-C_SCATTER_J_MAJOR-A_SCATTER_K_MAJOR-B_SCATTER_K_MAJOR-LARGE-FLOAT-C_TILE_J_MAJOR-A_TILE_I_MAJOR-B_TILE_K_MAJOR
build/examples/noarr/gemmScatter-noarr-C_SCATTER_J_MAJOR-A_SCATTER_I_MAJOR-B_SCATTER_J_MAJOR-MEDIUM-FLOAT-C_TILE_J_MAJOR-A_TILE_K_MAJOR-B_TILE_J_MAJOR
build/examples/noarr/gemmScatter-noarr-C_SCATTER_J_MAJOR-A_SCATTER_I_MAJOR-B_SCATTER_J_MAJOR-SMALL-FLOAT-C_TILE_J_MAJOR-A_TILE_I_MAJOR-B_TILE_K_MAJOR
build/examples/noarr/gemmScatter-noarr-C_SCATTER_I_MAJOR-A_SCATTER_I_MAJOR-B_SCATTER_K_MAJOR-EXTRALARGE-FLOAT-C_TILE_J_MAJOR-A_TILE_K_MAJOR-B_TILE_J_MAJOR
build/examples/noarr/gemmScatter-noarr-C_SCATTER_J_MAJOR-A_SCATTER_I_MAJOR-B_SCATTER_K_MAJOR-MINI-FLOAT-C_TILE_I_MAJOR-A_TILE_K_MAJOR-B_TILE_J_MAJOR
build/examples/noarr/gemmScatter-noarr-C_SCATTER_J_MAJOR-A_SCATTER_I_MAJOR-B_SCATTER_K_MAJOR-MEDIUM-FLOAT-C_TILE_J_MAJOR-A_TILE_I_MAJOR-B_TILE_K_MAJOR
build/examples/noarr/gemmScatter-noarr-C_SCATTER_I_MAJOR-A_SCATTER_I_MAJOR-B_SCATTER_J_MAJOR-MEDIUM-FLOAT-C_TILE_I_MAJOR-A_TILE_K_MAJOR-B_TILE_K_MAJOR
build/examples/noarr/gemmScatter-noarr-C_SCATTER_J_MAJOR-A_SCATTER_I_MAJOR-B_SCATTER_K_MAJOR-EXTRALARGE-FLOAT-C_TILE_I_MAJOR-A_TILE_I_MAJOR-B_TILE_J_MAJOR
build/examples/noarr/gemmScatter-noarr-C_SCATTER_I_MAJOR-A_SCATTER_K_MAJOR-B_SCATTER_J_MAJOR-SMALL-FLOAT-C_TILE_J_MAJOR-A_TILE_K_MAJOR-B_TILE_K_MAJOR
build/examples/noarr/gemmScatter-noarr-C_SCATTER_I_MAJOR-A_SCATTER_I_MAJOR-B_SCATTER_K_MAJOR-EXTRALARGE-FLOAT-C_TILE_J_MAJOR-A_TILE_I_MAJOR-B_TILE_J_MAJOR
build/examples/noarr/gemmScatter-noarr-C_SCATTER_I_MAJOR-A_SCATTER_K_MAJOR-B_SCATTER_J_MAJOR-SMALL-FLOAT-C_TILE_I_MAJOR-A_TILE_I_MAJOR-B_TILE_K_MAJOR
build/examples/noarr/gemmScatter-noarr-C_SCATTER_J_MAJOR-A_SCATTER_I_MAJOR-B_SCATTER_K_MAJOR-EXTRALARGE-FLOAT-C_TILE_I_MAJOR-A_TILE_K_MAJOR-B_TILE_J_MAJOR
build/examples/noarr/gemmScatter-noarr-C_SCATTER_J_MAJOR-A_SCATTER_K_MAJOR-B_SCATTER_K_MAJOR-MEDIUM-FLOAT-C_TILE_J_MAJOR-A_TILE_K_MAJOR-B_TILE_J_MAJOR
build/examples/noarr/gemmScatter-noarr-C_SCATTER_J_MAJOR-A_SCATTER_K_MAJOR-B_SCATTER_K_MAJOR-MINI-FLOAT-C_TILE_I_MAJOR-A_TILE_I_MAJOR-B_TILE_J_MAJOR
build/examples/noarr/gemmScatter-noarr-C_SCATTER_J_MAJOR-A_SCATTER_K_MAJOR-B_SCATTER_K_MAJOR-MINI-FLOAT-C_TILE_J_MAJOR-A_TILE_K_MAJOR-B_TILE_J_MAJOR
build/examples/noarr/gemmScatter-noarr-C_SCATTER_J_MAJOR-A_SCATTER_K_MAJOR-B_SCATTER_J_MAJOR-SMALL-FLOAT-C_TILE_I_MAJOR-A_TILE_K_MAJOR-B_TILE_J_MAJOR
build/examples/noarr/gemmScatter-noarr-C_SCATTER_I_MAJOR-A_SCATTER_I_MAJOR-B_SCATTER_J_MAJOR-MINI-FLOAT-C_TILE_I_MAJOR-A_TILE_K_MAJOR-B_TILE_J_MAJOR
build/examples/noarr/gemmScatter-noarr-C_SCATTER_J_MAJOR-A_SCATTER_K_MAJOR-B_SCATTER_K_MAJOR-SMALL-FLOAT-C_TILE_J_MAJOR-A_TILE_I_MAJOR-B_TILE_K_MAJOR
build/examples/noarr/gemmScatter-noarr-C_SCATTER_I_MAJOR-A_SCATTER_I_MAJOR-B_SCATTER_J_MAJOR-MINI-FLOAT-C_TILE_J_MAJOR-A_TILE_I_MAJOR-B_TILE_K_MAJOR
build/examples/noarr/gemmScatter-noarr-C_SCATTER_I_MAJOR-A_SCATTER_I_MAJOR-B_SCATTER_J_MAJOR-MEDIUM-FLOAT-C_TILE_J_MAJOR-A_TILE_I_MAJOR-B_TILE_J_MAJOR
build/examples/noarr/gemmScatter-noarr-C_SCATTER_I_MAJOR-A_SCATTER_K_MAJOR-B_SCATTER_J_MAJOR-MEDIUM-FLOAT-C_TILE_J_MAJOR-A_TILE_I_MAJOR-B_TILE_J_MAJOR
build/examples/noarr/gemmScatter-noarr-C_SCATTER_J_MAJOR-A_SCATTER_K_MAJOR-B_SCATTER_K_MAJOR-MINI-FLOAT-C_TILE_J_MAJOR-A_TILE_K_MAJOR-B_TILE_K_MAJOR
build/examples/noarr/gemmScatter-noarr-C_SCATTER_I_MAJOR-A_SCATTER_I_MAJOR-B_SCATTER_J_MAJOR-EXTRALARGE-FLOAT-C_TILE_I_MAJOR-A_TILE_K_MAJOR-B_TILE_J_MAJOR
build/examples/noarr/gemmScatter-noarr-C_SCATTER_I_MAJOR-A_SCATTER_K_MAJOR-B_SCATTER_J_MAJOR-EXTRALARGE-FLOAT-C_TILE_J_MAJOR-A_TILE_I_MAJOR-B_TILE_K_MAJOR
build/examples/noarr/gemmScatter-noarr-C_SCATTER_J_MAJOR-A_SCATTER_K_MAJOR-B_SCATTER_K_MAJOR-LARGE-FLOAT-C_TILE_J_MAJOR-A_TILE_K_MAJOR-B_TILE_K_MAJOR
build/examples/noarr/gemmScatter-noarr-C_SCATTER_I_MAJOR-A_SCATTER_I_MAJOR-B_SCATTER_K_MAJOR-SMALL-FLOAT-C_TILE_I_MAJOR-A_TILE_I_MAJOR-B_TILE_K_MAJOR
build/examples/noarr/gemmScatter-noarr-C_SCATTER_J_MAJOR-A_SCATTER_I_MAJOR-B_SCATTER_J_MAJOR-MEDIUM-FLOAT-C_TILE_I_MAJOR-A_TILE_K_MAJOR-B_TILE_K_MAJOR
build/examples/noarr/gemmScatter-noarr-C_SCATTER_I_MAJOR-A_SCATTER_K_MAJOR-B_SCATTER_K_MAJOR-MEDIUM-FLOAT-C_TILE_I_MAJOR-A_TILE_K_MAJOR-B_TILE_J_MAJOR
build/examples/noarr/gemmScatter-noarr-C_SCATTER_I_MAJOR-A_SCATTER_I_MAJOR-B_SCATTER_K_MAJOR-MINI-FLOAT-C_TILE_I_MAJOR-A_TILE_I_MAJOR-B_TILE_J_MAJOR
build/examples/noarr/gemmScatter-noarr-C_SCATTER_I_MAJOR-A_SCATTER_K_MAJOR-B_SCATTER_K_MAJOR-MEDIUM-FLOAT-C_TILE_J_MAJOR-A_TILE_K_MAJOR-B_TILE_K_MAJOR
build/examples/noarr/gemmScatter-noarr-C_SCATTER_J_MAJOR-A_SCATTER_I_MAJOR-B_SCATTER_J_MAJOR-SMALL-FLOAT-C_TILE_J_MAJOR-A_TILE_I_MAJOR-B_TILE_J_MAJOR
build/examples/noarr/gemmScatter-noarr-C_SCATTER_J_MAJOR-A_SCATTER_K_MAJOR-B_SCATTER_K_MAJOR-SMALL-FLOAT-C_TILE_I_MAJOR-A_TILE_I_MAJOR-B_TILE_J_MAJOR
build/examples/noarr/gemmScatter-noarr-C_SCATTER_J_MAJOR-A_SCATTER_I_MAJOR-B_SCATTER_J_MAJOR-LARGE-FLOAT-C_TILE_I_MAJOR-A_TILE_I_MAJOR-B_TILE_K_MAJOR
build/examples/noarr/gemmScatter-noarr-C_SCATTER_J_MAJOR-A_SCATTER_K_MAJOR-B_SCATTER_K_MAJOR-SMALL-FLOAT-C_TILE_I_MAJOR-A_TILE_K_MAJOR-B_TILE_J_MAJOR
build/examples/noarr/gemmScatter-noarr-C_SCATTER_J_MAJOR-A_SCATTER_K_MAJOR-B_SCATTER_J_MAJOR-MINI-FLOAT-C_TILE_J_MAJOR-A_TILE_I_MAJOR-B_TILE_K_MAJOR
build/examples/noarr/gemmScatter-noarr-C_SCATTER_I_MAJOR-A_SCATTER_K_MAJOR-B_SCATTER_J_MAJOR-MINI-FLOAT-C_TILE_J_MAJOR-A_TILE_I_MAJOR-B_TILE_J_MAJOR
build/examples/noarr/gemmScatter-noarr-C_SCATTER_I_MAJOR-A_SCATTER_I_MAJOR-B_SCATTER_K_MAJOR-MINI-FLOAT-C_TILE_I_MAJOR-A_TILE_I_MAJOR-B_TILE_K_MAJOR
build/examples/noarr/gemmScatter-noarr-C_SCATTER_I_MAJOR-A_SCATTER_K_MAJOR-B_SCATTER_J_MAJOR-MEDIUM-FLOAT-C_TILE_J_MAJOR-A_TILE_K_MAJOR-B_TILE_J_MAJOR
build/examples/noarr/gemmScatter-noarr-C_SCATTER_I_MAJOR-A_SCATTER_I_MAJOR-B_SCATTER_J_MAJOR-LARGE-FLOAT-C_TILE_J_MAJOR-A_TILE_I_MAJOR-B_TILE_J_MAJOR
build/examples/noarr/gemmScatter-noarr-C_SCATTER_J_MAJOR-A_SCATTER_K_MAJOR-B_SCATTER_K_MAJOR-LARGE-FLOAT-C_TILE_J_MAJOR-A_TILE_I_MAJOR-B_TILE_J_MAJOR
build/examples/noarr/gemmScatter-noarr-C_SCATTER_I_MAJOR-A_SCATTER_K_MAJOR-B_SCATTER_K_MAJOR-SMALL-FLOAT-C_TILE_I_MAJOR-A_TILE_K_MAJOR-B_TILE_J_MAJOR
build/examples/noarr/gemmScatter-noarr-C_SCATTER_J_MAJOR-A_SCATTER_I_MAJOR-B_SCATTER_J_MAJOR-MINI-FLOAT-C_TILE_J_MAJOR-A_TILE_K_MAJOR-B_TILE_J_MAJOR
build/examples/noarr/gemmScatter-noarr-C_SCATTER_I_MAJOR-A_SCATTER_I_MAJOR-B_SCATTER_K_MAJOR-MEDIUM-FLOAT-C_TILE_I_MAJOR-A_TILE_K_MAJOR-B_TILE_J_MAJOR
build/examples/noarr/gemmScatter-noarr-C_SCATTER_I_MAJOR-A_SCATTER_I_MAJOR-B_SCATTER_J_MAJOR-MEDIUM-FLOAT-C_TILE_I_MAJOR-A_TILE_K_MAJOR-B_TILE_J_MAJOR
build/examples/noarr/gemmScatter-noarr-C_SCATTER_J_MAJOR-A_SCATTER_I_MAJOR-B_SCATTER_J_MAJOR-EXTRALARGE-FLOAT-C_TILE_J_MAJOR-A_TILE_K_MAJOR-B_TILE_K_MAJOR
build/examples/noarr/gemmScatter-noarr-C_SCATTER_I_MAJOR-A_SCATTER_I_MAJOR-B_SCATTER_K_MAJOR-SMALL-FLOAT-C_TILE_I_MAJOR-A_TILE_K_MAJOR-B_TILE_J_MAJOR
build/examples/noarr/gemmScatter-noarr-C_SCATTER_J_MAJOR-A_SCATTER_I_MAJOR-B_SCATTER_J_MAJOR-EXTRALARGE-FLOAT-C_TILE_J_MAJOR-A_TILE_K_MAJOR-B_TILE_J_MAJOR
build/examples/noarr/gemmScatter-noarr-C_SCATTER_I_MAJOR-A_SCATTER_I_MAJOR-B_SCATTER_J_MAJOR-SMALL-FLOAT-C_TILE_I_MAJOR-A_TILE_I_MAJOR-B_TILE_K_MAJOR
build/examples/noarr/gemmScatter-noarr-C_SCATTER_I_MAJOR-A_SCATTER_I_MAJOR-B_SCATTER_J_MAJOR-MEDIUM-FLOAT-C_TILE_J_MAJOR-A_TILE_I_MAJOR-B_TILE_K_MAJOR
build/examples/noarr/gemmScatter-noarr-C_SCATTER_J_MAJOR-A_SCATTER_K_MAJOR-B_SCATTER_J_MAJOR-MEDIUM-FLOAT-C_TILE_I_MAJOR-A_TILE_I_MAJOR-B_TILE_K_MAJOR
build/examples/noarr/gemmScatter-noarr-C_SCATTER_I_MAJOR-A_SCATTER_I_MAJOR-B_SCATTER_K_MAJOR-MEDIUM-FLOAT-C_TILE_J_MAJOR-A_TILE_K_MAJOR-B_TILE_J_MAJOR
build/examples/noarr/gemmScatter-noarr-C_SCATTER_J_MAJOR-A_SCATTER_K_MAJOR-B_SCATTER_J_MAJOR-MINI-FLOAT-C_TILE_I_MAJOR-A_TILE_K_MAJOR-B_TILE_J_MAJOR
build/examples/noarr/gemmScatter-noarr-C_SCATTER_I_MAJOR-A_SCATTER_I_MAJOR-B_SCATTER_K_MAJOR-MINI-FLOAT-C_TILE_J_MAJOR-A_TILE_K_MAJOR-B_TILE_K_MAJOR
build/examples/noarr/gemmScatter-noarr-C_SCATTER_I_MAJOR-A_SCATTER_I_MAJOR-B_SCATTER_K_MAJOR-MINI-FLOAT-C_TILE_I_MAJOR-A_TILE_K_MAJOR-B_TILE_K_MAJOR
build/examples/noarr/gemmScatter-noarr-C_SCATTER_I_MAJOR-A_SCATTER_K_MAJOR-B_SCATTER_K_MAJOR-SMALL-FLOAT-C_TILE_J_MAJOR-A_TILE_K_MAJOR-B_TILE_J_MAJOR
build/examples/noarr/gemmScatter-noarr-C_SCATTER_I_MAJOR-A_SCATTER_I_MAJOR-B_SCATTER_K_MAJOR-EXTRALARGE-FLOAT-C_TILE_J_MAJOR-A_TILE_K_MAJOR-B_TILE_K_MAJOR
build/examples/noarr/gemmScatter-noarr-C_SCATTER_J_MAJOR-A_SCATTER_K_MAJOR-B_SCATTER_J_MAJOR-MEDIUM-FLOAT-C_TILE_I_MAJOR-A_TILE_K_MAJOR-B_TILE_K_MAJOR
build/examples/noarr/gemmScatter-noarr-C_SCATTER_J_MAJOR-A_SCATTER_I_MAJOR-B_SCATTER_K_MAJOR-LARGE-FLOAT-C_TILE_I_MAJOR-A_TILE_K_MAJOR-B_TILE_J_MAJOR
build/examples/noarr/gemmScatter-noarr-C_SCATTER_J_MAJOR-A_SCATTER_K_MAJOR-B_SCATTER_J_MAJOR-LARGE-FLOAT-C_TILE_I_MAJOR-A_TILE_I_MAJOR-B_TILE_J_MAJOR
build/examples/noarr/gemmScatter-noarr-C_SCATTER_I_MAJOR-A_SCATTER_K_MAJOR-B_SCATTER_J_MAJOR-LARGE-FLOAT-C_TILE_I_MAJOR-A_TILE_I_MAJOR-B_TILE_K_MAJOR
build/examples/noarr/gemmScatter-noarr-C_SCATTER_I_MAJOR-A_SCATTER_I_MAJOR-B_SCATTER_J_MAJOR-LARGE-FLOAT-C_TILE_I_MAJOR-A_TILE_K_MAJOR-B_TILE_J_MAJOR
build/examples/noarr/gemmScatter-noarr-C_SCATTER_J_MAJOR-A_SCATTER_K_MAJOR-B_SCATTER_J_MAJOR-SMALL-FLOAT-C_TILE_J_MAJOR-A_TILE_K_MAJOR-B_TILE_K_MAJOR
build/examples/noarr/gemmScatter-noarr-C_SCATTER_J_MAJOR-A_SCATTER_I_MAJOR-B_SCATTER_J_MAJOR-MINI-FLOAT-C_TILE_J_MAJOR-A_TILE_I_MAJOR-B_TILE_K_MAJOR
build/examples/noarr/gemmScatter-noarr-C_SCATTER_I_MAJOR-A_SCATTER_K_MAJOR-B_SCATTER_J_MAJOR-MINI-FLOAT-C_TILE_J_MAJOR-A_TILE_I_MAJOR-B_TILE_K_MAJOR
build/examples/noarr/gemmScatter-noarr-C_SCATTER_J_MAJOR-A_SCATTER_I_MAJOR-B_SCATTER_K_MAJOR-SMALL-FLOAT-C_TILE_I_MAJOR-A_TILE_K_MAJOR-B_TILE_K_MAJOR
build/examples/noarr/gemmScatter-noarr-C_SCATTER_J_MAJOR-A_SCATTER_I_MAJOR-B_SCATTER_J_MAJOR-LARGE-FLOAT-C_TILE_J_MAJOR-A_TILE_I_MAJOR-B_TILE_K_MAJOR
build/examples/noarr/gemmScatter-noarr-C_SCATTER_I_MAJOR-A_SCATTER_K_MAJOR-B_SCATTER_J_MAJOR-EXTRALARGE-FLOAT-C_TILE_I_MAJOR-A_TILE_I_MAJOR-B_TILE_K_MAJOR
build/examples/noarr/gemmScatter-noarr-C_SCATTER_I_MAJOR-A_SCATTER_I_MAJOR-B_SCATTER_K_MAJOR-MEDIUM-FLOAT-C_TILE_I_MAJOR-A_TILE_I_MAJOR-B_TILE_K_MAJOR
build/examples/noarr/gemmScatter-noarr-C_SCATTER_J_MAJOR-A_SCATTER_I_MAJOR-B_SCATTER_J_MAJOR-LARGE-FLOAT-C_TILE_I_MAJOR-A_TILE_K_MAJOR-B_TILE_J_MAJOR
build/examples/noarr/gemmScatter-noarr-C_SCATTER_J_MAJOR-A_SCATTER_K_MAJOR-B_SCATTER_K_MAJOR-MEDIUM-FLOAT-C_TILE_I_MAJOR-A_TILE_I_MAJOR-B_TILE_K_MAJOR
build/examples/noarr/gemmScatter-noarr-C_SCATTER_I_MAJOR-A_SCATTER_I_MAJOR-B_SCATTER_J_MAJOR-MINI-FLOAT-C_TILE_I_MAJOR-A_TILE_I_MAJOR-B_TILE_K_MAJOR
build/examples/noarr/gemmScatter-noarr-C_SCATTER_I_MAJOR-A_SCATTER_K_MAJOR-B_SCATTER_K_MAJOR-LARGE-FLOAT-C_TILE_J_MAJOR-A_TILE_K_MAJOR-B_TILE_J_MAJOR
build/examples/noarr/gemmScatter-noarr-C_SCATTER_J_MAJOR-A_SCATTER_I_MAJOR-B_SCATTER_K_MAJOR-MEDIUM-FLOAT-C_TILE_I_MAJOR-A_TILE_I_MAJOR-B_TILE_K_MAJOR
build/examples/noarr/gemmScatter-noarr-C_SCATTER_I_MAJOR-A_SCATTER_K_MAJOR-B_SCATTER_K_MAJOR-EXTRALARGE-FLOAT-C_TILE_J_MAJOR-A_TILE_I_MAJOR-B_TILE_K_MAJOR
build/examples/noarr/gemmScatter-noarr-C_SCATTER_J_MAJOR-A_SCATTER_I_MAJOR-B_SCATTER_J_MAJOR-SMALL-FLOAT-C_TILE_I_MAJOR-A_TILE_I_MAJOR-B_TILE_J_MAJOR
build/examples/noarr/gemmScatter-noarr-C_SCATTER_J_MAJOR-A_SCATTER_K_MAJOR-B_SCATTER_J_MAJOR-MEDIUM-FLOAT-C_TILE_I_MAJOR-A_TILE_K_MAJOR-B_TILE_J_MAJOR
build/examples/noarr/gemmScatter-noarr-C_SCATTER_I_MAJOR-A_SCATTER_K_MAJOR-B_SCATTER_K_MAJOR-LARGE-FLOAT-C_TILE_I_MAJOR-A_TILE_K_MAJOR-B_TILE_K_MAJOR
build/examples/noarr/gemmScatter-noarr-C_SCATTER_I_MAJOR-A_SCATTER_K_MAJOR-B_SCATTER_J_MAJOR-EXTRALARGE-FLOAT-C_TILE_J_MAJOR-A_TILE_K_MAJOR-B_TILE_K_MAJOR
build/examples/noarr/gemmScatter-noarr-C_SCATTER_J_MAJOR-A_SCATTER_I_MAJOR-B_SCATTER_K_MAJOR-EXTRALARGE-FLOAT-C_TILE_J_MAJOR-A_TILE_I_MAJOR-B_TILE_K_MAJOR
build/examples/noarr/gemmScatter-noarr-C_SCATTER_I_MAJOR-A_SCATTER_K_MAJOR-B_SCATTER_J_MAJOR-MINI-FLOAT-C_TILE_I_MAJOR-A_TILE_K_MAJOR-B_TILE_K_MAJOR
build/examples/noarr/gemmScatter-noarr-C_SCATTER_I_MAJOR-A_SCATTER_I_MAJOR-B_SCATTER_J_MAJOR-SMALL-FLOAT-C_TILE_J_MAJOR-A_TILE_I_MAJOR-B_TILE_J_MAJOR
build/examples/noarr/gemmScatter-noarr-C_SCATTER_I_MAJOR-A_SCATTER_K_MAJOR-B_SCATTER_J_MAJOR-SMALL-FLOAT-C_TILE_J_MAJOR-A_TILE_K_MAJOR-B_TILE_J_MAJOR
build/examples/noarr/gemmScatter-noarr-C_SCATTER_J_MAJOR-A_SCATTER_I_MAJOR-B_SCATTER_J_MAJOR-MEDIUM-FLOAT-C_TILE_J_MAJOR-A_TILE_I_MAJOR-B_TILE_J_MAJOR
build/examples/noarr/gemmScatter-noarr-C_SCATTER_I_MAJOR-A_SCATTER_K_MAJOR-B_SCATTER_K_MAJOR-MEDIUM-FLOAT-C_TILE_I_MAJOR-A_TILE_I_MAJOR-B_TILE_J_MAJOR
build/examples/noarr/gemmScatter-noarr-C_SCATTER_J_MAJOR-A_SCATTER_K_MAJOR-B_SCATTER_K_MAJOR-LARGE-FLOAT-C_TILE_J_MAJOR-A_TILE_K_MAJOR-B_TILE_J_MAJOR
build/examples/noarr/gemmScatter-noarr-C_SCATTER_J_MAJOR-A_SCATTER_I_MAJOR-B_SCATTER_J_MAJOR-MINI-FLOAT-C_TILE_J_MAJOR-A_TILE_K_MAJOR-B_TILE_K_MAJOR
build/examples/noarr/gemmScatter-noarr-C_SCATTER_I_MAJOR-A_SCATTER_I_MAJOR-B_SCATTER_K_MAJOR-MINI-FLOAT-C_TILE_J_MAJOR-A_TILE_K_MAJOR-B_TILE_J_MAJOR
build/examples/noarr/gemmScatter-noarr-C_SCATTER_J_MAJOR-A_SCATTER_K_MAJOR-B_SCATTER_J_MAJOR-SMALL-FLOAT-C_TILE_I_MAJOR-A_TILE_I_MAJOR-B_TILE_K_MAJOR
build/examples/noarr/gemmScatter-noarr-C_SCATTER_I_MAJOR-A_SCATTER_K_MAJOR-B_SCATTER_J_MAJOR-EXTRALARGE-FLOAT-C_TILE_J_MAJOR-A_TILE_I_MAJOR-B_TILE_J_MAJOR
build/examples/noarr/gemmScatter-noarr-C_SCATTER_I_MAJOR-A_SCATTER_K_MAJOR-B_SCATTER_J_MAJOR-MEDIUM-FLOAT-C_TILE_J_MAJOR-A_TILE_K_MAJOR-B_TILE_K_MAJOR
build/examples/noarr/gemmScatter-noarr-C_SCATTER_I_MAJOR-A_SCATTER_K_MAJOR-B_SCATTER_K_MAJOR-EXTRALARGE-FLOAT-C_TILE_I_MAJOR-A_TILE_I_MAJOR-B_TILE_K_MAJOR
build/examples/noarr/gemmScatter-noarr-C_SCATTER_J_MAJOR-A_SCATTER_K_MAJOR-B_SCATTER_J_MAJOR-SMALL-FLOAT-C_TILE_I_MAJOR-A_TILE_K_MAJOR-B_TILE_K_MAJOR
build/examples/noarr/gemmScatter-noarr-C_SCATTER_I_MAJOR-A_SCATTER_K_MAJOR-B_SCATTER_K_MAJOR-SMALL-FLOAT-C_TILE_J_MAJOR-A_TILE_I_MAJOR-B_TILE_K_MAJOR
build/examples/noarr/gemmScatter-noarr-C_SCATTER_I_MAJOR-A_SCATTER_K_MAJOR-B_SCATTER_K_MAJOR-EXTRALARGE-FLOAT-C_TILE_I_MAJOR-A_TILE_K_MAJOR-B_TILE_K_MAJOR
srun: job 130659 queued and waiting for resources
srun: job 130659 has been allocated resources
Running with 8 processes
srun: job 130660 queued and waiting for resources
srun: job 130660 has been allocated resources
Running with 8 processes
srun: job 130661 queued and waiting for resources
srun: job 130661 has been allocated resources
Running with 8 processes
srun: job 130662 queued and waiting for resources
srun: job 130662 has been allocated resources
Running with 8 processes
srun: job 130663 queued and waiting for resources
srun: job 130663 has been allocated resources
Running with 8 processes
srun: job 130664 queued and waiting for resources
srun: job 130664 has been allocated resources
Running with 8 processes
srun: job 130665 queued and waiting for resources
srun: job 130665 has been allocated resources
Running with 8 processes
srun: job 130666 queued and waiting for resources
srun: job 130666 has been allocated resources
Running with 8 processes
srun: job 130667 queued and waiting for resources
srun: job 130667 has been allocated resources
Running with 8 processes
srun: job 130668 queued and waiting for resources
srun: job 130668 has been allocated resources
Running with 8 processes
srun: job 130669 queued and waiting for resources
srun: job 130669 has been allocated resources
Running with 8 processes
srun: job 130670 queued and waiting for resources
srun: job 130670 has been allocated resources
Running with 8 processes
srun: job 130671 queued and waiting for resources
srun: job 130671 has been allocated resources
Running with 8 processes
srun: job 130672 queued and waiting for resources
srun: job 130672 has been allocated resources
Running with 8 processes
srun: job 130673 queued and waiting for resources
srun: job 130673 has been allocated resources
Running with 8 processes
srun: job 130674 queued and waiting for resources
srun: job 130674 has been allocated resources
Running with 8 processes
srun: job 130675 queued and waiting for resources
srun: job 130675 has been allocated resources
Running with 8 processes
srun: job 130676 queued and waiting for resources
srun: job 130676 has been allocated resources
Running with 8 processes
srun: job 130677 queued and waiting for resources
srun: job 130677 has been allocated resources
Running with 8 processes
srun: job 130678 queued and waiting for resources
srun: job 130678 has been allocated resources
Running with 8 processes
srun: job 130679 queued and waiting for resources
srun: job 130679 has been allocated resources
Running with 8 processes
srun: job 130680 queued and waiting for resources
srun: job 130680 has been allocated resources
Running with 8 processes
srun: job 130681 queued and waiting for resources
srun: job 130681 has been allocated resources
Running with 8 processes
srun: job 130682 queued and waiting for resources
srun: job 130682 has been allocated resources
Running with 8 processes
srun: job 130683 queued and waiting for resources
srun: job 130683 has been allocated resources
Running with 8 processes
srun: job 130684 queued and waiting for resources
srun: job 130684 has been allocated resources
Running with 8 processes
srun: job 130685 queued and waiting for resources
srun: job 130685 has been allocated resources
Running with 8 processes
srun: job 130686 queued and waiting for resources
srun: job 130686 has been allocated resources
Running with 8 processes
srun: job 130687 queued and waiting for resources
srun: job 130687 has been allocated resources
Running with 8 processes
srun: job 130688 queued and waiting for resources
srun: job 130688 has been allocated resources
Running with 8 processes
srun: job 130689 queued and waiting for resources
srun: job 130689 has been allocated resources
Running with 8 processes
srun: job 130690 queued and waiting for resources
srun: job 130690 has been allocated resources
Running with 8 processes
srun: job 130691 queued and waiting for resources
srun: job 130691 has been allocated resources
Running with 8 processes
srun: job 130692 queued and waiting for resources
srun: job 130692 has been allocated resources
Running with 8 processes
srun: job 130693 queued and waiting for resources
srun: job 130693 has been allocated resources
Running with 8 processes
srun: job 130694 queued and waiting for resources
srun: job 130694 has been allocated resources
Running with 8 processes
srun: job 130695 queued and waiting for resources
srun: job 130695 has been allocated resources
Running with 8 processes
srun: job 130696 queued and waiting for resources
srun: job 130696 has been allocated resources
Running with 8 processes
srun: job 130697 queued and waiting for resources
srun: job 130697 has been allocated resources
Running with 8 processes
srun: job 130698 queued and waiting for resources
srun: job 130698 has been allocated resources
Running with 8 processes
srun: job 130699 queued and waiting for resources
srun: job 130699 has been allocated resources
Running with 8 processes
srun: job 130700 queued and waiting for resources
srun: job 130700 has been allocated resources
Running with 8 processes
srun: job 130701 queued and waiting for resources
srun: job 130701 has been allocated resources
Running with 8 processes
srun: job 130702 queued and waiting for resources
srun: job 130702 has been allocated resources
Running with 8 processes
srun: job 130703 queued and waiting for resources
srun: job 130703 has been allocated resources
Running with 8 processes
srun: job 130704 queued and waiting for resources
srun: job 130704 has been allocated resources
Running with 8 processes
srun: job 130705 queued and waiting for resources
srun: job 130705 has been allocated resources
Running with 8 processes
srun: job 130706 queued and waiting for resources
srun: job 130706 has been allocated resources
Running with 8 processes
srun: job 130707 queued and waiting for resources
srun: job 130707 has been allocated resources
Running with 8 processes
srun: job 130708 queued and waiting for resources
srun: job 130708 has been allocated resources
Running with 8 processes
srun: job 130709 queued and waiting for resources
srun: job 130709 has been allocated resources
Running with 8 processes
srun: job 130710 queued and waiting for resources
srun: job 130710 has been allocated resources
Running with 8 processes
srun: job 130711 queued and waiting for resources
srun: job 130711 has been allocated resources
Running with 8 processes
srun: job 130712 queued and waiting for resources
srun: job 130712 has been allocated resources
Running with 8 processes
srun: job 130713 queued and waiting for resources
srun: job 130713 has been allocated resources
Running with 8 processes
srun: job 130714 queued and waiting for resources
srun: job 130714 has been allocated resources
Running with 8 processes
srun: job 130715 queued and waiting for resources
srun: job 130715 has been allocated resources
Running with 8 processes
srun: job 130716 queued and waiting for resources
srun: job 130716 has been allocated resources
Running with 8 processes
srun: job 130717 queued and waiting for resources
srun: job 130717 has been allocated resources
Running with 8 processes
srun: job 130718 queued and waiting for resources
srun: job 130718 has been allocated resources
Running with 8 processes
srun: job 130719 queued and waiting for resources
srun: job 130719 has been allocated resources
Running with 8 processes
srun: job 130720 queued and waiting for resources
srun: job 130720 has been allocated resources
Running with 8 processes
srun: job 130721 queued and waiting for resources
srun: job 130721 has been allocated resources
Running with 8 processes
srun: job 130722 queued and waiting for resources
srun: job 130722 has been allocated resources
Running with 8 processes
srun: job 130723 queued and waiting for resources
srun: job 130723 has been allocated resources
Running with 8 processes
srun: job 130724 queued and waiting for resources
srun: job 130724 has been allocated resources
Running with 8 processes
srun: job 130725 queued and waiting for resources
srun: job 130725 has been allocated resources
Running with 8 processes
srun: job 130726 queued and waiting for resources
srun: job 130726 has been allocated resources
Running with 8 processes
srun: job 130727 queued and waiting for resources
srun: job 130727 has been allocated resources
Running with 8 processes
srun: job 130728 queued and waiting for resources
srun: job 130728 has been allocated resources
Running with 8 processes
srun: job 130729 queued and waiting for resources
srun: job 130729 has been allocated resources
Running with 8 processes
srun: job 130730 queued and waiting for resources
srun: job 130730 has been allocated resources
Running with 8 processes
srun: job 130731 queued and waiting for resources
srun: job 130731 has been allocated resources
Running with 8 processes
srun: job 130732 queued and waiting for resources
srun: job 130732 has been allocated resources
Running with 8 processes
srun: job 130733 queued and waiting for resources
srun: job 130733 has been allocated resources
Running with 8 processes
srun: job 130734 queued and waiting for resources
srun: job 130734 has been allocated resources
Running with 8 processes
srun: job 130735 queued and waiting for resources
srun: job 130735 has been allocated resources
Running with 8 processes
srun: job 130736 queued and waiting for resources
srun: job 130736 has been allocated resources
Running with 8 processes
srun: job 130737 queued and waiting for resources
srun: job 130737 has been allocated resources
Running with 8 processes
srun: job 130738 queued and waiting for resources
srun: job 130738 has been allocated resources
Running with 8 processes
srun: job 130739 queued and waiting for resources
srun: job 130739 has been allocated resources
Running with 8 processes
srun: job 130740 queued and waiting for resources
srun: job 130740 has been allocated resources
Running with 8 processes
srun: job 130741 queued and waiting for resources
srun: job 130741 has been allocated resources
Running with 8 processes
srun: job 130742 queued and waiting for resources
srun: job 130742 has been allocated resources
Running with 8 processes
srun: job 130743 queued and waiting for resources
srun: job 130743 has been allocated resources
Running with 8 processes
srun: job 130744 queued and waiting for resources
srun: job 130744 has been allocated resources
Running with 8 processes
srun: job 130745 queued and waiting for resources
srun: job 130745 has been allocated resources
Running with 8 processes
srun: job 130746 queued and waiting for resources
srun: job 130746 has been allocated resources
Running with 8 processes
srun: job 130747 queued and waiting for resources
srun: job 130747 has been allocated resources
Running with 8 processes
srun: job 130748 queued and waiting for resources
srun: job 130748 has been allocated resources
Running with 8 processes
srun: job 130749 queued and waiting for resources
srun: job 130749 has been allocated resources
Running with 8 processes
srun: job 130750 queued and waiting for resources
srun: job 130750 has been allocated resources
Running with 8 processes
srun: job 130751 queued and waiting for resources
srun: job 130751 has been allocated resources
Running with 8 processes
srun: job 130752 queued and waiting for resources
srun: job 130752 has been allocated resources
Running with 8 processes
srun: job 130753 queued and waiting for resources
srun: job 130753 has been allocated resources
Running with 8 processes
srun: job 130754 queued and waiting for resources
srun: job 130754 has been allocated resources
Running with 8 processes
srun: job 130755 queued and waiting for resources
srun: job 130755 has been allocated resources
Running with 8 processes
srun: job 130756 queued and waiting for resources
srun: job 130756 has been allocated resources
Running with 8 processes
srun: job 130757 queued and waiting for resources
srun: job 130757 has been allocated resources
Running with 8 processes
srun: job 130758 queued and waiting for resources
srun: job 130758 has been allocated resources
Running with 8 processes
srun: job 130759 queued and waiting for resources
srun: job 130759 has been allocated resources
Running with 8 processes
srun: job 130760 queued and waiting for resources
srun: job 130760 has been allocated resources
Running with 8 processes
srun: job 130761 queued and waiting for resources
srun: job 130761 has been allocated resources
Running with 8 processes
srun: job 130762 queued and waiting for resources
srun: job 130762 has been allocated resources
Running with 8 processes
srun: job 130763 queued and waiting for resources
srun: job 130763 has been allocated resources
Running with 8 processes
srun: job 130764 queued and waiting for resources
srun: job 130764 has been allocated resources
Running with 8 processes
srun: job 130765 queued and waiting for resources
srun: job 130765 has been allocated resources
Running with 8 processes
srun: job 130766 queued and waiting for resources
srun: job 130766 has been allocated resources
Running with 8 processes
srun: job 130767 queued and waiting for resources
srun: job 130767 has been allocated resources
Running with 8 processes
srun: job 130768 queued and waiting for resources
srun: job 130768 has been allocated resources
Running with 8 processes
srun: job 130769 queued and waiting for resources
srun: job 130769 has been allocated resources
Running with 8 processes
srun: job 130770 queued and waiting for resources
srun: job 130770 has been allocated resources
Running with 8 processes
srun: job 130771 queued and waiting for resources
srun: job 130771 has been allocated resources
Running with 8 processes
srun: job 130772 queued and waiting for resources
srun: job 130772 has been allocated resources
Running with 8 processes
srun: job 130773 queued and waiting for resources
srun: job 130773 has been allocated resources
Running with 8 processes
srun: job 130774 queued and waiting for resources
srun: job 130774 has been allocated resources
Running with 8 processes
srun: job 130775 queued and waiting for resources
srun: job 130775 has been allocated resources
Running with 8 processes
srun: job 130776 queued and waiting for resources
srun: job 130776 has been allocated resources
Running with 8 processes
srun: job 130777 queued and waiting for resources
srun: job 130777 has been allocated resources
Running with 8 processes
srun: job 130778 queued and waiting for resources
srun: job 130778 has been allocated resources
Running with 8 processes
srun: job 130779 queued and waiting for resources
srun: job 130779 has been allocated resources
Running with 8 processes
srun: job 130780 queued and waiting for resources
srun: job 130780 has been allocated resources
Running with 8 processes
srun: job 130781 queued and waiting for resources
srun: job 130781 has been allocated resources
Running with 8 processes
srun: job 130782 queued and waiting for resources
srun: job 130782 has been allocated resources
Running with 8 processes
srun: job 130783 queued and waiting for resources
srun: job 130783 has been allocated resources
Running with 8 processes
srun: job 130784 queued and waiting for resources
srun: job 130784 has been allocated resources
Running with 8 processes
srun: job 130785 queued and waiting for resources
srun: job 130785 has been allocated resources
Running with 8 processes
srun: job 130786 queued and waiting for resources
srun: job 130786 has been allocated resources
Running with 8 processes
srun: job 130787 queued and waiting for resources
srun: job 130787 has been allocated resources
Running with 8 processes
srun: job 130788 queued and waiting for resources
srun: job 130788 has been allocated resources
Running with 8 processes
srun: job 130789 queued and waiting for resources
srun: job 130789 has been allocated resources
Running with 8 processes
srun: job 130790 queued and waiting for resources
srun: job 130790 has been allocated resources
Running with 8 processes
srun: job 130791 queued and waiting for resources
srun: job 130791 has been allocated resources
Running with 8 processes
srun: job 130792 queued and waiting for resources
srun: job 130792 has been allocated resources
Running with 8 processes
srun: job 130793 queued and waiting for resources
srun: job 130793 has been allocated resources
Running with 8 processes
srun: job 130794 queued and waiting for resources
srun: job 130794 has been allocated resources
Running with 8 processes
srun: job 130795 queued and waiting for resources
srun: job 130795 has been allocated resources
Running with 8 processes
srun: job 130796 queued and waiting for resources
srun: job 130796 has been allocated resources
Running with 8 processes
srun: job 130797 queued and waiting for resources
srun: job 130797 has been allocated resources
Running with 8 processes
srun: job 130798 queued and waiting for resources
srun: job 130798 has been allocated resources
Running with 8 processes
srun: job 130799 queued and waiting for resources
srun: job 130799 has been allocated resources
Running with 8 processes
srun: job 130800 queued and waiting for resources
srun: job 130800 has been allocated resources
Running with 8 processes
srun: job 130801 queued and waiting for resources
srun: job 130801 has been allocated resources
Running with 8 processes
srun: job 130802 queued and waiting for resources
srun: job 130802 has been allocated resources
Running with 8 processes
srun: job 130803 queued and waiting for resources
srun: job 130803 has been allocated resources
Running with 8 processes
srun: job 130804 queued and waiting for resources
srun: job 130804 has been allocated resources
Running with 8 processes
srun: job 130805 queued and waiting for resources
srun: job 130805 has been allocated resources
Running with 8 processes
srun: job 130806 queued and waiting for resources
srun: job 130806 has been allocated resources
Running with 8 processes
srun: job 130807 queued and waiting for resources
srun: job 130807 has been allocated resources
Running with 8 processes
srun: job 130808 queued and waiting for resources
srun: job 130808 has been allocated resources
Running with 8 processes
srun: job 130809 queued and waiting for resources
srun: job 130809 has been allocated resources
Running with 8 processes
srun: job 130810 queued and waiting for resources
srun: job 130810 has been allocated resources
Running with 8 processes
srun: job 130811 queued and waiting for resources
srun: job 130811 has been allocated resources
Running with 8 processes
srun: job 130812 queued and waiting for resources
srun: job 130812 has been allocated resources
Running with 8 processes
srun: job 130813 queued and waiting for resources
srun: job 130813 has been allocated resources
Running with 8 processes
srun: job 130814 queued and waiting for resources
srun: job 130814 has been allocated resources
Running with 8 processes
srun: job 130815 queued and waiting for resources
srun: job 130815 has been allocated resources
Running with 8 processes
srun: job 130816 queued and waiting for resources
srun: job 130816 has been allocated resources
Running with 8 processes
srun: job 130817 queued and waiting for resources
srun: job 130817 has been allocated resources
Running with 8 processes
srun: job 130818 queued and waiting for resources
srun: job 130818 has been allocated resources
Running with 8 processes
srun: job 130819 queued and waiting for resources
srun: job 130819 has been allocated resources
Running with 8 processes
srun: job 130820 queued and waiting for resources
srun: job 130820 has been allocated resources
Running with 8 processes
srun: job 130821 queued and waiting for resources
srun: job 130821 has been allocated resources
Running with 8 processes
srun: job 130822 queued and waiting for resources
srun: job 130822 has been allocated resources
Running with 8 processes
srun: job 130823 queued and waiting for resources
srun: job 130823 has been allocated resources
Running with 8 processes
srun: job 130824 queued and waiting for resources
srun: job 130824 has been allocated resources
Running with 8 processes
srun: job 130825 queued and waiting for resources
srun: job 130825 has been allocated resources
Running with 8 processes
srun: job 130826 queued and waiting for resources
srun: job 130826 has been allocated resources
Running with 8 processes
srun: job 130827 queued and waiting for resources
srun: job 130827 has been allocated resources
Running with 8 processes
srun: job 130828 queued and waiting for resources
srun: job 130828 has been allocated resources
Running with 8 processes
srun: job 130829 queued and waiting for resources
srun: job 130829 has been allocated resources
Running with 8 processes
srun: job 130830 queued and waiting for resources
srun: job 130830 has been allocated resources
Running with 8 processes
srun: job 130831 queued and waiting for resources
srun: job 130831 has been allocated resources
Running with 8 processes
srun: job 130832 queued and waiting for resources
srun: job 130832 has been allocated resources
Running with 8 processes
srun: job 130833 queued and waiting for resources
srun: job 130833 has been allocated resources
Running with 8 processes
srun: job 130834 queued and waiting for resources
srun: job 130834 has been allocated resources
Running with 8 processes
srun: job 130835 queued and waiting for resources
srun: job 130835 has been allocated resources
Running with 8 processes
srun: job 130836 queued and waiting for resources
srun: job 130836 has been allocated resources
Running with 8 processes
srun: job 130837 queued and waiting for resources
srun: job 130837 has been allocated resources
Running with 8 processes
srun: job 130838 queued and waiting for resources
srun: job 130838 has been allocated resources
Running with 8 processes
srun: job 130839 queued and waiting for resources
srun: job 130839 has been allocated resources
Running with 8 processes
srun: job 130840 queued and waiting for resources
srun: job 130840 has been allocated resources
Running with 8 processes
srun: job 130841 queued and waiting for resources
srun: job 130841 has been allocated resources
Running with 8 processes
srun: job 130842 queued and waiting for resources
srun: job 130842 has been allocated resources
Running with 8 processes
srun: job 130843 queued and waiting for resources
srun: job 130843 has been allocated resources
Running with 8 processes
srun: job 130844 queued and waiting for resources
srun: job 130844 has been allocated resources
Running with 8 processes
srun: job 130845 queued and waiting for resources
srun: job 130845 has been allocated resources
Running with 8 processes
srun: job 130846 queued and waiting for resources
srun: job 130846 has been allocated resources
Running with 8 processes
srun: job 130847 queued and waiting for resources
srun: job 130847 has been allocated resources
Running with 8 processes
srun: job 130848 queued and waiting for resources
srun: job 130848 has been allocated resources
Running with 8 processes
srun: job 130849 queued and waiting for resources
srun: job 130849 has been allocated resources
Running with 8 processes
srun: job 130850 queued and waiting for resources
srun: job 130850 has been allocated resources
Running with 8 processes
srun: job 130851 queued and waiting for resources
srun: job 130851 has been allocated resources
Running with 8 processes
srun: job 130852 queued and waiting for resources
srun: job 130852 has been allocated resources
Running with 8 processes
srun: job 130853 queued and waiting for resources
srun: job 130853 has been allocated resources
Running with 8 processes
srun: job 130854 queued and waiting for resources
srun: job 130854 has been allocated resources
Running with 8 processes
srun: job 130855 queued and waiting for resources
srun: job 130855 has been allocated resources
Running with 8 processes
srun: job 130856 queued and waiting for resources
srun: job 130856 has been allocated resources
Running with 8 processes
srun: job 130857 queued and waiting for resources
srun: job 130857 has been allocated resources
Running with 8 processes
srun: job 130858 queued and waiting for resources
srun: job 130858 has been allocated resources
Running with 8 processes
srun: job 130859 queued and waiting for resources
srun: job 130859 has been allocated resources
Running with 8 processes
srun: job 130860 queued and waiting for resources
srun: job 130860 has been allocated resources
Running with 8 processes
srun: job 130861 queued and waiting for resources
srun: job 130861 has been allocated resources
Running with 8 processes
srun: job 130862 queued and waiting for resources
srun: job 130862 has been allocated resources
Running with 8 processes
srun: job 130863 queued and waiting for resources
srun: job 130863 has been allocated resources
Running with 8 processes
srun: job 130864 queued and waiting for resources
srun: job 130864 has been allocated resources
Running with 8 processes
srun: job 130865 queued and waiting for resources
srun: job 130865 has been allocated resources
Running with 8 processes
srun: job 130866 queued and waiting for resources
srun: job 130866 has been allocated resources
Running with 8 processes
srun: job 130867 queued and waiting for resources
srun: job 130867 has been allocated resources
Running with 8 processes
srun: job 130868 queued and waiting for resources
srun: job 130868 has been allocated resources
Running with 8 processes
srun: job 130869 queued and waiting for resources
srun: job 130869 has been allocated resources
Running with 8 processes
srun: job 130870 queued and waiting for resources
srun: job 130870 has been allocated resources
Running with 8 processes
srun: job 130871 queued and waiting for resources
srun: job 130871 has been allocated resources
Running with 8 processes
srun: job 130872 queued and waiting for resources
srun: job 130872 has been allocated resources
Running with 8 processes
srun: job 130873 queued and waiting for resources
srun: job 130873 has been allocated resources
Running with 8 processes
srun: job 130874 queued and waiting for resources
srun: job 130874 has been allocated resources
Running with 8 processes
srun: job 130875 queued and waiting for resources
srun: job 130875 has been allocated resources
Running with 8 processes
srun: job 130876 queued and waiting for resources
srun: job 130876 has been allocated resources
Running with 8 processes
srun: job 130877 queued and waiting for resources
srun: job 130877 has been allocated resources
Running with 8 processes
srun: job 130878 queued and waiting for resources
srun: job 130878 has been allocated resources
Running with 8 processes
srun: job 130879 queued and waiting for resources
srun: job 130879 has been allocated resources
Running with 8 processes
srun: job 130880 queued and waiting for resources
srun: job 130880 has been allocated resources
Running with 8 processes
srun: job 130881 queued and waiting for resources
srun: job 130881 has been allocated resources
Running with 8 processes
srun: job 130882 queued and waiting for resources
srun: job 130882 has been allocated resources
Running with 8 processes
srun: job 130883 queued and waiting for resources
srun: job 130883 has been allocated resources
Running with 8 processes
srun: job 130884 queued and waiting for resources
srun: job 130884 has been allocated resources
Running with 8 processes
srun: job 130885 queued and waiting for resources
srun: job 130885 has been allocated resources
Running with 8 processes
srun: job 130886 queued and waiting for resources
srun: job 130886 has been allocated resources
Running with 8 processes
srun: job 130887 queued and waiting for resources
srun: job 130887 has been allocated resources
Running with 8 processes
srun: job 130888 queued and waiting for resources
srun: job 130888 has been allocated resources
Running with 8 processes
srun: job 130889 queued and waiting for resources
srun: job 130889 has been allocated resources
Running with 8 processes
srun: job 130890 queued and waiting for resources
srun: job 130890 has been allocated resources
Running with 8 processes
srun: job 130891 queued and waiting for resources
srun: job 130891 has been allocated resources
Running with 8 processes
srun: job 130892 queued and waiting for resources
srun: job 130892 has been allocated resources
Running with 8 processes
srun: job 130893 queued and waiting for resources
srun: job 130893 has been allocated resources
Running with 8 processes
srun: job 130894 queued and waiting for resources
srun: job 130894 has been allocated resources
Running with 8 processes
srun: job 130895 queued and waiting for resources
srun: job 130895 has been allocated resources
Running with 8 processes
srun: job 130896 queued and waiting for resources
srun: job 130896 has been allocated resources
Running with 8 processes
srun: job 130897 queued and waiting for resources
srun: job 130897 has been allocated resources
Running with 8 processes
srun: job 130898 queued and waiting for resources
srun: job 130898 has been allocated resources
Running with 8 processes
srun: job 130899 queued and waiting for resources
srun: job 130899 has been allocated resources
Running with 8 processes
srun: job 130900 queued and waiting for resources
srun: job 130900 has been allocated resources
Running with 8 processes
srun: job 130901 queued and waiting for resources
srun: job 130901 has been allocated resources
Running with 8 processes
srun: job 130902 queued and waiting for resources
srun: job 130902 has been allocated resources
Running with 8 processes
srun: job 130903 queued and waiting for resources
srun: job 130903 has been allocated resources
Running with 8 processes
srun: job 130904 queued and waiting for resources
srun: job 130904 has been allocated resources
Running with 8 processes
srun: job 130905 queued and waiting for resources
srun: job 130905 has been allocated resources
Running with 8 processes
srun: job 130906 queued and waiting for resources
srun: job 130906 has been allocated resources
Running with 8 processes
srun: job 130907 queued and waiting for resources
srun: job 130907 has been allocated resources
Running with 8 processes
srun: job 130908 queued and waiting for resources
srun: job 130908 has been allocated resources
Running with 8 processes
srun: job 130909 queued and waiting for resources
srun: job 130909 has been allocated resources
Running with 8 processes
srun: job 130910 queued and waiting for resources
srun: job 130910 has been allocated resources
Running with 8 processes
srun: job 130911 queued and waiting for resources
srun: job 130911 has been allocated resources
Running with 8 processes
srun: job 130912 queued and waiting for resources
srun: job 130912 has been allocated resources
Running with 8 processes
srun: job 130913 queued and waiting for resources
srun: job 130913 has been allocated resources
Running with 8 processes
srun: job 130914 queued and waiting for resources
srun: job 130914 has been allocated resources
Running with 8 processes
